

================================================================
== Vitis HLS Report for 'A_Buf_to_stream'
================================================================
* Date:           Wed Jul 15 23:35:35 2026

* Version:        2023.2 (Build 4023990 on Oct 11 2023)
* Project:        hls_project
* Solution:       gemm2 (Vitis Kernel Flow Target)
* Product family: versalaicore
* Target device:  xcvc1902-vsva2197-2MP-e-S


================================================================
== Performance Estimates
================================================================
+ Timing: 
    * Summary: 
    +--------+---------+----------+------------+
    |  Clock |  Target | Estimated| Uncertainty|
    +--------+---------+----------+------------+
    |ap_clk  |  3.33 ns|  1.805 ns|     0.90 ns|
    +--------+---------+----------+------------+

+ Latency: 
    * Summary: 
    +---------+---------+-----------+-----------+-----+-----+---------+
    |  Latency (cycles) |   Latency (absolute)  |  Interval | Pipeline|
    |   min   |   max   |    min    |    max    | min | max |   Type  |
    +---------+---------+-----------+-----------+-----+-----+---------+
    |       18|       18|  59.994 ns|  59.994 ns|   18|   18|       no|
    +---------+---------+-----------+-----------+-----+-----+---------+

    + Detail: 
        * Instance: 
        N/A

        * Loop: 
        +-------------------+---------+---------+----------+-----------+-----------+------+----------+
        |                   |  Latency (cycles) | Iteration|  Initiation Interval  | Trip |          |
        |     Loop Name     |   min   |   max   |  Latency |  achieved |   target  | Count| Pipelined|
        +-------------------+---------+---------+----------+-----------+-----------+------+----------+
        |- VITIS_LOOP_16_1  |       16|       16|         5|          4|          1|     4|       yes|
        +-------------------+---------+---------+----------+-----------+-----------+------+----------+



================================================================
== Utilization Estimates
================================================================
* Summary: 
+-----------------+---------+------+---------+--------+-----+
|       Name      | BRAM_18K|  DSP |    FF   |   LUT  | URAM|
+-----------------+---------+------+---------+--------+-----+
|DSP              |        -|     -|        -|       -|    -|
|Expression       |        -|     -|        0|      38|    -|
|FIFO             |        -|     -|        -|       -|    -|
|Instance         |        -|     -|        -|       -|    -|
|Memory           |        -|     -|        -|       -|    -|
|Multiplexer      |        -|     -|        -|     400|    -|
|Register         |        -|     -|      109|       -|    -|
+-----------------+---------+------+---------+--------+-----+
|Total            |        0|     0|      109|     438|    0|
+-----------------+---------+------+---------+--------+-----+
|Available        |     1934|  1968|  1799680|  899840|  463|
+-----------------+---------+------+---------+--------+-----+
|Utilization (%)  |        0|     0|       ~0|      ~0|    0|
+-----------------+---------+------+---------+--------+-----+

+ Detail: 
    * Instance: 
    N/A

    * DSP: 
    N/A

    * Memory: 
    N/A

    * FIFO: 
    N/A

    * Expression: 
    +----------------------------------+----------+----+---+----+------------+------------+
    |           Variable Name          | Operation| DSP| FF| LUT| Bitwidth P0| Bitwidth P1|
    +----------------------------------+----------+----+---+----+------------+------------+
    |add_ln16_fu_159_p2                |         +|   0|  0|   5|           3|           1|
    |ap_block_pp0_stage2_01001         |       and|   0|  0|   2|           1|           1|
    |ap_block_pp0_stage3_01001         |       and|   0|  0|   2|           1|           1|
    |ap_condition_276                  |       and|   0|  0|   2|           1|           1|
    |ap_predicate_op50_write_state2    |       and|   0|  0|   2|           1|           1|
    |ap_predicate_op52_write_state2    |       and|   0|  0|   2|           1|           1|
    |ap_predicate_op54_write_state2    |       and|   0|  0|   2|           1|           1|
    |ap_predicate_op56_write_state2    |       and|   0|  0|   2|           1|           1|
    |icmp_ln16_fu_165_p2               |      icmp|   0|  0|   5|           3|           4|
    |ap_block_pp0_stage0_01001         |        or|   0|  0|   2|           1|           1|
    |ap_block_pp0_stage1_01001         |        or|   0|  0|   2|           1|           1|
    |ap_block_state2_pp0_stage1_iter0  |        or|   0|  0|   2|           1|           1|
    |ap_block_state3_pp0_stage2_iter0  |        or|   0|  0|   2|           1|           1|
    |ap_block_state4_pp0_stage3_iter0  |        or|   0|  0|   2|           1|           1|
    |ap_block_state5_pp0_stage0_iter1  |        or|   0|  0|   2|           1|           1|
    |ap_enable_pp0                     |       xor|   0|  0|   2|           1|           2|
    +----------------------------------+----------+----+---+----+------------+------------+
    |Total                             |          |   0|  0|  38|          20|          20|
    +----------------------------------+----------+----+---+----+------------+------------+

    * Multiplexer: 
    +-----------------------------+----+-----------+-----+-----------+
    |             Name            | LUT| Input Size| Bits| Total Bits|
    +-----------------------------+----+-----------+-----+-----------+
    |A_stream_0_0_blk_n           |   2|          2|    1|          2|
    |A_stream_0_0_din             |  93|          5|   32|        160|
    |A_stream_1_0_blk_n           |   2|          2|    1|          2|
    |A_stream_1_0_din             |  93|          5|   32|        160|
    |A_stream_2_0_blk_n           |   2|          2|    1|          2|
    |A_stream_2_0_din             |  93|          5|   32|        160|
    |A_stream_3_0_blk_n           |   2|          2|    1|          2|
    |A_stream_3_0_din             |  93|          5|   32|        160|
    |ap_NS_fsm                    |   6|          5|    1|          5|
    |ap_done_int                  |   2|          2|    1|          2|
    |ap_enable_reg_pp0_iter0      |   2|          2|    1|          2|
    |ap_enable_reg_pp0_iter0_reg  |   2|          2|    1|          2|
    |ap_enable_reg_pp0_iter1      |   2|          2|    1|          2|
    |ap_sig_allocacmp_i_3         |   3|          2|    3|          6|
    |i_fu_54                      |   3|          2|    3|          6|
    +-----------------------------+----+-----------+-----+-----------+
    |Total                        | 400|         45|  143|        673|
    +-----------------------------+----+-----------+-----+-----------+

    * Register: 
    +-----------------------------+----+----+-----+-----------+
    |             Name            | FF | LUT| Bits| Const Bits|
    +-----------------------------+----+----+-----+-----------+
    |A_BUF_1_load_reg_354         |  32|   0|   32|          0|
    |A_BUF_2_load_reg_362         |  32|   0|   32|          0|
    |A_BUF_3_load_reg_370         |  32|   0|   32|          0|
    |ap_CS_fsm                    |   4|   0|    4|          0|
    |ap_done_reg                  |   1|   0|    1|          0|
    |ap_enable_reg_pp0_iter0_reg  |   1|   0|    1|          0|
    |ap_enable_reg_pp0_iter1      |   1|   0|    1|          0|
    |i_fu_54                      |   3|   0|    3|          0|
    |icmp_ln16_reg_326            |   1|   0|    1|          0|
    |trunc_ln16_reg_330           |   2|   0|    2|          0|
    +-----------------------------+----+----+-----+-----------+
    |Total                        | 109|   0|  109|          0|
    +-----------------------------+----+----+-----+-----------+



================================================================
== Interface
================================================================
* Summary: 
+-----------------------------+-----+-----+------------+-----------------+--------------+
|          RTL Ports          | Dir | Bits|  Protocol  |  Source Object  |    C Type    |
+-----------------------------+-----+-----+------------+-----------------+--------------+
|ap_clk                       |   in|    1|  ap_ctrl_hs|  A_Buf_to_stream|  return value|
|ap_rst                       |   in|    1|  ap_ctrl_hs|  A_Buf_to_stream|  return value|
|ap_start                     |   in|    1|  ap_ctrl_hs|  A_Buf_to_stream|  return value|
|ap_done                      |  out|    1|  ap_ctrl_hs|  A_Buf_to_stream|  return value|
|ap_continue                  |   in|    1|  ap_ctrl_hs|  A_Buf_to_stream|  return value|
|ap_idle                      |  out|    1|  ap_ctrl_hs|  A_Buf_to_stream|  return value|
|ap_ready                     |  out|    1|  ap_ctrl_hs|  A_Buf_to_stream|  return value|
|A_stream_2_0_din             |  out|   32|     ap_fifo|     A_stream_2_0|       pointer|
|A_stream_2_0_num_data_valid  |   in|    3|     ap_fifo|     A_stream_2_0|       pointer|
|A_stream_2_0_fifo_cap        |   in|    3|     ap_fifo|     A_stream_2_0|       pointer|
|A_stream_2_0_full_n          |   in|    1|     ap_fifo|     A_stream_2_0|       pointer|
|A_stream_2_0_write           |  out|    1|     ap_fifo|     A_stream_2_0|       pointer|
|A_stream_1_0_din             |  out|   32|     ap_fifo|     A_stream_1_0|       pointer|
|A_stream_1_0_num_data_valid  |   in|    3|     ap_fifo|     A_stream_1_0|       pointer|
|A_stream_1_0_fifo_cap        |   in|    3|     ap_fifo|     A_stream_1_0|       pointer|
|A_stream_1_0_full_n          |   in|    1|     ap_fifo|     A_stream_1_0|       pointer|
|A_stream_1_0_write           |  out|    1|     ap_fifo|     A_stream_1_0|       pointer|
|A_stream_0_0_din             |  out|   32|     ap_fifo|     A_stream_0_0|       pointer|
|A_stream_0_0_num_data_valid  |   in|    3|     ap_fifo|     A_stream_0_0|       pointer|
|A_stream_0_0_fifo_cap        |   in|    3|     ap_fifo|     A_stream_0_0|       pointer|
|A_stream_0_0_full_n          |   in|    1|     ap_fifo|     A_stream_0_0|       pointer|
|A_stream_0_0_write           |  out|    1|     ap_fifo|     A_stream_0_0|       pointer|
|A_stream_3_0_din             |  out|   32|     ap_fifo|     A_stream_3_0|       pointer|
|A_stream_3_0_num_data_valid  |   in|    3|     ap_fifo|     A_stream_3_0|       pointer|
|A_stream_3_0_fifo_cap        |   in|    3|     ap_fifo|     A_stream_3_0|       pointer|
|A_stream_3_0_full_n          |   in|    1|     ap_fifo|     A_stream_3_0|       pointer|
|A_stream_3_0_write           |  out|    1|     ap_fifo|     A_stream_3_0|       pointer|
|A_BUF_0_address0             |  out|    2|   ap_memory|          A_BUF_0|         array|
|A_BUF_0_ce0                  |  out|    1|   ap_memory|          A_BUF_0|         array|
|A_BUF_0_q0                   |   in|   32|   ap_memory|          A_BUF_0|         array|
|A_BUF_1_address0             |  out|    2|   ap_memory|          A_BUF_1|         array|
|A_BUF_1_ce0                  |  out|    1|   ap_memory|          A_BUF_1|         array|
|A_BUF_1_q0                   |   in|   32|   ap_memory|          A_BUF_1|         array|
|A_BUF_2_address0             |  out|    2|   ap_memory|          A_BUF_2|         array|
|A_BUF_2_ce0                  |  out|    1|   ap_memory|          A_BUF_2|         array|
|A_BUF_2_q0                   |   in|   32|   ap_memory|          A_BUF_2|         array|
|A_BUF_3_address0             |  out|    2|   ap_memory|          A_BUF_3|         array|
|A_BUF_3_ce0                  |  out|    1|   ap_memory|          A_BUF_3|         array|
|A_BUF_3_q0                   |   in|   32|   ap_memory|          A_BUF_3|         array|
+-----------------------------+-----+-----+------------+-----------------+--------------+

