

================================================================
== Vitis HLS Report for 'B_Buf_to_stream'
================================================================
* Date:           Mon Jul 20 18:30:04 2026

* Version:        2023.2 (Build 4023990 on Oct 11 2023)
* Project:        hls_project
* Solution:       gemm2 (Vitis Kernel Flow Target)
* Product family: versalaicore
* Target device:  xcvc1902-vsva2197-2MP-e-S


================================================================
== Performance Estimates
================================================================
+ Timing: 
    * Summary: 
    +--------+---------+----------+------------+
    |  Clock |  Target | Estimated| Uncertainty|
    +--------+---------+----------+------------+
    |ap_clk  |  3.33 ns|  1.117 ns|     0.90 ns|
    +--------+---------+----------+------------+

+ Latency: 
    * Summary: 
    +---------+---------+-----------+-----------+-----+-----+---------+
    |  Latency (cycles) |   Latency (absolute)  |  Interval | Pipeline|
    |   min   |   max   |    min    |    max    | min | max |   Type  |
    +---------+---------+-----------+-----------+-----+-----+---------+
    |        7|        7|  23.331 ns|  23.331 ns|    7|    7|       no|
    +---------+---------+-----------+-----------+-----+-----+---------+

    + Detail: 
        * Instance: 
        N/A

        * Loop: 
        N/A



================================================================
== Utilization Estimates
================================================================
* Summary: 
+-----------------+---------+------+---------+--------+-----+
|       Name      | BRAM_18K|  DSP |    FF   |   LUT  | URAM|
+-----------------+---------+------+---------+--------+-----+
|DSP              |        -|     -|        -|       -|    -|
|Expression       |        -|     -|        0|       4|    -|
|FIFO             |        -|     -|        -|       -|    -|
|Instance         |        -|     -|        -|       -|    -|
|Memory           |        -|     -|        -|       -|    -|
|Multiplexer      |        -|     -|        -|    1310|    -|
|Register         |        -|     -|       10|       -|    -|
+-----------------+---------+------+---------+--------+-----+
|Total            |        0|     0|       10|    1314|    0|
+-----------------+---------+------+---------+--------+-----+
|Available        |     1934|  1968|  1799680|  899840|  463|
+-----------------+---------+------+---------+--------+-----+
|Utilization (%)  |        0|     0|       ~0|      ~0|    0|
+-----------------+---------+------+---------+--------+-----+

+ Detail: 
    * Instance: 
    N/A

    * DSP: 
    N/A

    * Memory: 
    N/A

    * FIFO: 
    N/A

    * Expression: 
    +-----------------+----------+----+---+----+------------+------------+
    |  Variable Name  | Operation| DSP| FF| LUT| Bitwidth P0| Bitwidth P1|
    +-----------------+----------+----+---+----+------------+------------+
    |ap_block_state1  |        or|   0|  0|   2|           1|           1|
    |ap_block_state2  |        or|   0|  0|   2|           1|           1|
    +-----------------+----------+----+---+----+------------+------------+
    |Total            |          |   0|  0|   4|           2|           2|
    +-----------------+----------+----+---+----+------------+------------+

    * Multiplexer: 
    +--------------------+-----+-----------+-----+-----------+
    |        Name        | LUT | Input Size| Bits| Total Bits|
    +--------------------+-----+-----------+-----+-----------+
    |B_stream_0_0_blk_n  |    2|          2|    1|          2|
    |B_stream_0_0_din    |  160|          9|   32|        288|
    |B_stream_0_1_blk_n  |    2|          2|    1|          2|
    |B_stream_0_1_din    |  160|          9|   32|        288|
    |B_stream_0_2_blk_n  |    2|          2|    1|          2|
    |B_stream_0_2_din    |  160|          9|   32|        288|
    |B_stream_0_3_blk_n  |    2|          2|    1|          2|
    |B_stream_0_3_din    |  160|          9|   32|        288|
    |B_stream_0_4_blk_n  |    2|          2|    1|          2|
    |B_stream_0_4_din    |  160|          9|   32|        288|
    |B_stream_0_5_blk_n  |    2|          2|    1|          2|
    |B_stream_0_5_din    |  160|          9|   32|        288|
    |B_stream_0_6_blk_n  |    2|          2|    1|          2|
    |B_stream_0_6_din    |  160|          9|   32|        288|
    |B_stream_0_7_blk_n  |    2|          2|    1|          2|
    |B_stream_0_7_din    |  160|          9|   32|        288|
    |ap_NS_fsm           |   10|          9|    1|          9|
    |ap_done             |    2|          2|    1|          2|
    |real_start          |    2|          2|    1|          2|
    +--------------------+-----+-----------+-----+-----------+
    |Total               | 1310|        101|  267|       2333|
    +--------------------+-----+-----------+-----+-----------+

    * Register: 
    +----------------+---+----+-----+-----------+
    |      Name      | FF| LUT| Bits| Const Bits|
    +----------------+---+----+-----+-----------+
    |ap_CS_fsm       |  8|   0|    8|          0|
    |ap_done_reg     |  1|   0|    1|          0|
    |start_once_reg  |  1|   0|    1|          0|
    +----------------+---+----+-----+-----------+
    |Total           | 10|   0|   10|          0|
    +----------------+---+----+-----+-----------+



================================================================
== Interface
================================================================
* Summary: 
+-----------------------------+-----+-----+------------+-----------------+--------------+
|          RTL Ports          | Dir | Bits|  Protocol  |  Source Object  |    C Type    |
+-----------------------------+-----+-----+------------+-----------------+--------------+
|ap_clk                       |   in|    1|  ap_ctrl_hs|  B_Buf_to_stream|  return value|
|ap_rst                       |   in|    1|  ap_ctrl_hs|  B_Buf_to_stream|  return value|
|ap_start                     |   in|    1|  ap_ctrl_hs|  B_Buf_to_stream|  return value|
|start_full_n                 |   in|    1|  ap_ctrl_hs|  B_Buf_to_stream|  return value|
|ap_done                      |  out|    1|  ap_ctrl_hs|  B_Buf_to_stream|  return value|
|ap_continue                  |   in|    1|  ap_ctrl_hs|  B_Buf_to_stream|  return value|
|ap_idle                      |  out|    1|  ap_ctrl_hs|  B_Buf_to_stream|  return value|
|ap_ready                     |  out|    1|  ap_ctrl_hs|  B_Buf_to_stream|  return value|
|start_out                    |  out|    1|  ap_ctrl_hs|  B_Buf_to_stream|  return value|
|start_write                  |  out|    1|  ap_ctrl_hs|  B_Buf_to_stream|  return value|
|B_BUF_0_0_val                |   in|   32|     ap_none|    B_BUF_0_0_val|        scalar|
|B_BUF_0_1_val                |   in|   32|     ap_none|    B_BUF_0_1_val|        scalar|
|B_BUF_0_2_val                |   in|   32|     ap_none|    B_BUF_0_2_val|        scalar|
|B_BUF_0_3_val                |   in|   32|     ap_none|    B_BUF_0_3_val|        scalar|
|B_BUF_0_4_val                |   in|   32|     ap_none|    B_BUF_0_4_val|        scalar|
|B_BUF_0_5_val                |   in|   32|     ap_none|    B_BUF_0_5_val|        scalar|
|B_BUF_0_6_val                |   in|   32|     ap_none|    B_BUF_0_6_val|        scalar|
|B_BUF_0_7_val                |   in|   32|     ap_none|    B_BUF_0_7_val|        scalar|
|B_BUF_1_0_val                |   in|   32|     ap_none|    B_BUF_1_0_val|        scalar|
|B_BUF_1_1_val                |   in|   32|     ap_none|    B_BUF_1_1_val|        scalar|
|B_BUF_1_2_val                |   in|   32|     ap_none|    B_BUF_1_2_val|        scalar|
|B_BUF_1_3_val                |   in|   32|     ap_none|    B_BUF_1_3_val|        scalar|
|B_BUF_1_4_val                |   in|   32|     ap_none|    B_BUF_1_4_val|        scalar|
|B_BUF_1_5_val                |   in|   32|     ap_none|    B_BUF_1_5_val|        scalar|
|B_BUF_1_6_val                |   in|   32|     ap_none|    B_BUF_1_6_val|        scalar|
|B_BUF_1_7_val                |   in|   32|     ap_none|    B_BUF_1_7_val|        scalar|
|B_BUF_2_0_val                |   in|   32|     ap_none|    B_BUF_2_0_val|        scalar|
|B_BUF_2_1_val                |   in|   32|     ap_none|    B_BUF_2_1_val|        scalar|
|B_BUF_2_2_val                |   in|   32|     ap_none|    B_BUF_2_2_val|        scalar|
|B_BUF_2_3_val                |   in|   32|     ap_none|    B_BUF_2_3_val|        scalar|
|B_BUF_2_4_val                |   in|   32|     ap_none|    B_BUF_2_4_val|        scalar|
|B_BUF_2_5_val                |   in|   32|     ap_none|    B_BUF_2_5_val|        scalar|
|B_BUF_2_6_val                |   in|   32|     ap_none|    B_BUF_2_6_val|        scalar|
|B_BUF_2_7_val                |   in|   32|     ap_none|    B_BUF_2_7_val|        scalar|
|B_BUF_3_0_val                |   in|   32|     ap_none|    B_BUF_3_0_val|        scalar|
|B_BUF_3_1_val                |   in|   32|     ap_none|    B_BUF_3_1_val|        scalar|
|B_BUF_3_2_val                |   in|   32|     ap_none|    B_BUF_3_2_val|        scalar|
|B_BUF_3_3_val                |   in|   32|     ap_none|    B_BUF_3_3_val|        scalar|
|B_BUF_3_4_val                |   in|   32|     ap_none|    B_BUF_3_4_val|        scalar|
|B_BUF_3_5_val                |   in|   32|     ap_none|    B_BUF_3_5_val|        scalar|
|B_BUF_3_6_val                |   in|   32|     ap_none|    B_BUF_3_6_val|        scalar|
|B_BUF_3_7_val                |   in|   32|     ap_none|    B_BUF_3_7_val|        scalar|
|B_BUF_4_0_val                |   in|   32|     ap_none|    B_BUF_4_0_val|        scalar|
|B_BUF_4_1_val                |   in|   32|     ap_none|    B_BUF_4_1_val|        scalar|
|B_BUF_4_2_val                |   in|   32|     ap_none|    B_BUF_4_2_val|        scalar|
|B_BUF_4_3_val                |   in|   32|     ap_none|    B_BUF_4_3_val|        scalar|
|B_BUF_4_4_val                |   in|   32|     ap_none|    B_BUF_4_4_val|        scalar|
|B_BUF_4_5_val                |   in|   32|     ap_none|    B_BUF_4_5_val|        scalar|
|B_BUF_4_6_val                |   in|   32|     ap_none|    B_BUF_4_6_val|        scalar|
|B_BUF_4_7_val                |   in|   32|     ap_none|    B_BUF_4_7_val|        scalar|
|B_BUF_5_0_val                |   in|   32|     ap_none|    B_BUF_5_0_val|        scalar|
|B_BUF_5_1_val                |   in|   32|     ap_none|    B_BUF_5_1_val|        scalar|
|B_BUF_5_2_val                |   in|   32|     ap_none|    B_BUF_5_2_val|        scalar|
|B_BUF_5_3_val                |   in|   32|     ap_none|    B_BUF_5_3_val|        scalar|
|B_BUF_5_4_val                |   in|   32|     ap_none|    B_BUF_5_4_val|        scalar|
|B_BUF_5_5_val                |   in|   32|     ap_none|    B_BUF_5_5_val|        scalar|
|B_BUF_5_6_val                |   in|   32|     ap_none|    B_BUF_5_6_val|        scalar|
|B_BUF_5_7_val                |   in|   32|     ap_none|    B_BUF_5_7_val|        scalar|
|B_BUF_6_0_val                |   in|   32|     ap_none|    B_BUF_6_0_val|        scalar|
|B_BUF_6_1_val                |   in|   32|     ap_none|    B_BUF_6_1_val|        scalar|
|B_BUF_6_2_val                |   in|   32|     ap_none|    B_BUF_6_2_val|        scalar|
|B_BUF_6_3_val                |   in|   32|     ap_none|    B_BUF_6_3_val|        scalar|
|B_BUF_6_4_val                |   in|   32|     ap_none|    B_BUF_6_4_val|        scalar|
|B_BUF_6_5_val                |   in|   32|     ap_none|    B_BUF_6_5_val|        scalar|
|B_BUF_6_6_val                |   in|   32|     ap_none|    B_BUF_6_6_val|        scalar|
|B_BUF_6_7_val                |   in|   32|     ap_none|    B_BUF_6_7_val|        scalar|
|B_BUF_7_0_val                |   in|   32|     ap_none|    B_BUF_7_0_val|        scalar|
|B_BUF_7_1_val                |   in|   32|     ap_none|    B_BUF_7_1_val|        scalar|
|B_BUF_7_2_val                |   in|   32|     ap_none|    B_BUF_7_2_val|        scalar|
|B_BUF_7_3_val                |   in|   32|     ap_none|    B_BUF_7_3_val|        scalar|
|B_BUF_7_4_val                |   in|   32|     ap_none|    B_BUF_7_4_val|        scalar|
|B_BUF_7_5_val                |   in|   32|     ap_none|    B_BUF_7_5_val|        scalar|
|B_BUF_7_6_val                |   in|   32|     ap_none|    B_BUF_7_6_val|        scalar|
|B_BUF_7_7_val                |   in|   32|     ap_none|    B_BUF_7_7_val|        scalar|
|B_stream_0_0_din             |  out|   32|     ap_fifo|     B_stream_0_0|       pointer|
|B_stream_0_0_num_data_valid  |   in|    4|     ap_fifo|     B_stream_0_0|       pointer|
|B_stream_0_0_fifo_cap        |   in|    4|     ap_fifo|     B_stream_0_0|       pointer|
|B_stream_0_0_full_n          |   in|    1|     ap_fifo|     B_stream_0_0|       pointer|
|B_stream_0_0_write           |  out|    1|     ap_fifo|     B_stream_0_0|       pointer|
|B_stream_0_1_din             |  out|   32|     ap_fifo|     B_stream_0_1|       pointer|
|B_stream_0_1_num_data_valid  |   in|    4|     ap_fifo|     B_stream_0_1|       pointer|
|B_stream_0_1_fifo_cap        |   in|    4|     ap_fifo|     B_stream_0_1|       pointer|
|B_stream_0_1_full_n          |   in|    1|     ap_fifo|     B_stream_0_1|       pointer|
|B_stream_0_1_write           |  out|    1|     ap_fifo|     B_stream_0_1|       pointer|
|B_stream_0_2_din             |  out|   32|     ap_fifo|     B_stream_0_2|       pointer|
|B_stream_0_2_num_data_valid  |   in|    4|     ap_fifo|     B_stream_0_2|       pointer|
|B_stream_0_2_fifo_cap        |   in|    4|     ap_fifo|     B_stream_0_2|       pointer|
|B_stream_0_2_full_n          |   in|    1|     ap_fifo|     B_stream_0_2|       pointer|
|B_stream_0_2_write           |  out|    1|     ap_fifo|     B_stream_0_2|       pointer|
|B_stream_0_3_din             |  out|   32|     ap_fifo|     B_stream_0_3|       pointer|
|B_stream_0_3_num_data_valid  |   in|    4|     ap_fifo|     B_stream_0_3|       pointer|
|B_stream_0_3_fifo_cap        |   in|    4|     ap_fifo|     B_stream_0_3|       pointer|
|B_stream_0_3_full_n          |   in|    1|     ap_fifo|     B_stream_0_3|       pointer|
|B_stream_0_3_write           |  out|    1|     ap_fifo|     B_stream_0_3|       pointer|
|B_stream_0_4_din             |  out|   32|     ap_fifo|     B_stream_0_4|       pointer|
|B_stream_0_4_num_data_valid  |   in|    4|     ap_fifo|     B_stream_0_4|       pointer|
|B_stream_0_4_fifo_cap        |   in|    4|     ap_fifo|     B_stream_0_4|       pointer|
|B_stream_0_4_full_n          |   in|    1|     ap_fifo|     B_stream_0_4|       pointer|
|B_stream_0_4_write           |  out|    1|     ap_fifo|     B_stream_0_4|       pointer|
|B_stream_0_5_din             |  out|   32|     ap_fifo|     B_stream_0_5|       pointer|
|B_stream_0_5_num_data_valid  |   in|    4|     ap_fifo|     B_stream_0_5|       pointer|
|B_stream_0_5_fifo_cap        |   in|    4|     ap_fifo|     B_stream_0_5|       pointer|
|B_stream_0_5_full_n          |   in|    1|     ap_fifo|     B_stream_0_5|       pointer|
|B_stream_0_5_write           |  out|    1|     ap_fifo|     B_stream_0_5|       pointer|
|B_stream_0_6_din             |  out|   32|     ap_fifo|     B_stream_0_6|       pointer|
|B_stream_0_6_num_data_valid  |   in|    4|     ap_fifo|     B_stream_0_6|       pointer|
|B_stream_0_6_fifo_cap        |   in|    4|     ap_fifo|     B_stream_0_6|       pointer|
|B_stream_0_6_full_n          |   in|    1|     ap_fifo|     B_stream_0_6|       pointer|
|B_stream_0_6_write           |  out|    1|     ap_fifo|     B_stream_0_6|       pointer|
|B_stream_0_7_din             |  out|   32|     ap_fifo|     B_stream_0_7|       pointer|
|B_stream_0_7_num_data_valid  |   in|    4|     ap_fifo|     B_stream_0_7|       pointer|
|B_stream_0_7_fifo_cap        |   in|    4|     ap_fifo|     B_stream_0_7|       pointer|
|B_stream_0_7_full_n          |   in|    1|     ap_fifo|     B_stream_0_7|       pointer|
|B_stream_0_7_write           |  out|    1|     ap_fifo|     B_stream_0_7|       pointer|
+-----------------------------+-----+-----+------------+-----------------+--------------+

