

================================================================
== Vitis HLS Report for 'calc'
================================================================
* Date:           Wed Jul 15 23:35:35 2026

* Version:        2023.2 (Build 4023990 on Oct 11 2023)
* Project:        hls_project
* Solution:       gemm2 (Vitis Kernel Flow Target)
* Product family: versalaicore
* Target device:  xcvc1902-vsva2197-2MP-e-S


================================================================
== Performance Estimates
================================================================
+ Timing: 
    * Summary: 
    +--------+---------+----------+------------+
    |  Clock |  Target | Estimated| Uncertainty|
    +--------+---------+----------+------------+
    |ap_clk  |  3.33 ns|  2.386 ns|     0.90 ns|
    +--------+---------+----------+------------+

+ Latency: 
    * Summary: 
    +---------+---------+----------+----------+-----+-----+---------+
    |  Latency (cycles) |  Latency (absolute) |  Interval | Pipeline|
    |   min   |   max   |    min   |    max   | min | max |   Type  |
    +---------+---------+----------+----------+-----+-----+---------+
    |        2|        2|  6.666 ns|  6.666 ns|    1|    1|      yes|
    +---------+---------+----------+----------+-----+-----+---------+

    + Detail: 
        * Instance: 
        N/A

        * Loop: 
        N/A



================================================================
== Utilization Estimates
================================================================
* Summary: 
+-----------------+---------+------+---------+--------+-----+
|       Name      | BRAM_18K|  DSP |    FF   |   LUT  | URAM|
+-----------------+---------+------+---------+--------+-----+
|DSP              |        -|     -|        -|       -|    -|
|Expression       |        -|     -|        0|       8|    -|
|FIFO             |        -|     -|        -|       -|    -|
|Instance         |        -|     1|        2|       1|    -|
|Memory           |        -|     -|        -|       -|    -|
|Multiplexer      |        -|     -|        -|       8|    -|
|Register         |        -|     -|        3|       -|    -|
+-----------------+---------+------+---------+--------+-----+
|Total            |        0|     1|        5|      17|    0|
+-----------------+---------+------+---------+--------+-----+
|Available        |     1934|  1968|  1799680|  899840|  463|
+-----------------+---------+------+---------+--------+-----+
|Utilization (%)  |        0|    ~0|       ~0|      ~0|    0|
+-----------------+---------+------+---------+--------+-----+

+ Detail: 
    * Instance: 
    +----------------------------------------------------+------------------------------------------------+---------+----+---+----+-----+
    |                      Instance                      |                     Module                     | BRAM_18K| DSP| FF| LUT| URAM|
    +----------------------------------------------------+------------------------------------------------+---------+----+---+----+-----+
    |fmadd_32ns_32ns_32ns_32ns_32_3_primitive_dsp_1_U46  |fmadd_32ns_32ns_32ns_32ns_32_3_primitive_dsp_1  |        0|   1|  2|   1|    0|
    +----------------------------------------------------+------------------------------------------------+---------+----+---+----+-----+
    |Total                                               |                                                |        0|   1|  2|   1|    0|
    +----------------------------------------------------+------------------------------------------------+---------+----+---+----+-----+

    * DSP: 
    N/A

    * Memory: 
    N/A

    * FIFO: 
    N/A

    * Expression: 
    +----------------------------------+----------+----+---+----+------------+------------+
    |           Variable Name          | Operation| DSP| FF| LUT| Bitwidth P0| Bitwidth P1|
    +----------------------------------+----------+----+---+----+------------+------------+
    |ap_block_pp0_stage0_01001         |       and|   0|  0|   2|           1|           1|
    |ap_block_pp0_stage0_subdone       |        or|   0|  0|   2|           1|           1|
    |ap_block_state1_pp0_stage0_iter0  |        or|   0|  0|   2|           1|           1|
    |ap_enable_pp0                     |       xor|   0|  0|   2|           1|           2|
    +----------------------------------+----------+----+---+----+------------+------------+
    |Total                             |          |   0|  0|   8|           4|           5|
    +----------------------------------+----------+----+---+----+------------+------------+

    * Multiplexer: 
    +----------------------+----+-----------+-----+-----------+
    |         Name         | LUT| Input Size| Bits| Total Bits|
    +----------------------+----+-----------+-----+-----------+
    |A_stream_3_312_blk_n  |   2|          2|    1|          2|
    |A_stream_3_4_blk_n    |   2|          2|    1|          2|
    |B_stream_3_3_blk_n    |   2|          2|    1|          2|
    |B_stream_4_3_blk_n    |   2|          2|    1|          2|
    +----------------------+----+-----------+-----+-----------+
    |Total                 |   8|          8|    4|          8|
    +----------------------+----+-----------+-----+-----------+

    * Register: 
    +-------------------------+---+----+-----+-----------+
    |           Name          | FF| LUT| Bits| Const Bits|
    +-------------------------+---+----+-----+-----------+
    |ap_CS_fsm                |  1|   0|    1|          0|
    |ap_enable_reg_pp0_iter1  |  1|   0|    1|          0|
    |ap_enable_reg_pp0_iter2  |  1|   0|    1|          0|
    +-------------------------+---+----+-----+-----------+
    |Total                    |  3|   0|    3|          0|
    +-------------------------+---+----+-----+-----------+



================================================================
== Interface
================================================================
* Summary: 
+-------------------------------+-----+-----+------------+----------------+--------------+
|           RTL Ports           | Dir | Bits|  Protocol  |  Source Object |    C Type    |
+-------------------------------+-----+-----+------------+----------------+--------------+
|ap_clk                         |   in|    1|  ap_ctrl_hs|            calc|  return value|
|ap_rst                         |   in|    1|  ap_ctrl_hs|            calc|  return value|
|ap_start                       |   in|    1|  ap_ctrl_hs|            calc|  return value|
|ap_done                        |  out|    1|  ap_ctrl_hs|            calc|  return value|
|ap_idle                        |  out|    1|  ap_ctrl_hs|            calc|  return value|
|ap_ready                       |  out|    1|  ap_ctrl_hs|            calc|  return value|
|ap_ce                          |   in|    1|  ap_ctrl_hs|            calc|  return value|
|ap_return                      |  out|   32|  ap_ctrl_hs|            calc|  return value|
|A_stream_3_312_blk_n           |  out|    1|  ap_ctrl_hs|            calc|  return value|
|B_stream_3_3_blk_n             |  out|    1|  ap_ctrl_hs|            calc|  return value|
|A_stream_3_4_blk_n             |  out|    1|  ap_ctrl_hs|            calc|  return value|
|B_stream_4_3_blk_n             |  out|    1|  ap_ctrl_hs|            calc|  return value|
|A_stream_3_312_dout            |   in|   32|     ap_fifo|  A_stream_3_312|       pointer|
|A_stream_3_312_num_data_valid  |   in|    3|     ap_fifo|  A_stream_3_312|       pointer|
|A_stream_3_312_fifo_cap        |   in|    3|     ap_fifo|  A_stream_3_312|       pointer|
|A_stream_3_312_empty_n         |   in|    1|     ap_fifo|  A_stream_3_312|       pointer|
|A_stream_3_312_read            |  out|    1|     ap_fifo|  A_stream_3_312|       pointer|
|B_stream_3_3_dout              |   in|   32|     ap_fifo|    B_stream_3_3|       pointer|
|B_stream_3_3_num_data_valid    |   in|    3|     ap_fifo|    B_stream_3_3|       pointer|
|B_stream_3_3_fifo_cap          |   in|    3|     ap_fifo|    B_stream_3_3|       pointer|
|B_stream_3_3_empty_n           |   in|    1|     ap_fifo|    B_stream_3_3|       pointer|
|B_stream_3_3_read              |  out|    1|     ap_fifo|    B_stream_3_3|       pointer|
|A_stream_3_4_din               |  out|   32|     ap_fifo|    A_stream_3_4|       pointer|
|A_stream_3_4_num_data_valid    |   in|    3|     ap_fifo|    A_stream_3_4|       pointer|
|A_stream_3_4_fifo_cap          |   in|    3|     ap_fifo|    A_stream_3_4|       pointer|
|A_stream_3_4_full_n            |   in|    1|     ap_fifo|    A_stream_3_4|       pointer|
|A_stream_3_4_write             |  out|    1|     ap_fifo|    A_stream_3_4|       pointer|
|B_stream_4_3_din               |  out|   32|     ap_fifo|    B_stream_4_3|       pointer|
|B_stream_4_3_num_data_valid    |   in|    3|     ap_fifo|    B_stream_4_3|       pointer|
|B_stream_4_3_fifo_cap          |   in|    3|     ap_fifo|    B_stream_4_3|       pointer|
|B_stream_4_3_full_n            |   in|    1|     ap_fifo|    B_stream_4_3|       pointer|
|B_stream_4_3_write             |  out|    1|     ap_fifo|    B_stream_4_3|       pointer|
|this_read                      |   in|   32|     ap_none|       this_read|        scalar|
+-------------------------------+-----+-----+------------+----------------+--------------+

