

================================================================
== Synthesis Summary Report of 'gemm'
================================================================
+ General Information: 
    * Date:           Wed Jul 15 23:35:38 2026
    * Version:        2023.2 (Build 4023990 on Oct 11 2023)
    * Project:        hls_project
    * Solution:       gemm2 (Vitis Kernel Flow Target)
    * Product family: versalaicore
    * Target device:  xcvc1902-vsva2197-2MP-e-S
    

+ Performance & Resource Estimates: 
    
    PS: '+' for module; 'o' for loop; '*' for dataflow
    +--------------------------------------+--------+-------+---------+---------+----------+---------+------+----------+---------+----------+-------------+------------+-----+
    |                Modules               |  Issue |       | Latency | Latency | Iteration|         | Trip |          |         |          |             |            |     |
    |                & Loops               |  Type  | Slack | (cycles)|   (ns)  |  Latency | Interval| Count| Pipelined|  BRAM   |    DSP   |      FF     |     LUT    | URAM|
    +--------------------------------------+--------+-------+---------+---------+----------+---------+------+----------+---------+----------+-------------+------------+-----+
    |+ gemm                                |  Timing|  -0.00|      183|  609.939|         -|      184|     -|        no|  32 (1%)|  16 (~0%)|  12035 (~0%)|  12436 (1%)|    -|
    | + loadInputsFromDRAM*                |  Timing|  -0.00|       78|  259.974|         -|       79|     -|  dataflow|        -|         -|    162 (~0%)|   373 (~0%)|    -|
    |  + load_A                            |  Timing|  -0.00|       75|  249.975|         -|       75|     -|        no|        -|         -|     76 (~0%)|   109 (~0%)|    -|
    |   o VITIS_LOOP_6_1                   |       -|   2.43|        4|   13.332|         1|        -|     4|        no|        -|         -|            -|           -|    -|
    |  + load_B                            |  Timing|  -0.00|       78|  259.974|         -|       78|     -|        no|        -|         -|     84 (~0%)|   244 (~0%)|    -|
    |   + load_B_Pipeline_VITIS_LOOP_22_2  |       -|   0.93|        6|   19.998|         -|        6|     -|        no|        -|         -|      9 (~0%)|    26 (~0%)|    -|
    |    o VITIS_LOOP_22_2                 |       -|   2.43|        4|   13.332|         2|        1|     4|       yes|        -|         -|            -|           -|    -|
    | + runSystolicArray*                  |       -|   0.04|       28|   93.324|         -|       19|     -|  dataflow|        -|  16 (~0%)|   6797 (~0%)|  7428 (~0%)|    -|
    |  + A_Buf_to_stream                   |       -|   0.63|       18|   59.994|         -|       18|     -|        no|        -|         -|    109 (~0%)|   438 (~0%)|    -|
    |   o VITIS_LOOP_16_1                  |      II|   2.43|       16|   53.328|         5|        4|     4|       yes|        -|         -|            -|           -|    -|
    |  + B_Buf_to_stream                   |       -|   0.63|       18|   59.994|         -|       18|     -|        no|        -|         -|    109 (~0%)|   438 (~0%)|    -|
    |   o VITIS_LOOP_27_1                  |      II|   2.43|       16|   53.328|         5|        4|     4|       yes|        -|         -|            -|           -|    -|
    |  + run                               |      II|   0.04|       10|   33.330|         -|        8|     -|    rewind|        -|   1 (~0%)|     18 (~0%)|   137 (~0%)|    -|
    |   o VITIS_LOOP_23_1                  |      II|   2.43|        9|   29.997|         4|        2|     4|       yes|        -|         -|            -|           -|    -|
    |    + calc                            |       -|   0.04|        2|    6.666|         -|        1|     -|       yes|        -|   1 (~0%)|      5 (~0%)|    17 (~0%)|    -|
    |  + run_1                             |      II|   0.04|       10|   33.330|         -|        8|     -|    rewind|        -|   1 (~0%)|     17 (~0%)|   135 (~0%)|    -|
    |   o VITIS_LOOP_23_1                  |      II|   2.43|        9|   29.997|         4|        2|     4|       yes|        -|         -|            -|           -|    -|
    |    + calc                            |       -|   0.04|        2|    6.666|         -|        1|     -|       yes|        -|   1 (~0%)|      5 (~0%)|    17 (~0%)|    -|
    |  + run_4                             |      II|   0.04|       10|   33.330|         -|        8|     -|    rewind|        -|   1 (~0%)|     17 (~0%)|   135 (~0%)|    -|
    |   o VITIS_LOOP_23_1                  |      II|   2.43|        9|   29.997|         4|        2|     4|       yes|        -|         -|            -|           -|    -|
    |    + calc                            |       -|   0.04|        2|    6.666|         -|        1|     -|       yes|        -|   1 (~0%)|      5 (~0%)|    17 (~0%)|    -|
    |  + run_2                             |      II|   0.04|       10|   33.330|         -|        8|     -|    rewind|        -|   1 (~0%)|     17 (~0%)|   135 (~0%)|    -|
    |   o VITIS_LOOP_23_1                  |      II|   2.43|        9|   29.997|         4|        2|     4|       yes|        -|         -|            -|           -|    -|
    |    + calc                            |       -|   0.04|        2|    6.666|         -|        1|     -|       yes|        -|   1 (~0%)|      5 (~0%)|    17 (~0%)|    -|
    |  + run_5                             |      II|   0.04|       10|   33.330|         -|        8|     -|    rewind|        -|   1 (~0%)|     17 (~0%)|   135 (~0%)|    -|
    |   o VITIS_LOOP_23_1                  |      II|   2.43|        9|   29.997|         4|        2|     4|       yes|        -|         -|            -|           -|    -|
    |    + calc                            |       -|   0.04|        2|    6.666|         -|        1|     -|       yes|        -|   1 (~0%)|      5 (~0%)|    17 (~0%)|    -|
    |  + run_8                             |      II|   0.04|       10|   33.330|         -|        8|     -|    rewind|        -|   1 (~0%)|     17 (~0%)|   135 (~0%)|    -|
    |   o VITIS_LOOP_23_1                  |      II|   2.43|        9|   29.997|         4|        2|     4|       yes|        -|         -|            -|           -|    -|
    |    + calc                            |       -|   0.04|        2|    6.666|         -|        1|     -|       yes|        -|   1 (~0%)|      5 (~0%)|    17 (~0%)|    -|
    |  + run_3                             |      II|   0.04|       10|   33.330|         -|        8|     -|    rewind|        -|   1 (~0%)|     18 (~0%)|   137 (~0%)|    -|
    |   o VITIS_LOOP_23_1                  |      II|   2.43|        9|   29.997|         4|        2|     4|       yes|        -|         -|            -|           -|    -|
    |    + calc                            |       -|   0.04|        2|    6.666|         -|        1|     -|       yes|        -|   1 (~0%)|      5 (~0%)|    17 (~0%)|    -|
    |  + run_6                             |      II|   0.04|       10|   33.330|         -|        8|     -|    rewind|        -|   1 (~0%)|     17 (~0%)|   135 (~0%)|    -|
    |   o VITIS_LOOP_23_1                  |      II|   2.43|        9|   29.997|         4|        2|     4|       yes|        -|         -|            -|           -|    -|
    |    + calc                            |       -|   0.04|        2|    6.666|         -|        1|     -|       yes|        -|   1 (~0%)|      5 (~0%)|    17 (~0%)|    -|
    |  + run_9                             |      II|   0.04|       10|   33.330|         -|        8|     -|    rewind|        -|   1 (~0%)|     17 (~0%)|   135 (~0%)|    -|
    |   o VITIS_LOOP_23_1                  |      II|   2.43|        9|   29.997|         4|        2|     4|       yes|        -|         -|            -|           -|    -|
    |    + calc                            |       -|   0.04|        2|    6.666|         -|        1|     -|       yes|        -|   1 (~0%)|      5 (~0%)|    17 (~0%)|    -|
    |  + run_12                            |      II|   0.04|       10|   33.330|         -|        8|     -|    rewind|        -|   1 (~0%)|     17 (~0%)|   135 (~0%)|    -|
    |   o VITIS_LOOP_23_1                  |      II|   2.43|        9|   29.997|         4|        2|     4|       yes|        -|         -|            -|           -|    -|
    |    + calc                            |       -|   0.04|        2|    6.666|         -|        1|     -|       yes|        -|   1 (~0%)|      5 (~0%)|    17 (~0%)|    -|
    |  + run_7                             |      II|   0.04|       10|   33.330|         -|        8|     -|    rewind|        -|   1 (~0%)|     17 (~0%)|   135 (~0%)|    -|
    |   o VITIS_LOOP_23_1                  |      II|   2.43|        9|   29.997|         4|        2|     4|       yes|        -|         -|            -|           -|    -|
    |    + calc                            |       -|   0.04|        2|    6.666|         -|        1|     -|       yes|        -|   1 (~0%)|      5 (~0%)|    17 (~0%)|    -|
    |  + run_10                            |      II|   0.04|       10|   33.330|         -|        8|     -|    rewind|        -|   1 (~0%)|     17 (~0%)|   135 (~0%)|    -|
    |   o VITIS_LOOP_23_1                  |      II|   2.43|        9|   29.997|         4|        2|     4|       yes|        -|         -|            -|           -|    -|
    |    + calc                            |       -|   0.04|        2|    6.666|         -|        1|     -|       yes|        -|   1 (~0%)|      5 (~0%)|    17 (~0%)|    -|
    |  + run_13                            |      II|   0.04|       10|   33.330|         -|        8|     -|    rewind|        -|   1 (~0%)|     17 (~0%)|   135 (~0%)|    -|
    |   o VITIS_LOOP_23_1                  |      II|   2.43|        9|   29.997|         4|        2|     4|       yes|        -|         -|            -|           -|    -|
    |    + calc                            |       -|   0.04|        2|    6.666|         -|        1|     -|       yes|        -|   1 (~0%)|      5 (~0%)|    17 (~0%)|    -|
    |  + run_11                            |      II|   0.04|       10|   33.330|         -|        8|     -|    rewind|        -|   1 (~0%)|     17 (~0%)|   135 (~0%)|    -|
    |   o VITIS_LOOP_23_1                  |      II|   2.43|        9|   29.997|         4|        2|     4|       yes|        -|         -|            -|           -|    -|
    |    + calc                            |       -|   0.04|        2|    6.666|         -|        1|     -|       yes|        -|   1 (~0%)|      5 (~0%)|    17 (~0%)|    -|
    |  + run_14                            |      II|   0.04|       10|   33.330|         -|        8|     -|    rewind|        -|   1 (~0%)|     17 (~0%)|   135 (~0%)|    -|
    |   o VITIS_LOOP_23_1                  |      II|   2.43|        9|   29.997|         4|        2|     4|       yes|        -|         -|            -|           -|    -|
    |    + calc                            |       -|   0.04|        2|    6.666|         -|        1|     -|       yes|        -|   1 (~0%)|      5 (~0%)|    17 (~0%)|    -|
    |  + run_15                            |      II|   0.04|       10|   33.330|         -|        8|     -|    rewind|        -|   1 (~0%)|     17 (~0%)|   135 (~0%)|    -|
    |   o VITIS_LOOP_23_1                  |      II|   2.43|        9|   29.997|         4|        2|     4|       yes|        -|         -|            -|           -|    -|
    |    + calc                            |       -|   0.04|        2|    6.666|         -|        1|     -|       yes|        -|   1 (~0%)|      5 (~0%)|    17 (~0%)|    -|
    |  + sink_streams*                     |       -|   1.47|        3|    9.999|         -|        4|     -|  dataflow|        -|         -|      5 (~0%)|    28 (~0%)|    -|
    |   + sink_streams_Block_entry1_proc4  |       -|   1.47|        3|    9.999|         -|        3|     -|        no|        -|         -|      5 (~0%)|    28 (~0%)|    -|
    |  + stream_to_C_Buf                   |       -|   1.47|        0|    0.000|         -|        0|     -|        no|        -|         -|    514 (~0%)|   548 (~0%)|    -|
    | + storeOutputToDRAM                  |  Timing|  -0.00|       72|  239.976|         -|       72|     -|        no|        -|         -|     72 (~0%)|   235 (~0%)|    -|
    |  o VITIS_LOOP_43_1                   |       -|   2.43|        4|   13.332|         1|        -|     4|        no|        -|         -|            -|           -|    -|
    +--------------------------------------+--------+-------+---------+---------+----------+---------+------+----------+---------+----------+-------------+------------+-----+


================================================================
== HW Interfaces
================================================================
* M_AXI
+-------------+------------+---------------+---------+--------+----------+-----------+--------------+--------------+-------------+-------------+-------------------+
| Interface   | Data Width | Address Width | Latency | Offset | Register | Max Widen | Max Read     | Max Write    | Num Read    | Num Write   | Resource Estimate |
|             | (SW->HW)   |               |         |        |          | Bitwidth  | Burst Length | Burst Length | Outstanding | Outstanding |                   |
+-------------+------------+---------------+---------+--------+----------+-----------+--------------+--------------+-------------+-------------+-------------------+
| m_axi_gmem0 | 128 -> 128 | 64            | 64      | slave  | 0        | 128       | 4            | 16           | 16          | 16          | BRAM=8            |
| m_axi_gmem1 | 128 -> 128 | 64            | 64      | slave  | 0        | 128       | 4            | 16           | 16          | 16          | BRAM=8            |
| m_axi_gmem2 | 128 -> 128 | 64            | 64      | slave  | 0        | 128       | 16           | 4            | 16          | 16          | BRAM=8            |
+-------------+------------+---------------+---------+--------+----------+-----------+--------------+--------------+-------------+-------------+-------------------+

* S_AXILITE Interfaces
+---------------+------------+---------------+--------+----------+
| Interface     | Data Width | Address Width | Offset | Register |
+---------------+------------+---------------+--------+----------+
| s_axi_control | 32         | 6             | 16     | 0        |
+---------------+------------+---------------+--------+----------+

* S_AXILITE Registers
+---------------+----------+--------+-------+--------+----------------------------------+------------------------------------------------------------------------------------+
| Interface     | Register | Offset | Width | Access | Description                      | Bit Fields                                                                         |
+---------------+----------+--------+-------+--------+----------------------------------+------------------------------------------------------------------------------------+
| s_axi_control | CTRL     | 0x00   | 32    | RW     | Control signals                  | 0=AP_START 1=AP_DONE 2=AP_IDLE 3=AP_READY 4=AP_CONTINUE 7=AUTO_RESTART 9=INTERRUPT |
| s_axi_control | GIER     | 0x04   | 32    | RW     | Global Interrupt Enable Register | 0=Enable                                                                           |
| s_axi_control | IP_IER   | 0x08   | 32    | RW     | IP Interrupt Enable Register     | 0=CHAN0_INT_EN 1=CHAN1_INT_EN                                                      |
| s_axi_control | IP_ISR   | 0x0c   | 32    | RW     | IP Interrupt Status Register     | 0=CHAN0_INT_ST 1=CHAN1_INT_ST                                                      |
| s_axi_control | A_DRAM_1 | 0x10   | 32    | W      | Data signal of A_DRAM            |                                                                                    |
| s_axi_control | A_DRAM_2 | 0x14   | 32    | W      | Data signal of A_DRAM            |                                                                                    |
| s_axi_control | B_DRAM_1 | 0x1c   | 32    | W      | Data signal of B_DRAM            |                                                                                    |
| s_axi_control | B_DRAM_2 | 0x20   | 32    | W      | Data signal of B_DRAM            |                                                                                    |
| s_axi_control | C_DRAM_1 | 0x28   | 32    | W      | Data signal of C_DRAM            |                                                                                    |
| s_axi_control | C_DRAM_2 | 0x2c   | 32    | W      | Data signal of C_DRAM            |                                                                                    |
+---------------+----------+--------+-------+--------+----------------------------------+------------------------------------------------------------------------------------+

* TOP LEVEL CONTROL
+-----------+---------------+-----------+
| Interface | Type          | Ports     |
+-----------+---------------+-----------+
| ap_clk    | clock         | ap_clk    |
| ap_rst_n  | reset         | ap_rst_n  |
| interrupt | interrupt     | interrupt |
| ap_ctrl   | ap_ctrl_chain |           |
+-----------+---------------+-----------+


================================================================
== SW I/O Information
================================================================
* Top Function Arguments
+----------+-----------+-------------------------------------------+
| Argument | Direction | Datatype                                  |
+----------+-----------+-------------------------------------------+
| A_DRAM   | in        | burst_maxi<hls::vector<float, 4> > const  |
| B_DRAM   | in        | burst_maxi<hls::vector<float, 4> > const  |
| C_DRAM   | out       | burst_maxi<hls::vector<float, 4> >        |
+----------+-----------+-------------------------------------------+

* SW-to-HW Mapping
+----------+---------------+-----------+----------+------------------------------------+
| Argument | HW Interface  | HW Type   | HW Usage | HW Info                            |
+----------+---------------+-----------+----------+------------------------------------+
| A_DRAM   | m_axi_gmem0   | interface |          |                                    |
| A_DRAM   | s_axi_control | register  | offset   | name=A_DRAM_1 offset=0x10 range=32 |
| A_DRAM   | s_axi_control | register  | offset   | name=A_DRAM_2 offset=0x14 range=32 |
| B_DRAM   | m_axi_gmem1   | interface |          |                                    |
| B_DRAM   | s_axi_control | register  | offset   | name=B_DRAM_1 offset=0x1c range=32 |
| B_DRAM   | s_axi_control | register  | offset   | name=B_DRAM_2 offset=0x20 range=32 |
| C_DRAM   | m_axi_gmem2   | interface |          |                                    |
| C_DRAM   | s_axi_control | register  | offset   | name=C_DRAM_1 offset=0x28 range=32 |
| C_DRAM   | s_axi_control | register  | offset   | name=C_DRAM_2 offset=0x2c range=32 |
+----------+---------------+-----------+----------+------------------------------------+


================================================================
== M_AXI Burst Information
================================================================
 Note: All burst requests might be further partitioned into multiple requests during RTL generation based on max_read_burst_length or max_write_burst_length settings.

* Manual Burst (burst_maxi)
+--------------+-----------+--------+-------+----------------------+
| HW Interface | Direction | Length | Width | Location             |
+--------------+-----------+--------+-------+----------------------+
| m_axi_gmem0  | read      | 4      | 128   | source/dram.hpp:5:9  |
| m_axi_gmem1  | read      | 4      | 128   | source/dram.hpp:20:9 |
| m_axi_gmem2  | write     | 4      | 128   | source/dram.hpp:42:9 |
+--------------+-----------+--------+-------+----------------------+


================================================================
== Bind Op Report
================================================================
+---------------------------------------------------------+-----+--------+--------------------+-------+--------------+---------+
| Name                                                    | DSP | Pragma | Variable           | Op    | Impl         | Latency |
+---------------------------------------------------------+-----+--------+--------------------+-------+--------------+---------+
| + gemm                                                  | 16  |        |                    |       |              |         |
|  + loadInputsFromDRAM                                   | 0   |        |                    |       |              |         |
|   + load_A                                              | 0   |        |                    |       |              |         |
|     add_ln6_fu_188_p2                                   |     |        | add_ln6            | add   | fabric       | 0       |
|   + load_B                                              | 0   |        |                    |       |              |         |
|    + load_B_Pipeline_VITIS_LOOP_22_2                    | 0   |        |                    |       |              |         |
|      add_ln22_fu_146_p2                                 |     |        | add_ln22           | add   | fabric       | 0       |
|  + runSystolicArray                                     | 16  |        |                    |       |              |         |
|   + A_Buf_to_stream                                     | 0   |        |                    |       |              |         |
|     add_ln16_fu_159_p2                                  |     |        | add_ln16           | add   | fabric       | 0       |
|   + B_Buf_to_stream                                     | 0   |        |                    |       |              |         |
|     add_ln27_fu_159_p2                                  |     |        | add_ln27           | add   | fabric       | 0       |
|   + run                                                 | 1   |        |                    |       |              |         |
|     k_fu_78_p2                                          |     |        | k                  | add   | fabric       | 0       |
|    + calc (grp_calc_fu_65)                              | 1   |        |                    |       |              |         |
|      fmadd_32ns_32ns_32ns_32ns_32_3_primitive_dsp_1_U46 | 1   |        | this_write_assign5 | fmadd | primitivedsp | 2       |
|   + run_1                                               | 1   |        |                    |       |              |         |
|     k_fu_78_p2                                          |     |        | k                  | add   | fabric       | 0       |
|    + calc (grp_calc_fu_65)                              | 1   |        |                    |       |              |         |
|      fmadd_32ns_32ns_32ns_32ns_32_3_primitive_dsp_1_U46 | 1   |        | this_write_assign5 | fmadd | primitivedsp | 2       |
|   + run_4                                               | 1   |        |                    |       |              |         |
|     k_fu_78_p2                                          |     |        | k                  | add   | fabric       | 0       |
|    + calc (grp_calc_fu_65)                              | 1   |        |                    |       |              |         |
|      fmadd_32ns_32ns_32ns_32ns_32_3_primitive_dsp_1_U46 | 1   |        | this_write_assign5 | fmadd | primitivedsp | 2       |
|   + run_2                                               | 1   |        |                    |       |              |         |
|     k_fu_78_p2                                          |     |        | k                  | add   | fabric       | 0       |
|    + calc (grp_calc_fu_65)                              | 1   |        |                    |       |              |         |
|      fmadd_32ns_32ns_32ns_32ns_32_3_primitive_dsp_1_U46 | 1   |        | this_write_assign5 | fmadd | primitivedsp | 2       |
|   + run_5                                               | 1   |        |                    |       |              |         |
|     k_fu_78_p2                                          |     |        | k                  | add   | fabric       | 0       |
|    + calc (grp_calc_fu_65)                              | 1   |        |                    |       |              |         |
|      fmadd_32ns_32ns_32ns_32ns_32_3_primitive_dsp_1_U46 | 1   |        | this_write_assign5 | fmadd | primitivedsp | 2       |
|   + run_8                                               | 1   |        |                    |       |              |         |
|     k_fu_78_p2                                          |     |        | k                  | add   | fabric       | 0       |
|    + calc (grp_calc_fu_65)                              | 1   |        |                    |       |              |         |
|      fmadd_32ns_32ns_32ns_32ns_32_3_primitive_dsp_1_U46 | 1   |        | this_write_assign5 | fmadd | primitivedsp | 2       |
|   + run_3                                               | 1   |        |                    |       |              |         |
|     k_fu_78_p2                                          |     |        | k                  | add   | fabric       | 0       |
|    + calc (grp_calc_fu_65)                              | 1   |        |                    |       |              |         |
|      fmadd_32ns_32ns_32ns_32ns_32_3_primitive_dsp_1_U46 | 1   |        | this_write_assign5 | fmadd | primitivedsp | 2       |
|   + run_6                                               | 1   |        |                    |       |              |         |
|     k_fu_78_p2                                          |     |        | k                  | add   | fabric       | 0       |
|    + calc (grp_calc_fu_65)                              | 1   |        |                    |       |              |         |
|      fmadd_32ns_32ns_32ns_32ns_32_3_primitive_dsp_1_U46 | 1   |        | this_write_assign5 | fmadd | primitivedsp | 2       |
|   + run_9                                               | 1   |        |                    |       |              |         |
|     k_fu_78_p2                                          |     |        | k                  | add   | fabric       | 0       |
|    + calc (grp_calc_fu_65)                              | 1   |        |                    |       |              |         |
|      fmadd_32ns_32ns_32ns_32ns_32_3_primitive_dsp_1_U46 | 1   |        | this_write_assign5 | fmadd | primitivedsp | 2       |
|   + run_12                                              | 1   |        |                    |       |              |         |
|     k_fu_78_p2                                          |     |        | k                  | add   | fabric       | 0       |
|    + calc (grp_calc_fu_65)                              | 1   |        |                    |       |              |         |
|      fmadd_32ns_32ns_32ns_32ns_32_3_primitive_dsp_1_U46 | 1   |        | this_write_assign5 | fmadd | primitivedsp | 2       |
|   + run_7                                               | 1   |        |                    |       |              |         |
|     k_fu_78_p2                                          |     |        | k                  | add   | fabric       | 0       |
|    + calc (grp_calc_fu_65)                              | 1   |        |                    |       |              |         |
|      fmadd_32ns_32ns_32ns_32ns_32_3_primitive_dsp_1_U46 | 1   |        | this_write_assign5 | fmadd | primitivedsp | 2       |
|   + run_10                                              | 1   |        |                    |       |              |         |
|     k_fu_78_p2                                          |     |        | k                  | add   | fabric       | 0       |
|    + calc (grp_calc_fu_65)                              | 1   |        |                    |       |              |         |
|      fmadd_32ns_32ns_32ns_32ns_32_3_primitive_dsp_1_U46 | 1   |        | this_write_assign5 | fmadd | primitivedsp | 2       |
|   + run_13                                              | 1   |        |                    |       |              |         |
|     k_fu_78_p2                                          |     |        | k                  | add   | fabric       | 0       |
|    + calc (grp_calc_fu_65)                              | 1   |        |                    |       |              |         |
|      fmadd_32ns_32ns_32ns_32ns_32_3_primitive_dsp_1_U46 | 1   |        | this_write_assign5 | fmadd | primitivedsp | 2       |
|   + run_11                                              | 1   |        |                    |       |              |         |
|     k_fu_78_p2                                          |     |        | k                  | add   | fabric       | 0       |
|    + calc (grp_calc_fu_65)                              | 1   |        |                    |       |              |         |
|      fmadd_32ns_32ns_32ns_32ns_32_3_primitive_dsp_1_U46 | 1   |        | this_write_assign5 | fmadd | primitivedsp | 2       |
|   + run_14                                              | 1   |        |                    |       |              |         |
|     k_fu_78_p2                                          |     |        | k                  | add   | fabric       | 0       |
|    + calc (grp_calc_fu_65)                              | 1   |        |                    |       |              |         |
|      fmadd_32ns_32ns_32ns_32ns_32_3_primitive_dsp_1_U46 | 1   |        | this_write_assign5 | fmadd | primitivedsp | 2       |
|   + run_15                                              | 1   |        |                    |       |              |         |
|     k_fu_78_p2                                          |     |        | k                  | add   | fabric       | 0       |
|    + calc (grp_calc_fu_65)                              | 1   |        |                    |       |              |         |
|      fmadd_32ns_32ns_32ns_32ns_32_3_primitive_dsp_1_U46 | 1   |        | this_write_assign5 | fmadd | primitivedsp | 2       |
|  + storeOutputToDRAM                                    | 0   |        |                    |       |              |         |
|    add_ln43_fu_305_p2                                   |     |        | add_ln43           | add   | fabric       | 0       |
+---------------------------------------------------------+-----+--------+--------------------+-------+--------------+---------+


================================================================
== Storage Report
================================================================
+---------------------+--------------+-----------+------+------+--------+-------------+--------+---------+------------------+
| Name                | Usage        | Type      | BRAM | URAM | Pragma | Variable    | Impl   | Latency | Bitwidth, Depth, |
|                     |              |           |      |      |        |             |        |         | Banks            |
+---------------------+--------------+-----------+------+------+--------+-------------+--------+---------+------------------+
| + gemm              |              |           | 32   | 0    |        |             |        |         |                  |
|   control_s_axi_U   | interface    | s_axilite |      |      |        |             |        |         |                  |
|   gmem0_m_axi_U     | interface    | m_axi     | 8    |      |        |             |        |         |                  |
|   gmem1_m_axi_U     | interface    | m_axi     | 8    |      |        |             |        |         |                  |
|   gmem2_m_axi_U     | interface    | m_axi     | 8    |      |        |             |        |         |                  |
|   A_BUF_U           | ram_1p array |           | 1    |      |        | A_BUF       | auto   | 1       | 32, 4, 1         |
|   A_BUF_1_U         | ram_1p array |           | 1    |      |        | A_BUF_1     | auto   | 1       | 32, 4, 1         |
|   A_BUF_2_U         | ram_1p array |           | 1    |      |        | A_BUF_2     | auto   | 1       | 32, 4, 1         |
|   A_BUF_3_U         | ram_1p array |           | 1    |      |        | A_BUF_3     | auto   | 1       | 32, 4, 1         |
|   B_BUF_U           | ram_1p array |           | 1    |      |        | B_BUF       | auto   | 1       | 32, 4, 1         |
|   B_BUF_1_U         | ram_1p array |           | 1    |      |        | B_BUF_1     | auto   | 1       | 32, 4, 1         |
|   B_BUF_2_U         | ram_1p array |           | 1    |      |        | B_BUF_2     | auto   | 1       | 32, 4, 1         |
|   B_BUF_3_U         | ram_1p array |           | 1    |      |        | B_BUF_3     | auto   | 1       | 32, 4, 1         |
|  + runSystolicArray |              |           | 0    | 0    |        |             |        |         |                  |
|    A_stream_U       | fifo channel | stream    |      |      |        | A_stream    | memory | 0       | 32, 2, 1         |
|    A_stream_5_U     | fifo channel | stream    |      |      |        | A_stream_5  | memory | 0       | 32, 2, 1         |
|    A_stream_10_U    | fifo channel | stream    |      |      |        | A_stream_10 | memory | 0       | 32, 2, 1         |
|    A_stream_15_U    | fifo channel | stream    |      |      |        | A_stream_15 | memory | 0       | 32, 2, 1         |
|    B_stream_U       | fifo channel | stream    |      |      |        | B_stream    | memory | 0       | 32, 2, 1         |
|    B_stream_1_U     | fifo channel | stream    |      |      |        | B_stream_1  | memory | 0       | 32, 2, 1         |
|    B_stream_2_U     | fifo channel | stream    |      |      |        | B_stream_2  | memory | 0       | 32, 2, 1         |
|    B_stream_3_U     | fifo channel | stream    |      |      |        | B_stream_3  | memory | 0       | 32, 2, 1         |
|    A_stream_1_U     | fifo channel | stream    |      |      |        | A_stream_1  | memory | 0       | 32, 2, 1         |
|    B_stream_4_U     | fifo channel | stream    |      |      |        | B_stream_4  | memory | 0       | 32, 2, 1         |
|    C_stream_U       | fifo channel | stream    |      |      |        | C_stream    | memory | 0       | 32, 2, 1         |
|    A_stream_2_U     | fifo channel | stream    |      |      |        | A_stream_2  | memory | 0       | 32, 2, 1         |
|    B_stream_5_U     | fifo channel | stream    |      |      |        | B_stream_5  | memory | 0       | 32, 2, 1         |
|    C_stream_1_U     | fifo channel | stream    |      |      |        | C_stream_1  | memory | 0       | 32, 2, 1         |
|    A_stream_3_U     | fifo channel | stream    |      |      |        | A_stream_3  | memory | 0       | 32, 2, 1         |
|    B_stream_6_U     | fifo channel | stream    |      |      |        | B_stream_6  | memory | 0       | 32, 2, 1         |
|    C_stream_2_U     | fifo channel | stream    |      |      |        | C_stream_2  | memory | 0       | 32, 2, 1         |
|    A_stream_4_U     | fifo channel | stream    |      |      |        | A_stream_4  | memory | 0       | 32, 2, 1         |
|    B_stream_7_U     | fifo channel | stream    |      |      |        | B_stream_7  | memory | 0       | 32, 2, 1         |
|    C_stream_3_U     | fifo channel | stream    |      |      |        | C_stream_3  | memory | 0       | 32, 2, 1         |
|    A_stream_6_U     | fifo channel | stream    |      |      |        | A_stream_6  | memory | 0       | 32, 2, 1         |
|    B_stream_8_U     | fifo channel | stream    |      |      |        | B_stream_8  | memory | 0       | 32, 2, 1         |
|    C_stream_4_U     | fifo channel | stream    |      |      |        | C_stream_4  | memory | 0       | 32, 2, 1         |
|    A_stream_7_U     | fifo channel | stream    |      |      |        | A_stream_7  | memory | 0       | 32, 2, 1         |
|    B_stream_9_U     | fifo channel | stream    |      |      |        | B_stream_9  | memory | 0       | 32, 2, 1         |
|    C_stream_5_U     | fifo channel | stream    |      |      |        | C_stream_5  | memory | 0       | 32, 2, 1         |
|    A_stream_8_U     | fifo channel | stream    |      |      |        | A_stream_8  | memory | 0       | 32, 2, 1         |
|    B_stream_10_U    | fifo channel | stream    |      |      |        | B_stream_10 | memory | 0       | 32, 2, 1         |
|    C_stream_6_U     | fifo channel | stream    |      |      |        | C_stream_6  | memory | 0       | 32, 2, 1         |
|    A_stream_9_U     | fifo channel | stream    |      |      |        | A_stream_9  | memory | 0       | 32, 2, 1         |
|    B_stream_11_U    | fifo channel | stream    |      |      |        | B_stream_11 | memory | 0       | 32, 2, 1         |
|    C_stream_7_U     | fifo channel | stream    |      |      |        | C_stream_7  | memory | 0       | 32, 2, 1         |
|    A_stream_11_U    | fifo channel | stream    |      |      |        | A_stream_11 | memory | 0       | 32, 2, 1         |
|    B_stream_12_U    | fifo channel | stream    |      |      |        | B_stream_12 | memory | 0       | 32, 2, 1         |
|    C_stream_8_U     | fifo channel | stream    |      |      |        | C_stream_8  | memory | 0       | 32, 2, 1         |
|    A_stream_12_U    | fifo channel | stream    |      |      |        | A_stream_12 | memory | 0       | 32, 2, 1         |
|    B_stream_13_U    | fifo channel | stream    |      |      |        | B_stream_13 | memory | 0       | 32, 2, 1         |
|    C_stream_9_U     | fifo channel | stream    |      |      |        | C_stream_9  | memory | 0       | 32, 2, 1         |
|    A_stream_13_U    | fifo channel | stream    |      |      |        | A_stream_13 | memory | 0       | 32, 2, 1         |
|    B_stream_14_U    | fifo channel | stream    |      |      |        | B_stream_14 | memory | 0       | 32, 2, 1         |
|    C_stream_10_U    | fifo channel | stream    |      |      |        | C_stream_10 | memory | 0       | 32, 2, 1         |
|    A_stream_14_U    | fifo channel | stream    |      |      |        | A_stream_14 | memory | 0       | 32, 2, 1         |
|    B_stream_15_U    | fifo channel | stream    |      |      |        | B_stream_15 | memory | 0       | 32, 2, 1         |
|    C_stream_11_U    | fifo channel | stream    |      |      |        | C_stream_11 | memory | 0       | 32, 2, 1         |
|    A_stream_16_U    | fifo channel | stream    |      |      |        | A_stream_16 | memory | 0       | 32, 2, 1         |
|    B_stream_16_U    | fifo channel | stream    |      |      |        | B_stream_16 | memory | 0       | 32, 2, 1         |
|    C_stream_12_U    | fifo channel | stream    |      |      |        | C_stream_12 | memory | 0       | 32, 2, 1         |
|    A_stream_17_U    | fifo channel | stream    |      |      |        | A_stream_17 | memory | 0       | 32, 2, 1         |
|    B_stream_17_U    | fifo channel | stream    |      |      |        | B_stream_17 | memory | 0       | 32, 2, 1         |
|    C_stream_13_U    | fifo channel | stream    |      |      |        | C_stream_13 | memory | 0       | 32, 2, 1         |
|    A_stream_18_U    | fifo channel | stream    |      |      |        | A_stream_18 | memory | 0       | 32, 2, 1         |
|    B_stream_18_U    | fifo channel | stream    |      |      |        | B_stream_18 | memory | 0       | 32, 2, 1         |
|    C_stream_14_U    | fifo channel | stream    |      |      |        | C_stream_14 | memory | 0       | 32, 2, 1         |
|    A_stream_19_U    | fifo channel | stream    |      |      |        | A_stream_19 | memory | 0       | 32, 2, 1         |
|    B_stream_19_U    | fifo channel | stream    |      |      |        | B_stream_19 | memory | 0       | 32, 2, 1         |
|    C_stream_15_U    | fifo channel | stream    |      |      |        | C_stream_15 | memory | 0       | 32, 2, 1         |
+---------------------+--------------+-----------+------+------+--------+-------------+--------+---------+------------------+


================================================================
== Pragma Report
================================================================
* Pragmas with Warnings
+----------+---------+------------------------------------------------+------------------------------------------------------------------------------------------------------------------------------------------------------------------------------------+
| Type     | Options | Location                                       | Messages                                                                                                                                                                           |
+----------+---------+------------------------------------------------+------------------------------------------------------------------------------------------------------------------------------------------------------------------------------------+
| dataflow |         | source/sa_functions.hpp:6 in sink_streams      | Since the only kind of statements allowed in a canonical dataflow region are variable declarations and function calls, the compiler may not be able to correctly handle the region |
| dataflow |         | source/sa_functions.hpp:29 in runsystolicarray | Since the only kind of statements allowed in a canonical dataflow region are variable declarations and function calls, the compiler may not be able to correctly handle the region |
+----------+---------+------------------------------------------------+------------------------------------------------------------------------------------------------------------------------------------------------------------------------------------+

* Valid Pragma Syntax
+-----------------+----------------------------------------------------------------------------------+-------------------------------------------------+
| Type            | Options                                                                          | Location                                        |
+-----------------+----------------------------------------------------------------------------------+-------------------------------------------------+
| inline          | off                                                                              | source/dram.hpp:4 in load_a                     |
| pipeline        | II=1                                                                             | source/dram.hpp:8 in load_a                     |
| unroll          |                                                                                  | source/dram.hpp:11 in load_a                    |
| inline          | off                                                                              | source/dram.hpp:19 in load_b                    |
| pipeline        | II=1                                                                             | source/dram.hpp:23 in load_b                    |
| unroll          |                                                                                  | source/dram.hpp:26 in load_b                    |
| inline          | off                                                                              | source/dram.hpp:34 in loadinputsfromdram        |
| dataflow        |                                                                                  | source/dram.hpp:35 in loadinputsfromdram        |
| inline          | off                                                                              | source/dram.hpp:41 in storeoutputtodram         |
| pipeline        | II=1                                                                             | source/dram.hpp:45 in storeoutputtodram         |
| loop_flatten    |                                                                                  | source/dram.hpp:46 in storeoutputtodram         |
| unroll          |                                                                                  | source/dram.hpp:49 in storeoutputtodram         |
| interface       | m_axi offset=slave port=A_DRAM bundle=gmem0 depth=4*4/4 max_read_burst_length=4  | source/gemm.cpp:10 in gemm, A_DRAM              |
| interface       | m_axi offset=slave port=B_DRAM bundle=gmem1 depth=4*4/4 max_read_burst_length=4  | source/gemm.cpp:11 in gemm, B_DRAM              |
| interface       | m_axi offset=slave port=C_DRAM bundle=gmem2 depth=4*4/4 max_write_burst_length=4 | source/gemm.cpp:12 in gemm, C_DRAM              |
| array_partition | variable=A_BUF type=block factor=(4 / 4) dim=1                                   | source/gemm.cpp:15 in gemm, A_BUF               |
| array_partition | variable=A_BUF type=complete dim=2                                               | source/gemm.cpp:16 in gemm, A_BUF               |
| array_partition | variable=B_BUF type=complete dim=1                                               | source/gemm.cpp:19 in gemm, B_BUF               |
| array_partition | variable=B_BUF type=block factor=(4 / 4) dim=2                                   | source/gemm.cpp:20 in gemm, B_BUF               |
| array_partition | variable=C_BUF type=complete dim=1                                               | source/gemm.cpp:23 in gemm, C_BUF               |
| array_partition | variable=C_BUF type=complete dim=2                                               | source/gemm.cpp:24 in gemm, C_BUF               |
| array_partition | variable=systolic_array type=complete dim=1                                      | source/gemm.cpp:27 in gemm, systolic_array      |
| array_partition | variable=systolic_array type=complete dim=2                                      | source/gemm.cpp:28 in gemm, systolic_array      |
| inline          | off                                                                              | source/pe.h:10 in calc                          |
| inline          | off                                                                              | source/pe.h:22 in run                           |
| pipeline        | II=1 rewind                                                                      | source/pe.h:24 in run                           |
| inline          | off                                                                              | source/pe.h:31 in return_result                 |
| inline          | off                                                                              | source/pe.h:36 in clear_acc                     |
| inline          | off                                                                              | source/sa_functions.hpp:5 in sink_streams       |
| unroll          |                                                                                  | source/sa_functions.hpp:10 in sink_streams      |
| unroll          |                                                                                  | source/sa_functions.hpp:12 in sink_streams      |
| unroll          |                                                                                  | source/sa_functions.hpp:19 in sink_streams      |
| unroll          |                                                                                  | source/sa_functions.hpp:21 in sink_streams      |
| inline          | off                                                                              | source/sa_functions.hpp:28 in runsystolicarray  |
| unroll          |                                                                                  | source/sa_functions.hpp:40 in runsystolicarray  |
| unroll          |                                                                                  | source/sa_functions.hpp:42 in runsystolicarray  |
| inline          | off                                                                              | source/tiling_manager.hpp:4 in stream_to_c_buf  |
| unroll          |                                                                                  | source/tiling_manager.hpp:6 in stream_to_c_buf  |
| unroll          |                                                                                  | source/tiling_manager.hpp:8 in stream_to_c_buf  |
| inline          | off                                                                              | source/tiling_manager.hpp:15 in a_buf_to_stream |
| pipeline        | II=1                                                                             | source/tiling_manager.hpp:17 in a_buf_to_stream |
| unroll          |                                                                                  | source/tiling_manager.hpp:19 in a_buf_to_stream |
| inline          | off                                                                              | source/tiling_manager.hpp:26 in b_buf_to_stream |
| pipeline        | II=1                                                                             | source/tiling_manager.hpp:28 in b_buf_to_stream |
| unroll          |                                                                                  | source/tiling_manager.hpp:30 in b_buf_to_stream |
| inline          | off                                                                              | source/tiling_manager.hpp:37 in load_tile_a     |
| inline          | off                                                                              | source/tiling_manager.hpp:43 in tm_a            |
| stream          | type=pipo variable=A_TILE depth=2                                                | source/tiling_manager.hpp:46 in tm_a, A_TILE    |
+-----------------+----------------------------------------------------------------------------------+-------------------------------------------------+


