

================================================================
== Vitis HLS Report for 'dataflow_in_loop_tile_loop'
================================================================
* Date:           Thu Jul 16 14:01:24 2026

* Version:        2023.2 (Build 4023990 on Oct 11 2023)
* Project:        hls_project
* Solution:       gemm2 (Vitis Kernel Flow Target)
* Product family: versalaicore
* Target device:  xcvc1902-vsva2197-2MP-e-S


================================================================
== Performance Estimates
================================================================
+ Timing: 
    * Summary: 
    +--------+---------+----------+------------+
    |  Clock |  Target | Estimated| Uncertainty|
    +--------+---------+----------+------------+
    |ap_clk  |  3.33 ns|  2.944 ns|     0.90 ns|
    +--------+---------+----------+------------+

+ Latency: 
    * Summary: 
    +---------+---------+----------+----------+-----+-----+----------+
    |  Latency (cycles) |  Latency (absolute) |  Interval | Pipeline |
    |   min   |   max   |    min   |    max   | min | max |   Type   |
    +---------+---------+----------+----------+-----+-----+----------+
    |       31|       35|  0.103 us|  0.117 us|   25|   26|  dataflow|
    +---------+---------+----------+----------+-----+-----+----------+

    + Detail: 
        * Instance: 
        +--------------------+-----------------+---------+---------+-----------+-----------+-----+-----+----------+
        |                    |                 |  Latency (cycles) |   Latency (absolute)  |  Interval | Pipeline |
        |      Instance      |      Module     |   min   |   max   |    min    |    max    | min | max |   Type   |
        +--------------------+-----------------+---------+---------+-----------+-----------+-----+-----+----------+
        |tm_A_U0             |tm_A             |       24|       24|  79.992 ns|  79.992 ns|   25|   25|  dataflow|
        |B_Buf_to_stream_U0  |B_Buf_to_stream  |       18|       18|  59.994 ns|  59.994 ns|   18|   18|        no|
        |run_U0              |run              |       21|       25|  69.993 ns|  83.325 ns|   21|   25|        no|
        |run_1_U0            |run_1            |       21|       25|  69.993 ns|  83.325 ns|   21|   25|        no|
        |run_4_U0            |run_4            |       21|       25|  69.993 ns|  83.325 ns|   21|   25|        no|
        |run_2_U0            |run_2            |       21|       25|  69.993 ns|  83.325 ns|   21|   25|        no|
        |run_5_U0            |run_5            |       21|       25|  69.993 ns|  83.325 ns|   21|   25|        no|
        |run_8_U0            |run_8            |       21|       25|  69.993 ns|  83.325 ns|   21|   25|        no|
        |run_3_U0            |run_3            |       21|       25|  69.993 ns|  83.325 ns|   21|   25|        no|
        |run_6_U0            |run_6            |       21|       25|  69.993 ns|  83.325 ns|   21|   25|        no|
        |run_9_U0            |run_9            |       21|       25|  69.993 ns|  83.325 ns|   21|   25|        no|
        |run_12_U0           |run_12           |       21|       25|  69.993 ns|  83.325 ns|   21|   25|        no|
        |run_7_U0            |run_7            |       21|       25|  69.993 ns|  83.325 ns|   21|   25|        no|
        |run_10_U0           |run_10           |       21|       25|  69.993 ns|  83.325 ns|   21|   25|        no|
        |run_13_U0           |run_13           |       21|       25|  69.993 ns|  83.325 ns|   21|   25|        no|
        |run_11_U0           |run_11           |       21|       25|  69.993 ns|  83.325 ns|   21|   25|        no|
        |run_14_U0           |run_14           |       21|       25|  69.993 ns|  83.325 ns|   21|   25|        no|
        |run_15_U0           |run_15           |       21|       25|  69.993 ns|  83.325 ns|   21|   25|        no|
        |sink_streams_U0     |sink_streams     |        3|        3|   9.999 ns|   9.999 ns|    4|    4|  dataflow|
        |stream_to_C_Buf_U0  |stream_to_C_Buf  |        0|        0|       0 ns|       0 ns|    0|    0|        no|
        +--------------------+-----------------+---------+---------+-----------+-----------+-----+-----+----------+

        * Loop: 
        N/A



================================================================
== Utilization Estimates
================================================================
* Summary: 
+-----------------+---------+------+---------+--------+-----+
|       Name      | BRAM_18K|  DSP |    FF   |   LUT  | URAM|
+-----------------+---------+------+---------+--------+-----+
|DSP              |        -|     -|        -|       -|    -|
|Expression       |        -|     -|        0|      80|    -|
|FIFO             |        0|     -|     5910|    3921|    -|
|Instance         |        -|    16|     6260|    7622|    -|
|Memory           |        -|     -|        -|       -|    -|
|Multiplexer      |        -|     -|        -|      36|    -|
|Register         |        -|     -|       18|       -|    -|
+-----------------+---------+------+---------+--------+-----+
|Total            |        0|    16|    12188|   11659|    0|
+-----------------+---------+------+---------+--------+-----+
|Available        |     1934|  1968|  1799680|  899840|  463|
+-----------------+---------+------+---------+--------+-----+
|Utilization (%)  |        0|    ~0|       ~0|       1|    0|
+-----------------+---------+------+---------+--------+-----+

+ Detail: 
    * Instance: 
    +--------------------+-----------------+---------+----+------+------+-----+
    |      Instance      |      Module     | BRAM_18K| DSP|  FF  |  LUT | URAM|
    +--------------------+-----------------+---------+----+------+------+-----+
    |B_Buf_to_stream_U0  |B_Buf_to_stream  |        0|   0|   109|   438|    0|
    |run_U0              |run              |        0|   1|   150|   185|    0|
    |run_1_U0            |run_1            |        0|   1|   150|   185|    0|
    |run_10_U0           |run_10           |        0|   1|   150|   185|    0|
    |run_11_U0           |run_11           |        0|   1|   150|   185|    0|
    |run_12_U0           |run_12           |        0|   1|   150|   185|    0|
    |run_13_U0           |run_13           |        0|   1|   150|   185|    0|
    |run_14_U0           |run_14           |        0|   1|   150|   185|    0|
    |run_15_U0           |run_15           |        0|   1|   150|   185|    0|
    |run_2_U0            |run_2            |        0|   1|   150|   185|    0|
    |run_3_U0            |run_3            |        0|   1|   151|   187|    0|
    |run_4_U0            |run_4            |        0|   1|   150|   185|    0|
    |run_5_U0            |run_5            |        0|   1|   150|   185|    0|
    |run_6_U0            |run_6            |        0|   1|   150|   185|    0|
    |run_7_U0            |run_7            |        0|   1|   150|   185|    0|
    |run_8_U0            |run_8            |        0|   1|   150|   185|    0|
    |run_9_U0            |run_9            |        0|   1|   150|   185|    0|
    |sink_streams_U0     |sink_streams     |        0|   0|     5|    28|    0|
    |stream_to_C_Buf_U0  |stream_to_C_Buf  |        0|   0|  1026|  1062|    0|
    |tm_A_U0             |tm_A             |        0|   0|  2719|  3132|    0|
    +--------------------+-----------------+---------+----+------+------+-----+
    |Total               |                 |        0|  16|  6260|  7622|    0|
    +--------------------+-----------------+---------+----+------+------+-----+

    * DSP: 
    N/A

    * Memory: 
    N/A

    * FIFO: 
    +---------------+---------+-----+----+-----+------+-----+---------+
    |      Name     | BRAM_18K|  FF | LUT| URAM| Depth| Bits| Size:D*B|
    +---------------+---------+-----+----+-----+------+-----+---------+
    |A_stream_10_U  |        0|  106|   0|    -|     4|   32|      128|
    |A_stream_11_U  |        0|  106|   0|    -|     4|   32|      128|
    |A_stream_12_U  |        0|  106|   0|    -|     4|   32|      128|
    |A_stream_13_U  |        0|  106|   0|    -|     4|   32|      128|
    |A_stream_14_U  |        0|  106|   0|    -|     4|   32|      128|
    |A_stream_15_U  |        0|  106|   0|    -|     4|   32|      128|
    |A_stream_16_U  |        0|  106|   0|    -|     4|   32|      128|
    |A_stream_17_U  |        0|  106|   0|    -|     4|   32|      128|
    |A_stream_18_U  |        0|  106|   0|    -|     4|   32|      128|
    |A_stream_19_U  |        0|  106|   0|    -|     4|   32|      128|
    |A_stream_1_U   |        0|  106|   0|    -|     4|   32|      128|
    |A_stream_2_U   |        0|  106|   0|    -|     4|   32|      128|
    |A_stream_3_U   |        0|  106|   0|    -|     4|   32|      128|
    |A_stream_4_U   |        0|  106|   0|    -|     4|   32|      128|
    |A_stream_5_U   |        0|  106|   0|    -|     4|   32|      128|
    |A_stream_6_U   |        0|  106|   0|    -|     4|   32|      128|
    |A_stream_7_U   |        0|  106|   0|    -|     4|   32|      128|
    |A_stream_8_U   |        0|  106|   0|    -|     4|   32|      128|
    |A_stream_9_U   |        0|  106|   0|    -|     4|   32|      128|
    |A_stream_U     |        0|  106|   0|    -|     4|   32|      128|
    |B_stream_10_U  |        0|  106|   0|    -|     4|   32|      128|
    |B_stream_11_U  |        0|  106|   0|    -|     4|   32|      128|
    |B_stream_12_U  |        0|  106|   0|    -|     4|   32|      128|
    |B_stream_13_U  |        0|  106|   0|    -|     4|   32|      128|
    |B_stream_14_U  |        0|  106|   0|    -|     4|   32|      128|
    |B_stream_15_U  |        0|  106|   0|    -|     4|   32|      128|
    |B_stream_16_U  |        0|  106|   0|    -|     4|   32|      128|
    |B_stream_17_U  |        0|  106|   0|    -|     4|   32|      128|
    |B_stream_18_U  |        0|  106|   0|    -|     4|   32|      128|
    |B_stream_19_U  |        0|  106|   0|    -|     4|   32|      128|
    |B_stream_1_U   |        0|  106|   0|    -|     4|   32|      128|
    |B_stream_2_U   |        0|  106|   0|    -|     4|   32|      128|
    |B_stream_3_U   |        0|  106|   0|    -|     4|   32|      128|
    |B_stream_4_U   |        0|  106|   0|    -|     4|   32|      128|
    |B_stream_5_U   |        0|  106|   0|    -|     4|   32|      128|
    |B_stream_6_U   |        0|  106|   0|    -|     4|   32|      128|
    |B_stream_7_U   |        0|  106|   0|    -|     4|   32|      128|
    |B_stream_8_U   |        0|  106|   0|    -|     4|   32|      128|
    |B_stream_9_U   |        0|  106|   0|    -|     4|   32|      128|
    |B_stream_U     |        0|  106|   0|    -|     4|   32|      128|
    |C_stream_10_U  |        0|  103|   0|    -|     2|   32|       64|
    |C_stream_11_U  |        0|  103|   0|    -|     2|   32|       64|
    |C_stream_12_U  |        0|  103|   0|    -|     2|   32|       64|
    |C_stream_13_U  |        0|  103|   0|    -|     2|   32|       64|
    |C_stream_14_U  |        0|  103|   0|    -|     2|   32|       64|
    |C_stream_15_U  |        0|  103|   0|    -|     2|   32|       64|
    |C_stream_1_U   |        0|  103|   0|    -|     2|   32|       64|
    |C_stream_2_U   |        0|  103|   0|    -|     2|   32|       64|
    |C_stream_3_U   |        0|  103|   0|    -|     2|   32|       64|
    |C_stream_4_U   |        0|  103|   0|    -|     2|   32|       64|
    |C_stream_5_U   |        0|  103|   0|    -|     2|   32|       64|
    |C_stream_6_U   |        0|  103|   0|    -|     2|   32|       64|
    |C_stream_7_U   |        0|  103|   0|    -|     2|   32|       64|
    |C_stream_8_U   |        0|  103|   0|    -|     2|   32|       64|
    |C_stream_9_U   |        0|  103|   0|    -|     2|   32|       64|
    |C_stream_U     |        0|  103|   0|    -|     2|   32|       64|
    |t_0_c_U        |        0|   22|   0|    -|     9|    1|        9|
    +---------------+---------+-----+----+-----+------+-----+---------+
    |Total          |        0| 5910|   0|    0|   201| 1793|     6153|
    +---------------+---------+-----+----+-----+------+-----+---------+

    * Expression: 
    +-------------------------------------+----------+----+---+----+------------+------------+
    |            Variable Name            | Operation| DSP| FF| LUT| Bitwidth P0| Bitwidth P1|
    +-------------------------------------+----------+----+---+----+------------+------------+
    |B_Buf_to_stream_U0_ap_start          |       and|   0|  0|   2|           1|           1|
    |ap_idle                              |       and|   0|  0|   2|           1|           1|
    |ap_sync_continue                     |       and|   0|  0|   2|           1|           1|
    |ap_sync_done                         |       and|   0|  0|   2|           1|           1|
    |ap_sync_ready                        |       and|   0|  0|   2|           1|           1|
    |run_10_U0_ap_start                   |       and|   0|  0|   2|           1|           1|
    |run_11_U0_ap_start                   |       and|   0|  0|   2|           1|           1|
    |run_12_U0_ap_start                   |       and|   0|  0|   2|           1|           1|
    |run_13_U0_ap_start                   |       and|   0|  0|   2|           1|           1|
    |run_14_U0_ap_start                   |       and|   0|  0|   2|           1|           1|
    |run_15_U0_ap_start                   |       and|   0|  0|   2|           1|           1|
    |run_1_U0_ap_start                    |       and|   0|  0|   2|           1|           1|
    |run_2_U0_ap_start                    |       and|   0|  0|   2|           1|           1|
    |run_3_U0_ap_start                    |       and|   0|  0|   2|           1|           1|
    |run_4_U0_ap_start                    |       and|   0|  0|   2|           1|           1|
    |run_5_U0_ap_start                    |       and|   0|  0|   2|           1|           1|
    |run_6_U0_ap_start                    |       and|   0|  0|   2|           1|           1|
    |run_7_U0_ap_start                    |       and|   0|  0|   2|           1|           1|
    |run_8_U0_ap_start                    |       and|   0|  0|   2|           1|           1|
    |run_9_U0_ap_start                    |       and|   0|  0|   2|           1|           1|
    |run_U0_ap_start                      |       and|   0|  0|   2|           1|           1|
    |tm_A_U0_ap_start                     |       and|   0|  0|   2|           1|           1|
    |ap_sync_B_Buf_to_stream_U0_ap_ready  |        or|   0|  0|   2|           1|           1|
    |ap_sync_run_10_U0_ap_ready           |        or|   0|  0|   2|           1|           1|
    |ap_sync_run_11_U0_ap_ready           |        or|   0|  0|   2|           1|           1|
    |ap_sync_run_12_U0_ap_ready           |        or|   0|  0|   2|           1|           1|
    |ap_sync_run_13_U0_ap_ready           |        or|   0|  0|   2|           1|           1|
    |ap_sync_run_14_U0_ap_ready           |        or|   0|  0|   2|           1|           1|
    |ap_sync_run_15_U0_ap_ready           |        or|   0|  0|   2|           1|           1|
    |ap_sync_run_1_U0_ap_ready            |        or|   0|  0|   2|           1|           1|
    |ap_sync_run_2_U0_ap_ready            |        or|   0|  0|   2|           1|           1|
    |ap_sync_run_3_U0_ap_ready            |        or|   0|  0|   2|           1|           1|
    |ap_sync_run_4_U0_ap_ready            |        or|   0|  0|   2|           1|           1|
    |ap_sync_run_5_U0_ap_ready            |        or|   0|  0|   2|           1|           1|
    |ap_sync_run_6_U0_ap_ready            |        or|   0|  0|   2|           1|           1|
    |ap_sync_run_7_U0_ap_ready            |        or|   0|  0|   2|           1|           1|
    |ap_sync_run_8_U0_ap_ready            |        or|   0|  0|   2|           1|           1|
    |ap_sync_run_9_U0_ap_ready            |        or|   0|  0|   2|           1|           1|
    |ap_sync_run_U0_ap_ready              |        or|   0|  0|   2|           1|           1|
    |ap_sync_tm_A_U0_ap_ready             |        or|   0|  0|   2|           1|           1|
    +-------------------------------------+----------+----+---+----+------------+------------+
    |Total                                |          |   0|  0|  80|          40|          40|
    +-------------------------------------+----------+----+---+----+------------+------------+

    * Multiplexer: 
    +-----------------------------------------+----+-----------+-----+-----------+
    |                   Name                  | LUT| Input Size| Bits| Total Bits|
    +-----------------------------------------+----+-----------+-----+-----------+
    |ap_sync_reg_B_Buf_to_stream_U0_ap_ready  |   2|          2|    1|          2|
    |ap_sync_reg_run_10_U0_ap_ready           |   2|          2|    1|          2|
    |ap_sync_reg_run_11_U0_ap_ready           |   2|          2|    1|          2|
    |ap_sync_reg_run_12_U0_ap_ready           |   2|          2|    1|          2|
    |ap_sync_reg_run_13_U0_ap_ready           |   2|          2|    1|          2|
    |ap_sync_reg_run_14_U0_ap_ready           |   2|          2|    1|          2|
    |ap_sync_reg_run_15_U0_ap_ready           |   2|          2|    1|          2|
    |ap_sync_reg_run_1_U0_ap_ready            |   2|          2|    1|          2|
    |ap_sync_reg_run_2_U0_ap_ready            |   2|          2|    1|          2|
    |ap_sync_reg_run_3_U0_ap_ready            |   2|          2|    1|          2|
    |ap_sync_reg_run_4_U0_ap_ready            |   2|          2|    1|          2|
    |ap_sync_reg_run_5_U0_ap_ready            |   2|          2|    1|          2|
    |ap_sync_reg_run_6_U0_ap_ready            |   2|          2|    1|          2|
    |ap_sync_reg_run_7_U0_ap_ready            |   2|          2|    1|          2|
    |ap_sync_reg_run_8_U0_ap_ready            |   2|          2|    1|          2|
    |ap_sync_reg_run_9_U0_ap_ready            |   2|          2|    1|          2|
    |ap_sync_reg_run_U0_ap_ready              |   2|          2|    1|          2|
    |ap_sync_reg_tm_A_U0_ap_ready             |   2|          2|    1|          2|
    +-----------------------------------------+----+-----------+-----+-----------+
    |Total                                    |  36|         36|   18|         36|
    +-----------------------------------------+----+-----------+-----+-----------+

    * Register: 
    +-----------------------------------------+---+----+-----+-----------+
    |                   Name                  | FF| LUT| Bits| Const Bits|
    +-----------------------------------------+---+----+-----+-----------+
    |ap_sync_reg_B_Buf_to_stream_U0_ap_ready  |  1|   0|    1|          0|
    |ap_sync_reg_run_10_U0_ap_ready           |  1|   0|    1|          0|
    |ap_sync_reg_run_11_U0_ap_ready           |  1|   0|    1|          0|
    |ap_sync_reg_run_12_U0_ap_ready           |  1|   0|    1|          0|
    |ap_sync_reg_run_13_U0_ap_ready           |  1|   0|    1|          0|
    |ap_sync_reg_run_14_U0_ap_ready           |  1|   0|    1|          0|
    |ap_sync_reg_run_15_U0_ap_ready           |  1|   0|    1|          0|
    |ap_sync_reg_run_1_U0_ap_ready            |  1|   0|    1|          0|
    |ap_sync_reg_run_2_U0_ap_ready            |  1|   0|    1|          0|
    |ap_sync_reg_run_3_U0_ap_ready            |  1|   0|    1|          0|
    |ap_sync_reg_run_4_U0_ap_ready            |  1|   0|    1|          0|
    |ap_sync_reg_run_5_U0_ap_ready            |  1|   0|    1|          0|
    |ap_sync_reg_run_6_U0_ap_ready            |  1|   0|    1|          0|
    |ap_sync_reg_run_7_U0_ap_ready            |  1|   0|    1|          0|
    |ap_sync_reg_run_8_U0_ap_ready            |  1|   0|    1|          0|
    |ap_sync_reg_run_9_U0_ap_ready            |  1|   0|    1|          0|
    |ap_sync_reg_run_U0_ap_ready              |  1|   0|    1|          0|
    |ap_sync_reg_tm_A_U0_ap_ready             |  1|   0|    1|          0|
    +-----------------------------------------+---+----+-----+-----------+
    |Total                                    | 18|   0|   18|          0|
    +-----------------------------------------+---+----+-----+-----------+



================================================================
== Interface
================================================================
* Summary: 
+---------------------------------------+-----+-----+------------+------------------------------+--------------+
|               RTL Ports               | Dir | Bits|  Protocol  |         Source Object        |    C Type    |
+---------------------------------------+-----+-----+------------+------------------------------+--------------+
|A_BUF_0_0_address0                     |  out|    2|   ap_memory|                     A_BUF_0_0|         array|
|A_BUF_0_0_ce0                          |  out|    1|   ap_memory|                     A_BUF_0_0|         array|
|A_BUF_0_0_d0                           |  out|   32|   ap_memory|                     A_BUF_0_0|         array|
|A_BUF_0_0_q0                           |   in|   32|   ap_memory|                     A_BUF_0_0|         array|
|A_BUF_0_0_we0                          |  out|    1|   ap_memory|                     A_BUF_0_0|         array|
|A_BUF_0_0_address1                     |  out|    2|   ap_memory|                     A_BUF_0_0|         array|
|A_BUF_0_0_ce1                          |  out|    1|   ap_memory|                     A_BUF_0_0|         array|
|A_BUF_0_0_d1                           |  out|   32|   ap_memory|                     A_BUF_0_0|         array|
|A_BUF_0_0_q1                           |   in|   32|   ap_memory|                     A_BUF_0_0|         array|
|A_BUF_0_0_we1                          |  out|    1|   ap_memory|                     A_BUF_0_0|         array|
|A_BUF_0_1_address0                     |  out|    2|   ap_memory|                     A_BUF_0_1|         array|
|A_BUF_0_1_ce0                          |  out|    1|   ap_memory|                     A_BUF_0_1|         array|
|A_BUF_0_1_d0                           |  out|   32|   ap_memory|                     A_BUF_0_1|         array|
|A_BUF_0_1_q0                           |   in|   32|   ap_memory|                     A_BUF_0_1|         array|
|A_BUF_0_1_we0                          |  out|    1|   ap_memory|                     A_BUF_0_1|         array|
|A_BUF_0_1_address1                     |  out|    2|   ap_memory|                     A_BUF_0_1|         array|
|A_BUF_0_1_ce1                          |  out|    1|   ap_memory|                     A_BUF_0_1|         array|
|A_BUF_0_1_d1                           |  out|   32|   ap_memory|                     A_BUF_0_1|         array|
|A_BUF_0_1_q1                           |   in|   32|   ap_memory|                     A_BUF_0_1|         array|
|A_BUF_0_1_we1                          |  out|    1|   ap_memory|                     A_BUF_0_1|         array|
|A_BUF_0_2_address0                     |  out|    2|   ap_memory|                     A_BUF_0_2|         array|
|A_BUF_0_2_ce0                          |  out|    1|   ap_memory|                     A_BUF_0_2|         array|
|A_BUF_0_2_d0                           |  out|   32|   ap_memory|                     A_BUF_0_2|         array|
|A_BUF_0_2_q0                           |   in|   32|   ap_memory|                     A_BUF_0_2|         array|
|A_BUF_0_2_we0                          |  out|    1|   ap_memory|                     A_BUF_0_2|         array|
|A_BUF_0_2_address1                     |  out|    2|   ap_memory|                     A_BUF_0_2|         array|
|A_BUF_0_2_ce1                          |  out|    1|   ap_memory|                     A_BUF_0_2|         array|
|A_BUF_0_2_d1                           |  out|   32|   ap_memory|                     A_BUF_0_2|         array|
|A_BUF_0_2_q1                           |   in|   32|   ap_memory|                     A_BUF_0_2|         array|
|A_BUF_0_2_we1                          |  out|    1|   ap_memory|                     A_BUF_0_2|         array|
|A_BUF_0_3_address0                     |  out|    2|   ap_memory|                     A_BUF_0_3|         array|
|A_BUF_0_3_ce0                          |  out|    1|   ap_memory|                     A_BUF_0_3|         array|
|A_BUF_0_3_d0                           |  out|   32|   ap_memory|                     A_BUF_0_3|         array|
|A_BUF_0_3_q0                           |   in|   32|   ap_memory|                     A_BUF_0_3|         array|
|A_BUF_0_3_we0                          |  out|    1|   ap_memory|                     A_BUF_0_3|         array|
|A_BUF_0_3_address1                     |  out|    2|   ap_memory|                     A_BUF_0_3|         array|
|A_BUF_0_3_ce1                          |  out|    1|   ap_memory|                     A_BUF_0_3|         array|
|A_BUF_0_3_d1                           |  out|   32|   ap_memory|                     A_BUF_0_3|         array|
|A_BUF_0_3_q1                           |   in|   32|   ap_memory|                     A_BUF_0_3|         array|
|A_BUF_0_3_we1                          |  out|    1|   ap_memory|                     A_BUF_0_3|         array|
|A_BUF_1_0_address0                     |  out|    2|   ap_memory|                     A_BUF_1_0|         array|
|A_BUF_1_0_ce0                          |  out|    1|   ap_memory|                     A_BUF_1_0|         array|
|A_BUF_1_0_d0                           |  out|   32|   ap_memory|                     A_BUF_1_0|         array|
|A_BUF_1_0_q0                           |   in|   32|   ap_memory|                     A_BUF_1_0|         array|
|A_BUF_1_0_we0                          |  out|    1|   ap_memory|                     A_BUF_1_0|         array|
|A_BUF_1_0_address1                     |  out|    2|   ap_memory|                     A_BUF_1_0|         array|
|A_BUF_1_0_ce1                          |  out|    1|   ap_memory|                     A_BUF_1_0|         array|
|A_BUF_1_0_d1                           |  out|   32|   ap_memory|                     A_BUF_1_0|         array|
|A_BUF_1_0_q1                           |   in|   32|   ap_memory|                     A_BUF_1_0|         array|
|A_BUF_1_0_we1                          |  out|    1|   ap_memory|                     A_BUF_1_0|         array|
|A_BUF_1_1_address0                     |  out|    2|   ap_memory|                     A_BUF_1_1|         array|
|A_BUF_1_1_ce0                          |  out|    1|   ap_memory|                     A_BUF_1_1|         array|
|A_BUF_1_1_d0                           |  out|   32|   ap_memory|                     A_BUF_1_1|         array|
|A_BUF_1_1_q0                           |   in|   32|   ap_memory|                     A_BUF_1_1|         array|
|A_BUF_1_1_we0                          |  out|    1|   ap_memory|                     A_BUF_1_1|         array|
|A_BUF_1_1_address1                     |  out|    2|   ap_memory|                     A_BUF_1_1|         array|
|A_BUF_1_1_ce1                          |  out|    1|   ap_memory|                     A_BUF_1_1|         array|
|A_BUF_1_1_d1                           |  out|   32|   ap_memory|                     A_BUF_1_1|         array|
|A_BUF_1_1_q1                           |   in|   32|   ap_memory|                     A_BUF_1_1|         array|
|A_BUF_1_1_we1                          |  out|    1|   ap_memory|                     A_BUF_1_1|         array|
|A_BUF_1_2_address0                     |  out|    2|   ap_memory|                     A_BUF_1_2|         array|
|A_BUF_1_2_ce0                          |  out|    1|   ap_memory|                     A_BUF_1_2|         array|
|A_BUF_1_2_d0                           |  out|   32|   ap_memory|                     A_BUF_1_2|         array|
|A_BUF_1_2_q0                           |   in|   32|   ap_memory|                     A_BUF_1_2|         array|
|A_BUF_1_2_we0                          |  out|    1|   ap_memory|                     A_BUF_1_2|         array|
|A_BUF_1_2_address1                     |  out|    2|   ap_memory|                     A_BUF_1_2|         array|
|A_BUF_1_2_ce1                          |  out|    1|   ap_memory|                     A_BUF_1_2|         array|
|A_BUF_1_2_d1                           |  out|   32|   ap_memory|                     A_BUF_1_2|         array|
|A_BUF_1_2_q1                           |   in|   32|   ap_memory|                     A_BUF_1_2|         array|
|A_BUF_1_2_we1                          |  out|    1|   ap_memory|                     A_BUF_1_2|         array|
|A_BUF_1_3_address0                     |  out|    2|   ap_memory|                     A_BUF_1_3|         array|
|A_BUF_1_3_ce0                          |  out|    1|   ap_memory|                     A_BUF_1_3|         array|
|A_BUF_1_3_d0                           |  out|   32|   ap_memory|                     A_BUF_1_3|         array|
|A_BUF_1_3_q0                           |   in|   32|   ap_memory|                     A_BUF_1_3|         array|
|A_BUF_1_3_we0                          |  out|    1|   ap_memory|                     A_BUF_1_3|         array|
|A_BUF_1_3_address1                     |  out|    2|   ap_memory|                     A_BUF_1_3|         array|
|A_BUF_1_3_ce1                          |  out|    1|   ap_memory|                     A_BUF_1_3|         array|
|A_BUF_1_3_d1                           |  out|   32|   ap_memory|                     A_BUF_1_3|         array|
|A_BUF_1_3_q1                           |   in|   32|   ap_memory|                     A_BUF_1_3|         array|
|A_BUF_1_3_we1                          |  out|    1|   ap_memory|                     A_BUF_1_3|         array|
|t_0                                    |   in|    2|     ap_none|                           t_0|        scalar|
|t_0_ap_vld                             |   in|    1|     ap_none|                           t_0|        scalar|
|B_BUF_0_address0                       |  out|    2|   ap_memory|                       B_BUF_0|         array|
|B_BUF_0_ce0                            |  out|    1|   ap_memory|                       B_BUF_0|         array|
|B_BUF_0_d0                             |  out|   32|   ap_memory|                       B_BUF_0|         array|
|B_BUF_0_q0                             |   in|   32|   ap_memory|                       B_BUF_0|         array|
|B_BUF_0_we0                            |  out|    1|   ap_memory|                       B_BUF_0|         array|
|B_BUF_0_address1                       |  out|    2|   ap_memory|                       B_BUF_0|         array|
|B_BUF_0_ce1                            |  out|    1|   ap_memory|                       B_BUF_0|         array|
|B_BUF_0_d1                             |  out|   32|   ap_memory|                       B_BUF_0|         array|
|B_BUF_0_q1                             |   in|   32|   ap_memory|                       B_BUF_0|         array|
|B_BUF_0_we1                            |  out|    1|   ap_memory|                       B_BUF_0|         array|
|B_BUF_1_address0                       |  out|    2|   ap_memory|                       B_BUF_1|         array|
|B_BUF_1_ce0                            |  out|    1|   ap_memory|                       B_BUF_1|         array|
|B_BUF_1_d0                             |  out|   32|   ap_memory|                       B_BUF_1|         array|
|B_BUF_1_q0                             |   in|   32|   ap_memory|                       B_BUF_1|         array|
|B_BUF_1_we0                            |  out|    1|   ap_memory|                       B_BUF_1|         array|
|B_BUF_1_address1                       |  out|    2|   ap_memory|                       B_BUF_1|         array|
|B_BUF_1_ce1                            |  out|    1|   ap_memory|                       B_BUF_1|         array|
|B_BUF_1_d1                             |  out|   32|   ap_memory|                       B_BUF_1|         array|
|B_BUF_1_q1                             |   in|   32|   ap_memory|                       B_BUF_1|         array|
|B_BUF_1_we1                            |  out|    1|   ap_memory|                       B_BUF_1|         array|
|B_BUF_2_address0                       |  out|    2|   ap_memory|                       B_BUF_2|         array|
|B_BUF_2_ce0                            |  out|    1|   ap_memory|                       B_BUF_2|         array|
|B_BUF_2_d0                             |  out|   32|   ap_memory|                       B_BUF_2|         array|
|B_BUF_2_q0                             |   in|   32|   ap_memory|                       B_BUF_2|         array|
|B_BUF_2_we0                            |  out|    1|   ap_memory|                       B_BUF_2|         array|
|B_BUF_2_address1                       |  out|    2|   ap_memory|                       B_BUF_2|         array|
|B_BUF_2_ce1                            |  out|    1|   ap_memory|                       B_BUF_2|         array|
|B_BUF_2_d1                             |  out|   32|   ap_memory|                       B_BUF_2|         array|
|B_BUF_2_q1                             |   in|   32|   ap_memory|                       B_BUF_2|         array|
|B_BUF_2_we1                            |  out|    1|   ap_memory|                       B_BUF_2|         array|
|B_BUF_3_address0                       |  out|    2|   ap_memory|                       B_BUF_3|         array|
|B_BUF_3_ce0                            |  out|    1|   ap_memory|                       B_BUF_3|         array|
|B_BUF_3_d0                             |  out|   32|   ap_memory|                       B_BUF_3|         array|
|B_BUF_3_q0                             |   in|   32|   ap_memory|                       B_BUF_3|         array|
|B_BUF_3_we0                            |  out|    1|   ap_memory|                       B_BUF_3|         array|
|B_BUF_3_address1                       |  out|    2|   ap_memory|                       B_BUF_3|         array|
|B_BUF_3_ce1                            |  out|    1|   ap_memory|                       B_BUF_3|         array|
|B_BUF_3_d1                             |  out|   32|   ap_memory|                       B_BUF_3|         array|
|B_BUF_3_q1                             |   in|   32|   ap_memory|                       B_BUF_3|         array|
|B_BUF_3_we1                            |  out|    1|   ap_memory|                       B_BUF_3|         array|
|C_BUF_0_0                              |  out|   32|      ap_vld|                     C_BUF_0_0|       pointer|
|C_BUF_0_0_ap_vld                       |  out|    1|      ap_vld|                     C_BUF_0_0|       pointer|
|C_BUF_0_1                              |  out|   32|      ap_vld|                     C_BUF_0_1|       pointer|
|C_BUF_0_1_ap_vld                       |  out|    1|      ap_vld|                     C_BUF_0_1|       pointer|
|C_BUF_0_2                              |  out|   32|      ap_vld|                     C_BUF_0_2|       pointer|
|C_BUF_0_2_ap_vld                       |  out|    1|      ap_vld|                     C_BUF_0_2|       pointer|
|C_BUF_0_3                              |  out|   32|      ap_vld|                     C_BUF_0_3|       pointer|
|C_BUF_0_3_ap_vld                       |  out|    1|      ap_vld|                     C_BUF_0_3|       pointer|
|C_BUF_1_0                              |  out|   32|      ap_vld|                     C_BUF_1_0|       pointer|
|C_BUF_1_0_ap_vld                       |  out|    1|      ap_vld|                     C_BUF_1_0|       pointer|
|C_BUF_1_1                              |  out|   32|      ap_vld|                     C_BUF_1_1|       pointer|
|C_BUF_1_1_ap_vld                       |  out|    1|      ap_vld|                     C_BUF_1_1|       pointer|
|C_BUF_1_2                              |  out|   32|      ap_vld|                     C_BUF_1_2|       pointer|
|C_BUF_1_2_ap_vld                       |  out|    1|      ap_vld|                     C_BUF_1_2|       pointer|
|C_BUF_1_3                              |  out|   32|      ap_vld|                     C_BUF_1_3|       pointer|
|C_BUF_1_3_ap_vld                       |  out|    1|      ap_vld|                     C_BUF_1_3|       pointer|
|C_BUF_2_0                              |  out|   32|      ap_vld|                     C_BUF_2_0|       pointer|
|C_BUF_2_0_ap_vld                       |  out|    1|      ap_vld|                     C_BUF_2_0|       pointer|
|C_BUF_2_1                              |  out|   32|      ap_vld|                     C_BUF_2_1|       pointer|
|C_BUF_2_1_ap_vld                       |  out|    1|      ap_vld|                     C_BUF_2_1|       pointer|
|C_BUF_2_2                              |  out|   32|      ap_vld|                     C_BUF_2_2|       pointer|
|C_BUF_2_2_ap_vld                       |  out|    1|      ap_vld|                     C_BUF_2_2|       pointer|
|C_BUF_2_3                              |  out|   32|      ap_vld|                     C_BUF_2_3|       pointer|
|C_BUF_2_3_ap_vld                       |  out|    1|      ap_vld|                     C_BUF_2_3|       pointer|
|C_BUF_3_0                              |  out|   32|      ap_vld|                     C_BUF_3_0|       pointer|
|C_BUF_3_0_ap_vld                       |  out|    1|      ap_vld|                     C_BUF_3_0|       pointer|
|C_BUF_3_1                              |  out|   32|      ap_vld|                     C_BUF_3_1|       pointer|
|C_BUF_3_1_ap_vld                       |  out|    1|      ap_vld|                     C_BUF_3_1|       pointer|
|C_BUF_3_2                              |  out|   32|      ap_vld|                     C_BUF_3_2|       pointer|
|C_BUF_3_2_ap_vld                       |  out|    1|      ap_vld|                     C_BUF_3_2|       pointer|
|C_BUF_3_3                              |  out|   32|      ap_vld|                     C_BUF_3_3|       pointer|
|C_BUF_3_3_ap_vld                       |  out|    1|      ap_vld|                     C_BUF_3_3|       pointer|
|C_BUF_4_0                              |  out|   32|      ap_vld|                     C_BUF_4_0|       pointer|
|C_BUF_4_0_ap_vld                       |  out|    1|      ap_vld|                     C_BUF_4_0|       pointer|
|C_BUF_4_1                              |  out|   32|      ap_vld|                     C_BUF_4_1|       pointer|
|C_BUF_4_1_ap_vld                       |  out|    1|      ap_vld|                     C_BUF_4_1|       pointer|
|C_BUF_4_2                              |  out|   32|      ap_vld|                     C_BUF_4_2|       pointer|
|C_BUF_4_2_ap_vld                       |  out|    1|      ap_vld|                     C_BUF_4_2|       pointer|
|C_BUF_4_3                              |  out|   32|      ap_vld|                     C_BUF_4_3|       pointer|
|C_BUF_4_3_ap_vld                       |  out|    1|      ap_vld|                     C_BUF_4_3|       pointer|
|C_BUF_5_0                              |  out|   32|      ap_vld|                     C_BUF_5_0|       pointer|
|C_BUF_5_0_ap_vld                       |  out|    1|      ap_vld|                     C_BUF_5_0|       pointer|
|C_BUF_5_1                              |  out|   32|      ap_vld|                     C_BUF_5_1|       pointer|
|C_BUF_5_1_ap_vld                       |  out|    1|      ap_vld|                     C_BUF_5_1|       pointer|
|C_BUF_5_2                              |  out|   32|      ap_vld|                     C_BUF_5_2|       pointer|
|C_BUF_5_2_ap_vld                       |  out|    1|      ap_vld|                     C_BUF_5_2|       pointer|
|C_BUF_5_3                              |  out|   32|      ap_vld|                     C_BUF_5_3|       pointer|
|C_BUF_5_3_ap_vld                       |  out|    1|      ap_vld|                     C_BUF_5_3|       pointer|
|C_BUF_6_0                              |  out|   32|      ap_vld|                     C_BUF_6_0|       pointer|
|C_BUF_6_0_ap_vld                       |  out|    1|      ap_vld|                     C_BUF_6_0|       pointer|
|C_BUF_6_1                              |  out|   32|      ap_vld|                     C_BUF_6_1|       pointer|
|C_BUF_6_1_ap_vld                       |  out|    1|      ap_vld|                     C_BUF_6_1|       pointer|
|C_BUF_6_2                              |  out|   32|      ap_vld|                     C_BUF_6_2|       pointer|
|C_BUF_6_2_ap_vld                       |  out|    1|      ap_vld|                     C_BUF_6_2|       pointer|
|C_BUF_6_3                              |  out|   32|      ap_vld|                     C_BUF_6_3|       pointer|
|C_BUF_6_3_ap_vld                       |  out|    1|      ap_vld|                     C_BUF_6_3|       pointer|
|C_BUF_7_0                              |  out|   32|      ap_vld|                     C_BUF_7_0|       pointer|
|C_BUF_7_0_ap_vld                       |  out|    1|      ap_vld|                     C_BUF_7_0|       pointer|
|C_BUF_7_1                              |  out|   32|      ap_vld|                     C_BUF_7_1|       pointer|
|C_BUF_7_1_ap_vld                       |  out|    1|      ap_vld|                     C_BUF_7_1|       pointer|
|C_BUF_7_2                              |  out|   32|      ap_vld|                     C_BUF_7_2|       pointer|
|C_BUF_7_2_ap_vld                       |  out|    1|      ap_vld|                     C_BUF_7_2|       pointer|
|C_BUF_7_3                              |  out|   32|      ap_vld|                     C_BUF_7_3|       pointer|
|C_BUF_7_3_ap_vld                       |  out|    1|      ap_vld|                     C_BUF_7_3|       pointer|
|systolic_array_0_0_constprop_i         |   in|   32|     ap_ovld|  systolic_array_0_0_constprop|       pointer|
|systolic_array_0_0_constprop_o         |  out|   32|     ap_ovld|  systolic_array_0_0_constprop|       pointer|
|systolic_array_0_0_constprop_i_ap_vld  |   in|    1|     ap_ovld|  systolic_array_0_0_constprop|       pointer|
|systolic_array_0_0_constprop_o_ap_vld  |  out|    1|     ap_ovld|  systolic_array_0_0_constprop|       pointer|
|systolic_array_0_1_constprop_i         |   in|   32|     ap_ovld|  systolic_array_0_1_constprop|       pointer|
|systolic_array_0_1_constprop_o         |  out|   32|     ap_ovld|  systolic_array_0_1_constprop|       pointer|
|systolic_array_0_1_constprop_i_ap_vld  |   in|    1|     ap_ovld|  systolic_array_0_1_constprop|       pointer|
|systolic_array_0_1_constprop_o_ap_vld  |  out|    1|     ap_ovld|  systolic_array_0_1_constprop|       pointer|
|systolic_array_0_2_constprop_i         |   in|   32|     ap_ovld|  systolic_array_0_2_constprop|       pointer|
|systolic_array_0_2_constprop_o         |  out|   32|     ap_ovld|  systolic_array_0_2_constprop|       pointer|
|systolic_array_0_2_constprop_i_ap_vld  |   in|    1|     ap_ovld|  systolic_array_0_2_constprop|       pointer|
|systolic_array_0_2_constprop_o_ap_vld  |  out|    1|     ap_ovld|  systolic_array_0_2_constprop|       pointer|
|systolic_array_0_3_constprop_i         |   in|   32|     ap_ovld|  systolic_array_0_3_constprop|       pointer|
|systolic_array_0_3_constprop_o         |  out|   32|     ap_ovld|  systolic_array_0_3_constprop|       pointer|
|systolic_array_0_3_constprop_i_ap_vld  |   in|    1|     ap_ovld|  systolic_array_0_3_constprop|       pointer|
|systolic_array_0_3_constprop_o_ap_vld  |  out|    1|     ap_ovld|  systolic_array_0_3_constprop|       pointer|
|systolic_array_1_0_constprop_i         |   in|   32|     ap_ovld|  systolic_array_1_0_constprop|       pointer|
|systolic_array_1_0_constprop_o         |  out|   32|     ap_ovld|  systolic_array_1_0_constprop|       pointer|
|systolic_array_1_0_constprop_i_ap_vld  |   in|    1|     ap_ovld|  systolic_array_1_0_constprop|       pointer|
|systolic_array_1_0_constprop_o_ap_vld  |  out|    1|     ap_ovld|  systolic_array_1_0_constprop|       pointer|
|systolic_array_1_1_constprop_i         |   in|   32|     ap_ovld|  systolic_array_1_1_constprop|       pointer|
|systolic_array_1_1_constprop_o         |  out|   32|     ap_ovld|  systolic_array_1_1_constprop|       pointer|
|systolic_array_1_1_constprop_i_ap_vld  |   in|    1|     ap_ovld|  systolic_array_1_1_constprop|       pointer|
|systolic_array_1_1_constprop_o_ap_vld  |  out|    1|     ap_ovld|  systolic_array_1_1_constprop|       pointer|
|systolic_array_1_2_constprop_i         |   in|   32|     ap_ovld|  systolic_array_1_2_constprop|       pointer|
|systolic_array_1_2_constprop_o         |  out|   32|     ap_ovld|  systolic_array_1_2_constprop|       pointer|
|systolic_array_1_2_constprop_i_ap_vld  |   in|    1|     ap_ovld|  systolic_array_1_2_constprop|       pointer|
|systolic_array_1_2_constprop_o_ap_vld  |  out|    1|     ap_ovld|  systolic_array_1_2_constprop|       pointer|
|systolic_array_1_3_constprop_i         |   in|   32|     ap_ovld|  systolic_array_1_3_constprop|       pointer|
|systolic_array_1_3_constprop_o         |  out|   32|     ap_ovld|  systolic_array_1_3_constprop|       pointer|
|systolic_array_1_3_constprop_i_ap_vld  |   in|    1|     ap_ovld|  systolic_array_1_3_constprop|       pointer|
|systolic_array_1_3_constprop_o_ap_vld  |  out|    1|     ap_ovld|  systolic_array_1_3_constprop|       pointer|
|systolic_array_2_0_constprop_i         |   in|   32|     ap_ovld|  systolic_array_2_0_constprop|       pointer|
|systolic_array_2_0_constprop_o         |  out|   32|     ap_ovld|  systolic_array_2_0_constprop|       pointer|
|systolic_array_2_0_constprop_i_ap_vld  |   in|    1|     ap_ovld|  systolic_array_2_0_constprop|       pointer|
|systolic_array_2_0_constprop_o_ap_vld  |  out|    1|     ap_ovld|  systolic_array_2_0_constprop|       pointer|
|systolic_array_2_1_constprop_i         |   in|   32|     ap_ovld|  systolic_array_2_1_constprop|       pointer|
|systolic_array_2_1_constprop_o         |  out|   32|     ap_ovld|  systolic_array_2_1_constprop|       pointer|
|systolic_array_2_1_constprop_i_ap_vld  |   in|    1|     ap_ovld|  systolic_array_2_1_constprop|       pointer|
|systolic_array_2_1_constprop_o_ap_vld  |  out|    1|     ap_ovld|  systolic_array_2_1_constprop|       pointer|
|systolic_array_2_2_constprop_i         |   in|   32|     ap_ovld|  systolic_array_2_2_constprop|       pointer|
|systolic_array_2_2_constprop_o         |  out|   32|     ap_ovld|  systolic_array_2_2_constprop|       pointer|
|systolic_array_2_2_constprop_i_ap_vld  |   in|    1|     ap_ovld|  systolic_array_2_2_constprop|       pointer|
|systolic_array_2_2_constprop_o_ap_vld  |  out|    1|     ap_ovld|  systolic_array_2_2_constprop|       pointer|
|systolic_array_2_3_constprop_i         |   in|   32|     ap_ovld|  systolic_array_2_3_constprop|       pointer|
|systolic_array_2_3_constprop_o         |  out|   32|     ap_ovld|  systolic_array_2_3_constprop|       pointer|
|systolic_array_2_3_constprop_i_ap_vld  |   in|    1|     ap_ovld|  systolic_array_2_3_constprop|       pointer|
|systolic_array_2_3_constprop_o_ap_vld  |  out|    1|     ap_ovld|  systolic_array_2_3_constprop|       pointer|
|systolic_array_3_0_constprop_i         |   in|   32|     ap_ovld|  systolic_array_3_0_constprop|       pointer|
|systolic_array_3_0_constprop_o         |  out|   32|     ap_ovld|  systolic_array_3_0_constprop|       pointer|
|systolic_array_3_0_constprop_i_ap_vld  |   in|    1|     ap_ovld|  systolic_array_3_0_constprop|       pointer|
|systolic_array_3_0_constprop_o_ap_vld  |  out|    1|     ap_ovld|  systolic_array_3_0_constprop|       pointer|
|systolic_array_3_1_constprop_i         |   in|   32|     ap_ovld|  systolic_array_3_1_constprop|       pointer|
|systolic_array_3_1_constprop_o         |  out|   32|     ap_ovld|  systolic_array_3_1_constprop|       pointer|
|systolic_array_3_1_constprop_i_ap_vld  |   in|    1|     ap_ovld|  systolic_array_3_1_constprop|       pointer|
|systolic_array_3_1_constprop_o_ap_vld  |  out|    1|     ap_ovld|  systolic_array_3_1_constprop|       pointer|
|systolic_array_3_2_constprop_i         |   in|   32|     ap_ovld|  systolic_array_3_2_constprop|       pointer|
|systolic_array_3_2_constprop_o         |  out|   32|     ap_ovld|  systolic_array_3_2_constprop|       pointer|
|systolic_array_3_2_constprop_i_ap_vld  |   in|    1|     ap_ovld|  systolic_array_3_2_constprop|       pointer|
|systolic_array_3_2_constprop_o_ap_vld  |  out|    1|     ap_ovld|  systolic_array_3_2_constprop|       pointer|
|systolic_array_3_3_constprop_i         |   in|   32|     ap_ovld|  systolic_array_3_3_constprop|       pointer|
|systolic_array_3_3_constprop_o         |  out|   32|     ap_ovld|  systolic_array_3_3_constprop|       pointer|
|systolic_array_3_3_constprop_i_ap_vld  |   in|    1|     ap_ovld|  systolic_array_3_3_constprop|       pointer|
|systolic_array_3_3_constprop_o_ap_vld  |  out|    1|     ap_ovld|  systolic_array_3_3_constprop|       pointer|
|ap_clk                                 |   in|    1|  ap_ctrl_hs|    dataflow_in_loop_tile_loop|  return value|
|ap_rst                                 |   in|    1|  ap_ctrl_hs|    dataflow_in_loop_tile_loop|  return value|
|ap_start                               |   in|    1|  ap_ctrl_hs|    dataflow_in_loop_tile_loop|  return value|
|ap_done                                |  out|    1|  ap_ctrl_hs|    dataflow_in_loop_tile_loop|  return value|
|ap_ready                               |  out|    1|  ap_ctrl_hs|    dataflow_in_loop_tile_loop|  return value|
|ap_idle                                |  out|    1|  ap_ctrl_hs|    dataflow_in_loop_tile_loop|  return value|
|ap_continue                            |   in|    1|  ap_ctrl_hs|    dataflow_in_loop_tile_loop|  return value|
+---------------------------------------+-----+-----+------------+------------------------------+--------------+

