

================================================================
== Vitis HLS Report for 'load_tile_A_Block_entry1_proc'
================================================================
* Date:           Thu Jul 16 14:01:21 2026

* Version:        2023.2 (Build 4023990 on Oct 11 2023)
* Project:        hls_project
* Solution:       gemm2 (Vitis Kernel Flow Target)
* Product family: versalaicore
* Target device:  xcvc1902-vsva2197-2MP-e-S


================================================================
== Performance Estimates
================================================================
+ Timing: 
    * Summary: 
    +--------+---------+----------+------------+
    |  Clock |  Target | Estimated| Uncertainty|
    +--------+---------+----------+------------+
    |ap_clk  |  3.33 ns|  1.233 ns|     0.90 ns|
    +--------+---------+----------+------------+

+ Latency: 
    * Summary: 
    +---------+---------+----------+----------+-----+-----+---------+
    |  Latency (cycles) |  Latency (absolute) |  Interval | Pipeline|
    |   min   |   max   |    min   |    max   | min | max |   Type  |
    +---------+---------+----------+----------+-----+-----+---------+
    |        2|        2|  6.666 ns|  6.666 ns|    2|    2|       no|
    +---------+---------+----------+----------+-----+-----+---------+

    + Detail: 
        * Instance: 
        N/A

        * Loop: 
        N/A



================================================================
== Utilization Estimates
================================================================
* Summary: 
+-----------------+---------+------+---------+--------+-----+
|       Name      | BRAM_18K|  DSP |    FF   |   LUT  | URAM|
+-----------------+---------+------+---------+--------+-----+
|DSP              |        -|     -|        -|       -|    -|
|Expression       |        -|     -|        0|     418|    -|
|FIFO             |        -|     -|        -|       -|    -|
|Instance         |        -|     -|        -|       -|    -|
|Memory           |        -|     -|        -|       -|    -|
|Multiplexer      |        -|     -|        -|     548|    -|
|Register         |        -|     -|      516|       -|    -|
+-----------------+---------+------+---------+--------+-----+
|Total            |        0|     0|      516|     966|    0|
+-----------------+---------+------+---------+--------+-----+
|Available        |     1934|  1968|  1799680|  899840|  463|
+-----------------+---------+------+---------+--------+-----+
|Utilization (%)  |        0|     0|       ~0|      ~0|    0|
+-----------------+---------+------+---------+--------+-----+

+ Detail: 
    * Instance: 
    N/A

    * DSP: 
    N/A

    * Memory: 
    N/A

    * FIFO: 
    N/A

    * Expression: 
    +--------------------------+----------+----+---+----+------------+------------+
    |       Variable Name      | Operation| DSP| FF| LUT| Bitwidth P0| Bitwidth P1|
    +--------------------------+----------+----+---+----+------------+------------+
    |ap_block_state1           |        or|   0|  0|   2|           1|           1|
    |select_ln44_10_fu_790_p3  |    select|   0|  0|  26|           1|          32|
    |select_ln44_11_fu_798_p3  |    select|   0|  0|  26|           1|          32|
    |select_ln44_12_fu_806_p3  |    select|   0|  0|  26|           1|          32|
    |select_ln44_13_fu_814_p3  |    select|   0|  0|  26|           1|          32|
    |select_ln44_14_fu_822_p3  |    select|   0|  0|  26|           1|          32|
    |select_ln44_15_fu_830_p3  |    select|   0|  0|  26|           1|          32|
    |select_ln44_1_fu_615_p3   |    select|   0|  0|  26|           1|          32|
    |select_ln44_2_fu_624_p3   |    select|   0|  0|  26|           1|          32|
    |select_ln44_3_fu_633_p3   |    select|   0|  0|  26|           1|          32|
    |select_ln44_4_fu_642_p3   |    select|   0|  0|  26|           1|          32|
    |select_ln44_5_fu_651_p3   |    select|   0|  0|  26|           1|          32|
    |select_ln44_6_fu_660_p3   |    select|   0|  0|  26|           1|          32|
    |select_ln44_7_fu_669_p3   |    select|   0|  0|  26|           1|          32|
    |select_ln44_8_fu_774_p3   |    select|   0|  0|  26|           1|          32|
    |select_ln44_9_fu_782_p3   |    select|   0|  0|  26|           1|          32|
    |select_ln44_fu_606_p3     |    select|   0|  0|  26|           1|          32|
    +--------------------------+----------+----+---+----+------------+------------+
    |Total                     |          |   0|  0| 418|          17|         513|
    +--------------------------+----------+----+---+----+------------+------------+

    * Multiplexer: 
    +--------------------+----+-----------+-----+-----------+
    |        Name        | LUT| Input Size| Bits| Total Bits|
    +--------------------+----+-----------+-----+-----------+
    |A_BUF_0_0_address0  |   2|          3|    2|          6|
    |A_BUF_0_0_address1  |   2|          3|    2|          6|
    |A_BUF_0_1_address0  |   2|          3|    2|          6|
    |A_BUF_0_1_address1  |   2|          3|    2|          6|
    |A_BUF_0_2_address0  |   2|          3|    2|          6|
    |A_BUF_0_2_address1  |   2|          3|    2|          6|
    |A_BUF_0_3_address0  |   2|          3|    2|          6|
    |A_BUF_0_3_address1  |   2|          3|    2|          6|
    |A_BUF_1_0_address0  |   2|          3|    2|          6|
    |A_BUF_1_0_address1  |   2|          3|    2|          6|
    |A_BUF_1_1_address0  |   2|          3|    2|          6|
    |A_BUF_1_1_address1  |   2|          3|    2|          6|
    |A_BUF_1_2_address0  |   2|          3|    2|          6|
    |A_BUF_1_2_address1  |   2|          3|    2|          6|
    |A_BUF_1_3_address0  |   2|          3|    2|          6|
    |A_BUF_1_3_address1  |   2|          3|    2|          6|
    |A_TILE_0_0          |  32|          2|   32|         64|
    |A_TILE_0_1          |  32|          2|   32|         64|
    |A_TILE_0_2          |  32|          2|   32|         64|
    |A_TILE_0_3          |  32|          2|   32|         64|
    |A_TILE_1_0          |  32|          2|   32|         64|
    |A_TILE_1_1          |  32|          2|   32|         64|
    |A_TILE_1_2          |  32|          2|   32|         64|
    |A_TILE_1_3          |  32|          2|   32|         64|
    |A_TILE_2_0          |  32|          2|   32|         64|
    |A_TILE_2_1          |  32|          2|   32|         64|
    |A_TILE_2_2          |  32|          2|   32|         64|
    |A_TILE_2_3          |  32|          2|   32|         64|
    |A_TILE_3_0          |  32|          2|   32|         64|
    |A_TILE_3_1          |  32|          2|   32|         64|
    |A_TILE_3_2          |  32|          2|   32|         64|
    |A_TILE_3_3          |  32|          2|   32|         64|
    |ap_NS_fsm           |   2|          4|    1|          4|
    |ap_done             |   2|          2|    1|          2|
    +--------------------+----+-----------+-----+-----------+
    |Total               | 548|         86|  546|       1126|
    +--------------------+----+-----------+-----+-----------+

    * Register: 
    +-----------------+----+----+-----+-----------+
    |       Name      | FF | LUT| Bits| Const Bits|
    +-----------------+----+----+-----+-----------+
    |A_TILE_0_0_preg  |  32|   0|   32|          0|
    |A_TILE_0_1_preg  |  32|   0|   32|          0|
    |A_TILE_0_2_preg  |  32|   0|   32|          0|
    |A_TILE_0_3_preg  |  32|   0|   32|          0|
    |A_TILE_1_0_preg  |  32|   0|   32|          0|
    |A_TILE_1_1_preg  |  32|   0|   32|          0|
    |A_TILE_1_2_preg  |  32|   0|   32|          0|
    |A_TILE_1_3_preg  |  32|   0|   32|          0|
    |A_TILE_2_0_preg  |  32|   0|   32|          0|
    |A_TILE_2_1_preg  |  32|   0|   32|          0|
    |A_TILE_2_2_preg  |  32|   0|   32|          0|
    |A_TILE_2_3_preg  |  32|   0|   32|          0|
    |A_TILE_3_0_preg  |  32|   0|   32|          0|
    |A_TILE_3_1_preg  |  32|   0|   32|          0|
    |A_TILE_3_2_preg  |  32|   0|   32|          0|
    |A_TILE_3_3_preg  |  32|   0|   32|          0|
    |ap_CS_fsm        |   3|   0|    3|          0|
    |ap_done_reg      |   1|   0|    1|          0|
    +-----------------+----+----+-----+-----------+
    |Total            | 516|   0|  516|          0|
    +-----------------+----+----+-----+-----------+



================================================================
== Interface
================================================================
* Summary: 
+--------------------+-----+-----+------------+-------------------------------+--------------+
|      RTL Ports     | Dir | Bits|  Protocol  |         Source Object         |    C Type    |
+--------------------+-----+-----+------------+-------------------------------+--------------+
|ap_clk              |   in|    1|  ap_ctrl_hs|  load_tile_A_Block_entry1_proc|  return value|
|ap_rst              |   in|    1|  ap_ctrl_hs|  load_tile_A_Block_entry1_proc|  return value|
|ap_start            |   in|    1|  ap_ctrl_hs|  load_tile_A_Block_entry1_proc|  return value|
|ap_done             |  out|    1|  ap_ctrl_hs|  load_tile_A_Block_entry1_proc|  return value|
|ap_continue         |   in|    1|  ap_ctrl_hs|  load_tile_A_Block_entry1_proc|  return value|
|ap_idle             |  out|    1|  ap_ctrl_hs|  load_tile_A_Block_entry1_proc|  return value|
|ap_ready            |  out|    1|  ap_ctrl_hs|  load_tile_A_Block_entry1_proc|  return value|
|A_BUF_0_0_address0  |  out|    2|   ap_memory|                      A_BUF_0_0|         array|
|A_BUF_0_0_ce0       |  out|    1|   ap_memory|                      A_BUF_0_0|         array|
|A_BUF_0_0_q0        |   in|   32|   ap_memory|                      A_BUF_0_0|         array|
|A_BUF_0_0_address1  |  out|    2|   ap_memory|                      A_BUF_0_0|         array|
|A_BUF_0_0_ce1       |  out|    1|   ap_memory|                      A_BUF_0_0|         array|
|A_BUF_0_0_q1        |   in|   32|   ap_memory|                      A_BUF_0_0|         array|
|A_BUF_1_0_address0  |  out|    2|   ap_memory|                      A_BUF_1_0|         array|
|A_BUF_1_0_ce0       |  out|    1|   ap_memory|                      A_BUF_1_0|         array|
|A_BUF_1_0_q0        |   in|   32|   ap_memory|                      A_BUF_1_0|         array|
|A_BUF_1_0_address1  |  out|    2|   ap_memory|                      A_BUF_1_0|         array|
|A_BUF_1_0_ce1       |  out|    1|   ap_memory|                      A_BUF_1_0|         array|
|A_BUF_1_0_q1        |   in|   32|   ap_memory|                      A_BUF_1_0|         array|
|tileA               |   in|    1|     ap_none|                          tileA|        scalar|
|A_BUF_0_1_address0  |  out|    2|   ap_memory|                      A_BUF_0_1|         array|
|A_BUF_0_1_ce0       |  out|    1|   ap_memory|                      A_BUF_0_1|         array|
|A_BUF_0_1_q0        |   in|   32|   ap_memory|                      A_BUF_0_1|         array|
|A_BUF_0_1_address1  |  out|    2|   ap_memory|                      A_BUF_0_1|         array|
|A_BUF_0_1_ce1       |  out|    1|   ap_memory|                      A_BUF_0_1|         array|
|A_BUF_0_1_q1        |   in|   32|   ap_memory|                      A_BUF_0_1|         array|
|A_BUF_1_1_address0  |  out|    2|   ap_memory|                      A_BUF_1_1|         array|
|A_BUF_1_1_ce0       |  out|    1|   ap_memory|                      A_BUF_1_1|         array|
|A_BUF_1_1_q0        |   in|   32|   ap_memory|                      A_BUF_1_1|         array|
|A_BUF_1_1_address1  |  out|    2|   ap_memory|                      A_BUF_1_1|         array|
|A_BUF_1_1_ce1       |  out|    1|   ap_memory|                      A_BUF_1_1|         array|
|A_BUF_1_1_q1        |   in|   32|   ap_memory|                      A_BUF_1_1|         array|
|A_BUF_0_2_address0  |  out|    2|   ap_memory|                      A_BUF_0_2|         array|
|A_BUF_0_2_ce0       |  out|    1|   ap_memory|                      A_BUF_0_2|         array|
|A_BUF_0_2_q0        |   in|   32|   ap_memory|                      A_BUF_0_2|         array|
|A_BUF_0_2_address1  |  out|    2|   ap_memory|                      A_BUF_0_2|         array|
|A_BUF_0_2_ce1       |  out|    1|   ap_memory|                      A_BUF_0_2|         array|
|A_BUF_0_2_q1        |   in|   32|   ap_memory|                      A_BUF_0_2|         array|
|A_BUF_1_2_address0  |  out|    2|   ap_memory|                      A_BUF_1_2|         array|
|A_BUF_1_2_ce0       |  out|    1|   ap_memory|                      A_BUF_1_2|         array|
|A_BUF_1_2_q0        |   in|   32|   ap_memory|                      A_BUF_1_2|         array|
|A_BUF_1_2_address1  |  out|    2|   ap_memory|                      A_BUF_1_2|         array|
|A_BUF_1_2_ce1       |  out|    1|   ap_memory|                      A_BUF_1_2|         array|
|A_BUF_1_2_q1        |   in|   32|   ap_memory|                      A_BUF_1_2|         array|
|A_BUF_0_3_address0  |  out|    2|   ap_memory|                      A_BUF_0_3|         array|
|A_BUF_0_3_ce0       |  out|    1|   ap_memory|                      A_BUF_0_3|         array|
|A_BUF_0_3_q0        |   in|   32|   ap_memory|                      A_BUF_0_3|         array|
|A_BUF_0_3_address1  |  out|    2|   ap_memory|                      A_BUF_0_3|         array|
|A_BUF_0_3_ce1       |  out|    1|   ap_memory|                      A_BUF_0_3|         array|
|A_BUF_0_3_q1        |   in|   32|   ap_memory|                      A_BUF_0_3|         array|
|A_BUF_1_3_address0  |  out|    2|   ap_memory|                      A_BUF_1_3|         array|
|A_BUF_1_3_ce0       |  out|    1|   ap_memory|                      A_BUF_1_3|         array|
|A_BUF_1_3_q0        |   in|   32|   ap_memory|                      A_BUF_1_3|         array|
|A_BUF_1_3_address1  |  out|    2|   ap_memory|                      A_BUF_1_3|         array|
|A_BUF_1_3_ce1       |  out|    1|   ap_memory|                      A_BUF_1_3|         array|
|A_BUF_1_3_q1        |   in|   32|   ap_memory|                      A_BUF_1_3|         array|
|A_TILE_0_0          |  out|   32|      ap_vld|                     A_TILE_0_0|       pointer|
|A_TILE_0_0_ap_vld   |  out|    1|      ap_vld|                     A_TILE_0_0|       pointer|
|A_TILE_0_1          |  out|   32|      ap_vld|                     A_TILE_0_1|       pointer|
|A_TILE_0_1_ap_vld   |  out|    1|      ap_vld|                     A_TILE_0_1|       pointer|
|A_TILE_0_2          |  out|   32|      ap_vld|                     A_TILE_0_2|       pointer|
|A_TILE_0_2_ap_vld   |  out|    1|      ap_vld|                     A_TILE_0_2|       pointer|
|A_TILE_0_3          |  out|   32|      ap_vld|                     A_TILE_0_3|       pointer|
|A_TILE_0_3_ap_vld   |  out|    1|      ap_vld|                     A_TILE_0_3|       pointer|
|A_TILE_1_0          |  out|   32|      ap_vld|                     A_TILE_1_0|       pointer|
|A_TILE_1_0_ap_vld   |  out|    1|      ap_vld|                     A_TILE_1_0|       pointer|
|A_TILE_1_1          |  out|   32|      ap_vld|                     A_TILE_1_1|       pointer|
|A_TILE_1_1_ap_vld   |  out|    1|      ap_vld|                     A_TILE_1_1|       pointer|
|A_TILE_1_2          |  out|   32|      ap_vld|                     A_TILE_1_2|       pointer|
|A_TILE_1_2_ap_vld   |  out|    1|      ap_vld|                     A_TILE_1_2|       pointer|
|A_TILE_1_3          |  out|   32|      ap_vld|                     A_TILE_1_3|       pointer|
|A_TILE_1_3_ap_vld   |  out|    1|      ap_vld|                     A_TILE_1_3|       pointer|
|A_TILE_2_0          |  out|   32|      ap_vld|                     A_TILE_2_0|       pointer|
|A_TILE_2_0_ap_vld   |  out|    1|      ap_vld|                     A_TILE_2_0|       pointer|
|A_TILE_2_1          |  out|   32|      ap_vld|                     A_TILE_2_1|       pointer|
|A_TILE_2_1_ap_vld   |  out|    1|      ap_vld|                     A_TILE_2_1|       pointer|
|A_TILE_2_2          |  out|   32|      ap_vld|                     A_TILE_2_2|       pointer|
|A_TILE_2_2_ap_vld   |  out|    1|      ap_vld|                     A_TILE_2_2|       pointer|
|A_TILE_2_3          |  out|   32|      ap_vld|                     A_TILE_2_3|       pointer|
|A_TILE_2_3_ap_vld   |  out|    1|      ap_vld|                     A_TILE_2_3|       pointer|
|A_TILE_3_0          |  out|   32|      ap_vld|                     A_TILE_3_0|       pointer|
|A_TILE_3_0_ap_vld   |  out|    1|      ap_vld|                     A_TILE_3_0|       pointer|
|A_TILE_3_1          |  out|   32|      ap_vld|                     A_TILE_3_1|       pointer|
|A_TILE_3_1_ap_vld   |  out|    1|      ap_vld|                     A_TILE_3_1|       pointer|
|A_TILE_3_2          |  out|   32|      ap_vld|                     A_TILE_3_2|       pointer|
|A_TILE_3_2_ap_vld   |  out|    1|      ap_vld|                     A_TILE_3_2|       pointer|
|A_TILE_3_3          |  out|   32|      ap_vld|                     A_TILE_3_3|       pointer|
|A_TILE_3_3_ap_vld   |  out|    1|      ap_vld|                     A_TILE_3_3|       pointer|
+--------------------+-----+-----+------------+-------------------------------+--------------+

