

================================================================
== Vitis HLS Report for 'load_B'
================================================================
* Date:           Wed Jul 15 19:37:22 2026

* Version:        2023.2 (Build 4023990 on Oct 11 2023)
* Project:        hls_project
* Solution:       gemm2 (Vitis Kernel Flow Target)
* Product family: versalaicore
* Target device:  xcvc1902-vsva2197-2MP-e-S


================================================================
== Performance Estimates
================================================================
+ Timing: 
    * Summary: 
    +--------+---------+----------+------------+
    |  Clock |  Target | Estimated| Uncertainty|
    +--------+---------+----------+------------+
    |ap_clk  |  3.33 ns|  2.433 ns|     0.90 ns|
    +--------+---------+----------+------------+

+ Latency: 
    * Summary: 
    +---------+---------+----------+----------+-----+-----+---------+
    |  Latency (cycles) |  Latency (absolute) |  Interval | Pipeline|
    |   min   |   max   |    min   |    max   | min | max |   Type  |
    +---------+---------+----------+----------+-----+-----+---------+
    |       78|       78|  0.260 us|  0.260 us|   78|   78|       no|
    +---------+---------+----------+----------+-----+-----+---------+

    + Detail: 
        * Instance: 
        +-------------------------------------------+---------------------------------+---------+---------+-----------+-----------+-----+-----+---------+
        |                                           |                                 |  Latency (cycles) |   Latency (absolute)  |  Interval | Pipeline|
        |                  Instance                 |              Module             |   min   |   max   |    min    |    max    | min | max |   Type  |
        +-------------------------------------------+---------------------------------+---------+---------+-----------+-----------+-----+-----+---------+
        |grp_load_B_Pipeline_VITIS_LOOP_22_2_fu_57  |load_B_Pipeline_VITIS_LOOP_22_2  |        6|        6|  19.998 ns|  19.998 ns|    6|    6|       no|
        +-------------------------------------------+---------------------------------+---------+---------+-----------+-----------+-----+-----+---------+

        * Loop: 
        N/A



================================================================
== Utilization Estimates
================================================================
* Summary: 
+-----------------+---------+------+---------+--------+-----+
|       Name      | BRAM_18K|  DSP |    FF   |   LUT  | URAM|
+-----------------+---------+------+---------+--------+-----+
|DSP              |        -|     -|        -|       -|    -|
|Expression       |        -|     -|        0|       2|    -|
|FIFO             |        -|     -|        -|       -|    -|
|Instance         |        -|     -|        9|      26|    -|
|Memory           |        -|     -|        -|       -|    -|
|Multiplexer      |        -|     -|        -|     216|    -|
|Register         |        -|     -|       75|       -|    -|
+-----------------+---------+------+---------+--------+-----+
|Total            |        0|     0|       84|     244|    0|
+-----------------+---------+------+---------+--------+-----+
|Available        |     1934|  1968|  1799680|  899840|  463|
+-----------------+---------+------+---------+--------+-----+
|Utilization (%)  |        0|     0|       ~0|      ~0|    0|
+-----------------+---------+------+---------+--------+-----+

+ Detail: 
    * Instance: 
    +-------------------------------------------+---------------------------------+---------+----+---+----+-----+
    |                  Instance                 |              Module             | BRAM_18K| DSP| FF| LUT| URAM|
    +-------------------------------------------+---------------------------------+---------+----+---+----+-----+
    |grp_load_B_Pipeline_VITIS_LOOP_22_2_fu_57  |load_B_Pipeline_VITIS_LOOP_22_2  |        0|   0|  9|  26|    0|
    +-------------------------------------------+---------------------------------+---------+----+---+----+-----+
    |Total                                      |                                 |        0|   0|  9|  26|    0|
    +-------------------------------------------+---------------------------------+---------+----+---+----+-----+

    * DSP: 
    N/A

    * Memory: 
    N/A

    * FIFO: 
    N/A

    * Expression: 
    +-----------------+----------+----+---+----+------------+------------+
    |  Variable Name  | Operation| DSP| FF| LUT| Bitwidth P0| Bitwidth P1|
    +-----------------+----------+----+---+----+------------+------------+
    |ap_block_state1  |        or|   0|  0|   2|           1|           1|
    +-----------------+----------+----+---+----+------------+------------+
    |Total            |          |   0|  0|   2|           1|           1|
    +-----------------+----------+----+---+----+------------+------------+

    * Multiplexer: 
    +----------------------+----+-----------+-----+-----------+
    |         Name         | LUT| Input Size| Bits| Total Bits|
    +----------------------+----+-----------+-----+-----------+
    |ap_NS_fsm             |  86|         74|    1|         74|
    |ap_done               |   2|          2|    1|          2|
    |gmem1_blk_n_AR        |   2|          2|    1|          2|
    |m_axi_gmem1_ARADDR    |  64|          3|   64|        192|
    |m_axi_gmem1_ARBURST   |   2|          2|    2|          4|
    |m_axi_gmem1_ARCACHE   |   4|          2|    4|          8|
    |m_axi_gmem1_ARID      |   2|          2|    1|          2|
    |m_axi_gmem1_ARLEN     |  32|          3|   32|         96|
    |m_axi_gmem1_ARLOCK    |   2|          2|    2|          4|
    |m_axi_gmem1_ARPROT    |   3|          2|    3|          6|
    |m_axi_gmem1_ARQOS     |   4|          2|    4|          8|
    |m_axi_gmem1_ARREGION  |   4|          2|    4|          8|
    |m_axi_gmem1_ARSIZE    |   3|          2|    3|          6|
    |m_axi_gmem1_ARUSER    |   2|          2|    1|          2|
    |m_axi_gmem1_ARVALID   |   2|          3|    1|          3|
    |m_axi_gmem1_RREADY    |   2|          2|    1|          2|
    +----------------------+----+-----------+-----+-----------+
    |Total                 | 216|        107|  125|        419|
    +----------------------+----+-----------+-----+-----------+

    * Register: 
    +--------------------------------------------------------+----+----+-----+-----------+
    |                          Name                          | FF | LUT| Bits| Const Bits|
    +--------------------------------------------------------+----+----+-----+-----------+
    |ap_CS_fsm                                               |  73|   0|   73|          0|
    |ap_done_reg                                             |   1|   0|    1|          0|
    |grp_load_B_Pipeline_VITIS_LOOP_22_2_fu_57_ap_start_reg  |   1|   0|    1|          0|
    +--------------------------------------------------------+----+----+-----+-----------+
    |Total                                                   |  75|   0|   75|          0|
    +--------------------------------------------------------+----+----+-----+-----------+



================================================================
== Interface
================================================================
* Summary: 
+----------------------+-----+-----+------------+--------------+--------------+
|       RTL Ports      | Dir | Bits|  Protocol  | Source Object|    C Type    |
+----------------------+-----+-----+------------+--------------+--------------+
|ap_clk                |   in|    1|  ap_ctrl_hs|        load_B|  return value|
|ap_rst                |   in|    1|  ap_ctrl_hs|        load_B|  return value|
|ap_start              |   in|    1|  ap_ctrl_hs|        load_B|  return value|
|ap_done               |  out|    1|  ap_ctrl_hs|        load_B|  return value|
|ap_continue           |   in|    1|  ap_ctrl_hs|        load_B|  return value|
|ap_idle               |  out|    1|  ap_ctrl_hs|        load_B|  return value|
|ap_ready              |  out|    1|  ap_ctrl_hs|        load_B|  return value|
|m_axi_gmem1_AWVALID   |  out|    1|       m_axi|         gmem1|       pointer|
|m_axi_gmem1_AWREADY   |   in|    1|       m_axi|         gmem1|       pointer|
|m_axi_gmem1_AWADDR    |  out|   64|       m_axi|         gmem1|       pointer|
|m_axi_gmem1_AWID      |  out|    1|       m_axi|         gmem1|       pointer|
|m_axi_gmem1_AWLEN     |  out|   32|       m_axi|         gmem1|       pointer|
|m_axi_gmem1_AWSIZE    |  out|    3|       m_axi|         gmem1|       pointer|
|m_axi_gmem1_AWBURST   |  out|    2|       m_axi|         gmem1|       pointer|
|m_axi_gmem1_AWLOCK    |  out|    2|       m_axi|         gmem1|       pointer|
|m_axi_gmem1_AWCACHE   |  out|    4|       m_axi|         gmem1|       pointer|
|m_axi_gmem1_AWPROT    |  out|    3|       m_axi|         gmem1|       pointer|
|m_axi_gmem1_AWQOS     |  out|    4|       m_axi|         gmem1|       pointer|
|m_axi_gmem1_AWREGION  |  out|    4|       m_axi|         gmem1|       pointer|
|m_axi_gmem1_AWUSER    |  out|    1|       m_axi|         gmem1|       pointer|
|m_axi_gmem1_WVALID    |  out|    1|       m_axi|         gmem1|       pointer|
|m_axi_gmem1_WREADY    |   in|    1|       m_axi|         gmem1|       pointer|
|m_axi_gmem1_WDATA     |  out|  128|       m_axi|         gmem1|       pointer|
|m_axi_gmem1_WSTRB     |  out|   16|       m_axi|         gmem1|       pointer|
|m_axi_gmem1_WLAST     |  out|    1|       m_axi|         gmem1|       pointer|
|m_axi_gmem1_WID       |  out|    1|       m_axi|         gmem1|       pointer|
|m_axi_gmem1_WUSER     |  out|    1|       m_axi|         gmem1|       pointer|
|m_axi_gmem1_ARVALID   |  out|    1|       m_axi|         gmem1|       pointer|
|m_axi_gmem1_ARREADY   |   in|    1|       m_axi|         gmem1|       pointer|
|m_axi_gmem1_ARADDR    |  out|   64|       m_axi|         gmem1|       pointer|
|m_axi_gmem1_ARID      |  out|    1|       m_axi|         gmem1|       pointer|
|m_axi_gmem1_ARLEN     |  out|   32|       m_axi|         gmem1|       pointer|
|m_axi_gmem1_ARSIZE    |  out|    3|       m_axi|         gmem1|       pointer|
|m_axi_gmem1_ARBURST   |  out|    2|       m_axi|         gmem1|       pointer|
|m_axi_gmem1_ARLOCK    |  out|    2|       m_axi|         gmem1|       pointer|
|m_axi_gmem1_ARCACHE   |  out|    4|       m_axi|         gmem1|       pointer|
|m_axi_gmem1_ARPROT    |  out|    3|       m_axi|         gmem1|       pointer|
|m_axi_gmem1_ARQOS     |  out|    4|       m_axi|         gmem1|       pointer|
|m_axi_gmem1_ARREGION  |  out|    4|       m_axi|         gmem1|       pointer|
|m_axi_gmem1_ARUSER    |  out|    1|       m_axi|         gmem1|       pointer|
|m_axi_gmem1_RVALID    |   in|    1|       m_axi|         gmem1|       pointer|
|m_axi_gmem1_RREADY    |  out|    1|       m_axi|         gmem1|       pointer|
|m_axi_gmem1_RDATA     |   in|  128|       m_axi|         gmem1|       pointer|
|m_axi_gmem1_RLAST     |   in|    1|       m_axi|         gmem1|       pointer|
|m_axi_gmem1_RID       |   in|    1|       m_axi|         gmem1|       pointer|
|m_axi_gmem1_RFIFONUM  |   in|    7|       m_axi|         gmem1|       pointer|
|m_axi_gmem1_RUSER     |   in|    1|       m_axi|         gmem1|       pointer|
|m_axi_gmem1_RRESP     |   in|    2|       m_axi|         gmem1|       pointer|
|m_axi_gmem1_BVALID    |   in|    1|       m_axi|         gmem1|       pointer|
|m_axi_gmem1_BREADY    |  out|    1|       m_axi|         gmem1|       pointer|
|m_axi_gmem1_BRESP     |   in|    2|       m_axi|         gmem1|       pointer|
|m_axi_gmem1_BID       |   in|    1|       m_axi|         gmem1|       pointer|
|m_axi_gmem1_BUSER     |   in|    1|       m_axi|         gmem1|       pointer|
|B_DRAM                |   in|   64|     ap_none|        B_DRAM|        scalar|
|B_BUF_0_address0      |  out|    2|   ap_memory|       B_BUF_0|         array|
|B_BUF_0_ce0           |  out|    1|   ap_memory|       B_BUF_0|         array|
|B_BUF_0_we0           |  out|    1|   ap_memory|       B_BUF_0|         array|
|B_BUF_0_d0            |  out|   32|   ap_memory|       B_BUF_0|         array|
|B_BUF_1_address0      |  out|    2|   ap_memory|       B_BUF_1|         array|
|B_BUF_1_ce0           |  out|    1|   ap_memory|       B_BUF_1|         array|
|B_BUF_1_we0           |  out|    1|   ap_memory|       B_BUF_1|         array|
|B_BUF_1_d0            |  out|   32|   ap_memory|       B_BUF_1|         array|
|B_BUF_2_address0      |  out|    2|   ap_memory|       B_BUF_2|         array|
|B_BUF_2_ce0           |  out|    1|   ap_memory|       B_BUF_2|         array|
|B_BUF_2_we0           |  out|    1|   ap_memory|       B_BUF_2|         array|
|B_BUF_2_d0            |  out|   32|   ap_memory|       B_BUF_2|         array|
|B_BUF_3_address0      |  out|    2|   ap_memory|       B_BUF_3|         array|
|B_BUF_3_ce0           |  out|    1|   ap_memory|       B_BUF_3|         array|
|B_BUF_3_we0           |  out|    1|   ap_memory|       B_BUF_3|         array|
|B_BUF_3_d0            |  out|   32|   ap_memory|       B_BUF_3|         array|
+----------------------+-----+-----+------------+--------------+--------------+

