

================================================================
== Vitis HLS Report for 'loadInputsFromDRAM'
================================================================
* Date:           Thu Jul 23 18:41:32 2026

* Version:        2023.2 (Build 4023990 on Oct 11 2023)
* Project:        hls_project
* Solution:       gemm2 (Vitis Kernel Flow Target)
* Product family: versalaicore
* Target device:  xcvc1902-vsva2197-2MP-e-S


================================================================
== Performance Estimates
================================================================
+ Timing: 
    * Summary: 
    +--------+---------+----------+------------+
    |  Clock |  Target | Estimated| Uncertainty|
    +--------+---------+----------+------------+
    |ap_clk  |  3.33 ns|  2.433 ns|     0.90 ns|
    +--------+---------+----------+------------+

+ Latency: 
    * Summary: 
    +---------+---------+----------+----------+-----+-----+----------+
    |  Latency (cycles) |  Latency (absolute) |  Interval | Pipeline |
    |   min   |   max   |    min   |    max   | min | max |   Type   |
    +---------+---------+----------+----------+-----+-----+----------+
    |      103|      104|  0.343 us|  0.347 us|   83|   83|  dataflow|
    +---------+---------+----------+----------+-----+-----+----------+

    + Detail: 
        * Instance: 
        +-----------+--------+---------+---------+----------+----------+-----+-----+------------------------------------------+
        |           |        |  Latency (cycles) |  Latency (absolute) |  Interval |                 Pipeline                 |
        |  Instance | Module |   min   |   max   |    min   |    max   | min | max |                   Type                   |
        +-----------+--------+---------+---------+----------+----------+-----+-----+------------------------------------------+
        |load_A_U0  |load_A  |      103|      104|  0.343 us|  0.347 us|   32|   32|  loop rewind stp(delay=0 clock cycles(s))|
        |load_B_U0  |load_B  |       82|       82|  0.273 us|  0.273 us|   82|   82|                                        no|
        +-----------+--------+---------+---------+----------+----------+-----+-----+------------------------------------------+

        * Loop: 
        N/A



================================================================
== Utilization Estimates
================================================================
* Summary: 
+-----------------+---------+------+---------+--------+-----+
|       Name      | BRAM_18K|  DSP |    FF   |   LUT  | URAM|
+-----------------+---------+------+---------+--------+-----+
|DSP              |        -|     -|        -|       -|    -|
|Expression       |        -|     -|        0|      16|    -|
|FIFO             |        -|     -|        -|       -|    -|
|Instance         |        -|     -|      233|     376|    -|
|Memory           |        -|     -|        -|       -|    -|
|Multiplexer      |        -|     -|        -|       4|    -|
|Register         |        -|     -|        2|       -|    -|
+-----------------+---------+------+---------+--------+-----+
|Total            |        0|     0|      235|     396|    0|
+-----------------+---------+------+---------+--------+-----+
|Available        |     1934|  1968|  1799680|  899840|  463|
+-----------------+---------+------+---------+--------+-----+
|Utilization (%)  |        0|     0|       ~0|      ~0|    0|
+-----------------+---------+------+---------+--------+-----+

+ Detail: 
    * Instance: 
    +-----------+--------+---------+----+-----+-----+-----+
    |  Instance | Module | BRAM_18K| DSP|  FF | LUT | URAM|
    +-----------+--------+---------+----+-----+-----+-----+
    |load_A_U0  |load_A  |        0|   0|  148|  130|    0|
    |load_B_U0  |load_B  |        0|   0|   85|  246|    0|
    +-----------+--------+---------+----+-----+-----+-----+
    |Total      |        |        0|   0|  233|  376|    0|
    +-----------+--------+---------+----+-----+-----+-----+

    * DSP: 
    N/A

    * Memory: 
    N/A

    * FIFO: 
    N/A

    * Expression: 
    +----------------------------+----------+----+---+----+------------+------------+
    |        Variable Name       | Operation| DSP| FF| LUT| Bitwidth P0| Bitwidth P1|
    +----------------------------+----------+----+---+----+------------+------------+
    |ap_idle                     |       and|   0|  0|   2|           1|           1|
    |ap_sync_continue            |       and|   0|  0|   2|           1|           1|
    |ap_sync_done                |       and|   0|  0|   2|           1|           1|
    |ap_sync_ready               |       and|   0|  0|   2|           1|           1|
    |load_A_U0_ap_start          |       and|   0|  0|   2|           1|           1|
    |load_B_U0_ap_start          |       and|   0|  0|   2|           1|           1|
    |ap_sync_load_A_U0_ap_ready  |        or|   0|  0|   2|           1|           1|
    |ap_sync_load_B_U0_ap_ready  |        or|   0|  0|   2|           1|           1|
    +----------------------------+----------+----+---+----+------------+------------+
    |Total                       |          |   0|  0|  16|           8|           8|
    +----------------------------+----------+----+---+----+------------+------------+

    * Multiplexer: 
    +--------------------------------+----+-----------+-----+-----------+
    |              Name              | LUT| Input Size| Bits| Total Bits|
    +--------------------------------+----+-----------+-----+-----------+
    |ap_sync_reg_load_A_U0_ap_ready  |   2|          2|    1|          2|
    |ap_sync_reg_load_B_U0_ap_ready  |   2|          2|    1|          2|
    +--------------------------------+----+-----------+-----+-----------+
    |Total                           |   4|          4|    2|          4|
    +--------------------------------+----+-----------+-----+-----------+

    * Register: 
    +--------------------------------+---+----+-----+-----------+
    |              Name              | FF| LUT| Bits| Const Bits|
    +--------------------------------+---+----+-----+-----------+
    |ap_sync_reg_load_A_U0_ap_ready  |  1|   0|    1|          0|
    |ap_sync_reg_load_B_U0_ap_ready  |  1|   0|    1|          0|
    +--------------------------------+---+----+-----+-----------+
    |Total                           |  2|   0|    2|          0|
    +--------------------------------+---+----+-----+-----------+



================================================================
== Interface
================================================================
* Summary: 
+----------------------+-----+-----+------------+--------------------+--------------+
|       RTL Ports      | Dir | Bits|  Protocol  |    Source Object   |    C Type    |
+----------------------+-----+-----+------------+--------------------+--------------+
|m_axi_gmem0_AWVALID   |  out|    1|       m_axi|               gmem0|       pointer|
|m_axi_gmem0_AWREADY   |   in|    1|       m_axi|               gmem0|       pointer|
|m_axi_gmem0_AWADDR    |  out|   64|       m_axi|               gmem0|       pointer|
|m_axi_gmem0_AWID      |  out|    1|       m_axi|               gmem0|       pointer|
|m_axi_gmem0_AWLEN     |  out|   32|       m_axi|               gmem0|       pointer|
|m_axi_gmem0_AWSIZE    |  out|    3|       m_axi|               gmem0|       pointer|
|m_axi_gmem0_AWBURST   |  out|    2|       m_axi|               gmem0|       pointer|
|m_axi_gmem0_AWLOCK    |  out|    2|       m_axi|               gmem0|       pointer|
|m_axi_gmem0_AWCACHE   |  out|    4|       m_axi|               gmem0|       pointer|
|m_axi_gmem0_AWPROT    |  out|    3|       m_axi|               gmem0|       pointer|
|m_axi_gmem0_AWQOS     |  out|    4|       m_axi|               gmem0|       pointer|
|m_axi_gmem0_AWREGION  |  out|    4|       m_axi|               gmem0|       pointer|
|m_axi_gmem0_AWUSER    |  out|    1|       m_axi|               gmem0|       pointer|
|m_axi_gmem0_WVALID    |  out|    1|       m_axi|               gmem0|       pointer|
|m_axi_gmem0_WREADY    |   in|    1|       m_axi|               gmem0|       pointer|
|m_axi_gmem0_WDATA     |  out|  256|       m_axi|               gmem0|       pointer|
|m_axi_gmem0_WSTRB     |  out|   32|       m_axi|               gmem0|       pointer|
|m_axi_gmem0_WLAST     |  out|    1|       m_axi|               gmem0|       pointer|
|m_axi_gmem0_WID       |  out|    1|       m_axi|               gmem0|       pointer|
|m_axi_gmem0_WUSER     |  out|    1|       m_axi|               gmem0|       pointer|
|m_axi_gmem0_ARVALID   |  out|    1|       m_axi|               gmem0|       pointer|
|m_axi_gmem0_ARREADY   |   in|    1|       m_axi|               gmem0|       pointer|
|m_axi_gmem0_ARADDR    |  out|   64|       m_axi|               gmem0|       pointer|
|m_axi_gmem0_ARID      |  out|    1|       m_axi|               gmem0|       pointer|
|m_axi_gmem0_ARLEN     |  out|   32|       m_axi|               gmem0|       pointer|
|m_axi_gmem0_ARSIZE    |  out|    3|       m_axi|               gmem0|       pointer|
|m_axi_gmem0_ARBURST   |  out|    2|       m_axi|               gmem0|       pointer|
|m_axi_gmem0_ARLOCK    |  out|    2|       m_axi|               gmem0|       pointer|
|m_axi_gmem0_ARCACHE   |  out|    4|       m_axi|               gmem0|       pointer|
|m_axi_gmem0_ARPROT    |  out|    3|       m_axi|               gmem0|       pointer|
|m_axi_gmem0_ARQOS     |  out|    4|       m_axi|               gmem0|       pointer|
|m_axi_gmem0_ARREGION  |  out|    4|       m_axi|               gmem0|       pointer|
|m_axi_gmem0_ARUSER    |  out|    1|       m_axi|               gmem0|       pointer|
|m_axi_gmem0_RVALID    |   in|    1|       m_axi|               gmem0|       pointer|
|m_axi_gmem0_RREADY    |  out|    1|       m_axi|               gmem0|       pointer|
|m_axi_gmem0_RDATA     |   in|  256|       m_axi|               gmem0|       pointer|
|m_axi_gmem0_RLAST     |   in|    1|       m_axi|               gmem0|       pointer|
|m_axi_gmem0_RID       |   in|    1|       m_axi|               gmem0|       pointer|
|m_axi_gmem0_RFIFONUM  |   in|    8|       m_axi|               gmem0|       pointer|
|m_axi_gmem0_RUSER     |   in|    1|       m_axi|               gmem0|       pointer|
|m_axi_gmem0_RRESP     |   in|    2|       m_axi|               gmem0|       pointer|
|m_axi_gmem0_BVALID    |   in|    1|       m_axi|               gmem0|       pointer|
|m_axi_gmem0_BREADY    |  out|    1|       m_axi|               gmem0|       pointer|
|m_axi_gmem0_BRESP     |   in|    2|       m_axi|               gmem0|       pointer|
|m_axi_gmem0_BID       |   in|    1|       m_axi|               gmem0|       pointer|
|m_axi_gmem0_BUSER     |   in|    1|       m_axi|               gmem0|       pointer|
|A_DRAM                |   in|   64|     ap_none|              A_DRAM|        scalar|
|A_DRAM_ap_vld         |   in|    1|     ap_none|              A_DRAM|        scalar|
|m_axi_gmem1_AWVALID   |  out|    1|       m_axi|               gmem1|       pointer|
|m_axi_gmem1_AWREADY   |   in|    1|       m_axi|               gmem1|       pointer|
|m_axi_gmem1_AWADDR    |  out|   64|       m_axi|               gmem1|       pointer|
|m_axi_gmem1_AWID      |  out|    1|       m_axi|               gmem1|       pointer|
|m_axi_gmem1_AWLEN     |  out|   32|       m_axi|               gmem1|       pointer|
|m_axi_gmem1_AWSIZE    |  out|    3|       m_axi|               gmem1|       pointer|
|m_axi_gmem1_AWBURST   |  out|    2|       m_axi|               gmem1|       pointer|
|m_axi_gmem1_AWLOCK    |  out|    2|       m_axi|               gmem1|       pointer|
|m_axi_gmem1_AWCACHE   |  out|    4|       m_axi|               gmem1|       pointer|
|m_axi_gmem1_AWPROT    |  out|    3|       m_axi|               gmem1|       pointer|
|m_axi_gmem1_AWQOS     |  out|    4|       m_axi|               gmem1|       pointer|
|m_axi_gmem1_AWREGION  |  out|    4|       m_axi|               gmem1|       pointer|
|m_axi_gmem1_AWUSER    |  out|    1|       m_axi|               gmem1|       pointer|
|m_axi_gmem1_WVALID    |  out|    1|       m_axi|               gmem1|       pointer|
|m_axi_gmem1_WREADY    |   in|    1|       m_axi|               gmem1|       pointer|
|m_axi_gmem1_WDATA     |  out|  256|       m_axi|               gmem1|       pointer|
|m_axi_gmem1_WSTRB     |  out|   32|       m_axi|               gmem1|       pointer|
|m_axi_gmem1_WLAST     |  out|    1|       m_axi|               gmem1|       pointer|
|m_axi_gmem1_WID       |  out|    1|       m_axi|               gmem1|       pointer|
|m_axi_gmem1_WUSER     |  out|    1|       m_axi|               gmem1|       pointer|
|m_axi_gmem1_ARVALID   |  out|    1|       m_axi|               gmem1|       pointer|
|m_axi_gmem1_ARREADY   |   in|    1|       m_axi|               gmem1|       pointer|
|m_axi_gmem1_ARADDR    |  out|   64|       m_axi|               gmem1|       pointer|
|m_axi_gmem1_ARID      |  out|    1|       m_axi|               gmem1|       pointer|
|m_axi_gmem1_ARLEN     |  out|   32|       m_axi|               gmem1|       pointer|
|m_axi_gmem1_ARSIZE    |  out|    3|       m_axi|               gmem1|       pointer|
|m_axi_gmem1_ARBURST   |  out|    2|       m_axi|               gmem1|       pointer|
|m_axi_gmem1_ARLOCK    |  out|    2|       m_axi|               gmem1|       pointer|
|m_axi_gmem1_ARCACHE   |  out|    4|       m_axi|               gmem1|       pointer|
|m_axi_gmem1_ARPROT    |  out|    3|       m_axi|               gmem1|       pointer|
|m_axi_gmem1_ARQOS     |  out|    4|       m_axi|               gmem1|       pointer|
|m_axi_gmem1_ARREGION  |  out|    4|       m_axi|               gmem1|       pointer|
|m_axi_gmem1_ARUSER    |  out|    1|       m_axi|               gmem1|       pointer|
|m_axi_gmem1_RVALID    |   in|    1|       m_axi|               gmem1|       pointer|
|m_axi_gmem1_RREADY    |  out|    1|       m_axi|               gmem1|       pointer|
|m_axi_gmem1_RDATA     |   in|  256|       m_axi|               gmem1|       pointer|
|m_axi_gmem1_RLAST     |   in|    1|       m_axi|               gmem1|       pointer|
|m_axi_gmem1_RID       |   in|    1|       m_axi|               gmem1|       pointer|
|m_axi_gmem1_RFIFONUM  |   in|    8|       m_axi|               gmem1|       pointer|
|m_axi_gmem1_RUSER     |   in|    1|       m_axi|               gmem1|       pointer|
|m_axi_gmem1_RRESP     |   in|    2|       m_axi|               gmem1|       pointer|
|m_axi_gmem1_BVALID    |   in|    1|       m_axi|               gmem1|       pointer|
|m_axi_gmem1_BREADY    |  out|    1|       m_axi|               gmem1|       pointer|
|m_axi_gmem1_BRESP     |   in|    2|       m_axi|               gmem1|       pointer|
|m_axi_gmem1_BID       |   in|    1|       m_axi|               gmem1|       pointer|
|m_axi_gmem1_BUSER     |   in|    1|       m_axi|               gmem1|       pointer|
|B_DRAM                |   in|   64|     ap_none|              B_DRAM|        scalar|
|B_DRAM_ap_vld         |   in|    1|     ap_none|              B_DRAM|        scalar|
|A_BUF_0_0_din         |  out|   32|     ap_fifo|           A_BUF_0_0|       pointer|
|A_BUF_0_0_full_n      |   in|    1|     ap_fifo|           A_BUF_0_0|       pointer|
|A_BUF_0_0_write       |  out|    1|     ap_fifo|           A_BUF_0_0|       pointer|
|A_BUF_0_1_din         |  out|   32|     ap_fifo|           A_BUF_0_1|       pointer|
|A_BUF_0_1_full_n      |   in|    1|     ap_fifo|           A_BUF_0_1|       pointer|
|A_BUF_0_1_write       |  out|    1|     ap_fifo|           A_BUF_0_1|       pointer|
|A_BUF_0_2_din         |  out|   32|     ap_fifo|           A_BUF_0_2|       pointer|
|A_BUF_0_2_full_n      |   in|    1|     ap_fifo|           A_BUF_0_2|       pointer|
|A_BUF_0_2_write       |  out|    1|     ap_fifo|           A_BUF_0_2|       pointer|
|A_BUF_0_3_din         |  out|   32|     ap_fifo|           A_BUF_0_3|       pointer|
|A_BUF_0_3_full_n      |   in|    1|     ap_fifo|           A_BUF_0_3|       pointer|
|A_BUF_0_3_write       |  out|    1|     ap_fifo|           A_BUF_0_3|       pointer|
|A_BUF_0_4_din         |  out|   32|     ap_fifo|           A_BUF_0_4|       pointer|
|A_BUF_0_4_full_n      |   in|    1|     ap_fifo|           A_BUF_0_4|       pointer|
|A_BUF_0_4_write       |  out|    1|     ap_fifo|           A_BUF_0_4|       pointer|
|A_BUF_0_5_din         |  out|   32|     ap_fifo|           A_BUF_0_5|       pointer|
|A_BUF_0_5_full_n      |   in|    1|     ap_fifo|           A_BUF_0_5|       pointer|
|A_BUF_0_5_write       |  out|    1|     ap_fifo|           A_BUF_0_5|       pointer|
|A_BUF_0_6_din         |  out|   32|     ap_fifo|           A_BUF_0_6|       pointer|
|A_BUF_0_6_full_n      |   in|    1|     ap_fifo|           A_BUF_0_6|       pointer|
|A_BUF_0_6_write       |  out|    1|     ap_fifo|           A_BUF_0_6|       pointer|
|A_BUF_0_7_din         |  out|   32|     ap_fifo|           A_BUF_0_7|       pointer|
|A_BUF_0_7_full_n      |   in|    1|     ap_fifo|           A_BUF_0_7|       pointer|
|A_BUF_0_7_write       |  out|    1|     ap_fifo|           A_BUF_0_7|       pointer|
|A_BUF_1_0_din         |  out|   32|     ap_fifo|           A_BUF_1_0|       pointer|
|A_BUF_1_0_full_n      |   in|    1|     ap_fifo|           A_BUF_1_0|       pointer|
|A_BUF_1_0_write       |  out|    1|     ap_fifo|           A_BUF_1_0|       pointer|
|A_BUF_1_1_din         |  out|   32|     ap_fifo|           A_BUF_1_1|       pointer|
|A_BUF_1_1_full_n      |   in|    1|     ap_fifo|           A_BUF_1_1|       pointer|
|A_BUF_1_1_write       |  out|    1|     ap_fifo|           A_BUF_1_1|       pointer|
|A_BUF_1_2_din         |  out|   32|     ap_fifo|           A_BUF_1_2|       pointer|
|A_BUF_1_2_full_n      |   in|    1|     ap_fifo|           A_BUF_1_2|       pointer|
|A_BUF_1_2_write       |  out|    1|     ap_fifo|           A_BUF_1_2|       pointer|
|A_BUF_1_3_din         |  out|   32|     ap_fifo|           A_BUF_1_3|       pointer|
|A_BUF_1_3_full_n      |   in|    1|     ap_fifo|           A_BUF_1_3|       pointer|
|A_BUF_1_3_write       |  out|    1|     ap_fifo|           A_BUF_1_3|       pointer|
|A_BUF_1_4_din         |  out|   32|     ap_fifo|           A_BUF_1_4|       pointer|
|A_BUF_1_4_full_n      |   in|    1|     ap_fifo|           A_BUF_1_4|       pointer|
|A_BUF_1_4_write       |  out|    1|     ap_fifo|           A_BUF_1_4|       pointer|
|A_BUF_1_5_din         |  out|   32|     ap_fifo|           A_BUF_1_5|       pointer|
|A_BUF_1_5_full_n      |   in|    1|     ap_fifo|           A_BUF_1_5|       pointer|
|A_BUF_1_5_write       |  out|    1|     ap_fifo|           A_BUF_1_5|       pointer|
|A_BUF_1_6_din         |  out|   32|     ap_fifo|           A_BUF_1_6|       pointer|
|A_BUF_1_6_full_n      |   in|    1|     ap_fifo|           A_BUF_1_6|       pointer|
|A_BUF_1_6_write       |  out|    1|     ap_fifo|           A_BUF_1_6|       pointer|
|A_BUF_1_7_din         |  out|   32|     ap_fifo|           A_BUF_1_7|       pointer|
|A_BUF_1_7_full_n      |   in|    1|     ap_fifo|           A_BUF_1_7|       pointer|
|A_BUF_1_7_write       |  out|    1|     ap_fifo|           A_BUF_1_7|       pointer|
|A_BUF_2_0_din         |  out|   32|     ap_fifo|           A_BUF_2_0|       pointer|
|A_BUF_2_0_full_n      |   in|    1|     ap_fifo|           A_BUF_2_0|       pointer|
|A_BUF_2_0_write       |  out|    1|     ap_fifo|           A_BUF_2_0|       pointer|
|A_BUF_2_1_din         |  out|   32|     ap_fifo|           A_BUF_2_1|       pointer|
|A_BUF_2_1_full_n      |   in|    1|     ap_fifo|           A_BUF_2_1|       pointer|
|A_BUF_2_1_write       |  out|    1|     ap_fifo|           A_BUF_2_1|       pointer|
|A_BUF_2_2_din         |  out|   32|     ap_fifo|           A_BUF_2_2|       pointer|
|A_BUF_2_2_full_n      |   in|    1|     ap_fifo|           A_BUF_2_2|       pointer|
|A_BUF_2_2_write       |  out|    1|     ap_fifo|           A_BUF_2_2|       pointer|
|A_BUF_2_3_din         |  out|   32|     ap_fifo|           A_BUF_2_3|       pointer|
|A_BUF_2_3_full_n      |   in|    1|     ap_fifo|           A_BUF_2_3|       pointer|
|A_BUF_2_3_write       |  out|    1|     ap_fifo|           A_BUF_2_3|       pointer|
|A_BUF_2_4_din         |  out|   32|     ap_fifo|           A_BUF_2_4|       pointer|
|A_BUF_2_4_full_n      |   in|    1|     ap_fifo|           A_BUF_2_4|       pointer|
|A_BUF_2_4_write       |  out|    1|     ap_fifo|           A_BUF_2_4|       pointer|
|A_BUF_2_5_din         |  out|   32|     ap_fifo|           A_BUF_2_5|       pointer|
|A_BUF_2_5_full_n      |   in|    1|     ap_fifo|           A_BUF_2_5|       pointer|
|A_BUF_2_5_write       |  out|    1|     ap_fifo|           A_BUF_2_5|       pointer|
|A_BUF_2_6_din         |  out|   32|     ap_fifo|           A_BUF_2_6|       pointer|
|A_BUF_2_6_full_n      |   in|    1|     ap_fifo|           A_BUF_2_6|       pointer|
|A_BUF_2_6_write       |  out|    1|     ap_fifo|           A_BUF_2_6|       pointer|
|A_BUF_2_7_din         |  out|   32|     ap_fifo|           A_BUF_2_7|       pointer|
|A_BUF_2_7_full_n      |   in|    1|     ap_fifo|           A_BUF_2_7|       pointer|
|A_BUF_2_7_write       |  out|    1|     ap_fifo|           A_BUF_2_7|       pointer|
|A_BUF_3_0_din         |  out|   32|     ap_fifo|           A_BUF_3_0|       pointer|
|A_BUF_3_0_full_n      |   in|    1|     ap_fifo|           A_BUF_3_0|       pointer|
|A_BUF_3_0_write       |  out|    1|     ap_fifo|           A_BUF_3_0|       pointer|
|A_BUF_3_1_din         |  out|   32|     ap_fifo|           A_BUF_3_1|       pointer|
|A_BUF_3_1_full_n      |   in|    1|     ap_fifo|           A_BUF_3_1|       pointer|
|A_BUF_3_1_write       |  out|    1|     ap_fifo|           A_BUF_3_1|       pointer|
|A_BUF_3_2_din         |  out|   32|     ap_fifo|           A_BUF_3_2|       pointer|
|A_BUF_3_2_full_n      |   in|    1|     ap_fifo|           A_BUF_3_2|       pointer|
|A_BUF_3_2_write       |  out|    1|     ap_fifo|           A_BUF_3_2|       pointer|
|A_BUF_3_3_din         |  out|   32|     ap_fifo|           A_BUF_3_3|       pointer|
|A_BUF_3_3_full_n      |   in|    1|     ap_fifo|           A_BUF_3_3|       pointer|
|A_BUF_3_3_write       |  out|    1|     ap_fifo|           A_BUF_3_3|       pointer|
|A_BUF_3_4_din         |  out|   32|     ap_fifo|           A_BUF_3_4|       pointer|
|A_BUF_3_4_full_n      |   in|    1|     ap_fifo|           A_BUF_3_4|       pointer|
|A_BUF_3_4_write       |  out|    1|     ap_fifo|           A_BUF_3_4|       pointer|
|A_BUF_3_5_din         |  out|   32|     ap_fifo|           A_BUF_3_5|       pointer|
|A_BUF_3_5_full_n      |   in|    1|     ap_fifo|           A_BUF_3_5|       pointer|
|A_BUF_3_5_write       |  out|    1|     ap_fifo|           A_BUF_3_5|       pointer|
|A_BUF_3_6_din         |  out|   32|     ap_fifo|           A_BUF_3_6|       pointer|
|A_BUF_3_6_full_n      |   in|    1|     ap_fifo|           A_BUF_3_6|       pointer|
|A_BUF_3_6_write       |  out|    1|     ap_fifo|           A_BUF_3_6|       pointer|
|A_BUF_3_7_din         |  out|   32|     ap_fifo|           A_BUF_3_7|       pointer|
|A_BUF_3_7_full_n      |   in|    1|     ap_fifo|           A_BUF_3_7|       pointer|
|A_BUF_3_7_write       |  out|    1|     ap_fifo|           A_BUF_3_7|       pointer|
|B_BUF_0_0             |  out|   32|      ap_vld|           B_BUF_0_0|       pointer|
|B_BUF_0_0_ap_vld      |  out|    1|      ap_vld|           B_BUF_0_0|       pointer|
|B_BUF_0_1             |  out|   32|      ap_vld|           B_BUF_0_1|       pointer|
|B_BUF_0_1_ap_vld      |  out|    1|      ap_vld|           B_BUF_0_1|       pointer|
|B_BUF_0_2             |  out|   32|      ap_vld|           B_BUF_0_2|       pointer|
|B_BUF_0_2_ap_vld      |  out|    1|      ap_vld|           B_BUF_0_2|       pointer|
|B_BUF_0_3             |  out|   32|      ap_vld|           B_BUF_0_3|       pointer|
|B_BUF_0_3_ap_vld      |  out|    1|      ap_vld|           B_BUF_0_3|       pointer|
|B_BUF_0_4             |  out|   32|      ap_vld|           B_BUF_0_4|       pointer|
|B_BUF_0_4_ap_vld      |  out|    1|      ap_vld|           B_BUF_0_4|       pointer|
|B_BUF_0_5             |  out|   32|      ap_vld|           B_BUF_0_5|       pointer|
|B_BUF_0_5_ap_vld      |  out|    1|      ap_vld|           B_BUF_0_5|       pointer|
|B_BUF_0_6             |  out|   32|      ap_vld|           B_BUF_0_6|       pointer|
|B_BUF_0_6_ap_vld      |  out|    1|      ap_vld|           B_BUF_0_6|       pointer|
|B_BUF_0_7             |  out|   32|      ap_vld|           B_BUF_0_7|       pointer|
|B_BUF_0_7_ap_vld      |  out|    1|      ap_vld|           B_BUF_0_7|       pointer|
|B_BUF_1_0             |  out|   32|      ap_vld|           B_BUF_1_0|       pointer|
|B_BUF_1_0_ap_vld      |  out|    1|      ap_vld|           B_BUF_1_0|       pointer|
|B_BUF_1_1             |  out|   32|      ap_vld|           B_BUF_1_1|       pointer|
|B_BUF_1_1_ap_vld      |  out|    1|      ap_vld|           B_BUF_1_1|       pointer|
|B_BUF_1_2             |  out|   32|      ap_vld|           B_BUF_1_2|       pointer|
|B_BUF_1_2_ap_vld      |  out|    1|      ap_vld|           B_BUF_1_2|       pointer|
|B_BUF_1_3             |  out|   32|      ap_vld|           B_BUF_1_3|       pointer|
|B_BUF_1_3_ap_vld      |  out|    1|      ap_vld|           B_BUF_1_3|       pointer|
|B_BUF_1_4             |  out|   32|      ap_vld|           B_BUF_1_4|       pointer|
|B_BUF_1_4_ap_vld      |  out|    1|      ap_vld|           B_BUF_1_4|       pointer|
|B_BUF_1_5             |  out|   32|      ap_vld|           B_BUF_1_5|       pointer|
|B_BUF_1_5_ap_vld      |  out|    1|      ap_vld|           B_BUF_1_5|       pointer|
|B_BUF_1_6             |  out|   32|      ap_vld|           B_BUF_1_6|       pointer|
|B_BUF_1_6_ap_vld      |  out|    1|      ap_vld|           B_BUF_1_6|       pointer|
|B_BUF_1_7             |  out|   32|      ap_vld|           B_BUF_1_7|       pointer|
|B_BUF_1_7_ap_vld      |  out|    1|      ap_vld|           B_BUF_1_7|       pointer|
|B_BUF_2_0             |  out|   32|      ap_vld|           B_BUF_2_0|       pointer|
|B_BUF_2_0_ap_vld      |  out|    1|      ap_vld|           B_BUF_2_0|       pointer|
|B_BUF_2_1             |  out|   32|      ap_vld|           B_BUF_2_1|       pointer|
|B_BUF_2_1_ap_vld      |  out|    1|      ap_vld|           B_BUF_2_1|       pointer|
|B_BUF_2_2             |  out|   32|      ap_vld|           B_BUF_2_2|       pointer|
|B_BUF_2_2_ap_vld      |  out|    1|      ap_vld|           B_BUF_2_2|       pointer|
|B_BUF_2_3             |  out|   32|      ap_vld|           B_BUF_2_3|       pointer|
|B_BUF_2_3_ap_vld      |  out|    1|      ap_vld|           B_BUF_2_3|       pointer|
|B_BUF_2_4             |  out|   32|      ap_vld|           B_BUF_2_4|       pointer|
|B_BUF_2_4_ap_vld      |  out|    1|      ap_vld|           B_BUF_2_4|       pointer|
|B_BUF_2_5             |  out|   32|      ap_vld|           B_BUF_2_5|       pointer|
|B_BUF_2_5_ap_vld      |  out|    1|      ap_vld|           B_BUF_2_5|       pointer|
|B_BUF_2_6             |  out|   32|      ap_vld|           B_BUF_2_6|       pointer|
|B_BUF_2_6_ap_vld      |  out|    1|      ap_vld|           B_BUF_2_6|       pointer|
|B_BUF_2_7             |  out|   32|      ap_vld|           B_BUF_2_7|       pointer|
|B_BUF_2_7_ap_vld      |  out|    1|      ap_vld|           B_BUF_2_7|       pointer|
|B_BUF_3_0             |  out|   32|      ap_vld|           B_BUF_3_0|       pointer|
|B_BUF_3_0_ap_vld      |  out|    1|      ap_vld|           B_BUF_3_0|       pointer|
|B_BUF_3_1             |  out|   32|      ap_vld|           B_BUF_3_1|       pointer|
|B_BUF_3_1_ap_vld      |  out|    1|      ap_vld|           B_BUF_3_1|       pointer|
|B_BUF_3_2             |  out|   32|      ap_vld|           B_BUF_3_2|       pointer|
|B_BUF_3_2_ap_vld      |  out|    1|      ap_vld|           B_BUF_3_2|       pointer|
|B_BUF_3_3             |  out|   32|      ap_vld|           B_BUF_3_3|       pointer|
|B_BUF_3_3_ap_vld      |  out|    1|      ap_vld|           B_BUF_3_3|       pointer|
|B_BUF_3_4             |  out|   32|      ap_vld|           B_BUF_3_4|       pointer|
|B_BUF_3_4_ap_vld      |  out|    1|      ap_vld|           B_BUF_3_4|       pointer|
|B_BUF_3_5             |  out|   32|      ap_vld|           B_BUF_3_5|       pointer|
|B_BUF_3_5_ap_vld      |  out|    1|      ap_vld|           B_BUF_3_5|       pointer|
|B_BUF_3_6             |  out|   32|      ap_vld|           B_BUF_3_6|       pointer|
|B_BUF_3_6_ap_vld      |  out|    1|      ap_vld|           B_BUF_3_6|       pointer|
|B_BUF_3_7             |  out|   32|      ap_vld|           B_BUF_3_7|       pointer|
|B_BUF_3_7_ap_vld      |  out|    1|      ap_vld|           B_BUF_3_7|       pointer|
|B_BUF_4_0             |  out|   32|      ap_vld|           B_BUF_4_0|       pointer|
|B_BUF_4_0_ap_vld      |  out|    1|      ap_vld|           B_BUF_4_0|       pointer|
|B_BUF_4_1             |  out|   32|      ap_vld|           B_BUF_4_1|       pointer|
|B_BUF_4_1_ap_vld      |  out|    1|      ap_vld|           B_BUF_4_1|       pointer|
|B_BUF_4_2             |  out|   32|      ap_vld|           B_BUF_4_2|       pointer|
|B_BUF_4_2_ap_vld      |  out|    1|      ap_vld|           B_BUF_4_2|       pointer|
|B_BUF_4_3             |  out|   32|      ap_vld|           B_BUF_4_3|       pointer|
|B_BUF_4_3_ap_vld      |  out|    1|      ap_vld|           B_BUF_4_3|       pointer|
|B_BUF_4_4             |  out|   32|      ap_vld|           B_BUF_4_4|       pointer|
|B_BUF_4_4_ap_vld      |  out|    1|      ap_vld|           B_BUF_4_4|       pointer|
|B_BUF_4_5             |  out|   32|      ap_vld|           B_BUF_4_5|       pointer|
|B_BUF_4_5_ap_vld      |  out|    1|      ap_vld|           B_BUF_4_5|       pointer|
|B_BUF_4_6             |  out|   32|      ap_vld|           B_BUF_4_6|       pointer|
|B_BUF_4_6_ap_vld      |  out|    1|      ap_vld|           B_BUF_4_6|       pointer|
|B_BUF_4_7             |  out|   32|      ap_vld|           B_BUF_4_7|       pointer|
|B_BUF_4_7_ap_vld      |  out|    1|      ap_vld|           B_BUF_4_7|       pointer|
|B_BUF_5_0             |  out|   32|      ap_vld|           B_BUF_5_0|       pointer|
|B_BUF_5_0_ap_vld      |  out|    1|      ap_vld|           B_BUF_5_0|       pointer|
|B_BUF_5_1             |  out|   32|      ap_vld|           B_BUF_5_1|       pointer|
|B_BUF_5_1_ap_vld      |  out|    1|      ap_vld|           B_BUF_5_1|       pointer|
|B_BUF_5_2             |  out|   32|      ap_vld|           B_BUF_5_2|       pointer|
|B_BUF_5_2_ap_vld      |  out|    1|      ap_vld|           B_BUF_5_2|       pointer|
|B_BUF_5_3             |  out|   32|      ap_vld|           B_BUF_5_3|       pointer|
|B_BUF_5_3_ap_vld      |  out|    1|      ap_vld|           B_BUF_5_3|       pointer|
|B_BUF_5_4             |  out|   32|      ap_vld|           B_BUF_5_4|       pointer|
|B_BUF_5_4_ap_vld      |  out|    1|      ap_vld|           B_BUF_5_4|       pointer|
|B_BUF_5_5             |  out|   32|      ap_vld|           B_BUF_5_5|       pointer|
|B_BUF_5_5_ap_vld      |  out|    1|      ap_vld|           B_BUF_5_5|       pointer|
|B_BUF_5_6             |  out|   32|      ap_vld|           B_BUF_5_6|       pointer|
|B_BUF_5_6_ap_vld      |  out|    1|      ap_vld|           B_BUF_5_6|       pointer|
|B_BUF_5_7             |  out|   32|      ap_vld|           B_BUF_5_7|       pointer|
|B_BUF_5_7_ap_vld      |  out|    1|      ap_vld|           B_BUF_5_7|       pointer|
|B_BUF_6_0             |  out|   32|      ap_vld|           B_BUF_6_0|       pointer|
|B_BUF_6_0_ap_vld      |  out|    1|      ap_vld|           B_BUF_6_0|       pointer|
|B_BUF_6_1             |  out|   32|      ap_vld|           B_BUF_6_1|       pointer|
|B_BUF_6_1_ap_vld      |  out|    1|      ap_vld|           B_BUF_6_1|       pointer|
|B_BUF_6_2             |  out|   32|      ap_vld|           B_BUF_6_2|       pointer|
|B_BUF_6_2_ap_vld      |  out|    1|      ap_vld|           B_BUF_6_2|       pointer|
|B_BUF_6_3             |  out|   32|      ap_vld|           B_BUF_6_3|       pointer|
|B_BUF_6_3_ap_vld      |  out|    1|      ap_vld|           B_BUF_6_3|       pointer|
|B_BUF_6_4             |  out|   32|      ap_vld|           B_BUF_6_4|       pointer|
|B_BUF_6_4_ap_vld      |  out|    1|      ap_vld|           B_BUF_6_4|       pointer|
|B_BUF_6_5             |  out|   32|      ap_vld|           B_BUF_6_5|       pointer|
|B_BUF_6_5_ap_vld      |  out|    1|      ap_vld|           B_BUF_6_5|       pointer|
|B_BUF_6_6             |  out|   32|      ap_vld|           B_BUF_6_6|       pointer|
|B_BUF_6_6_ap_vld      |  out|    1|      ap_vld|           B_BUF_6_6|       pointer|
|B_BUF_6_7             |  out|   32|      ap_vld|           B_BUF_6_7|       pointer|
|B_BUF_6_7_ap_vld      |  out|    1|      ap_vld|           B_BUF_6_7|       pointer|
|B_BUF_7_0             |  out|   32|      ap_vld|           B_BUF_7_0|       pointer|
|B_BUF_7_0_ap_vld      |  out|    1|      ap_vld|           B_BUF_7_0|       pointer|
|B_BUF_7_1             |  out|   32|      ap_vld|           B_BUF_7_1|       pointer|
|B_BUF_7_1_ap_vld      |  out|    1|      ap_vld|           B_BUF_7_1|       pointer|
|B_BUF_7_2             |  out|   32|      ap_vld|           B_BUF_7_2|       pointer|
|B_BUF_7_2_ap_vld      |  out|    1|      ap_vld|           B_BUF_7_2|       pointer|
|B_BUF_7_3             |  out|   32|      ap_vld|           B_BUF_7_3|       pointer|
|B_BUF_7_3_ap_vld      |  out|    1|      ap_vld|           B_BUF_7_3|       pointer|
|B_BUF_7_4             |  out|   32|      ap_vld|           B_BUF_7_4|       pointer|
|B_BUF_7_4_ap_vld      |  out|    1|      ap_vld|           B_BUF_7_4|       pointer|
|B_BUF_7_5             |  out|   32|      ap_vld|           B_BUF_7_5|       pointer|
|B_BUF_7_5_ap_vld      |  out|    1|      ap_vld|           B_BUF_7_5|       pointer|
|B_BUF_7_6             |  out|   32|      ap_vld|           B_BUF_7_6|       pointer|
|B_BUF_7_6_ap_vld      |  out|    1|      ap_vld|           B_BUF_7_6|       pointer|
|B_BUF_7_7             |  out|   32|      ap_vld|           B_BUF_7_7|       pointer|
|B_BUF_7_7_ap_vld      |  out|    1|      ap_vld|           B_BUF_7_7|       pointer|
|ap_clk                |   in|    1|  ap_ctrl_hs|  loadInputsFromDRAM|  return value|
|ap_rst                |   in|    1|  ap_ctrl_hs|  loadInputsFromDRAM|  return value|
|ap_start              |   in|    1|  ap_ctrl_hs|  loadInputsFromDRAM|  return value|
|ap_done               |  out|    1|  ap_ctrl_hs|  loadInputsFromDRAM|  return value|
|ap_ready              |  out|    1|  ap_ctrl_hs|  loadInputsFromDRAM|  return value|
|ap_idle               |  out|    1|  ap_ctrl_hs|  loadInputsFromDRAM|  return value|
|ap_continue           |   in|    1|  ap_ctrl_hs|  loadInputsFromDRAM|  return value|
+----------------------+-----+-----+------------+--------------------+--------------+

