

================================================================
== Vitis HLS Report for 'PE_6'
================================================================
* Date:           Thu Jul 23 18:41:34 2026

* Version:        2023.2 (Build 4023990 on Oct 11 2023)
* Project:        hls_project
* Solution:       gemm2 (Vitis Kernel Flow Target)
* Product family: versalaicore
* Target device:  xcvc1902-vsva2197-2MP-e-S


================================================================
== Performance Estimates
================================================================
+ Timing: 
    * Summary: 
    +--------+---------+----------+------------+
    |  Clock |  Target | Estimated| Uncertainty|
    +--------+---------+----------+------------+
    |ap_clk  |  3.33 ns|  2.234 ns|     0.90 ns|
    +--------+---------+----------+------------+

+ Latency: 
    * Summary: 
    +---------+---------+-----------+-----------+-----+-----+------------------------------------------+
    |  Latency (cycles) |   Latency (absolute)  |  Interval |                 Pipeline                 |
    |   min   |   max   |    min    |    max    | min | max |                   Type                   |
    +---------+---------+-----------+-----------+-----+-----+------------------------------------------+
    |       10|       11|  33.330 ns|  36.663 ns|    8|    8|  loop rewind stp(delay=0 clock cycles(s))|
    +---------+---------+-----------+-----------+-----+-----+------------------------------------------+

    + Detail: 
        * Instance: 
        N/A

        * Loop: 
        +------------------+---------+---------+----------+-----------+-----------+------+----------+
        |                  |  Latency (cycles) | Iteration|  Initiation Interval  | Trip |          |
        |     Loop Name    |   min   |   max   |  Latency |  achieved |   target  | Count| Pipelined|
        +------------------+---------+---------+----------+-----------+-----------+------+----------+
        |- VITIS_LOOP_8_1  |       10|       10|         4|          1|          1|     8|       yes|
        +------------------+---------+---------+----------+-----------+-----------+------+----------+



================================================================
== Utilization Estimates
================================================================
* Summary: 
+-----------------+---------+------+---------+--------+-----+
|       Name      | BRAM_18K|  DSP |    FF   |   LUT  | URAM|
+-----------------+---------+------+---------+--------+-----+
|DSP              |        -|     -|        -|       -|    -|
|Expression       |        -|     -|        0|      22|    -|
|FIFO             |        -|     -|        -|       -|    -|
|Instance         |        -|     1|        5|       2|    -|
|Memory           |        -|     -|        -|       -|    -|
|Multiplexer      |        -|     -|        -|      26|    -|
|Register         |        -|     -|       82|       2|    -|
+-----------------+---------+------+---------+--------+-----+
|Total            |        0|     1|       87|      52|    0|
+-----------------+---------+------+---------+--------+-----+
|Available        |     1934|  1968|  1799680|  899840|  463|
+-----------------+---------+------+---------+--------+-----+
|Utilization (%)  |        0|    ~0|       ~0|      ~0|    0|
+-----------------+---------+------+---------+--------+-----+

+ Detail: 
    * Instance: 
    +----------------------------------------------------+-----------------------------------------------+---------+----+---+----+-----+
    |                      Instance                      |                     Module                    | BRAM_18K| DSP| FF| LUT| URAM|
    +----------------------------------------------------+-----------------------------------------------+---------+----+---+----+-----+
    |fmacc_32ns_32ns_32ns_1ns_32_3_primitive_dsp_1_U587  |fmacc_32ns_32ns_32ns_1ns_32_3_primitive_dsp_1  |        0|   1|  5|   2|    0|
    +----------------------------------------------------+-----------------------------------------------+---------+----+---+----+-----+
    |Total                                               |                                               |        0|   1|  5|   2|    0|
    +----------------------------------------------------+-----------------------------------------------+---------+----+---+----+-----+

    * DSP: 
    N/A

    * Memory: 
    N/A

    * FIFO: 
    N/A

    * Expression: 
    +----------------------------------+----------+----+---+----+------------+------------+
    |           Variable Name          | Operation| DSP| FF| LUT| Bitwidth P0| Bitwidth P1|
    +----------------------------------+----------+----+---+----+------------+------------+
    |k_fu_93_p2                        |         +|   0|  0|   5|           3|           1|
    |ap_block_state5_pp0_stage0_iter3  |       and|   0|  0|   2|           1|           1|
    |ap_condition_165                  |       and|   0|  0|   2|           1|           1|
    |icmp_ln8_fu_99_p2                 |      icmp|   0|  0|   5|           3|           2|
    |ap_block_pp0_stage0_01001         |        or|   0|  0|   2|           1|           1|
    |ap_block_state1                   |        or|   0|  0|   2|           1|           1|
    |ap_block_state2_pp0_stage0_iter0  |        or|   0|  0|   2|           1|           1|
    |ap_enable_pp0                     |       xor|   0|  0|   2|           1|           2|
    +----------------------------------+----------+----+---+----+------------+------------+
    |Total                             |          |   0|  0|  22|          12|          10|
    +----------------------------------+----------+----+---+----+------------+------------+

    * Multiplexer: 
    +-------------------------------+----+-----------+-----+-----------+
    |              Name             | LUT| Input Size| Bits| Total Bits|
    +-------------------------------+----+-----------+-----+-----------+
    |A_stream_0_6_blk_n             |   2|          2|    1|          2|
    |A_stream_0_7_blk_n             |   2|          2|    1|          2|
    |B_stream_0_6_blk_n             |   2|          2|    1|          2|
    |B_stream_1_6_blk_n             |   2|          2|    1|          2|
    |C_stream_0_6_blk_n             |   2|          2|    1|          2|
    |ap_NS_fsm                      |   2|          3|    1|          3|
    |ap_done                        |   2|          2|    1|          2|
    |ap_enable_reg_pp0_iter1        |   2|          2|    1|          2|
    |ap_enable_reg_pp0_iter3        |   2|          2|    1|          2|
    |ap_phi_mux_k_021_phi_fu_83_p6  |   3|          3|    3|          9|
    |k_021_reg_79                   |   3|          2|    3|          6|
    |real_start                     |   2|          2|    1|          2|
    +-------------------------------+----+-----------+-----+-----------+
    |Total                          |  26|         26|   16|         36|
    +-------------------------------+----+-----------+-----+-----------+

    * Register: 
    +---------------------------+----+----+-----+-----------+
    |            Name           | FF | LUT| Bits| Const Bits|
    +---------------------------+----+----+-----+-----------+
    |A_stream_0_6_read_reg_153  |  32|   0|   32|          0|
    |B_stream_0_6_read_reg_158  |  32|   0|   32|          0|
    |ap_CS_fsm                  |   2|   0|    2|          0|
    |ap_done_reg                |   1|   0|    1|          0|
    |ap_enable_reg_pp0_iter1    |   1|   0|    1|          0|
    |ap_enable_reg_pp0_iter2    |   1|   0|    1|          0|
    |ap_enable_reg_pp0_iter3    |   1|   0|    1|          0|
    |icmp_ln8_reg_148           |   1|   0|    1|          0|
    |k_021_reg_79               |   3|   0|    3|          0|
    |k_reg_143                  |   3|   0|    3|          0|
    |start_once_reg             |   1|   0|    1|          0|
    |icmp_ln8_reg_148           |   4|   2|    1|          0|
    +---------------------------+----+----+-----+-----------+
    |Total                      |  82|   2|   79|          0|
    +---------------------------+----+----+-----+-----------+



================================================================
== Interface
================================================================
* Summary: 
+-----------------------------+-----+-----+------------+--------------+--------------+
|          RTL Ports          | Dir | Bits|  Protocol  | Source Object|    C Type    |
+-----------------------------+-----+-----+------------+--------------+--------------+
|ap_clk                       |   in|    1|  ap_ctrl_hs|          PE.6|  return value|
|ap_rst                       |   in|    1|  ap_ctrl_hs|          PE.6|  return value|
|ap_start                     |   in|    1|  ap_ctrl_hs|          PE.6|  return value|
|start_full_n                 |   in|    1|  ap_ctrl_hs|          PE.6|  return value|
|ap_done                      |  out|    1|  ap_ctrl_hs|          PE.6|  return value|
|ap_continue                  |   in|    1|  ap_ctrl_hs|          PE.6|  return value|
|ap_idle                      |  out|    1|  ap_ctrl_hs|          PE.6|  return value|
|ap_ready                     |  out|    1|  ap_ctrl_hs|          PE.6|  return value|
|start_out                    |  out|    1|  ap_ctrl_hs|          PE.6|  return value|
|start_write                  |  out|    1|  ap_ctrl_hs|          PE.6|  return value|
|A_stream_0_6_dout            |   in|   32|     ap_fifo|  A_stream_0_6|       pointer|
|A_stream_0_6_num_data_valid  |   in|    4|     ap_fifo|  A_stream_0_6|       pointer|
|A_stream_0_6_fifo_cap        |   in|    4|     ap_fifo|  A_stream_0_6|       pointer|
|A_stream_0_6_empty_n         |   in|    1|     ap_fifo|  A_stream_0_6|       pointer|
|A_stream_0_6_read            |  out|    1|     ap_fifo|  A_stream_0_6|       pointer|
|B_stream_0_6_dout            |   in|   32|     ap_fifo|  B_stream_0_6|       pointer|
|B_stream_0_6_num_data_valid  |   in|    4|     ap_fifo|  B_stream_0_6|       pointer|
|B_stream_0_6_fifo_cap        |   in|    4|     ap_fifo|  B_stream_0_6|       pointer|
|B_stream_0_6_empty_n         |   in|    1|     ap_fifo|  B_stream_0_6|       pointer|
|B_stream_0_6_read            |  out|    1|     ap_fifo|  B_stream_0_6|       pointer|
|A_stream_0_7_din             |  out|   32|     ap_fifo|  A_stream_0_7|       pointer|
|A_stream_0_7_num_data_valid  |   in|    4|     ap_fifo|  A_stream_0_7|       pointer|
|A_stream_0_7_fifo_cap        |   in|    4|     ap_fifo|  A_stream_0_7|       pointer|
|A_stream_0_7_full_n          |   in|    1|     ap_fifo|  A_stream_0_7|       pointer|
|A_stream_0_7_write           |  out|    1|     ap_fifo|  A_stream_0_7|       pointer|
|B_stream_1_6_din             |  out|   32|     ap_fifo|  B_stream_1_6|       pointer|
|B_stream_1_6_num_data_valid  |   in|    4|     ap_fifo|  B_stream_1_6|       pointer|
|B_stream_1_6_fifo_cap        |   in|    4|     ap_fifo|  B_stream_1_6|       pointer|
|B_stream_1_6_full_n          |   in|    1|     ap_fifo|  B_stream_1_6|       pointer|
|B_stream_1_6_write           |  out|    1|     ap_fifo|  B_stream_1_6|       pointer|
|C_stream_0_6_din             |  out|   32|     ap_fifo|  C_stream_0_6|       pointer|
|C_stream_0_6_num_data_valid  |   in|    4|     ap_fifo|  C_stream_0_6|       pointer|
|C_stream_0_6_fifo_cap        |   in|    4|     ap_fifo|  C_stream_0_6|       pointer|
|C_stream_0_6_full_n          |   in|    1|     ap_fifo|  C_stream_0_6|       pointer|
|C_stream_0_6_write           |  out|    1|     ap_fifo|  C_stream_0_6|       pointer|
+-----------------------------+-----+-----+------------+--------------+--------------+

