

================================================================
== Vitis HLS Report for 'run_11'
================================================================
* Date:           Thu Jul 16 14:01:23 2026

* Version:        2023.2 (Build 4023990 on Oct 11 2023)
* Project:        hls_project
* Solution:       gemm2 (Vitis Kernel Flow Target)
* Product family: versalaicore
* Target device:  xcvc1902-vsva2197-2MP-e-S


================================================================
== Performance Estimates
================================================================
+ Timing: 
    * Summary: 
    +--------+---------+----------+------------+
    |  Clock |  Target | Estimated| Uncertainty|
    +--------+---------+----------+------------+
    |ap_clk  |  3.33 ns|  2.140 ns|     0.90 ns|
    +--------+---------+----------+------------+

+ Latency: 
    * Summary: 
    +---------+---------+-----------+-----------+-----+-----+---------+
    |  Latency (cycles) |   Latency (absolute)  |  Interval | Pipeline|
    |   min   |   max   |    min    |    max    | min | max |   Type  |
    +---------+---------+-----------+-----------+-----+-----+---------+
    |       21|       25|  69.993 ns|  83.325 ns|   21|   25|       no|
    +---------+---------+-----------+-----------+-----+-----+---------+

    + Detail: 
        * Instance: 
        +----------------+-------+---------+---------+----------+----------+-----+-----+----------+
        |                |       |  Latency (cycles) |  Latency (absolute) |  Interval | Pipeline |
        |    Instance    | Module|   min   |   max   |    min   |    max   | min | max |   Type   |
        +----------------+-------+---------+---------+----------+----------+-----+-----+----------+
        |grp_calc_fu_83  |calc   |        3|        3|  9.999 ns|  9.999 ns|    4|    4|  dataflow|
        +----------------+-------+---------+---------+----------+----------+-----+-----+----------+

        * Loop: 
        +-------------------+---------+---------+----------+-----------+-----------+------+----------+
        |                   |  Latency (cycles) | Iteration|  Initiation Interval  | Trip |          |
        |     Loop Name     |   min   |   max   |  Latency |  achieved |   target  | Count| Pipelined|
        +-------------------+---------+---------+----------+-----------+-----------+------+----------+
        |- VITIS_LOOP_25_1  |       21|       24|     6 ~ 7|          -|          -|     4|        no|
        +-------------------+---------+---------+----------+-----------+-----------+------+----------+



================================================================
== Utilization Estimates
================================================================
* Summary: 
+-----------------+---------+------+---------+--------+-----+
|       Name      | BRAM_18K|  DSP |    FF   |   LUT  | URAM|
+-----------------+---------+------+---------+--------+-----+
|DSP              |        -|     -|        -|       -|    -|
|Expression       |        -|     -|        0|      16|    -|
|FIFO             |        -|     -|        -|       -|    -|
|Instance         |        -|     1|      103|      51|    -|
|Memory           |        -|     -|        -|       -|    -|
|Multiplexer      |        -|     -|        -|     118|    -|
|Register         |        -|     -|       47|       -|    -|
+-----------------+---------+------+---------+--------+-----+
|Total            |        0|     1|      150|     185|    0|
+-----------------+---------+------+---------+--------+-----+
|Available        |     1934|  1968|  1799680|  899840|  463|
+-----------------+---------+------+---------+--------+-----+
|Utilization (%)  |        0|    ~0|       ~0|      ~0|    0|
+-----------------+---------+------+---------+--------+-----+

+ Detail: 
    * Instance: 
    +----------------+-------+---------+----+-----+----+-----+
    |    Instance    | Module| BRAM_18K| DSP|  FF | LUT| URAM|
    +----------------+-------+---------+----+-----+----+-----+
    |grp_calc_fu_83  |calc   |        0|   1|  103|  51|    0|
    +----------------+-------+---------+----+-----+----+-----+
    |Total           |       |        0|   1|  103|  51|    0|
    +----------------+-------+---------+----+-----+----+-----+

    * DSP: 
    N/A

    * Memory: 
    N/A

    * FIFO: 
    N/A

    * Expression: 
    +---------------------------------+----------+----+---+----+------------+------------+
    |          Variable Name          | Operation| DSP| FF| LUT| Bitwidth P0| Bitwidth P1|
    +---------------------------------+----------+----+---+----+------------+------------+
    |k_fu_116_p2                      |         +|   0|  0|   5|           2|           1|
    |icmp_ln25_fu_126_p2              |      icmp|   0|  0|   5|           2|           2|
    |ap_block_state1                  |        or|   0|  0|   2|           1|           1|
    |ap_sync_grp_calc_fu_83_ap_done   |        or|   0|  0|   2|           1|           1|
    |ap_sync_grp_calc_fu_83_ap_ready  |        or|   0|  0|   2|           1|           1|
    +---------------------------------+----------+----+---+----+------------+------------+
    |Total                            |          |   0|  0|  16|           7|           6|
    +---------------------------------+----------+----+---+----+------------+------------+

    * Multiplexer: 
    +------------------------------------------------------+----+-----------+-----+-----------+
    |                         Name                         | LUT| Input Size| Bits| Total Bits|
    +------------------------------------------------------+----+-----------+-----+-----------+
    |A_stream_2_3_read                                     |   2|          2|    1|          2|
    |A_stream_2_4_write                                    |   2|          2|    1|          2|
    |B_stream_2_3_read                                     |   2|          2|    1|          2|
    |B_stream_3_3_write                                    |   2|          2|    1|          2|
    |C_stream_2_3_blk_n                                    |   2|          2|    1|          2|
    |ap_NS_fsm                                             |   6|          6|    1|          6|
    |ap_done                                               |   2|          2|    1|          2|
    |ap_sig_allocacmp_systolic_array_2_3_constprop_load_1  |  32|          2|   32|         64|
    |grp_load_fu_102_p1                                    |  32|          3|   32|         96|
    |k_011_reg_69                                          |   2|          2|    2|          4|
    |systolic_array_2_3_constprop_o                        |  32|          3|   32|         96|
    |systolic_array_2_3_constprop_o_ap_vld                 |   2|          3|    1|          3|
    +------------------------------------------------------+----+-----------+-----+-----------+
    |Total                                                 | 118|         31|  106|        281|
    +------------------------------------------------------+----+-----------+-----+-----------+

    * Register: 
    +---------------------------------------------+----+----+-----+-----------+
    |                     Name                    | FF | LUT| Bits| Const Bits|
    +---------------------------------------------+----+----+-----+-----------+
    |ap_CS_fsm                                    |   5|   0|    5|          0|
    |ap_done_reg                                  |   1|   0|    1|          0|
    |ap_sync_reg_grp_calc_fu_83_ap_done           |   1|   0|    1|          0|
    |ap_sync_reg_grp_calc_fu_83_ap_ready          |   1|   0|    1|          0|
    |do_init_reg_53                               |   1|   0|    1|          0|
    |grp_calc_fu_83_ap_start_reg                  |   1|   0|    1|          0|
    |icmp_ln25_reg_153                            |   1|   0|    1|          0|
    |k_011_reg_69                                 |   2|   0|    2|          0|
    |k_reg_143                                    |   2|   0|    2|          0|
    |systolic_array_2_3_constprop_load_1_reg_148  |  32|   0|   32|          0|
    +---------------------------------------------+----+----+-----+-----------+
    |Total                                        |  47|   0|   47|          0|
    +---------------------------------------------+----+----+-----+-----------+



================================================================
== Interface
================================================================
* Summary: 
+---------------------------------------+-----+-----+------------+------------------------------+--------------+
|               RTL Ports               | Dir | Bits|  Protocol  |         Source Object        |    C Type    |
+---------------------------------------+-----+-----+------------+------------------------------+--------------+
|ap_clk                                 |   in|    1|  ap_ctrl_hs|                        run.11|  return value|
|ap_rst                                 |   in|    1|  ap_ctrl_hs|                        run.11|  return value|
|ap_start                               |   in|    1|  ap_ctrl_hs|                        run.11|  return value|
|ap_done                                |  out|    1|  ap_ctrl_hs|                        run.11|  return value|
|ap_continue                            |   in|    1|  ap_ctrl_hs|                        run.11|  return value|
|ap_idle                                |  out|    1|  ap_ctrl_hs|                        run.11|  return value|
|ap_ready                               |  out|    1|  ap_ctrl_hs|                        run.11|  return value|
|A_stream_2_3_dout                      |   in|   32|     ap_fifo|                  A_stream_2_3|       pointer|
|A_stream_2_3_num_data_valid            |   in|    3|     ap_fifo|                  A_stream_2_3|       pointer|
|A_stream_2_3_fifo_cap                  |   in|    3|     ap_fifo|                  A_stream_2_3|       pointer|
|A_stream_2_3_empty_n                   |   in|    1|     ap_fifo|                  A_stream_2_3|       pointer|
|A_stream_2_3_read                      |  out|    1|     ap_fifo|                  A_stream_2_3|       pointer|
|B_stream_2_3_dout                      |   in|   32|     ap_fifo|                  B_stream_2_3|       pointer|
|B_stream_2_3_num_data_valid            |   in|    3|     ap_fifo|                  B_stream_2_3|       pointer|
|B_stream_2_3_fifo_cap                  |   in|    3|     ap_fifo|                  B_stream_2_3|       pointer|
|B_stream_2_3_empty_n                   |   in|    1|     ap_fifo|                  B_stream_2_3|       pointer|
|B_stream_2_3_read                      |  out|    1|     ap_fifo|                  B_stream_2_3|       pointer|
|A_stream_2_4_din                       |  out|   32|     ap_fifo|                  A_stream_2_4|       pointer|
|A_stream_2_4_num_data_valid            |   in|    3|     ap_fifo|                  A_stream_2_4|       pointer|
|A_stream_2_4_fifo_cap                  |   in|    3|     ap_fifo|                  A_stream_2_4|       pointer|
|A_stream_2_4_full_n                    |   in|    1|     ap_fifo|                  A_stream_2_4|       pointer|
|A_stream_2_4_write                     |  out|    1|     ap_fifo|                  A_stream_2_4|       pointer|
|B_stream_3_3_din                       |  out|   32|     ap_fifo|                  B_stream_3_3|       pointer|
|B_stream_3_3_num_data_valid            |   in|    3|     ap_fifo|                  B_stream_3_3|       pointer|
|B_stream_3_3_fifo_cap                  |   in|    3|     ap_fifo|                  B_stream_3_3|       pointer|
|B_stream_3_3_full_n                    |   in|    1|     ap_fifo|                  B_stream_3_3|       pointer|
|B_stream_3_3_write                     |  out|    1|     ap_fifo|                  B_stream_3_3|       pointer|
|C_stream_2_3_din                       |  out|   32|     ap_fifo|                  C_stream_2_3|       pointer|
|C_stream_2_3_num_data_valid            |   in|    3|     ap_fifo|                  C_stream_2_3|       pointer|
|C_stream_2_3_fifo_cap                  |   in|    3|     ap_fifo|                  C_stream_2_3|       pointer|
|C_stream_2_3_full_n                    |   in|    1|     ap_fifo|                  C_stream_2_3|       pointer|
|C_stream_2_3_write                     |  out|    1|     ap_fifo|                  C_stream_2_3|       pointer|
|systolic_array_2_3_constprop_i         |   in|   32|     ap_ovld|  systolic_array_2_3_constprop|       pointer|
|systolic_array_2_3_constprop_o         |  out|   32|     ap_ovld|  systolic_array_2_3_constprop|       pointer|
|systolic_array_2_3_constprop_o_ap_vld  |  out|    1|     ap_ovld|  systolic_array_2_3_constprop|       pointer|
+---------------------------------------+-----+-----+------------+------------------------------+--------------+

