

================================================================
== Vitis HLS Report for 'run_26'
================================================================
* Date:           Mon Jul 20 18:30:07 2026

* Version:        2023.2 (Build 4023990 on Oct 11 2023)
* Project:        hls_project
* Solution:       gemm2 (Vitis Kernel Flow Target)
* Product family: versalaicore
* Target device:  xcvc1902-vsva2197-2MP-e-S


================================================================
== Performance Estimates
================================================================
+ Timing: 
    * Summary: 
    +--------+---------+----------+------------+
    |  Clock |  Target | Estimated| Uncertainty|
    +--------+---------+----------+------------+
    |ap_clk  |  3.33 ns|  2.234 ns|     0.90 ns|
    +--------+---------+----------+------------+

+ Latency: 
    * Summary: 
    +---------+---------+-----------+-----------+-----+-----+------------------------------------------+
    |  Latency (cycles) |   Latency (absolute)  |  Interval |                 Pipeline                 |
    |   min   |   max   |    min    |    max    | min | max |                   Type                   |
    +---------+---------+-----------+-----------+-----+-----+------------------------------------------+
    |       25|       26|  83.325 ns|  86.658 ns|   24|   24|  loop rewind stp(delay=0 clock cycles(s))|
    +---------+---------+-----------+-----------+-----+-----+------------------------------------------+

    + Detail: 
        * Instance: 
        +----------------+-------+---------+---------+----------+----------+-----+-----+---------+
        |                |       |  Latency (cycles) |  Latency (absolute) |  Interval | Pipeline|
        |    Instance    | Module|   min   |   max   |    min   |    max   | min | max |   Type  |
        +----------------+-------+---------+---------+----------+----------+-----+-----+---------+
        |grp_calc_fu_80  |calc   |        3|        3|  9.999 ns|  9.999 ns|    1|    1|      yes|
        +----------------+-------+---------+---------+----------+----------+-----+-----+---------+

        * Loop: 
        +-------------------+---------+---------+----------+-----------+-----------+------+----------+
        |                   |  Latency (cycles) | Iteration|  Initiation Interval  | Trip |          |
        |     Loop Name     |   min   |   max   |  Latency |  achieved |   target  | Count| Pipelined|
        +-------------------+---------+---------+----------+-----------+-----------+------+----------+
        |- VITIS_LOOP_24_1  |       25|       25|         5|          3|          1|     8|       yes|
        +-------------------+---------+---------+----------+-----------+-----------+------+----------+



================================================================
== Utilization Estimates
================================================================
* Summary: 
+-----------------+---------+------+---------+--------+-----+
|       Name      | BRAM_18K|  DSP |    FF   |   LUT  | URAM|
+-----------------+---------+------+---------+--------+-----+
|DSP              |        -|     -|        -|       -|    -|
|Expression       |        -|     -|        0|      24|    -|
|FIFO             |        -|     -|        -|       -|    -|
|Instance         |        -|     1|      102|      17|    -|
|Memory           |        -|     -|        -|       -|    -|
|Multiplexer      |        -|     -|        -|     100|    -|
|Register         |        -|     -|       47|       -|    -|
+-----------------+---------+------+---------+--------+-----+
|Total            |        0|     1|      149|     141|    0|
+-----------------+---------+------+---------+--------+-----+
|Available        |     1934|  1968|  1799680|  899840|  463|
+-----------------+---------+------+---------+--------+-----+
|Utilization (%)  |        0|    ~0|       ~0|      ~0|    0|
+-----------------+---------+------+---------+--------+-----+

+ Detail: 
    * Instance: 
    +----------------+-------+---------+----+-----+----+-----+
    |    Instance    | Module| BRAM_18K| DSP|  FF | LUT| URAM|
    +----------------+-------+---------+----+-----+----+-----+
    |grp_calc_fu_80  |calc   |        0|   1|  102|  17|    0|
    +----------------+-------+---------+----+-----+----+-----+
    |Total           |       |        0|   1|  102|  17|    0|
    +----------------+-------+---------+----+-----+----+-----+

    * DSP: 
    N/A

    * Memory: 
    N/A

    * FIFO: 
    N/A

    * Expression: 
    +------------------------------------------+----------+----+---+----+------------+------------+
    |               Variable Name              | Operation| DSP| FF| LUT| Bitwidth P0| Bitwidth P1|
    +------------------------------------------+----------+----+---+----+------------+------------+
    |k_fu_94_p2                                |         +|   0|  0|   5|           3|           1|
    |ap_block_pp0_stage1_11001_ignoreCallOp16  |       and|   0|  0|   2|           1|           1|
    |ap_block_state6_pp0_stage1_iter1          |       and|   0|  0|   2|           1|           1|
    |ap_condition_96                           |       and|   0|  0|   2|           1|           1|
    |icmp_ln24_fu_100_p2                       |      icmp|   0|  0|   5|           3|           2|
    |ap_block_pp0_stage1_01001                 |        or|   0|  0|   2|           1|           1|
    |ap_block_state1                           |        or|   0|  0|   2|           1|           1|
    |ap_block_state3_pp0_stage1_iter0          |        or|   0|  0|   2|           1|           1|
    |ap_enable_pp0                             |       xor|   0|  0|   2|           1|           2|
    +------------------------------------------+----------+----+---+----+------------+------------+
    |Total                                     |          |   0|  0|  24|          13|          11|
    +------------------------------------------+----------+----+---+----+------------+------------+

    * Multiplexer: 
    +-------------------------------------------------------+----+-----------+-----+-----------+
    |                          Name                         | LUT| Input Size| Bits| Total Bits|
    +-------------------------------------------------------+----+-----------+-----+-----------+
    |A_stream_3_2_blk_n                                     |   2|          2|    1|          2|
    |A_stream_3_2_read                                      |   2|          2|    1|          2|
    |A_stream_3_3_blk_n                                     |   2|          2|    1|          2|
    |A_stream_3_3_write                                     |   2|          2|    1|          2|
    |B_stream_3_2_blk_n                                     |   2|          2|    1|          2|
    |B_stream_3_2_read                                      |   2|          2|    1|          2|
    |B_stream_4_2_blk_n                                     |   2|          2|    1|          2|
    |B_stream_4_2_write                                     |   2|          2|    1|          2|
    |C_stream_3_2_blk_n                                     |   2|          2|    1|          2|
    |ap_NS_fsm                                              |   6|          5|    1|          5|
    |ap_done                                                |   2|          2|    1|          2|
    |ap_enable_reg_pp0_iter0                                |   2|          2|    1|          2|
    |ap_enable_reg_pp0_iter1                                |   2|          2|    1|          2|
    |ap_phi_mux_k_013_phi_fu_55_p6                          |   3|          3|    3|          9|
    |ap_phi_mux_systolic_array_3_2_constprop2_phi_fu_69_p6  |  32|          3|   32|         96|
    |k_013_reg_51                                           |   3|          2|    3|          6|
    |systolic_array_3_2_constprop2_reg_65                   |  32|          2|   32|         64|
    +-------------------------------------------------------+----+-----------+-----+-----------+
    |Total                                                  | 100|         39|   83|        204|
    +-------------------------------------------------------+----+-----------+-----+-----------+

    * Register: 
    +--------------------------------------+----+----+-----+-----------+
    |                 Name                 | FF | LUT| Bits| Const Bits|
    +--------------------------------------+----+----+-----+-----------+
    |ap_CS_fsm                             |   4|   0|    4|          0|
    |ap_done_reg                           |   1|   0|    1|          0|
    |ap_enable_reg_pp0_iter0_reg           |   1|   0|    1|          0|
    |ap_enable_reg_pp0_iter1               |   1|   0|    1|          0|
    |grp_calc_fu_80_ap_start_reg           |   1|   0|    1|          0|
    |icmp_ln24_reg_122                     |   1|   0|    1|          0|
    |k_013_reg_51                          |   3|   0|    3|          0|
    |k_reg_117                             |   3|   0|    3|          0|
    |systolic_array_3_2_constprop2_reg_65  |  32|   0|   32|          0|
    +--------------------------------------+----+----+-----+-----------+
    |Total                                 |  47|   0|   47|          0|
    +--------------------------------------+----+----+-----+-----------+



================================================================
== Interface
================================================================
* Summary: 
+-----------------------------+-----+-----+------------+--------------+--------------+
|          RTL Ports          | Dir | Bits|  Protocol  | Source Object|    C Type    |
+-----------------------------+-----+-----+------------+--------------+--------------+
|ap_clk                       |   in|    1|  ap_ctrl_hs|        run.26|  return value|
|ap_rst                       |   in|    1|  ap_ctrl_hs|        run.26|  return value|
|ap_start                     |   in|    1|  ap_ctrl_hs|        run.26|  return value|
|ap_done                      |  out|    1|  ap_ctrl_hs|        run.26|  return value|
|ap_continue                  |   in|    1|  ap_ctrl_hs|        run.26|  return value|
|ap_idle                      |  out|    1|  ap_ctrl_hs|        run.26|  return value|
|ap_ready                     |  out|    1|  ap_ctrl_hs|        run.26|  return value|
|A_stream_3_2_dout            |   in|   32|     ap_fifo|  A_stream_3_2|       pointer|
|A_stream_3_2_num_data_valid  |   in|    4|     ap_fifo|  A_stream_3_2|       pointer|
|A_stream_3_2_fifo_cap        |   in|    4|     ap_fifo|  A_stream_3_2|       pointer|
|A_stream_3_2_empty_n         |   in|    1|     ap_fifo|  A_stream_3_2|       pointer|
|A_stream_3_2_read            |  out|    1|     ap_fifo|  A_stream_3_2|       pointer|
|B_stream_3_2_dout            |   in|   32|     ap_fifo|  B_stream_3_2|       pointer|
|B_stream_3_2_num_data_valid  |   in|    4|     ap_fifo|  B_stream_3_2|       pointer|
|B_stream_3_2_fifo_cap        |   in|    4|     ap_fifo|  B_stream_3_2|       pointer|
|B_stream_3_2_empty_n         |   in|    1|     ap_fifo|  B_stream_3_2|       pointer|
|B_stream_3_2_read            |  out|    1|     ap_fifo|  B_stream_3_2|       pointer|
|A_stream_3_3_din             |  out|   32|     ap_fifo|  A_stream_3_3|       pointer|
|A_stream_3_3_num_data_valid  |   in|    4|     ap_fifo|  A_stream_3_3|       pointer|
|A_stream_3_3_fifo_cap        |   in|    4|     ap_fifo|  A_stream_3_3|       pointer|
|A_stream_3_3_full_n          |   in|    1|     ap_fifo|  A_stream_3_3|       pointer|
|A_stream_3_3_write           |  out|    1|     ap_fifo|  A_stream_3_3|       pointer|
|B_stream_4_2_din             |  out|   32|     ap_fifo|  B_stream_4_2|       pointer|
|B_stream_4_2_num_data_valid  |   in|    4|     ap_fifo|  B_stream_4_2|       pointer|
|B_stream_4_2_fifo_cap        |   in|    4|     ap_fifo|  B_stream_4_2|       pointer|
|B_stream_4_2_full_n          |   in|    1|     ap_fifo|  B_stream_4_2|       pointer|
|B_stream_4_2_write           |  out|    1|     ap_fifo|  B_stream_4_2|       pointer|
|C_stream_3_2_din             |  out|   32|     ap_fifo|  C_stream_3_2|       pointer|
|C_stream_3_2_num_data_valid  |   in|    4|     ap_fifo|  C_stream_3_2|       pointer|
|C_stream_3_2_fifo_cap        |   in|    4|     ap_fifo|  C_stream_3_2|       pointer|
|C_stream_3_2_full_n          |   in|    1|     ap_fifo|  C_stream_3_2|       pointer|
|C_stream_3_2_write           |  out|    1|     ap_fifo|  C_stream_3_2|       pointer|
+-----------------------------+-----+-----+------------+--------------+--------------+

