

================================================================
== Vitis HLS Report for 'sink_streams'
================================================================
* Date:           Wed Jul 15 23:35:37 2026

* Version:        2023.2 (Build 4023990 on Oct 11 2023)
* Project:        hls_project
* Solution:       gemm2 (Vitis Kernel Flow Target)
* Product family: versalaicore
* Target device:  xcvc1902-vsva2197-2MP-e-S


================================================================
== Performance Estimates
================================================================
+ Timing: 
    * Summary: 
    +--------+---------+----------+------------+
    |  Clock |  Target | Estimated| Uncertainty|
    +--------+---------+----------+------------+
    |ap_clk  |  3.33 ns|  0.962 ns|     0.90 ns|
    +--------+---------+----------+------------+

+ Latency: 
    * Summary: 
    +---------+---------+----------+----------+-----+-----+----------+
    |  Latency (cycles) |  Latency (absolute) |  Interval | Pipeline |
    |   min   |   max   |    min   |    max   | min | max |   Type   |
    +---------+---------+----------+----------+-----+-----+----------+
    |        3|        3|  9.999 ns|  9.999 ns|    4|    4|  dataflow|
    +---------+---------+----------+----------+-----+-----+----------+

    + Detail: 
        * Instance: 
        +------------------------------------+---------------------------------+---------+---------+----------+----------+-----+-----+---------+
        |                                    |                                 |  Latency (cycles) |  Latency (absolute) |  Interval | Pipeline|
        |              Instance              |              Module             |   min   |   max   |    min   |    max   | min | max |   Type  |
        +------------------------------------+---------------------------------+---------+---------+----------+----------+-----+-----+---------+
        |sink_streams_Block_entry1_proc4_U0  |sink_streams_Block_entry1_proc4  |        3|        3|  9.999 ns|  9.999 ns|    3|    3|       no|
        +------------------------------------+---------------------------------+---------+---------+----------+----------+-----+-----+---------+

        * Loop: 
        N/A



================================================================
== Utilization Estimates
================================================================
* Summary: 
+-----------------+---------+------+---------+--------+-----+
|       Name      | BRAM_18K|  DSP |    FF   |   LUT  | URAM|
+-----------------+---------+------+---------+--------+-----+
|DSP              |        -|     -|        -|       -|    -|
|Expression       |        -|     -|        -|       -|    -|
|FIFO             |        -|     -|        -|       -|    -|
|Instance         |        -|     -|        5|      28|    -|
|Memory           |        -|     -|        -|       -|    -|
|Multiplexer      |        -|     -|        -|       -|    -|
|Register         |        -|     -|        -|       -|    -|
+-----------------+---------+------+---------+--------+-----+
|Total            |        0|     0|        5|      28|    0|
+-----------------+---------+------+---------+--------+-----+
|Available        |     1934|  1968|  1799680|  899840|  463|
+-----------------+---------+------+---------+--------+-----+
|Utilization (%)  |        0|     0|       ~0|      ~0|    0|
+-----------------+---------+------+---------+--------+-----+

+ Detail: 
    * Instance: 
    +------------------------------------+---------------------------------+---------+----+---+----+-----+
    |              Instance              |              Module             | BRAM_18K| DSP| FF| LUT| URAM|
    +------------------------------------+---------------------------------+---------+----+---+----+-----+
    |sink_streams_Block_entry1_proc4_U0  |sink_streams_Block_entry1_proc4  |        0|   0|  5|  28|    0|
    +------------------------------------+---------------------------------+---------+----+---+----+-----+
    |Total                               |                                 |        0|   0|  5|  28|    0|
    +------------------------------------+---------------------------------+---------+----+---+----+-----+

    * DSP: 
    N/A

    * Memory: 
    N/A

    * FIFO: 
    N/A

    * Expression: 
    N/A

    * Multiplexer: 
    N/A

    * Register: 
    N/A



================================================================
== Interface
================================================================
* Summary: 
+----------------------+-----+-----+------------+--------------+--------------+
|       RTL Ports      | Dir | Bits|  Protocol  | Source Object|    C Type    |
+----------------------+-----+-----+------------+--------------+--------------+
|A_stream_0_4_dout     |   in|   32|     ap_fifo|  A_stream_0_4|       pointer|
|A_stream_0_4_empty_n  |   in|    1|     ap_fifo|  A_stream_0_4|       pointer|
|A_stream_0_4_read     |  out|    1|     ap_fifo|  A_stream_0_4|       pointer|
|A_stream_1_4_dout     |   in|   32|     ap_fifo|  A_stream_1_4|       pointer|
|A_stream_1_4_empty_n  |   in|    1|     ap_fifo|  A_stream_1_4|       pointer|
|A_stream_1_4_read     |  out|    1|     ap_fifo|  A_stream_1_4|       pointer|
|A_stream_2_4_dout     |   in|   32|     ap_fifo|  A_stream_2_4|       pointer|
|A_stream_2_4_empty_n  |   in|    1|     ap_fifo|  A_stream_2_4|       pointer|
|A_stream_2_4_read     |  out|    1|     ap_fifo|  A_stream_2_4|       pointer|
|A_stream_3_4_dout     |   in|   32|     ap_fifo|  A_stream_3_4|       pointer|
|A_stream_3_4_empty_n  |   in|    1|     ap_fifo|  A_stream_3_4|       pointer|
|A_stream_3_4_read     |  out|    1|     ap_fifo|  A_stream_3_4|       pointer|
|B_stream_4_0_dout     |   in|   32|     ap_fifo|  B_stream_4_0|       pointer|
|B_stream_4_0_empty_n  |   in|    1|     ap_fifo|  B_stream_4_0|       pointer|
|B_stream_4_0_read     |  out|    1|     ap_fifo|  B_stream_4_0|       pointer|
|B_stream_4_1_dout     |   in|   32|     ap_fifo|  B_stream_4_1|       pointer|
|B_stream_4_1_empty_n  |   in|    1|     ap_fifo|  B_stream_4_1|       pointer|
|B_stream_4_1_read     |  out|    1|     ap_fifo|  B_stream_4_1|       pointer|
|B_stream_4_2_dout     |   in|   32|     ap_fifo|  B_stream_4_2|       pointer|
|B_stream_4_2_empty_n  |   in|    1|     ap_fifo|  B_stream_4_2|       pointer|
|B_stream_4_2_read     |  out|    1|     ap_fifo|  B_stream_4_2|       pointer|
|B_stream_4_3_dout     |   in|   32|     ap_fifo|  B_stream_4_3|       pointer|
|B_stream_4_3_empty_n  |   in|    1|     ap_fifo|  B_stream_4_3|       pointer|
|B_stream_4_3_read     |  out|    1|     ap_fifo|  B_stream_4_3|       pointer|
|ap_clk                |   in|    1|  ap_ctrl_hs|  sink_streams|  return value|
|ap_rst                |   in|    1|  ap_ctrl_hs|  sink_streams|  return value|
|ap_start              |   in|    1|  ap_ctrl_hs|  sink_streams|  return value|
|ap_done               |  out|    1|  ap_ctrl_hs|  sink_streams|  return value|
|ap_ready              |  out|    1|  ap_ctrl_hs|  sink_streams|  return value|
|ap_idle               |  out|    1|  ap_ctrl_hs|  sink_streams|  return value|
|ap_continue           |   in|    1|  ap_ctrl_hs|  sink_streams|  return value|
+----------------------+-----+-----+------------+--------------+--------------+

