

================================================================
== Vitis HLS Report for 'storeOutputToDRAM_Pipeline_VITIS_LOOP_49_1'
================================================================
* Date:           Thu Jul 23 18:41:45 2026

* Version:        2023.2 (Build 4023990 on Oct 11 2023)
* Project:        hls_project
* Solution:       gemm2 (Vitis Kernel Flow Target)
* Product family: versalaicore
* Target device:  xcvc1902-vsva2197-2MP-e-S


================================================================
== Performance Estimates
================================================================
+ Timing: 
    * Summary: 
    +--------+---------+----------+------------+
    |  Clock |  Target | Estimated| Uncertainty|
    +--------+---------+----------+------------+
    |ap_clk  |  3.33 ns|  2.612 ns|     0.90 ns|
    +--------+---------+----------+------------+

+ Latency: 
    * Summary: 
    +---------+---------+----------+----------+-----+-----+---------+
    |  Latency (cycles) |  Latency (absolute) |  Interval | Pipeline|
    |   min   |   max   |    min   |    max   | min | max |   Type  |
    +---------+---------+----------+----------+-----+-----+---------+
    |       36|       36|  0.120 us|  0.120 us|   36|   36|       no|
    +---------+---------+----------+----------+-----+-----+---------+

    + Detail: 
        * Instance: 
        N/A

        * Loop: 
        +-------------------+---------+---------+----------+-----------+-----------+------+----------+
        |                   |  Latency (cycles) | Iteration|  Initiation Interval  | Trip |          |
        |     Loop Name     |   min   |   max   |  Latency |  achieved |   target  | Count| Pipelined|
        +-------------------+---------+---------+----------+-----------+-----------+------+----------+
        |- VITIS_LOOP_49_1  |       34|       34|         4|          1|          1|    32|       yes|
        +-------------------+---------+---------+----------+-----------+-----------+------+----------+



================================================================
== Utilization Estimates
================================================================
* Summary: 
+-----------------+---------+------+---------+--------+-----+
|       Name      | BRAM_18K|  DSP |    FF   |   LUT  | URAM|
+-----------------+---------+------+---------+--------+-----+
|DSP              |        -|     -|        -|       -|    -|
|Expression       |        -|     -|        0|    6621|    -|
|FIFO             |        -|     -|        -|       -|    -|
|Instance         |        -|     -|        -|       -|    -|
|Memory           |        -|     -|        -|       -|    -|
|Multiplexer      |        -|     -|        -|      16|    -|
|Register         |        -|     -|      799|       -|    -|
+-----------------+---------+------+---------+--------+-----+
|Total            |        0|     0|      799|    6637|    0|
+-----------------+---------+------+---------+--------+-----+
|Available        |     1934|  1968|  1799680|  899840|  463|
+-----------------+---------+------+---------+--------+-----+
|Utilization (%)  |        0|     0|       ~0|      ~0|    0|
+-----------------+---------+------+---------+--------+-----+

+ Detail: 
    * Instance: 
    N/A

    * DSP: 
    N/A

    * Memory: 
    N/A

    * FIFO: 
    N/A

    * Expression: 
    +----------------------------+----------+----+---+----+------------+------------+
    |        Variable Name       | Operation| DSP| FF| LUT| Bitwidth P0| Bitwidth P1|
    +----------------------------+----------+----+---+----+------------+------------+
    |add_ln49_fu_2699_p2         |         +|   0|  0|   6|           6|           1|
    |ap_block_pp0_stage0_11001   |       and|   0|  0|   2|           1|           1|
    |icmp_ln49_fu_2705_p2        |      icmp|   0|  0|   7|           6|           7|
    |icmp_ln57_10_fu_2839_p2     |      icmp|   0|  0|   5|           5|           4|
    |icmp_ln57_11_fu_2845_p2     |      icmp|   0|  0|   5|           5|           4|
    |icmp_ln57_12_fu_3334_p2     |      icmp|   0|  0|   5|           5|           4|
    |icmp_ln57_13_fu_3346_p2     |      icmp|   0|  0|   5|           5|           4|
    |icmp_ln57_14_fu_3358_p2     |      icmp|   0|  0|   5|           5|           4|
    |icmp_ln57_15_fu_3370_p2     |      icmp|   0|  0|   5|           5|           4|
    |icmp_ln57_16_fu_3382_p2     |      icmp|   0|  0|   6|           5|           6|
    |icmp_ln57_17_fu_3394_p2     |      icmp|   0|  0|   5|           5|           5|
    |icmp_ln57_18_fu_3406_p2     |      icmp|   0|  0|   5|           5|           5|
    |icmp_ln57_19_fu_3418_p2     |      icmp|   0|  0|   5|           5|           5|
    |icmp_ln57_1_fu_2729_p2      |      icmp|   0|  0|   5|           5|           1|
    |icmp_ln57_20_fu_3430_p2     |      icmp|   0|  0|   5|           5|           5|
    |icmp_ln57_21_fu_3435_p2     |      icmp|   0|  0|   5|           5|           5|
    |icmp_ln57_22_fu_3440_p2     |      icmp|   0|  0|   5|           5|           5|
    |icmp_ln57_23_fu_3445_p2     |      icmp|   0|  0|   5|           5|           5|
    |icmp_ln57_24_fu_4026_p2     |      icmp|   0|  0|   5|           5|           5|
    |icmp_ln57_25_fu_4038_p2     |      icmp|   0|  0|   5|           5|           4|
    |icmp_ln57_26_fu_4050_p2     |      icmp|   0|  0|   5|           5|           4|
    |icmp_ln57_27_fu_4062_p2     |      icmp|   0|  0|   5|           5|           4|
    |icmp_ln57_28_fu_4074_p2     |      icmp|   0|  0|   5|           5|           4|
    |icmp_ln57_29_fu_4086_p2     |      icmp|   0|  0|   5|           5|           3|
    |icmp_ln57_2_fu_2743_p2      |      icmp|   0|  0|   5|           5|           2|
    |icmp_ln57_30_fu_4098_p2     |      icmp|   0|  0|   5|           5|           3|
    |icmp_ln57_3_fu_2757_p2      |      icmp|   0|  0|   5|           5|           2|
    |icmp_ln57_4_fu_2771_p2      |      icmp|   0|  0|   5|           5|           3|
    |icmp_ln57_5_fu_2785_p2      |      icmp|   0|  0|   5|           5|           3|
    |icmp_ln57_6_fu_2799_p2      |      icmp|   0|  0|   5|           5|           3|
    |icmp_ln57_7_fu_2813_p2      |      icmp|   0|  0|   5|           5|           3|
    |icmp_ln57_8_fu_2827_p2      |      icmp|   0|  0|   5|           5|           4|
    |icmp_ln57_9_fu_2833_p2      |      icmp|   0|  0|   5|           5|           4|
    |icmp_ln57_fu_2715_p2        |      icmp|   0|  0|   5|           5|           1|
    |empty_30_fu_4175_p3         |    select|   0|  0|  26|           1|          32|
    |empty_31_fu_4247_p3         |    select|   0|  0|  26|           1|          32|
    |empty_32_fu_4319_p3         |    select|   0|  0|  26|           1|          32|
    |empty_33_fu_4391_p3         |    select|   0|  0|  26|           1|          32|
    |empty_34_fu_4463_p3         |    select|   0|  0|  26|           1|          32|
    |empty_35_fu_4535_p3         |    select|   0|  0|  26|           1|          32|
    |empty_36_fu_4607_p3         |    select|   0|  0|  26|           1|          32|
    |empty_fu_4103_p3            |    select|   0|  0|  26|           1|          32|
    |select_ln57_100_fu_3619_p3  |    select|   0|  0|  26|           1|          32|
    |select_ln57_101_fu_3625_p3  |    select|   0|  0|  26|           1|          32|
    |select_ln57_102_fu_3631_p3  |    select|   0|  0|  26|           1|          32|
    |select_ln57_103_fu_3638_p3  |    select|   0|  0|  26|           1|          32|
    |select_ln57_104_fu_3645_p3  |    select|   0|  0|  26|           1|          32|
    |select_ln57_105_fu_3652_p3  |    select|   0|  0|  26|           1|          32|
    |select_ln57_106_fu_3659_p3  |    select|   0|  0|  26|           1|          32|
    |select_ln57_107_fu_3666_p3  |    select|   0|  0|  26|           1|          32|
    |select_ln57_108_fu_3673_p3  |    select|   0|  0|  26|           1|          32|
    |select_ln57_109_fu_3680_p3  |    select|   0|  0|  26|           1|          32|
    |select_ln57_10_fu_3322_p3   |    select|   0|  0|  26|           1|          32|
    |select_ln57_110_fu_4254_p3  |    select|   0|  0|  26|           1|          32|
    |select_ln57_111_fu_4259_p3  |    select|   0|  0|  26|           1|          32|
    |select_ln57_112_fu_4265_p3  |    select|   0|  0|  26|           1|          32|
    |select_ln57_113_fu_4271_p3  |    select|   0|  0|  26|           1|          32|
    |select_ln57_114_fu_4277_p3  |    select|   0|  0|  26|           1|          32|
    |select_ln57_115_fu_4284_p3  |    select|   0|  0|  26|           1|          32|
    |select_ln57_116_fu_4291_p3  |    select|   0|  0|  26|           1|          32|
    |select_ln57_117_fu_4298_p3  |    select|   0|  0|  26|           1|          32|
    |select_ln57_118_fu_4305_p3  |    select|   0|  0|  26|           1|          32|
    |select_ln57_119_fu_4312_p3  |    select|   0|  0|  26|           1|          32|
    |select_ln57_11_fu_3328_p3   |    select|   0|  0|  26|           1|          32|
    |select_ln57_120_fu_3043_p3  |    select|   0|  0|  26|           1|          32|
    |select_ln57_121_fu_3051_p3  |    select|   0|  0|  26|           1|          32|
    |select_ln57_122_fu_3059_p3  |    select|   0|  0|  26|           1|          32|
    |select_ln57_123_fu_3067_p3  |    select|   0|  0|  26|           1|          32|
    |select_ln57_124_fu_3075_p3  |    select|   0|  0|  26|           1|          32|
    |select_ln57_125_fu_3083_p3  |    select|   0|  0|  26|           1|          32|
    |select_ln57_126_fu_3091_p3  |    select|   0|  0|  26|           1|          32|
    |select_ln57_127_fu_3099_p3  |    select|   0|  0|  26|           1|          32|
    |select_ln57_128_fu_3687_p3  |    select|   0|  0|  26|           1|          32|
    |select_ln57_129_fu_3692_p3  |    select|   0|  0|  26|           1|          32|
    |select_ln57_12_fu_3339_p3   |    select|   0|  0|  26|           1|          32|
    |select_ln57_130_fu_3698_p3  |    select|   0|  0|  26|           1|          32|
    |select_ln57_131_fu_3704_p3  |    select|   0|  0|  26|           1|          32|
    |select_ln57_132_fu_3710_p3  |    select|   0|  0|  26|           1|          32|
    |select_ln57_133_fu_3717_p3  |    select|   0|  0|  26|           1|          32|
    |select_ln57_134_fu_3724_p3  |    select|   0|  0|  26|           1|          32|
    |select_ln57_135_fu_3731_p3  |    select|   0|  0|  26|           1|          32|
    |select_ln57_136_fu_3738_p3  |    select|   0|  0|  26|           1|          32|
    |select_ln57_137_fu_3745_p3  |    select|   0|  0|  26|           1|          32|
    |select_ln57_138_fu_3752_p3  |    select|   0|  0|  26|           1|          32|
    |select_ln57_139_fu_3759_p3  |    select|   0|  0|  26|           1|          32|
    |select_ln57_13_fu_3351_p3   |    select|   0|  0|  26|           1|          32|
    |select_ln57_140_fu_4326_p3  |    select|   0|  0|  26|           1|          32|
    |select_ln57_141_fu_4331_p3  |    select|   0|  0|  26|           1|          32|
    |select_ln57_142_fu_4337_p3  |    select|   0|  0|  26|           1|          32|
    |select_ln57_143_fu_4343_p3  |    select|   0|  0|  26|           1|          32|
    |select_ln57_144_fu_4349_p3  |    select|   0|  0|  26|           1|          32|
    |select_ln57_145_fu_4356_p3  |    select|   0|  0|  26|           1|          32|
    |select_ln57_146_fu_4363_p3  |    select|   0|  0|  26|           1|          32|
    |select_ln57_147_fu_4370_p3  |    select|   0|  0|  26|           1|          32|
    |select_ln57_148_fu_4377_p3  |    select|   0|  0|  26|           1|          32|
    |select_ln57_149_fu_4384_p3  |    select|   0|  0|  26|           1|          32|
    |select_ln57_14_fu_3363_p3   |    select|   0|  0|  26|           1|          32|
    |select_ln57_150_fu_3107_p3  |    select|   0|  0|  26|           1|          32|
    |select_ln57_151_fu_3115_p3  |    select|   0|  0|  26|           1|          32|
    |select_ln57_152_fu_3123_p3  |    select|   0|  0|  26|           1|          32|
    |select_ln57_153_fu_3131_p3  |    select|   0|  0|  26|           1|          32|
    |select_ln57_154_fu_3139_p3  |    select|   0|  0|  26|           1|          32|
    |select_ln57_155_fu_3147_p3  |    select|   0|  0|  26|           1|          32|
    |select_ln57_156_fu_3155_p3  |    select|   0|  0|  26|           1|          32|
    |select_ln57_157_fu_3163_p3  |    select|   0|  0|  26|           1|          32|
    |select_ln57_158_fu_3766_p3  |    select|   0|  0|  26|           1|          32|
    |select_ln57_159_fu_3771_p3  |    select|   0|  0|  26|           1|          32|
    |select_ln57_15_fu_3375_p3   |    select|   0|  0|  26|           1|          32|
    |select_ln57_160_fu_3777_p3  |    select|   0|  0|  26|           1|          32|
    |select_ln57_161_fu_3783_p3  |    select|   0|  0|  26|           1|          32|
    |select_ln57_162_fu_3789_p3  |    select|   0|  0|  26|           1|          32|
    |select_ln57_163_fu_3796_p3  |    select|   0|  0|  26|           1|          32|
    |select_ln57_164_fu_3803_p3  |    select|   0|  0|  26|           1|          32|
    |select_ln57_165_fu_3810_p3  |    select|   0|  0|  26|           1|          32|
    |select_ln57_166_fu_3817_p3  |    select|   0|  0|  26|           1|          32|
    |select_ln57_167_fu_3824_p3  |    select|   0|  0|  26|           1|          32|
    |select_ln57_168_fu_3831_p3  |    select|   0|  0|  26|           1|          32|
    |select_ln57_169_fu_3838_p3  |    select|   0|  0|  26|           1|          32|
    |select_ln57_16_fu_3387_p3   |    select|   0|  0|  26|           1|          32|
    |select_ln57_170_fu_4398_p3  |    select|   0|  0|  26|           1|          32|
    |select_ln57_171_fu_4403_p3  |    select|   0|  0|  26|           1|          32|
    |select_ln57_172_fu_4409_p3  |    select|   0|  0|  26|           1|          32|
    |select_ln57_173_fu_4415_p3  |    select|   0|  0|  26|           1|          32|
    |select_ln57_174_fu_4421_p3  |    select|   0|  0|  26|           1|          32|
    |select_ln57_175_fu_4428_p3  |    select|   0|  0|  26|           1|          32|
    |select_ln57_176_fu_4435_p3  |    select|   0|  0|  26|           1|          32|
    |select_ln57_177_fu_4442_p3  |    select|   0|  0|  26|           1|          32|
    |select_ln57_178_fu_4449_p3  |    select|   0|  0|  26|           1|          32|
    |select_ln57_179_fu_4456_p3  |    select|   0|  0|  26|           1|          32|
    |select_ln57_17_fu_3399_p3   |    select|   0|  0|  26|           1|          32|
    |select_ln57_180_fu_3171_p3  |    select|   0|  0|  26|           1|          32|
    |select_ln57_181_fu_3179_p3  |    select|   0|  0|  26|           1|          32|
    |select_ln57_182_fu_3187_p3  |    select|   0|  0|  26|           1|          32|
    |select_ln57_183_fu_3195_p3  |    select|   0|  0|  26|           1|          32|
    |select_ln57_184_fu_3203_p3  |    select|   0|  0|  26|           1|          32|
    |select_ln57_185_fu_3211_p3  |    select|   0|  0|  26|           1|          32|
    |select_ln57_186_fu_3219_p3  |    select|   0|  0|  26|           1|          32|
    |select_ln57_187_fu_3227_p3  |    select|   0|  0|  26|           1|          32|
    |select_ln57_188_fu_3845_p3  |    select|   0|  0|  26|           1|          32|
    |select_ln57_189_fu_3850_p3  |    select|   0|  0|  26|           1|          32|
    |select_ln57_18_fu_3411_p3   |    select|   0|  0|  26|           1|          32|
    |select_ln57_190_fu_3856_p3  |    select|   0|  0|  26|           1|          32|
    |select_ln57_191_fu_3862_p3  |    select|   0|  0|  26|           1|          32|
    |select_ln57_192_fu_3868_p3  |    select|   0|  0|  26|           1|          32|
    |select_ln57_193_fu_3875_p3  |    select|   0|  0|  26|           1|          32|
    |select_ln57_194_fu_3882_p3  |    select|   0|  0|  26|           1|          32|
    |select_ln57_195_fu_3889_p3  |    select|   0|  0|  26|           1|          32|
    |select_ln57_196_fu_3896_p3  |    select|   0|  0|  26|           1|          32|
    |select_ln57_197_fu_3903_p3  |    select|   0|  0|  26|           1|          32|
    |select_ln57_198_fu_3910_p3  |    select|   0|  0|  26|           1|          32|
    |select_ln57_199_fu_3917_p3  |    select|   0|  0|  26|           1|          32|
    |select_ln57_19_fu_3423_p3   |    select|   0|  0|  26|           1|          32|
    |select_ln57_1_fu_2735_p3    |    select|   0|  0|  26|           1|          32|
    |select_ln57_200_fu_4470_p3  |    select|   0|  0|  26|           1|          32|
    |select_ln57_201_fu_4475_p3  |    select|   0|  0|  26|           1|          32|
    |select_ln57_202_fu_4481_p3  |    select|   0|  0|  26|           1|          32|
    |select_ln57_203_fu_4487_p3  |    select|   0|  0|  26|           1|          32|
    |select_ln57_204_fu_4493_p3  |    select|   0|  0|  26|           1|          32|
    |select_ln57_205_fu_4500_p3  |    select|   0|  0|  26|           1|          32|
    |select_ln57_206_fu_4507_p3  |    select|   0|  0|  26|           1|          32|
    |select_ln57_207_fu_4514_p3  |    select|   0|  0|  26|           1|          32|
    |select_ln57_208_fu_4521_p3  |    select|   0|  0|  26|           1|          32|
    |select_ln57_209_fu_4528_p3  |    select|   0|  0|  26|           1|          32|
    |select_ln57_20_fu_4003_p3   |    select|   0|  0|  26|           1|          32|
    |select_ln57_210_fu_3235_p3  |    select|   0|  0|  26|           1|          32|
    |select_ln57_211_fu_3243_p3  |    select|   0|  0|  26|           1|          32|
    |select_ln57_212_fu_3251_p3  |    select|   0|  0|  26|           1|          32|
    |select_ln57_213_fu_3259_p3  |    select|   0|  0|  26|           1|          32|
    |select_ln57_214_fu_3267_p3  |    select|   0|  0|  26|           1|          32|
    |select_ln57_215_fu_3275_p3  |    select|   0|  0|  26|           1|          32|
    |select_ln57_216_fu_3283_p3  |    select|   0|  0|  26|           1|          32|
    |select_ln57_217_fu_3291_p3  |    select|   0|  0|  26|           1|          32|
    |select_ln57_218_fu_3924_p3  |    select|   0|  0|  26|           1|          32|
    |select_ln57_219_fu_3929_p3  |    select|   0|  0|  26|           1|          32|
    |select_ln57_21_fu_4008_p3   |    select|   0|  0|  26|           1|          32|
    |select_ln57_220_fu_3935_p3  |    select|   0|  0|  26|           1|          32|
    |select_ln57_221_fu_3941_p3  |    select|   0|  0|  26|           1|          32|
    |select_ln57_222_fu_3947_p3  |    select|   0|  0|  26|           1|          32|
    |select_ln57_223_fu_3954_p3  |    select|   0|  0|  26|           1|          32|
    |select_ln57_224_fu_3961_p3  |    select|   0|  0|  26|           1|          32|
    |select_ln57_225_fu_3968_p3  |    select|   0|  0|  26|           1|          32|
    |select_ln57_226_fu_3975_p3  |    select|   0|  0|  26|           1|          32|
    |select_ln57_227_fu_3982_p3  |    select|   0|  0|  26|           1|          32|
    |select_ln57_228_fu_3989_p3  |    select|   0|  0|  26|           1|          32|
    |select_ln57_229_fu_3996_p3  |    select|   0|  0|  26|           1|          32|
    |select_ln57_22_fu_4014_p3   |    select|   0|  0|  26|           1|          32|
    |select_ln57_230_fu_4542_p3  |    select|   0|  0|  26|           1|          32|
    |select_ln57_231_fu_4547_p3  |    select|   0|  0|  26|           1|          32|
    |select_ln57_232_fu_4553_p3  |    select|   0|  0|  26|           1|          32|
    |select_ln57_233_fu_4559_p3  |    select|   0|  0|  26|           1|          32|
    |select_ln57_234_fu_4565_p3  |    select|   0|  0|  26|           1|          32|
    |select_ln57_235_fu_4572_p3  |    select|   0|  0|  26|           1|          32|
    |select_ln57_236_fu_4579_p3  |    select|   0|  0|  26|           1|          32|
    |select_ln57_237_fu_4586_p3  |    select|   0|  0|  26|           1|          32|
    |select_ln57_238_fu_4593_p3  |    select|   0|  0|  26|           1|          32|
    |select_ln57_239_fu_4600_p3  |    select|   0|  0|  26|           1|          32|
    |select_ln57_23_fu_4020_p3   |    select|   0|  0|  26|           1|          32|
    |select_ln57_24_fu_4031_p3   |    select|   0|  0|  26|           1|          32|
    |select_ln57_25_fu_4043_p3   |    select|   0|  0|  26|           1|          32|
    |select_ln57_26_fu_4055_p3   |    select|   0|  0|  26|           1|          32|
    |select_ln57_27_fu_4067_p3   |    select|   0|  0|  26|           1|          32|
    |select_ln57_28_fu_4079_p3   |    select|   0|  0|  26|           1|          32|
    |select_ln57_29_fu_4091_p3   |    select|   0|  0|  26|           1|          32|
    |select_ln57_2_fu_2749_p3    |    select|   0|  0|  26|           1|          32|
    |select_ln57_30_fu_2851_p3   |    select|   0|  0|  26|           1|          32|
    |select_ln57_31_fu_2859_p3   |    select|   0|  0|  26|           1|          32|
    |select_ln57_32_fu_2867_p3   |    select|   0|  0|  26|           1|          32|
    |select_ln57_33_fu_2875_p3   |    select|   0|  0|  26|           1|          32|
    |select_ln57_34_fu_2883_p3   |    select|   0|  0|  26|           1|          32|
    |select_ln57_35_fu_2891_p3   |    select|   0|  0|  26|           1|          32|
    |select_ln57_36_fu_2899_p3   |    select|   0|  0|  26|           1|          32|
    |select_ln57_37_fu_2907_p3   |    select|   0|  0|  26|           1|          32|
    |select_ln57_38_fu_3450_p3   |    select|   0|  0|  26|           1|          32|
    |select_ln57_39_fu_3455_p3   |    select|   0|  0|  26|           1|          32|
    |select_ln57_3_fu_2763_p3    |    select|   0|  0|  26|           1|          32|
    |select_ln57_40_fu_3461_p3   |    select|   0|  0|  26|           1|          32|
    |select_ln57_41_fu_3467_p3   |    select|   0|  0|  26|           1|          32|
    |select_ln57_42_fu_3473_p3   |    select|   0|  0|  26|           1|          32|
    |select_ln57_43_fu_3480_p3   |    select|   0|  0|  26|           1|          32|
    |select_ln57_44_fu_3487_p3   |    select|   0|  0|  26|           1|          32|
    |select_ln57_45_fu_3494_p3   |    select|   0|  0|  26|           1|          32|
    |select_ln57_46_fu_3501_p3   |    select|   0|  0|  26|           1|          32|
    |select_ln57_47_fu_3508_p3   |    select|   0|  0|  26|           1|          32|
    |select_ln57_48_fu_3515_p3   |    select|   0|  0|  26|           1|          32|
    |select_ln57_49_fu_3522_p3   |    select|   0|  0|  26|           1|          32|
    |select_ln57_4_fu_2777_p3    |    select|   0|  0|  26|           1|          32|
    |select_ln57_50_fu_4110_p3   |    select|   0|  0|  26|           1|          32|
    |select_ln57_51_fu_4115_p3   |    select|   0|  0|  26|           1|          32|
    |select_ln57_52_fu_4121_p3   |    select|   0|  0|  26|           1|          32|
    |select_ln57_53_fu_4127_p3   |    select|   0|  0|  26|           1|          32|
    |select_ln57_54_fu_4133_p3   |    select|   0|  0|  26|           1|          32|
    |select_ln57_55_fu_4140_p3   |    select|   0|  0|  26|           1|          32|
    |select_ln57_56_fu_4147_p3   |    select|   0|  0|  26|           1|          32|
    |select_ln57_57_fu_4154_p3   |    select|   0|  0|  26|           1|          32|
    |select_ln57_58_fu_4161_p3   |    select|   0|  0|  26|           1|          32|
    |select_ln57_59_fu_4168_p3   |    select|   0|  0|  26|           1|          32|
    |select_ln57_5_fu_2791_p3    |    select|   0|  0|  26|           1|          32|
    |select_ln57_60_fu_2915_p3   |    select|   0|  0|  26|           1|          32|
    |select_ln57_61_fu_2923_p3   |    select|   0|  0|  26|           1|          32|
    |select_ln57_62_fu_2931_p3   |    select|   0|  0|  26|           1|          32|
    |select_ln57_63_fu_2939_p3   |    select|   0|  0|  26|           1|          32|
    |select_ln57_64_fu_2947_p3   |    select|   0|  0|  26|           1|          32|
    |select_ln57_65_fu_2955_p3   |    select|   0|  0|  26|           1|          32|
    |select_ln57_66_fu_2963_p3   |    select|   0|  0|  26|           1|          32|
    |select_ln57_67_fu_2971_p3   |    select|   0|  0|  26|           1|          32|
    |select_ln57_68_fu_3529_p3   |    select|   0|  0|  26|           1|          32|
    |select_ln57_69_fu_3534_p3   |    select|   0|  0|  26|           1|          32|
    |select_ln57_6_fu_2805_p3    |    select|   0|  0|  26|           1|          32|
    |select_ln57_70_fu_3540_p3   |    select|   0|  0|  26|           1|          32|
    |select_ln57_71_fu_3546_p3   |    select|   0|  0|  26|           1|          32|
    |select_ln57_72_fu_3552_p3   |    select|   0|  0|  26|           1|          32|
    |select_ln57_73_fu_3559_p3   |    select|   0|  0|  26|           1|          32|
    |select_ln57_74_fu_3566_p3   |    select|   0|  0|  26|           1|          32|
    |select_ln57_75_fu_3573_p3   |    select|   0|  0|  26|           1|          32|
    |select_ln57_76_fu_3580_p3   |    select|   0|  0|  26|           1|          32|
    |select_ln57_77_fu_3587_p3   |    select|   0|  0|  26|           1|          32|
    |select_ln57_78_fu_3594_p3   |    select|   0|  0|  26|           1|          32|
    |select_ln57_79_fu_3601_p3   |    select|   0|  0|  26|           1|          32|
    |select_ln57_7_fu_2819_p3    |    select|   0|  0|  26|           1|          32|
    |select_ln57_80_fu_4182_p3   |    select|   0|  0|  26|           1|          32|
    |select_ln57_81_fu_4187_p3   |    select|   0|  0|  26|           1|          32|
    |select_ln57_82_fu_4193_p3   |    select|   0|  0|  26|           1|          32|
    |select_ln57_83_fu_4199_p3   |    select|   0|  0|  26|           1|          32|
    |select_ln57_84_fu_4205_p3   |    select|   0|  0|  26|           1|          32|
    |select_ln57_85_fu_4212_p3   |    select|   0|  0|  26|           1|          32|
    |select_ln57_86_fu_4219_p3   |    select|   0|  0|  26|           1|          32|
    |select_ln57_87_fu_4226_p3   |    select|   0|  0|  26|           1|          32|
    |select_ln57_88_fu_4233_p3   |    select|   0|  0|  26|           1|          32|
    |select_ln57_89_fu_4240_p3   |    select|   0|  0|  26|           1|          32|
    |select_ln57_8_fu_3311_p3    |    select|   0|  0|  26|           1|          32|
    |select_ln57_90_fu_2979_p3   |    select|   0|  0|  26|           1|          32|
    |select_ln57_91_fu_2987_p3   |    select|   0|  0|  26|           1|          32|
    |select_ln57_92_fu_2995_p3   |    select|   0|  0|  26|           1|          32|
    |select_ln57_93_fu_3003_p3   |    select|   0|  0|  26|           1|          32|
    |select_ln57_94_fu_3011_p3   |    select|   0|  0|  26|           1|          32|
    |select_ln57_95_fu_3019_p3   |    select|   0|  0|  26|           1|          32|
    |select_ln57_96_fu_3027_p3   |    select|   0|  0|  26|           1|          32|
    |select_ln57_97_fu_3035_p3   |    select|   0|  0|  26|           1|          32|
    |select_ln57_98_fu_3608_p3   |    select|   0|  0|  26|           1|          32|
    |select_ln57_99_fu_3613_p3   |    select|   0|  0|  26|           1|          32|
    |select_ln57_9_fu_3316_p3    |    select|   0|  0|  26|           1|          32|
    |select_ln57_fu_2721_p3      |    select|   0|  0|  26|           1|          32|
    |ap_enable_pp0               |       xor|   0|  0|   2|           1|           2|
    +----------------------------+----------+----+---+----+------------+------------+
    |Total                       |          |   0|  0|6621|         417|        8065|
    +----------------------------+----------+----+---+----+------------+------------+

    * Multiplexer: 
    +-------------------------+----+-----------+-----+-----------+
    |           Name          | LUT| Input Size| Bits| Total Bits|
    +-------------------------+----+-----------+-----+-----------+
    |ap_done_int              |   2|          2|    1|          2|
    |ap_enable_reg_pp0_iter1  |   2|          2|    1|          2|
    |ap_sig_allocacmp_i_1     |   5|          2|    6|         12|
    |gmem2_blk_n_W            |   2|          2|    1|          2|
    |i_fu_620                 |   5|          2|    6|         12|
    +-------------------------+----+-----------+-----+-----------+
    |Total                    |  16|         10|   15|         30|
    +-------------------------+----+-----------+-----+-----------+

    * Register: 
    +-----------------------------------+----+----+-----+-----------+
    |                Name               | FF | LUT| Bits| Const Bits|
    +-----------------------------------+----+----+-----+-----------+
    |ap_CS_fsm                          |   1|   0|    1|          0|
    |ap_done_reg                        |   1|   0|    1|          0|
    |ap_enable_reg_pp0_iter1            |   1|   0|    1|          0|
    |ap_enable_reg_pp0_iter2            |   1|   0|    1|          0|
    |ap_enable_reg_pp0_iter3            |   1|   0|    1|          0|
    |ap_loop_exit_ready_pp0_iter1_reg   |   1|   0|    1|          0|
    |ap_loop_exit_ready_pp0_iter2_reg   |   1|   0|    1|          0|
    |empty_30_reg_5801                  |  32|   0|   32|          0|
    |empty_31_reg_5806                  |  32|   0|   32|          0|
    |empty_32_reg_5811                  |  32|   0|   32|          0|
    |empty_33_reg_5816                  |  32|   0|   32|          0|
    |empty_34_reg_5821                  |  32|   0|   32|          0|
    |empty_35_reg_5826                  |  32|   0|   32|          0|
    |empty_36_reg_5831                  |  32|   0|   32|          0|
    |empty_reg_5796                     |  32|   0|   32|          0|
    |i_fu_620                           |   6|   0|    6|          0|
    |icmp_ln57_10_reg_5649              |   1|   0|    1|          0|
    |icmp_ln57_11_reg_5661              |   1|   0|    1|          0|
    |icmp_ln57_20_reg_5713              |   1|   0|    1|          0|
    |icmp_ln57_21_reg_5725              |   1|   0|    1|          0|
    |icmp_ln57_22_reg_5737              |   1|   0|    1|          0|
    |icmp_ln57_23_reg_5749              |   1|   0|    1|          0|
    |icmp_ln57_8_reg_5625               |   1|   0|    1|          0|
    |icmp_ln57_9_reg_5637               |   1|   0|    1|          0|
    |select_ln57_109_reg_5771           |  32|   0|   32|          0|
    |select_ln57_127_reg_5688           |  32|   0|   32|          0|
    |select_ln57_139_reg_5776           |  32|   0|   32|          0|
    |select_ln57_157_reg_5693           |  32|   0|   32|          0|
    |select_ln57_169_reg_5781           |  32|   0|   32|          0|
    |select_ln57_187_reg_5698           |  32|   0|   32|          0|
    |select_ln57_199_reg_5786           |  32|   0|   32|          0|
    |select_ln57_19_reg_5708            |  32|   0|   32|          0|
    |select_ln57_217_reg_5703           |  32|   0|   32|          0|
    |select_ln57_229_reg_5791           |  32|   0|   32|          0|
    |select_ln57_37_reg_5673            |  32|   0|   32|          0|
    |select_ln57_49_reg_5761            |  32|   0|   32|          0|
    |select_ln57_67_reg_5678            |  32|   0|   32|          0|
    |select_ln57_79_reg_5766            |  32|   0|   32|          0|
    |select_ln57_7_reg_5620             |  32|   0|   32|          0|
    |select_ln57_97_reg_5683            |  32|   0|   32|          0|
    |trunc_ln49_reg_5597                |   5|   0|    5|          0|
    |trunc_ln49_reg_5597_pp0_iter1_reg  |   5|   0|    5|          0|
    +-----------------------------------+----+----+-----+-----------+
    |Total                              | 799|   0|  799|          0|
    +-----------------------------------+----+----+-----+-----------+



================================================================
== Interface
================================================================
* Summary: 
+----------------------+-----+-----+------------+--------------------------------------------+--------------+
|       RTL Ports      | Dir | Bits|  Protocol  |                Source Object               |    C Type    |
+----------------------+-----+-----+------------+--------------------------------------------+--------------+
|ap_clk                |   in|    1|  ap_ctrl_hs|  storeOutputToDRAM_Pipeline_VITIS_LOOP_49_1|  return value|
|ap_rst                |   in|    1|  ap_ctrl_hs|  storeOutputToDRAM_Pipeline_VITIS_LOOP_49_1|  return value|
|ap_start              |   in|    1|  ap_ctrl_hs|  storeOutputToDRAM_Pipeline_VITIS_LOOP_49_1|  return value|
|ap_done               |  out|    1|  ap_ctrl_hs|  storeOutputToDRAM_Pipeline_VITIS_LOOP_49_1|  return value|
|ap_idle               |  out|    1|  ap_ctrl_hs|  storeOutputToDRAM_Pipeline_VITIS_LOOP_49_1|  return value|
|ap_ready              |  out|    1|  ap_ctrl_hs|  storeOutputToDRAM_Pipeline_VITIS_LOOP_49_1|  return value|
|m_axi_gmem2_AWVALID   |  out|    1|       m_axi|                                       gmem2|       pointer|
|m_axi_gmem2_AWREADY   |   in|    1|       m_axi|                                       gmem2|       pointer|
|m_axi_gmem2_AWADDR    |  out|   64|       m_axi|                                       gmem2|       pointer|
|m_axi_gmem2_AWID      |  out|    1|       m_axi|                                       gmem2|       pointer|
|m_axi_gmem2_AWLEN     |  out|   32|       m_axi|                                       gmem2|       pointer|
|m_axi_gmem2_AWSIZE    |  out|    3|       m_axi|                                       gmem2|       pointer|
|m_axi_gmem2_AWBURST   |  out|    2|       m_axi|                                       gmem2|       pointer|
|m_axi_gmem2_AWLOCK    |  out|    2|       m_axi|                                       gmem2|       pointer|
|m_axi_gmem2_AWCACHE   |  out|    4|       m_axi|                                       gmem2|       pointer|
|m_axi_gmem2_AWPROT    |  out|    3|       m_axi|                                       gmem2|       pointer|
|m_axi_gmem2_AWQOS     |  out|    4|       m_axi|                                       gmem2|       pointer|
|m_axi_gmem2_AWREGION  |  out|    4|       m_axi|                                       gmem2|       pointer|
|m_axi_gmem2_AWUSER    |  out|    1|       m_axi|                                       gmem2|       pointer|
|m_axi_gmem2_WVALID    |  out|    1|       m_axi|                                       gmem2|       pointer|
|m_axi_gmem2_WREADY    |   in|    1|       m_axi|                                       gmem2|       pointer|
|m_axi_gmem2_WDATA     |  out|  256|       m_axi|                                       gmem2|       pointer|
|m_axi_gmem2_WSTRB     |  out|   32|       m_axi|                                       gmem2|       pointer|
|m_axi_gmem2_WLAST     |  out|    1|       m_axi|                                       gmem2|       pointer|
|m_axi_gmem2_WID       |  out|    1|       m_axi|                                       gmem2|       pointer|
|m_axi_gmem2_WUSER     |  out|    1|       m_axi|                                       gmem2|       pointer|
|m_axi_gmem2_ARVALID   |  out|    1|       m_axi|                                       gmem2|       pointer|
|m_axi_gmem2_ARREADY   |   in|    1|       m_axi|                                       gmem2|       pointer|
|m_axi_gmem2_ARADDR    |  out|   64|       m_axi|                                       gmem2|       pointer|
|m_axi_gmem2_ARID      |  out|    1|       m_axi|                                       gmem2|       pointer|
|m_axi_gmem2_ARLEN     |  out|   32|       m_axi|                                       gmem2|       pointer|
|m_axi_gmem2_ARSIZE    |  out|    3|       m_axi|                                       gmem2|       pointer|
|m_axi_gmem2_ARBURST   |  out|    2|       m_axi|                                       gmem2|       pointer|
|m_axi_gmem2_ARLOCK    |  out|    2|       m_axi|                                       gmem2|       pointer|
|m_axi_gmem2_ARCACHE   |  out|    4|       m_axi|                                       gmem2|       pointer|
|m_axi_gmem2_ARPROT    |  out|    3|       m_axi|                                       gmem2|       pointer|
|m_axi_gmem2_ARQOS     |  out|    4|       m_axi|                                       gmem2|       pointer|
|m_axi_gmem2_ARREGION  |  out|    4|       m_axi|                                       gmem2|       pointer|
|m_axi_gmem2_ARUSER    |  out|    1|       m_axi|                                       gmem2|       pointer|
|m_axi_gmem2_RVALID    |   in|    1|       m_axi|                                       gmem2|       pointer|
|m_axi_gmem2_RREADY    |  out|    1|       m_axi|                                       gmem2|       pointer|
|m_axi_gmem2_RDATA     |   in|  256|       m_axi|                                       gmem2|       pointer|
|m_axi_gmem2_RLAST     |   in|    1|       m_axi|                                       gmem2|       pointer|
|m_axi_gmem2_RID       |   in|    1|       m_axi|                                       gmem2|       pointer|
|m_axi_gmem2_RFIFONUM  |   in|    9|       m_axi|                                       gmem2|       pointer|
|m_axi_gmem2_RUSER     |   in|    1|       m_axi|                                       gmem2|       pointer|
|m_axi_gmem2_RRESP     |   in|    2|       m_axi|                                       gmem2|       pointer|
|m_axi_gmem2_BVALID    |   in|    1|       m_axi|                                       gmem2|       pointer|
|m_axi_gmem2_BREADY    |  out|    1|       m_axi|                                       gmem2|       pointer|
|m_axi_gmem2_BRESP     |   in|    2|       m_axi|                                       gmem2|       pointer|
|m_axi_gmem2_BID       |   in|    1|       m_axi|                                       gmem2|       pointer|
|m_axi_gmem2_BUSER     |   in|    1|       m_axi|                                       gmem2|       pointer|
|C_BUF_0_6_val         |   in|   32|     ap_none|                               C_BUF_0_6_val|        scalar|
|C_BUF_1_6_val         |   in|   32|     ap_none|                               C_BUF_1_6_val|        scalar|
|C_BUF_2_6_val         |   in|   32|     ap_none|                               C_BUF_2_6_val|        scalar|
|C_BUF_3_6_val         |   in|   32|     ap_none|                               C_BUF_3_6_val|        scalar|
|C_BUF_4_6_val         |   in|   32|     ap_none|                               C_BUF_4_6_val|        scalar|
|C_BUF_5_6_val         |   in|   32|     ap_none|                               C_BUF_5_6_val|        scalar|
|C_BUF_6_6_val         |   in|   32|     ap_none|                               C_BUF_6_6_val|        scalar|
|C_BUF_7_6_val         |   in|   32|     ap_none|                               C_BUF_7_6_val|        scalar|
|C_BUF_8_6_val         |   in|   32|     ap_none|                               C_BUF_8_6_val|        scalar|
|C_BUF_9_6_val         |   in|   32|     ap_none|                               C_BUF_9_6_val|        scalar|
|C_BUF_10_6_val        |   in|   32|     ap_none|                              C_BUF_10_6_val|        scalar|
|C_BUF_11_6_val        |   in|   32|     ap_none|                              C_BUF_11_6_val|        scalar|
|C_BUF_12_6_val        |   in|   32|     ap_none|                              C_BUF_12_6_val|        scalar|
|C_BUF_13_6_val        |   in|   32|     ap_none|                              C_BUF_13_6_val|        scalar|
|C_BUF_14_6_val        |   in|   32|     ap_none|                              C_BUF_14_6_val|        scalar|
|C_BUF_15_6_val        |   in|   32|     ap_none|                              C_BUF_15_6_val|        scalar|
|C_BUF_16_6_val        |   in|   32|     ap_none|                              C_BUF_16_6_val|        scalar|
|C_BUF_17_6_val        |   in|   32|     ap_none|                              C_BUF_17_6_val|        scalar|
|C_BUF_18_6_val        |   in|   32|     ap_none|                              C_BUF_18_6_val|        scalar|
|C_BUF_19_6_val        |   in|   32|     ap_none|                              C_BUF_19_6_val|        scalar|
|C_BUF_20_6_val        |   in|   32|     ap_none|                              C_BUF_20_6_val|        scalar|
|C_BUF_21_6_val        |   in|   32|     ap_none|                              C_BUF_21_6_val|        scalar|
|C_BUF_22_6_val        |   in|   32|     ap_none|                              C_BUF_22_6_val|        scalar|
|C_BUF_23_6_val        |   in|   32|     ap_none|                              C_BUF_23_6_val|        scalar|
|C_BUF_24_6_val        |   in|   32|     ap_none|                              C_BUF_24_6_val|        scalar|
|C_BUF_25_6_val        |   in|   32|     ap_none|                              C_BUF_25_6_val|        scalar|
|C_BUF_26_6_val        |   in|   32|     ap_none|                              C_BUF_26_6_val|        scalar|
|C_BUF_27_6_val        |   in|   32|     ap_none|                              C_BUF_27_6_val|        scalar|
|C_BUF_28_6_val        |   in|   32|     ap_none|                              C_BUF_28_6_val|        scalar|
|C_BUF_29_6_val        |   in|   32|     ap_none|                              C_BUF_29_6_val|        scalar|
|C_BUF_31_6_val        |   in|   32|     ap_none|                              C_BUF_31_6_val|        scalar|
|C_BUF_30_6_val        |   in|   32|     ap_none|                              C_BUF_30_6_val|        scalar|
|C_BUF_0_4_val         |   in|   32|     ap_none|                               C_BUF_0_4_val|        scalar|
|C_BUF_1_4_val         |   in|   32|     ap_none|                               C_BUF_1_4_val|        scalar|
|C_BUF_2_4_val         |   in|   32|     ap_none|                               C_BUF_2_4_val|        scalar|
|C_BUF_3_4_val         |   in|   32|     ap_none|                               C_BUF_3_4_val|        scalar|
|C_BUF_4_4_val         |   in|   32|     ap_none|                               C_BUF_4_4_val|        scalar|
|C_BUF_5_4_val         |   in|   32|     ap_none|                               C_BUF_5_4_val|        scalar|
|C_BUF_6_4_val         |   in|   32|     ap_none|                               C_BUF_6_4_val|        scalar|
|C_BUF_7_4_val         |   in|   32|     ap_none|                               C_BUF_7_4_val|        scalar|
|C_BUF_8_4_val         |   in|   32|     ap_none|                               C_BUF_8_4_val|        scalar|
|C_BUF_9_4_val         |   in|   32|     ap_none|                               C_BUF_9_4_val|        scalar|
|C_BUF_10_4_val        |   in|   32|     ap_none|                              C_BUF_10_4_val|        scalar|
|C_BUF_11_4_val        |   in|   32|     ap_none|                              C_BUF_11_4_val|        scalar|
|C_BUF_12_4_val        |   in|   32|     ap_none|                              C_BUF_12_4_val|        scalar|
|C_BUF_13_4_val        |   in|   32|     ap_none|                              C_BUF_13_4_val|        scalar|
|C_BUF_14_4_val        |   in|   32|     ap_none|                              C_BUF_14_4_val|        scalar|
|C_BUF_15_4_val        |   in|   32|     ap_none|                              C_BUF_15_4_val|        scalar|
|C_BUF_16_4_val        |   in|   32|     ap_none|                              C_BUF_16_4_val|        scalar|
|C_BUF_17_4_val        |   in|   32|     ap_none|                              C_BUF_17_4_val|        scalar|
|C_BUF_18_4_val        |   in|   32|     ap_none|                              C_BUF_18_4_val|        scalar|
|C_BUF_19_4_val        |   in|   32|     ap_none|                              C_BUF_19_4_val|        scalar|
|C_BUF_20_4_val        |   in|   32|     ap_none|                              C_BUF_20_4_val|        scalar|
|C_BUF_21_4_val        |   in|   32|     ap_none|                              C_BUF_21_4_val|        scalar|
|C_BUF_22_4_val        |   in|   32|     ap_none|                              C_BUF_22_4_val|        scalar|
|C_BUF_23_4_val        |   in|   32|     ap_none|                              C_BUF_23_4_val|        scalar|
|C_BUF_24_4_val        |   in|   32|     ap_none|                              C_BUF_24_4_val|        scalar|
|C_BUF_25_4_val        |   in|   32|     ap_none|                              C_BUF_25_4_val|        scalar|
|C_BUF_26_4_val        |   in|   32|     ap_none|                              C_BUF_26_4_val|        scalar|
|C_BUF_27_4_val        |   in|   32|     ap_none|                              C_BUF_27_4_val|        scalar|
|C_BUF_28_4_val        |   in|   32|     ap_none|                              C_BUF_28_4_val|        scalar|
|C_BUF_29_4_val        |   in|   32|     ap_none|                              C_BUF_29_4_val|        scalar|
|C_BUF_31_4_val        |   in|   32|     ap_none|                              C_BUF_31_4_val|        scalar|
|C_BUF_30_4_val        |   in|   32|     ap_none|                              C_BUF_30_4_val|        scalar|
|C_BUF_0_2_val         |   in|   32|     ap_none|                               C_BUF_0_2_val|        scalar|
|C_BUF_1_2_val         |   in|   32|     ap_none|                               C_BUF_1_2_val|        scalar|
|C_BUF_2_2_val         |   in|   32|     ap_none|                               C_BUF_2_2_val|        scalar|
|C_BUF_3_2_val         |   in|   32|     ap_none|                               C_BUF_3_2_val|        scalar|
|C_BUF_4_2_val         |   in|   32|     ap_none|                               C_BUF_4_2_val|        scalar|
|C_BUF_5_2_val         |   in|   32|     ap_none|                               C_BUF_5_2_val|        scalar|
|C_BUF_6_2_val         |   in|   32|     ap_none|                               C_BUF_6_2_val|        scalar|
|C_BUF_7_2_val         |   in|   32|     ap_none|                               C_BUF_7_2_val|        scalar|
|C_BUF_8_2_val         |   in|   32|     ap_none|                               C_BUF_8_2_val|        scalar|
|C_BUF_9_2_val         |   in|   32|     ap_none|                               C_BUF_9_2_val|        scalar|
|C_BUF_10_2_val        |   in|   32|     ap_none|                              C_BUF_10_2_val|        scalar|
|C_BUF_11_2_val        |   in|   32|     ap_none|                              C_BUF_11_2_val|        scalar|
|C_BUF_12_2_val        |   in|   32|     ap_none|                              C_BUF_12_2_val|        scalar|
|C_BUF_13_2_val        |   in|   32|     ap_none|                              C_BUF_13_2_val|        scalar|
|C_BUF_14_2_val        |   in|   32|     ap_none|                              C_BUF_14_2_val|        scalar|
|C_BUF_15_2_val        |   in|   32|     ap_none|                              C_BUF_15_2_val|        scalar|
|C_BUF_16_2_val        |   in|   32|     ap_none|                              C_BUF_16_2_val|        scalar|
|C_BUF_17_2_val        |   in|   32|     ap_none|                              C_BUF_17_2_val|        scalar|
|C_BUF_18_2_val        |   in|   32|     ap_none|                              C_BUF_18_2_val|        scalar|
|C_BUF_19_2_val        |   in|   32|     ap_none|                              C_BUF_19_2_val|        scalar|
|C_BUF_20_2_val        |   in|   32|     ap_none|                              C_BUF_20_2_val|        scalar|
|C_BUF_21_2_val        |   in|   32|     ap_none|                              C_BUF_21_2_val|        scalar|
|C_BUF_22_2_val        |   in|   32|     ap_none|                              C_BUF_22_2_val|        scalar|
|C_BUF_23_2_val        |   in|   32|     ap_none|                              C_BUF_23_2_val|        scalar|
|C_BUF_24_2_val        |   in|   32|     ap_none|                              C_BUF_24_2_val|        scalar|
|C_BUF_25_2_val        |   in|   32|     ap_none|                              C_BUF_25_2_val|        scalar|
|C_BUF_26_2_val        |   in|   32|     ap_none|                              C_BUF_26_2_val|        scalar|
|C_BUF_27_2_val        |   in|   32|     ap_none|                              C_BUF_27_2_val|        scalar|
|C_BUF_28_2_val        |   in|   32|     ap_none|                              C_BUF_28_2_val|        scalar|
|C_BUF_29_2_val        |   in|   32|     ap_none|                              C_BUF_29_2_val|        scalar|
|C_BUF_31_2_val        |   in|   32|     ap_none|                              C_BUF_31_2_val|        scalar|
|C_BUF_30_2_val        |   in|   32|     ap_none|                              C_BUF_30_2_val|        scalar|
|C_BUF_0_0_val         |   in|   32|     ap_none|                               C_BUF_0_0_val|        scalar|
|C_BUF_1_0_val         |   in|   32|     ap_none|                               C_BUF_1_0_val|        scalar|
|C_BUF_2_0_val         |   in|   32|     ap_none|                               C_BUF_2_0_val|        scalar|
|C_BUF_3_0_val         |   in|   32|     ap_none|                               C_BUF_3_0_val|        scalar|
|C_BUF_4_0_val         |   in|   32|     ap_none|                               C_BUF_4_0_val|        scalar|
|C_BUF_5_0_val         |   in|   32|     ap_none|                               C_BUF_5_0_val|        scalar|
|C_BUF_6_0_val         |   in|   32|     ap_none|                               C_BUF_6_0_val|        scalar|
|C_BUF_7_0_val         |   in|   32|     ap_none|                               C_BUF_7_0_val|        scalar|
|C_BUF_8_0_val         |   in|   32|     ap_none|                               C_BUF_8_0_val|        scalar|
|C_BUF_9_0_val         |   in|   32|     ap_none|                               C_BUF_9_0_val|        scalar|
|C_BUF_10_0_val        |   in|   32|     ap_none|                              C_BUF_10_0_val|        scalar|
|C_BUF_11_0_val        |   in|   32|     ap_none|                              C_BUF_11_0_val|        scalar|
|C_BUF_12_0_val        |   in|   32|     ap_none|                              C_BUF_12_0_val|        scalar|
|C_BUF_13_0_val        |   in|   32|     ap_none|                              C_BUF_13_0_val|        scalar|
|C_BUF_14_0_val        |   in|   32|     ap_none|                              C_BUF_14_0_val|        scalar|
|C_BUF_15_0_val        |   in|   32|     ap_none|                              C_BUF_15_0_val|        scalar|
|C_BUF_16_0_val        |   in|   32|     ap_none|                              C_BUF_16_0_val|        scalar|
|C_BUF_17_0_val        |   in|   32|     ap_none|                              C_BUF_17_0_val|        scalar|
|C_BUF_18_0_val        |   in|   32|     ap_none|                              C_BUF_18_0_val|        scalar|
|C_BUF_19_0_val        |   in|   32|     ap_none|                              C_BUF_19_0_val|        scalar|
|C_BUF_20_0_val        |   in|   32|     ap_none|                              C_BUF_20_0_val|        scalar|
|C_BUF_21_0_val        |   in|   32|     ap_none|                              C_BUF_21_0_val|        scalar|
|C_BUF_22_0_val        |   in|   32|     ap_none|                              C_BUF_22_0_val|        scalar|
|C_BUF_23_0_val        |   in|   32|     ap_none|                              C_BUF_23_0_val|        scalar|
|C_BUF_24_0_val        |   in|   32|     ap_none|                              C_BUF_24_0_val|        scalar|
|C_BUF_25_0_val        |   in|   32|     ap_none|                              C_BUF_25_0_val|        scalar|
|C_BUF_26_0_val        |   in|   32|     ap_none|                              C_BUF_26_0_val|        scalar|
|C_BUF_27_0_val        |   in|   32|     ap_none|                              C_BUF_27_0_val|        scalar|
|C_BUF_28_0_val        |   in|   32|     ap_none|                              C_BUF_28_0_val|        scalar|
|C_BUF_29_0_val        |   in|   32|     ap_none|                              C_BUF_29_0_val|        scalar|
|C_BUF_31_0_val        |   in|   32|     ap_none|                              C_BUF_31_0_val|        scalar|
|C_BUF_30_0_val        |   in|   32|     ap_none|                              C_BUF_30_0_val|        scalar|
|C_BUF_0_1_val         |   in|   32|     ap_none|                               C_BUF_0_1_val|        scalar|
|C_BUF_1_1_val         |   in|   32|     ap_none|                               C_BUF_1_1_val|        scalar|
|C_BUF_2_1_val         |   in|   32|     ap_none|                               C_BUF_2_1_val|        scalar|
|C_BUF_3_1_val         |   in|   32|     ap_none|                               C_BUF_3_1_val|        scalar|
|C_BUF_4_1_val         |   in|   32|     ap_none|                               C_BUF_4_1_val|        scalar|
|C_BUF_5_1_val         |   in|   32|     ap_none|                               C_BUF_5_1_val|        scalar|
|C_BUF_6_1_val         |   in|   32|     ap_none|                               C_BUF_6_1_val|        scalar|
|C_BUF_7_1_val         |   in|   32|     ap_none|                               C_BUF_7_1_val|        scalar|
|C_BUF_8_1_val         |   in|   32|     ap_none|                               C_BUF_8_1_val|        scalar|
|C_BUF_9_1_val         |   in|   32|     ap_none|                               C_BUF_9_1_val|        scalar|
|C_BUF_10_1_val        |   in|   32|     ap_none|                              C_BUF_10_1_val|        scalar|
|C_BUF_11_1_val        |   in|   32|     ap_none|                              C_BUF_11_1_val|        scalar|
|C_BUF_12_1_val        |   in|   32|     ap_none|                              C_BUF_12_1_val|        scalar|
|C_BUF_13_1_val        |   in|   32|     ap_none|                              C_BUF_13_1_val|        scalar|
|C_BUF_14_1_val        |   in|   32|     ap_none|                              C_BUF_14_1_val|        scalar|
|C_BUF_15_1_val        |   in|   32|     ap_none|                              C_BUF_15_1_val|        scalar|
|C_BUF_16_1_val        |   in|   32|     ap_none|                              C_BUF_16_1_val|        scalar|
|C_BUF_17_1_val        |   in|   32|     ap_none|                              C_BUF_17_1_val|        scalar|
|C_BUF_18_1_val        |   in|   32|     ap_none|                              C_BUF_18_1_val|        scalar|
|C_BUF_19_1_val        |   in|   32|     ap_none|                              C_BUF_19_1_val|        scalar|
|C_BUF_20_1_val        |   in|   32|     ap_none|                              C_BUF_20_1_val|        scalar|
|C_BUF_21_1_val        |   in|   32|     ap_none|                              C_BUF_21_1_val|        scalar|
|C_BUF_22_1_val        |   in|   32|     ap_none|                              C_BUF_22_1_val|        scalar|
|C_BUF_23_1_val        |   in|   32|     ap_none|                              C_BUF_23_1_val|        scalar|
|C_BUF_24_1_val        |   in|   32|     ap_none|                              C_BUF_24_1_val|        scalar|
|C_BUF_25_1_val        |   in|   32|     ap_none|                              C_BUF_25_1_val|        scalar|
|C_BUF_26_1_val        |   in|   32|     ap_none|                              C_BUF_26_1_val|        scalar|
|C_BUF_27_1_val        |   in|   32|     ap_none|                              C_BUF_27_1_val|        scalar|
|C_BUF_28_1_val        |   in|   32|     ap_none|                              C_BUF_28_1_val|        scalar|
|C_BUF_29_1_val        |   in|   32|     ap_none|                              C_BUF_29_1_val|        scalar|
|C_BUF_31_1_val        |   in|   32|     ap_none|                              C_BUF_31_1_val|        scalar|
|C_BUF_30_1_val        |   in|   32|     ap_none|                              C_BUF_30_1_val|        scalar|
|C_BUF_0_3_val         |   in|   32|     ap_none|                               C_BUF_0_3_val|        scalar|
|C_BUF_1_3_val         |   in|   32|     ap_none|                               C_BUF_1_3_val|        scalar|
|C_BUF_2_3_val         |   in|   32|     ap_none|                               C_BUF_2_3_val|        scalar|
|C_BUF_3_3_val         |   in|   32|     ap_none|                               C_BUF_3_3_val|        scalar|
|C_BUF_4_3_val         |   in|   32|     ap_none|                               C_BUF_4_3_val|        scalar|
|C_BUF_5_3_val         |   in|   32|     ap_none|                               C_BUF_5_3_val|        scalar|
|C_BUF_6_3_val         |   in|   32|     ap_none|                               C_BUF_6_3_val|        scalar|
|C_BUF_7_3_val         |   in|   32|     ap_none|                               C_BUF_7_3_val|        scalar|
|C_BUF_8_3_val         |   in|   32|     ap_none|                               C_BUF_8_3_val|        scalar|
|C_BUF_9_3_val         |   in|   32|     ap_none|                               C_BUF_9_3_val|        scalar|
|C_BUF_10_3_val        |   in|   32|     ap_none|                              C_BUF_10_3_val|        scalar|
|C_BUF_11_3_val        |   in|   32|     ap_none|                              C_BUF_11_3_val|        scalar|
|C_BUF_12_3_val        |   in|   32|     ap_none|                              C_BUF_12_3_val|        scalar|
|C_BUF_13_3_val        |   in|   32|     ap_none|                              C_BUF_13_3_val|        scalar|
|C_BUF_14_3_val        |   in|   32|     ap_none|                              C_BUF_14_3_val|        scalar|
|C_BUF_15_3_val        |   in|   32|     ap_none|                              C_BUF_15_3_val|        scalar|
|C_BUF_16_3_val        |   in|   32|     ap_none|                              C_BUF_16_3_val|        scalar|
|C_BUF_17_3_val        |   in|   32|     ap_none|                              C_BUF_17_3_val|        scalar|
|C_BUF_18_3_val        |   in|   32|     ap_none|                              C_BUF_18_3_val|        scalar|
|C_BUF_19_3_val        |   in|   32|     ap_none|                              C_BUF_19_3_val|        scalar|
|C_BUF_20_3_val        |   in|   32|     ap_none|                              C_BUF_20_3_val|        scalar|
|C_BUF_21_3_val        |   in|   32|     ap_none|                              C_BUF_21_3_val|        scalar|
|C_BUF_22_3_val        |   in|   32|     ap_none|                              C_BUF_22_3_val|        scalar|
|C_BUF_23_3_val        |   in|   32|     ap_none|                              C_BUF_23_3_val|        scalar|
|C_BUF_24_3_val        |   in|   32|     ap_none|                              C_BUF_24_3_val|        scalar|
|C_BUF_25_3_val        |   in|   32|     ap_none|                              C_BUF_25_3_val|        scalar|
|C_BUF_26_3_val        |   in|   32|     ap_none|                              C_BUF_26_3_val|        scalar|
|C_BUF_27_3_val        |   in|   32|     ap_none|                              C_BUF_27_3_val|        scalar|
|C_BUF_28_3_val        |   in|   32|     ap_none|                              C_BUF_28_3_val|        scalar|
|C_BUF_29_3_val        |   in|   32|     ap_none|                              C_BUF_29_3_val|        scalar|
|C_BUF_31_3_val        |   in|   32|     ap_none|                              C_BUF_31_3_val|        scalar|
|C_BUF_30_3_val        |   in|   32|     ap_none|                              C_BUF_30_3_val|        scalar|
|C_BUF_0_5_val         |   in|   32|     ap_none|                               C_BUF_0_5_val|        scalar|
|C_BUF_1_5_val         |   in|   32|     ap_none|                               C_BUF_1_5_val|        scalar|
|C_BUF_2_5_val         |   in|   32|     ap_none|                               C_BUF_2_5_val|        scalar|
|C_BUF_3_5_val         |   in|   32|     ap_none|                               C_BUF_3_5_val|        scalar|
|C_BUF_4_5_val         |   in|   32|     ap_none|                               C_BUF_4_5_val|        scalar|
|C_BUF_5_5_val         |   in|   32|     ap_none|                               C_BUF_5_5_val|        scalar|
|C_BUF_6_5_val         |   in|   32|     ap_none|                               C_BUF_6_5_val|        scalar|
|C_BUF_7_5_val         |   in|   32|     ap_none|                               C_BUF_7_5_val|        scalar|
|C_BUF_8_5_val         |   in|   32|     ap_none|                               C_BUF_8_5_val|        scalar|
|C_BUF_9_5_val         |   in|   32|     ap_none|                               C_BUF_9_5_val|        scalar|
|C_BUF_10_5_val        |   in|   32|     ap_none|                              C_BUF_10_5_val|        scalar|
|C_BUF_11_5_val        |   in|   32|     ap_none|                              C_BUF_11_5_val|        scalar|
|C_BUF_12_5_val        |   in|   32|     ap_none|                              C_BUF_12_5_val|        scalar|
|C_BUF_13_5_val        |   in|   32|     ap_none|                              C_BUF_13_5_val|        scalar|
|C_BUF_14_5_val        |   in|   32|     ap_none|                              C_BUF_14_5_val|        scalar|
|C_BUF_15_5_val        |   in|   32|     ap_none|                              C_BUF_15_5_val|        scalar|
|C_BUF_16_5_val        |   in|   32|     ap_none|                              C_BUF_16_5_val|        scalar|
|C_BUF_17_5_val        |   in|   32|     ap_none|                              C_BUF_17_5_val|        scalar|
|C_BUF_18_5_val        |   in|   32|     ap_none|                              C_BUF_18_5_val|        scalar|
|C_BUF_19_5_val        |   in|   32|     ap_none|                              C_BUF_19_5_val|        scalar|
|C_BUF_20_5_val        |   in|   32|     ap_none|                              C_BUF_20_5_val|        scalar|
|C_BUF_21_5_val        |   in|   32|     ap_none|                              C_BUF_21_5_val|        scalar|
|C_BUF_22_5_val        |   in|   32|     ap_none|                              C_BUF_22_5_val|        scalar|
|C_BUF_23_5_val        |   in|   32|     ap_none|                              C_BUF_23_5_val|        scalar|
|C_BUF_24_5_val        |   in|   32|     ap_none|                              C_BUF_24_5_val|        scalar|
|C_BUF_25_5_val        |   in|   32|     ap_none|                              C_BUF_25_5_val|        scalar|
|C_BUF_26_5_val        |   in|   32|     ap_none|                              C_BUF_26_5_val|        scalar|
|C_BUF_27_5_val        |   in|   32|     ap_none|                              C_BUF_27_5_val|        scalar|
|C_BUF_28_5_val        |   in|   32|     ap_none|                              C_BUF_28_5_val|        scalar|
|C_BUF_29_5_val        |   in|   32|     ap_none|                              C_BUF_29_5_val|        scalar|
|C_BUF_31_5_val        |   in|   32|     ap_none|                              C_BUF_31_5_val|        scalar|
|C_BUF_30_5_val        |   in|   32|     ap_none|                              C_BUF_30_5_val|        scalar|
|C_BUF_0_7_val         |   in|   32|     ap_none|                               C_BUF_0_7_val|        scalar|
|C_BUF_1_7_val         |   in|   32|     ap_none|                               C_BUF_1_7_val|        scalar|
|C_BUF_2_7_val         |   in|   32|     ap_none|                               C_BUF_2_7_val|        scalar|
|C_BUF_3_7_val         |   in|   32|     ap_none|                               C_BUF_3_7_val|        scalar|
|C_BUF_4_7_val         |   in|   32|     ap_none|                               C_BUF_4_7_val|        scalar|
|C_BUF_5_7_val         |   in|   32|     ap_none|                               C_BUF_5_7_val|        scalar|
|C_BUF_6_7_val         |   in|   32|     ap_none|                               C_BUF_6_7_val|        scalar|
|C_BUF_7_7_val         |   in|   32|     ap_none|                               C_BUF_7_7_val|        scalar|
|C_BUF_8_7_val         |   in|   32|     ap_none|                               C_BUF_8_7_val|        scalar|
|C_BUF_9_7_val         |   in|   32|     ap_none|                               C_BUF_9_7_val|        scalar|
|C_BUF_10_7_val        |   in|   32|     ap_none|                              C_BUF_10_7_val|        scalar|
|C_BUF_11_7_val        |   in|   32|     ap_none|                              C_BUF_11_7_val|        scalar|
|C_BUF_12_7_val        |   in|   32|     ap_none|                              C_BUF_12_7_val|        scalar|
|C_BUF_13_7_val        |   in|   32|     ap_none|                              C_BUF_13_7_val|        scalar|
|C_BUF_14_7_val        |   in|   32|     ap_none|                              C_BUF_14_7_val|        scalar|
|C_BUF_15_7_val        |   in|   32|     ap_none|                              C_BUF_15_7_val|        scalar|
|C_BUF_16_7_val        |   in|   32|     ap_none|                              C_BUF_16_7_val|        scalar|
|C_BUF_17_7_val        |   in|   32|     ap_none|                              C_BUF_17_7_val|        scalar|
|C_BUF_18_7_val        |   in|   32|     ap_none|                              C_BUF_18_7_val|        scalar|
|C_BUF_19_7_val        |   in|   32|     ap_none|                              C_BUF_19_7_val|        scalar|
|C_BUF_20_7_val        |   in|   32|     ap_none|                              C_BUF_20_7_val|        scalar|
|C_BUF_21_7_val        |   in|   32|     ap_none|                              C_BUF_21_7_val|        scalar|
|C_BUF_22_7_val        |   in|   32|     ap_none|                              C_BUF_22_7_val|        scalar|
|C_BUF_23_7_val        |   in|   32|     ap_none|                              C_BUF_23_7_val|        scalar|
|C_BUF_24_7_val        |   in|   32|     ap_none|                              C_BUF_24_7_val|        scalar|
|C_BUF_25_7_val        |   in|   32|     ap_none|                              C_BUF_25_7_val|        scalar|
|C_BUF_26_7_val        |   in|   32|     ap_none|                              C_BUF_26_7_val|        scalar|
|C_BUF_27_7_val        |   in|   32|     ap_none|                              C_BUF_27_7_val|        scalar|
|C_BUF_28_7_val        |   in|   32|     ap_none|                              C_BUF_28_7_val|        scalar|
|C_BUF_29_7_val        |   in|   32|     ap_none|                              C_BUF_29_7_val|        scalar|
|C_BUF_31_7_val        |   in|   32|     ap_none|                              C_BUF_31_7_val|        scalar|
|C_BUF_30_7_val        |   in|   32|     ap_none|                              C_BUF_30_7_val|        scalar|
+----------------------+-----+-----+------------+--------------------------------------------+--------------+

