

================================================================
== Vitis HLS Report for 'storeOutputToDRAM'
================================================================
* Date:           Wed Jul 15 19:37:24 2026

* Version:        2023.2 (Build 4023990 on Oct 11 2023)
* Project:        hls_project
* Solution:       gemm2 (Vitis Kernel Flow Target)
* Product family: versalaicore
* Target device:  xcvc1902-vsva2197-2MP-e-S


================================================================
== Performance Estimates
================================================================
+ Timing: 
    * Summary: 
    +--------+---------+----------+------------+
    |  Clock |  Target | Estimated| Uncertainty|
    +--------+---------+----------+------------+
    |ap_clk  |  3.33 ns|  2.433 ns|     0.90 ns|
    +--------+---------+----------+------------+

+ Latency: 
    * Summary: 
    +---------+---------+----------+----------+-----+-----+---------+
    |  Latency (cycles) |  Latency (absolute) |  Interval | Pipeline|
    |   min   |   max   |    min   |    max   | min | max |   Type  |
    +---------+---------+----------+----------+-----+-----+---------+
    |       72|       72|  0.240 us|  0.240 us|   72|   72|       no|
    +---------+---------+----------+----------+-----+-----+---------+

    + Detail: 
        * Instance: 
        N/A

        * Loop: 
        +-------------------+---------+---------+----------+-----------+-----------+------+----------+
        |                   |  Latency (cycles) | Iteration|  Initiation Interval  | Trip |          |
        |     Loop Name     |   min   |   max   |  Latency |  achieved |   target  | Count| Pipelined|
        +-------------------+---------+---------+----------+-----------+-----------+------+----------+
        |- VITIS_LOOP_43_1  |        4|        4|         1|          -|          -|     4|        no|
        +-------------------+---------+---------+----------+-----------+-----------+------+----------+



================================================================
== Utilization Estimates
================================================================
* Summary: 
+-----------------+---------+------+---------+--------+-----+
|       Name      | BRAM_18K|  DSP |    FF   |   LUT  | URAM|
+-----------------+---------+------+---------+--------+-----+
|DSP              |        -|     -|        -|       -|    -|
|Expression       |        -|     -|        0|      12|    -|
|FIFO             |        -|     -|        -|       -|    -|
|Instance         |        -|     -|        0|     128|    -|
|Memory           |        -|     -|        -|       -|    -|
|Multiplexer      |        -|     -|        -|      95|    -|
|Register         |        -|     -|       72|       -|    -|
+-----------------+---------+------+---------+--------+-----+
|Total            |        0|     0|       72|     235|    0|
+-----------------+---------+------+---------+--------+-----+
|Available        |     1934|  1968|  1799680|  899840|  463|
+-----------------+---------+------+---------+--------+-----+
|Utilization (%)  |        0|     0|       ~0|      ~0|    0|
+-----------------+---------+------+---------+--------+-----+

+ Detail: 
    * Instance: 
    +---------------------------+----------------------+---------+----+---+----+-----+
    |          Instance         |        Module        | BRAM_18K| DSP| FF| LUT| URAM|
    +---------------------------+----------------------+---------+----+---+----+-----+
    |sparsemux_9_2_32_1_1_U287  |sparsemux_9_2_32_1_1  |        0|   0|  0|  32|    0|
    |sparsemux_9_2_32_1_1_U288  |sparsemux_9_2_32_1_1  |        0|   0|  0|  32|    0|
    |sparsemux_9_2_32_1_1_U289  |sparsemux_9_2_32_1_1  |        0|   0|  0|  32|    0|
    |sparsemux_9_2_32_1_1_U290  |sparsemux_9_2_32_1_1  |        0|   0|  0|  32|    0|
    +---------------------------+----------------------+---------+----+---+----+-----+
    |Total                      |                      |        0|   0|  0| 128|    0|
    +---------------------------+----------------------+---------+----+---+----+-----+

    * DSP: 
    N/A

    * Memory: 
    N/A

    * FIFO: 
    N/A

    * Expression: 
    +---------------------+----------+----+---+----+------------+------------+
    |    Variable Name    | Operation| DSP| FF| LUT| Bitwidth P0| Bitwidth P1|
    +---------------------+----------+----+---+----+------------+------------+
    |add_ln43_fu_305_p2   |         +|   0|  0|   5|           3|           1|
    |ap_block_state2_io   |       and|   0|  0|   2|           1|           1|
    |icmp_ln43_fu_311_p2  |      icmp|   0|  0|   5|           3|           4|
    +---------------------+----------+----+---+----+------------+------------+
    |Total                |          |   0|  0|  12|           7|           6|
    +---------------------+----------+----+---+----+------------+------------+

    * Multiplexer: 
    +----------------+----+-----------+-----+-----------+
    |      Name      | LUT| Input Size| Bits| Total Bits|
    +----------------+----+-----------+-----+-----------+
    |ap_NS_fsm       |  86|         70|    1|         70|
    |gmem2_blk_n_AW  |   2|          2|    1|          2|
    |gmem2_blk_n_B   |   2|          2|    1|          2|
    |gmem2_blk_n_W   |   2|          2|    1|          2|
    |i_fu_104        |   3|          2|    3|          6|
    +----------------+----+-----------+-----+-----------+
    |Total           |  95|         78|    7|         82|
    +----------------+----+-----------+-----+-----------+

    * Register: 
    +-----------+----+----+-----+-----------+
    |    Name   | FF | LUT| Bits| Const Bits|
    +-----------+----+----+-----+-----------+
    |ap_CS_fsm  |  69|   0|   69|          0|
    |i_fu_104   |   3|   0|    3|          0|
    +-----------+----+----+-----+-----------+
    |Total      |  72|   0|   72|          0|
    +-----------+----+----+-----+-----------+



================================================================
== Interface
================================================================
* Summary: 
+----------------------+-----+-----+------------+-------------------+--------------+
|       RTL Ports      | Dir | Bits|  Protocol  |   Source Object   |    C Type    |
+----------------------+-----+-----+------------+-------------------+--------------+
|ap_clk                |   in|    1|  ap_ctrl_hs|  storeOutputToDRAM|  return value|
|ap_rst                |   in|    1|  ap_ctrl_hs|  storeOutputToDRAM|  return value|
|ap_start              |   in|    1|  ap_ctrl_hs|  storeOutputToDRAM|  return value|
|ap_done               |  out|    1|  ap_ctrl_hs|  storeOutputToDRAM|  return value|
|ap_idle               |  out|    1|  ap_ctrl_hs|  storeOutputToDRAM|  return value|
|ap_ready              |  out|    1|  ap_ctrl_hs|  storeOutputToDRAM|  return value|
|C_BUF_0_0_val         |   in|   32|     ap_none|      C_BUF_0_0_val|        scalar|
|C_BUF_0_1_val         |   in|   32|     ap_none|      C_BUF_0_1_val|        scalar|
|C_BUF_0_2_val         |   in|   32|     ap_none|      C_BUF_0_2_val|        scalar|
|C_BUF_0_3_val         |   in|   32|     ap_none|      C_BUF_0_3_val|        scalar|
|C_BUF_1_0_val         |   in|   32|     ap_none|      C_BUF_1_0_val|        scalar|
|C_BUF_1_1_val         |   in|   32|     ap_none|      C_BUF_1_1_val|        scalar|
|C_BUF_1_2_val         |   in|   32|     ap_none|      C_BUF_1_2_val|        scalar|
|C_BUF_1_3_val         |   in|   32|     ap_none|      C_BUF_1_3_val|        scalar|
|C_BUF_2_0_val         |   in|   32|     ap_none|      C_BUF_2_0_val|        scalar|
|C_BUF_2_1_val         |   in|   32|     ap_none|      C_BUF_2_1_val|        scalar|
|C_BUF_2_2_val         |   in|   32|     ap_none|      C_BUF_2_2_val|        scalar|
|C_BUF_2_3_val         |   in|   32|     ap_none|      C_BUF_2_3_val|        scalar|
|C_BUF_3_0_val         |   in|   32|     ap_none|      C_BUF_3_0_val|        scalar|
|C_BUF_3_1_val         |   in|   32|     ap_none|      C_BUF_3_1_val|        scalar|
|C_BUF_3_2_val         |   in|   32|     ap_none|      C_BUF_3_2_val|        scalar|
|C_BUF_3_3_val         |   in|   32|     ap_none|      C_BUF_3_3_val|        scalar|
|m_axi_gmem2_AWVALID   |  out|    1|       m_axi|              gmem2|       pointer|
|m_axi_gmem2_AWREADY   |   in|    1|       m_axi|              gmem2|       pointer|
|m_axi_gmem2_AWADDR    |  out|   64|       m_axi|              gmem2|       pointer|
|m_axi_gmem2_AWID      |  out|    1|       m_axi|              gmem2|       pointer|
|m_axi_gmem2_AWLEN     |  out|   32|       m_axi|              gmem2|       pointer|
|m_axi_gmem2_AWSIZE    |  out|    3|       m_axi|              gmem2|       pointer|
|m_axi_gmem2_AWBURST   |  out|    2|       m_axi|              gmem2|       pointer|
|m_axi_gmem2_AWLOCK    |  out|    2|       m_axi|              gmem2|       pointer|
|m_axi_gmem2_AWCACHE   |  out|    4|       m_axi|              gmem2|       pointer|
|m_axi_gmem2_AWPROT    |  out|    3|       m_axi|              gmem2|       pointer|
|m_axi_gmem2_AWQOS     |  out|    4|       m_axi|              gmem2|       pointer|
|m_axi_gmem2_AWREGION  |  out|    4|       m_axi|              gmem2|       pointer|
|m_axi_gmem2_AWUSER    |  out|    1|       m_axi|              gmem2|       pointer|
|m_axi_gmem2_WVALID    |  out|    1|       m_axi|              gmem2|       pointer|
|m_axi_gmem2_WREADY    |   in|    1|       m_axi|              gmem2|       pointer|
|m_axi_gmem2_WDATA     |  out|  128|       m_axi|              gmem2|       pointer|
|m_axi_gmem2_WSTRB     |  out|   16|       m_axi|              gmem2|       pointer|
|m_axi_gmem2_WLAST     |  out|    1|       m_axi|              gmem2|       pointer|
|m_axi_gmem2_WID       |  out|    1|       m_axi|              gmem2|       pointer|
|m_axi_gmem2_WUSER     |  out|    1|       m_axi|              gmem2|       pointer|
|m_axi_gmem2_ARVALID   |  out|    1|       m_axi|              gmem2|       pointer|
|m_axi_gmem2_ARREADY   |   in|    1|       m_axi|              gmem2|       pointer|
|m_axi_gmem2_ARADDR    |  out|   64|       m_axi|              gmem2|       pointer|
|m_axi_gmem2_ARID      |  out|    1|       m_axi|              gmem2|       pointer|
|m_axi_gmem2_ARLEN     |  out|   32|       m_axi|              gmem2|       pointer|
|m_axi_gmem2_ARSIZE    |  out|    3|       m_axi|              gmem2|       pointer|
|m_axi_gmem2_ARBURST   |  out|    2|       m_axi|              gmem2|       pointer|
|m_axi_gmem2_ARLOCK    |  out|    2|       m_axi|              gmem2|       pointer|
|m_axi_gmem2_ARCACHE   |  out|    4|       m_axi|              gmem2|       pointer|
|m_axi_gmem2_ARPROT    |  out|    3|       m_axi|              gmem2|       pointer|
|m_axi_gmem2_ARQOS     |  out|    4|       m_axi|              gmem2|       pointer|
|m_axi_gmem2_ARREGION  |  out|    4|       m_axi|              gmem2|       pointer|
|m_axi_gmem2_ARUSER    |  out|    1|       m_axi|              gmem2|       pointer|
|m_axi_gmem2_RVALID    |   in|    1|       m_axi|              gmem2|       pointer|
|m_axi_gmem2_RREADY    |  out|    1|       m_axi|              gmem2|       pointer|
|m_axi_gmem2_RDATA     |   in|  128|       m_axi|              gmem2|       pointer|
|m_axi_gmem2_RLAST     |   in|    1|       m_axi|              gmem2|       pointer|
|m_axi_gmem2_RID       |   in|    1|       m_axi|              gmem2|       pointer|
|m_axi_gmem2_RFIFONUM  |   in|    9|       m_axi|              gmem2|       pointer|
|m_axi_gmem2_RUSER     |   in|    1|       m_axi|              gmem2|       pointer|
|m_axi_gmem2_RRESP     |   in|    2|       m_axi|              gmem2|       pointer|
|m_axi_gmem2_BVALID    |   in|    1|       m_axi|              gmem2|       pointer|
|m_axi_gmem2_BREADY    |  out|    1|       m_axi|              gmem2|       pointer|
|m_axi_gmem2_BRESP     |   in|    2|       m_axi|              gmem2|       pointer|
|m_axi_gmem2_BID       |   in|    1|       m_axi|              gmem2|       pointer|
|m_axi_gmem2_BUSER     |   in|    1|       m_axi|              gmem2|       pointer|
|C_DRAM                |   in|   64|     ap_none|             C_DRAM|        scalar|
+----------------------+-----+-----+------------+-------------------+--------------+

