

================================================================
== Vitis HLS Report for 'tile_A_to_stream'
================================================================
* Date:           Thu Jul 16 14:01:21 2026

* Version:        2023.2 (Build 4023990 on Oct 11 2023)
* Project:        hls_project
* Solution:       gemm2 (Vitis Kernel Flow Target)
* Product family: versalaicore
* Target device:  xcvc1902-vsva2197-2MP-e-S


================================================================
== Performance Estimates
================================================================
+ Timing: 
    * Summary: 
    +--------+---------+----------+------------+
    |  Clock |  Target | Estimated| Uncertainty|
    +--------+---------+----------+------------+
    |ap_clk  |  3.33 ns|  1.268 ns|     0.90 ns|
    +--------+---------+----------+------------+

+ Latency: 
    * Summary: 
    +---------+---------+-----------+-----------+-----+-----+---------+
    |  Latency (cycles) |   Latency (absolute)  |  Interval | Pipeline|
    |   min   |   max   |    min    |    max    | min | max |   Type  |
    +---------+---------+-----------+-----------+-----+-----+---------+
    |       18|       18|  59.994 ns|  59.994 ns|   18|   18|       no|
    +---------+---------+-----------+-----------+-----+-----+---------+

    + Detail: 
        * Instance: 
        N/A

        * Loop: 
        +-------------------+---------+---------+----------+-----------+-----------+------+----------+
        |                   |  Latency (cycles) | Iteration|  Initiation Interval  | Trip |          |
        |     Loop Name     |   min   |   max   |  Latency |  achieved |   target  | Count| Pipelined|
        +-------------------+---------+---------+----------+-----------+-----------+------+----------+
        |- VITIS_LOOP_52_1  |       16|       16|         5|          4|          1|     4|       yes|
        +-------------------+---------+---------+----------+-----------+-----------+------+----------+



================================================================
== Utilization Estimates
================================================================
* Summary: 
+-----------------+---------+------+---------+--------+-----+
|       Name      | BRAM_18K|  DSP |    FF   |   LUT  | URAM|
+-----------------+---------+------+---------+--------+-----+
|DSP              |        -|     -|        -|       -|    -|
|Expression       |        -|     -|        0|      36|    -|
|FIFO             |        -|     -|        -|       -|    -|
|Instance         |        -|     -|        0|     128|    -|
|Memory           |        -|     -|        -|       -|    -|
|Multiplexer      |        -|     -|        -|     400|    -|
|Register         |        -|     -|      141|       -|    -|
+-----------------+---------+------+---------+--------+-----+
|Total            |        0|     0|      141|     564|    0|
+-----------------+---------+------+---------+--------+-----+
|Available        |     1934|  1968|  1799680|  899840|  463|
+-----------------+---------+------+---------+--------+-----+
|Utilization (%)  |        0|     0|       ~0|      ~0|    0|
+-----------------+---------+------+---------+--------+-----+

+ Detail: 
    * Instance: 
    +--------------------------+----------------------+---------+----+---+----+-----+
    |         Instance         |        Module        | BRAM_18K| DSP| FF| LUT| URAM|
    +--------------------------+----------------------+---------+----+---+----+-----+
    |sparsemux_9_2_32_1_1_U88  |sparsemux_9_2_32_1_1  |        0|   0|  0|  32|    0|
    |sparsemux_9_2_32_1_1_U89  |sparsemux_9_2_32_1_1  |        0|   0|  0|  32|    0|
    |sparsemux_9_2_32_1_1_U90  |sparsemux_9_2_32_1_1  |        0|   0|  0|  32|    0|
    |sparsemux_9_2_32_1_1_U91  |sparsemux_9_2_32_1_1  |        0|   0|  0|  32|    0|
    +--------------------------+----------------------+---------+----+---+----+-----+
    |Total                     |                      |        0|   0|  0| 128|    0|
    +--------------------------+----------------------+---------+----+---+----+-----+

    * DSP: 
    N/A

    * Memory: 
    N/A

    * FIFO: 
    N/A

    * Expression: 
    +----------------------------------+----------+----+---+----+------------+------------+
    |           Variable Name          | Operation| DSP| FF| LUT| Bitwidth P0| Bitwidth P1|
    +----------------------------------+----------+----+---+----+------------+------------+
    |add_ln52_fu_265_p2                |         +|   0|  0|   5|           3|           1|
    |ap_block_pp0_stage0_01001         |       and|   0|  0|   2|           1|           1|
    |ap_block_pp0_stage1_01001         |       and|   0|  0|   2|           1|           1|
    |ap_block_pp0_stage2_01001         |       and|   0|  0|   2|           1|           1|
    |ap_block_pp0_stage3_01001         |       and|   0|  0|   2|           1|           1|
    |ap_predicate_op69_write_state2    |       and|   0|  0|   2|           1|           1|
    |ap_predicate_op71_write_state2    |       and|   0|  0|   2|           1|           1|
    |ap_predicate_op73_write_state2    |       and|   0|  0|   2|           1|           1|
    |ap_predicate_op75_write_state2    |       and|   0|  0|   2|           1|           1|
    |icmp_ln52_fu_271_p2               |      icmp|   0|  0|   5|           3|           4|
    |ap_block_state2_pp0_stage1_iter0  |        or|   0|  0|   2|           1|           1|
    |ap_block_state3_pp0_stage2_iter0  |        or|   0|  0|   2|           1|           1|
    |ap_block_state4_pp0_stage3_iter0  |        or|   0|  0|   2|           1|           1|
    |ap_block_state5_pp0_stage0_iter1  |        or|   0|  0|   2|           1|           1|
    |ap_enable_pp0                     |       xor|   0|  0|   2|           1|           2|
    +----------------------------------+----------+----+---+----+------------+------------+
    |Total                             |          |   0|  0|  36|          19|          19|
    +----------------------------------+----------+----+---+----+------------+------------+

    * Multiplexer: 
    +-----------------------------+----+-----------+-----+-----------+
    |             Name            | LUT| Input Size| Bits| Total Bits|
    +-----------------------------+----+-----------+-----+-----------+
    |A_stream_0_0_blk_n           |   2|          2|    1|          2|
    |A_stream_0_0_din             |  93|          5|   32|        160|
    |A_stream_1_0_blk_n           |   2|          2|    1|          2|
    |A_stream_1_0_din             |  93|          5|   32|        160|
    |A_stream_2_0_blk_n           |   2|          2|    1|          2|
    |A_stream_2_0_din             |  93|          5|   32|        160|
    |A_stream_3_0_blk_n           |   2|          2|    1|          2|
    |A_stream_3_0_din             |  93|          5|   32|        160|
    |ap_NS_fsm                    |   6|          5|    1|          5|
    |ap_done_int                  |   2|          2|    1|          2|
    |ap_enable_reg_pp0_iter0      |   2|          2|    1|          2|
    |ap_enable_reg_pp0_iter0_reg  |   2|          2|    1|          2|
    |ap_enable_reg_pp0_iter1      |   2|          2|    1|          2|
    |ap_sig_allocacmp_i_1         |   3|          2|    3|          6|
    |i_fu_84                      |   3|          2|    3|          6|
    +-----------------------------+----+-----------+-----+-----------+
    |Total                        | 400|         45|  143|        673|
    +-----------------------------+----+-----------+-----+-----------+

    * Register: 
    +-----------------------------+----+----+-----+-----------+
    |             Name            | FF | LUT| Bits| Const Bits|
    +-----------------------------+----+----+-----+-----------+
    |ap_CS_fsm                    |   4|   0|    4|          0|
    |ap_done_reg                  |   1|   0|    1|          0|
    |ap_enable_reg_pp0_iter0_reg  |   1|   0|    1|          0|
    |ap_enable_reg_pp0_iter1      |   1|   0|    1|          0|
    |bitcast_ln56_reg_531         |  32|   0|   32|          0|
    |i_fu_84                      |   3|   0|    3|          0|
    |icmp_ln52_reg_499            |   1|   0|    1|          0|
    |tmp_1_reg_507                |  32|   0|   32|          0|
    |tmp_2_reg_515                |  32|   0|   32|          0|
    |tmp_3_reg_523                |  32|   0|   32|          0|
    |trunc_ln52_reg_503           |   2|   0|    2|          0|
    +-----------------------------+----+----+-----+-----------+
    |Total                        | 141|   0|  141|          0|
    +-----------------------------+----+----+-----+-----------+



================================================================
== Interface
================================================================
* Summary: 
+-----------------------------+-----+-----+------------+------------------+--------------+
|          RTL Ports          | Dir | Bits|  Protocol  |   Source Object  |    C Type    |
+-----------------------------+-----+-----+------------+------------------+--------------+
|ap_clk                       |   in|    1|  ap_ctrl_hs|  tile_A_to_stream|  return value|
|ap_rst                       |   in|    1|  ap_ctrl_hs|  tile_A_to_stream|  return value|
|ap_start                     |   in|    1|  ap_ctrl_hs|  tile_A_to_stream|  return value|
|ap_done                      |  out|    1|  ap_ctrl_hs|  tile_A_to_stream|  return value|
|ap_idle                      |  out|    1|  ap_ctrl_hs|  tile_A_to_stream|  return value|
|ap_ready                     |  out|    1|  ap_ctrl_hs|  tile_A_to_stream|  return value|
|A_stream_2_0_din             |  out|   32|     ap_fifo|      A_stream_2_0|       pointer|
|A_stream_2_0_num_data_valid  |   in|    3|     ap_fifo|      A_stream_2_0|       pointer|
|A_stream_2_0_fifo_cap        |   in|    3|     ap_fifo|      A_stream_2_0|       pointer|
|A_stream_2_0_full_n          |   in|    1|     ap_fifo|      A_stream_2_0|       pointer|
|A_stream_2_0_write           |  out|    1|     ap_fifo|      A_stream_2_0|       pointer|
|A_stream_1_0_din             |  out|   32|     ap_fifo|      A_stream_1_0|       pointer|
|A_stream_1_0_num_data_valid  |   in|    3|     ap_fifo|      A_stream_1_0|       pointer|
|A_stream_1_0_fifo_cap        |   in|    3|     ap_fifo|      A_stream_1_0|       pointer|
|A_stream_1_0_full_n          |   in|    1|     ap_fifo|      A_stream_1_0|       pointer|
|A_stream_1_0_write           |  out|    1|     ap_fifo|      A_stream_1_0|       pointer|
|A_stream_0_0_din             |  out|   32|     ap_fifo|      A_stream_0_0|       pointer|
|A_stream_0_0_num_data_valid  |   in|    3|     ap_fifo|      A_stream_0_0|       pointer|
|A_stream_0_0_fifo_cap        |   in|    3|     ap_fifo|      A_stream_0_0|       pointer|
|A_stream_0_0_full_n          |   in|    1|     ap_fifo|      A_stream_0_0|       pointer|
|A_stream_0_0_write           |  out|    1|     ap_fifo|      A_stream_0_0|       pointer|
|A_stream_3_0_din             |  out|   32|     ap_fifo|      A_stream_3_0|       pointer|
|A_stream_3_0_num_data_valid  |   in|    3|     ap_fifo|      A_stream_3_0|       pointer|
|A_stream_3_0_fifo_cap        |   in|    3|     ap_fifo|      A_stream_3_0|       pointer|
|A_stream_3_0_full_n          |   in|    1|     ap_fifo|      A_stream_3_0|       pointer|
|A_stream_3_0_write           |  out|    1|     ap_fifo|      A_stream_3_0|       pointer|
|p_read                       |   in|   32|     ap_none|            p_read|        scalar|
|p_read1                      |   in|   32|     ap_none|           p_read1|        scalar|
|p_read2                      |   in|   32|     ap_none|           p_read2|        scalar|
|p_read3                      |   in|   32|     ap_none|           p_read3|        scalar|
|p_read4                      |   in|   32|     ap_none|           p_read4|        scalar|
|p_read5                      |   in|   32|     ap_none|           p_read5|        scalar|
|p_read6                      |   in|   32|     ap_none|           p_read6|        scalar|
|p_read7                      |   in|   32|     ap_none|           p_read7|        scalar|
|p_read8                      |   in|   32|     ap_none|           p_read8|        scalar|
|p_read9                      |   in|   32|     ap_none|           p_read9|        scalar|
|p_read10                     |   in|   32|     ap_none|          p_read10|        scalar|
|p_read11                     |   in|   32|     ap_none|          p_read11|        scalar|
|p_read12                     |   in|   32|     ap_none|          p_read12|        scalar|
|p_read13                     |   in|   32|     ap_none|          p_read13|        scalar|
|p_read14                     |   in|   32|     ap_none|          p_read14|        scalar|
|p_read15                     |   in|   32|     ap_none|          p_read15|        scalar|
+-----------------------------+-----+-----+------------+------------------+--------------+

