

================================================================
== Vitis HLS Report for 'tm_A'
================================================================
* Date:           Thu Jul 23 19:40:31 2026

* Version:        2023.2 (Build 4023990 on Oct 11 2023)
* Project:        hls_project
* Solution:       gemm2 (Vitis Kernel Flow Target)
* Product family: versalaicore
* Target device:  xcvc1902-vsva2197-2MP-e-S


================================================================
== Performance Estimates
================================================================
+ Timing: 
    * Summary: 
    +--------+---------+----------+------------+
    |  Clock |  Target | Estimated| Uncertainty|
    +--------+---------+----------+------------+
    |ap_clk  |  3.33 ns|  2.346 ns|     0.90 ns|
    +--------+---------+----------+------------+

+ Latency: 
    * Summary: 
    +---------+---------+-----------+-----------+-----+-----+----------+
    |  Latency (cycles) |   Latency (absolute)  |  Interval | Pipeline |
    |   min   |   max   |    min    |    max    | min | max |   Type   |
    +---------+---------+-----------+-----------+-----+-----+----------+
    |       16|       16|  53.328 ns|  53.328 ns|    9|    9|  dataflow|
    +---------+---------+-----------+-----------+-----+-----+----------+

    + Detail: 
        * Instance: 
        +---------------------+------------------+---------+---------+-----------+-----------+-----+-----+---------+
        |                     |                  |  Latency (cycles) |   Latency (absolute)  |  Interval | Pipeline|
        |       Instance      |      Module      |   min   |   max   |    min    |    max    | min | max |   Type  |
        +---------------------+------------------+---------+---------+-----------+-----------+-----+-----+---------+
        |load_tile_A2_U0      |load_tile_A2      |        8|        8|  26.664 ns|  26.664 ns|    8|    8|       no|
        |tile_A_to_stream_U0  |tile_A_to_stream  |        7|        7|  23.331 ns|  23.331 ns|    7|    7|       no|
        +---------------------+------------------+---------+---------+-----------+-----------+-----+-----+---------+

        * Loop: 
        N/A



================================================================
== Utilization Estimates
================================================================
* Summary: 
+-----------------+---------+------+---------+--------+-----+
|       Name      | BRAM_18K|  DSP |    FF   |   LUT  | URAM|
+-----------------+---------+------+---------+--------+-----+
|DSP              |        -|     -|        -|       -|    -|
|Expression       |        -|     -|        0|     262|    -|
|FIFO             |        0|     -|     6592|    4224|    -|
|Instance         |        -|     -|     3859|    4112|    -|
|Memory           |        -|     -|        -|       -|    -|
|Multiplexer      |        -|     -|        -|     130|    -|
|Register         |        -|     -|       65|       -|    -|
+-----------------+---------+------+---------+--------+-----+
|Total            |        0|     0|    10516|    8728|    0|
+-----------------+---------+------+---------+--------+-----+
|Available        |     1934|  1968|  1799680|  899840|  463|
+-----------------+---------+------+---------+--------+-----+
|Utilization (%)  |        0|     0|       ~0|      ~0|    0|
+-----------------+---------+------+---------+--------+-----+

+ Detail: 
    * Instance: 
    +---------------------+------------------+---------+----+------+------+-----+
    |       Instance      |      Module      | BRAM_18K| DSP|  FF  |  LUT | URAM|
    +---------------------+------------------+---------+----+------+------+-----+
    |load_tile_A2_U0      |load_tile_A2      |        0|   0|  3850|  2800|    0|
    |tile_A_to_stream_U0  |tile_A_to_stream  |        0|   0|     9|  1312|    0|
    +---------------------+------------------+---------+----+------+------+-----+
    |Total                |                  |        0|   0|  3859|  4112|    0|
    +---------------------+------------------+---------+----+------+------+-----+

    * DSP: 
    N/A

    * Memory: 
    N/A

    * FIFO: 
    +-------------------------------------------------------------------+---------+-----+----+-----+------+-----+---------+
    |                                Name                               | BRAM_18K|  FF | LUT| URAM| Depth| Bits| Size:D*B|
    +-------------------------------------------------------------------+---------+-----+----+-----+------+-----+---------+
    |p_ZZ4tm_APA8_fPA9_N3hls6streamIfLi0EEEiE6A_TILE_0_0_c_channel_i_U  |        0|  103|   0|    -|     2|   32|       64|
    |p_ZZ4tm_APA8_fPA9_N3hls6streamIfLi0EEEiE6A_TILE_0_1_c_channel_i_U  |        0|  103|   0|    -|     2|   32|       64|
    |p_ZZ4tm_APA8_fPA9_N3hls6streamIfLi0EEEiE6A_TILE_0_2_c_channel_i_U  |        0|  103|   0|    -|     2|   32|       64|
    |p_ZZ4tm_APA8_fPA9_N3hls6streamIfLi0EEEiE6A_TILE_0_3_c_channel_i_U  |        0|  103|   0|    -|     2|   32|       64|
    |p_ZZ4tm_APA8_fPA9_N3hls6streamIfLi0EEEiE6A_TILE_0_4_c_channel_i_U  |        0|  103|   0|    -|     2|   32|       64|
    |p_ZZ4tm_APA8_fPA9_N3hls6streamIfLi0EEEiE6A_TILE_0_5_c_channel_i_U  |        0|  103|   0|    -|     2|   32|       64|
    |p_ZZ4tm_APA8_fPA9_N3hls6streamIfLi0EEEiE6A_TILE_0_6_c_channel_i_U  |        0|  103|   0|    -|     2|   32|       64|
    |p_ZZ4tm_APA8_fPA9_N3hls6streamIfLi0EEEiE6A_TILE_0_7_c_channel_i_U  |        0|  103|   0|    -|     2|   32|       64|
    |p_ZZ4tm_APA8_fPA9_N3hls6streamIfLi0EEEiE6A_TILE_1_0_c_channel_i_U  |        0|  103|   0|    -|     2|   32|       64|
    |p_ZZ4tm_APA8_fPA9_N3hls6streamIfLi0EEEiE6A_TILE_1_1_c_channel_i_U  |        0|  103|   0|    -|     2|   32|       64|
    |p_ZZ4tm_APA8_fPA9_N3hls6streamIfLi0EEEiE6A_TILE_1_2_c_channel_i_U  |        0|  103|   0|    -|     2|   32|       64|
    |p_ZZ4tm_APA8_fPA9_N3hls6streamIfLi0EEEiE6A_TILE_1_3_c_channel_i_U  |        0|  103|   0|    -|     2|   32|       64|
    |p_ZZ4tm_APA8_fPA9_N3hls6streamIfLi0EEEiE6A_TILE_1_4_c_channel_i_U  |        0|  103|   0|    -|     2|   32|       64|
    |p_ZZ4tm_APA8_fPA9_N3hls6streamIfLi0EEEiE6A_TILE_1_5_c_channel_i_U  |        0|  103|   0|    -|     2|   32|       64|
    |p_ZZ4tm_APA8_fPA9_N3hls6streamIfLi0EEEiE6A_TILE_1_6_c_channel_i_U  |        0|  103|   0|    -|     2|   32|       64|
    |p_ZZ4tm_APA8_fPA9_N3hls6streamIfLi0EEEiE6A_TILE_1_7_c_channel_i_U  |        0|  103|   0|    -|     2|   32|       64|
    |p_ZZ4tm_APA8_fPA9_N3hls6streamIfLi0EEEiE6A_TILE_2_0_c_channel_i_U  |        0|  103|   0|    -|     2|   32|       64|
    |p_ZZ4tm_APA8_fPA9_N3hls6streamIfLi0EEEiE6A_TILE_2_1_c_channel_i_U  |        0|  103|   0|    -|     2|   32|       64|
    |p_ZZ4tm_APA8_fPA9_N3hls6streamIfLi0EEEiE6A_TILE_2_2_c_channel_i_U  |        0|  103|   0|    -|     2|   32|       64|
    |p_ZZ4tm_APA8_fPA9_N3hls6streamIfLi0EEEiE6A_TILE_2_3_c_channel_i_U  |        0|  103|   0|    -|     2|   32|       64|
    |p_ZZ4tm_APA8_fPA9_N3hls6streamIfLi0EEEiE6A_TILE_2_4_c_channel_i_U  |        0|  103|   0|    -|     2|   32|       64|
    |p_ZZ4tm_APA8_fPA9_N3hls6streamIfLi0EEEiE6A_TILE_2_5_c_channel_i_U  |        0|  103|   0|    -|     2|   32|       64|
    |p_ZZ4tm_APA8_fPA9_N3hls6streamIfLi0EEEiE6A_TILE_2_6_c_channel_i_U  |        0|  103|   0|    -|     2|   32|       64|
    |p_ZZ4tm_APA8_fPA9_N3hls6streamIfLi0EEEiE6A_TILE_2_7_c_channel_i_U  |        0|  103|   0|    -|     2|   32|       64|
    |p_ZZ4tm_APA8_fPA9_N3hls6streamIfLi0EEEiE6A_TILE_3_0_c_channel_i_U  |        0|  103|   0|    -|     2|   32|       64|
    |p_ZZ4tm_APA8_fPA9_N3hls6streamIfLi0EEEiE6A_TILE_3_1_c_channel_i_U  |        0|  103|   0|    -|     2|   32|       64|
    |p_ZZ4tm_APA8_fPA9_N3hls6streamIfLi0EEEiE6A_TILE_3_2_c_channel_i_U  |        0|  103|   0|    -|     2|   32|       64|
    |p_ZZ4tm_APA8_fPA9_N3hls6streamIfLi0EEEiE6A_TILE_3_3_c_channel_i_U  |        0|  103|   0|    -|     2|   32|       64|
    |p_ZZ4tm_APA8_fPA9_N3hls6streamIfLi0EEEiE6A_TILE_3_4_c_channel_i_U  |        0|  103|   0|    -|     2|   32|       64|
    |p_ZZ4tm_APA8_fPA9_N3hls6streamIfLi0EEEiE6A_TILE_3_5_c_channel_i_U  |        0|  103|   0|    -|     2|   32|       64|
    |p_ZZ4tm_APA8_fPA9_N3hls6streamIfLi0EEEiE6A_TILE_3_6_c_channel_i_U  |        0|  103|   0|    -|     2|   32|       64|
    |p_ZZ4tm_APA8_fPA9_N3hls6streamIfLi0EEEiE6A_TILE_3_7_c_channel_i_U  |        0|  103|   0|    -|     2|   32|       64|
    |p_ZZ4tm_APA8_fPA9_N3hls6streamIfLi0EEEiE6A_TILE_4_0_c_channel_i_U  |        0|  103|   0|    -|     2|   32|       64|
    |p_ZZ4tm_APA8_fPA9_N3hls6streamIfLi0EEEiE6A_TILE_4_1_c_channel_i_U  |        0|  103|   0|    -|     2|   32|       64|
    |p_ZZ4tm_APA8_fPA9_N3hls6streamIfLi0EEEiE6A_TILE_4_2_c_channel_i_U  |        0|  103|   0|    -|     2|   32|       64|
    |p_ZZ4tm_APA8_fPA9_N3hls6streamIfLi0EEEiE6A_TILE_4_3_c_channel_i_U  |        0|  103|   0|    -|     2|   32|       64|
    |p_ZZ4tm_APA8_fPA9_N3hls6streamIfLi0EEEiE6A_TILE_4_4_c_channel_i_U  |        0|  103|   0|    -|     2|   32|       64|
    |p_ZZ4tm_APA8_fPA9_N3hls6streamIfLi0EEEiE6A_TILE_4_5_c_channel_i_U  |        0|  103|   0|    -|     2|   32|       64|
    |p_ZZ4tm_APA8_fPA9_N3hls6streamIfLi0EEEiE6A_TILE_4_6_c_channel_i_U  |        0|  103|   0|    -|     2|   32|       64|
    |p_ZZ4tm_APA8_fPA9_N3hls6streamIfLi0EEEiE6A_TILE_4_7_c_channel_i_U  |        0|  103|   0|    -|     2|   32|       64|
    |p_ZZ4tm_APA8_fPA9_N3hls6streamIfLi0EEEiE6A_TILE_5_0_c_channel_i_U  |        0|  103|   0|    -|     2|   32|       64|
    |p_ZZ4tm_APA8_fPA9_N3hls6streamIfLi0EEEiE6A_TILE_5_1_c_channel_i_U  |        0|  103|   0|    -|     2|   32|       64|
    |p_ZZ4tm_APA8_fPA9_N3hls6streamIfLi0EEEiE6A_TILE_5_2_c_channel_i_U  |        0|  103|   0|    -|     2|   32|       64|
    |p_ZZ4tm_APA8_fPA9_N3hls6streamIfLi0EEEiE6A_TILE_5_3_c_channel_i_U  |        0|  103|   0|    -|     2|   32|       64|
    |p_ZZ4tm_APA8_fPA9_N3hls6streamIfLi0EEEiE6A_TILE_5_4_c_channel_i_U  |        0|  103|   0|    -|     2|   32|       64|
    |p_ZZ4tm_APA8_fPA9_N3hls6streamIfLi0EEEiE6A_TILE_5_5_c_channel_i_U  |        0|  103|   0|    -|     2|   32|       64|
    |p_ZZ4tm_APA8_fPA9_N3hls6streamIfLi0EEEiE6A_TILE_5_6_c_channel_i_U  |        0|  103|   0|    -|     2|   32|       64|
    |p_ZZ4tm_APA8_fPA9_N3hls6streamIfLi0EEEiE6A_TILE_5_7_c_channel_i_U  |        0|  103|   0|    -|     2|   32|       64|
    |p_ZZ4tm_APA8_fPA9_N3hls6streamIfLi0EEEiE6A_TILE_6_0_c_channel_i_U  |        0|  103|   0|    -|     2|   32|       64|
    |p_ZZ4tm_APA8_fPA9_N3hls6streamIfLi0EEEiE6A_TILE_6_1_c_channel_i_U  |        0|  103|   0|    -|     2|   32|       64|
    |p_ZZ4tm_APA8_fPA9_N3hls6streamIfLi0EEEiE6A_TILE_6_2_c_channel_i_U  |        0|  103|   0|    -|     2|   32|       64|
    |p_ZZ4tm_APA8_fPA9_N3hls6streamIfLi0EEEiE6A_TILE_6_3_c_channel_i_U  |        0|  103|   0|    -|     2|   32|       64|
    |p_ZZ4tm_APA8_fPA9_N3hls6streamIfLi0EEEiE6A_TILE_6_4_c_channel_i_U  |        0|  103|   0|    -|     2|   32|       64|
    |p_ZZ4tm_APA8_fPA9_N3hls6streamIfLi0EEEiE6A_TILE_6_5_c_channel_i_U  |        0|  103|   0|    -|     2|   32|       64|
    |p_ZZ4tm_APA8_fPA9_N3hls6streamIfLi0EEEiE6A_TILE_6_6_c_channel_i_U  |        0|  103|   0|    -|     2|   32|       64|
    |p_ZZ4tm_APA8_fPA9_N3hls6streamIfLi0EEEiE6A_TILE_6_7_c_channel_i_U  |        0|  103|   0|    -|     2|   32|       64|
    |p_ZZ4tm_APA8_fPA9_N3hls6streamIfLi0EEEiE6A_TILE_7_0_c_channel_i_U  |        0|  103|   0|    -|     2|   32|       64|
    |p_ZZ4tm_APA8_fPA9_N3hls6streamIfLi0EEEiE6A_TILE_7_1_c_channel_i_U  |        0|  103|   0|    -|     2|   32|       64|
    |p_ZZ4tm_APA8_fPA9_N3hls6streamIfLi0EEEiE6A_TILE_7_2_c_channel_i_U  |        0|  103|   0|    -|     2|   32|       64|
    |p_ZZ4tm_APA8_fPA9_N3hls6streamIfLi0EEEiE6A_TILE_7_3_c_channel_i_U  |        0|  103|   0|    -|     2|   32|       64|
    |p_ZZ4tm_APA8_fPA9_N3hls6streamIfLi0EEEiE6A_TILE_7_4_c_channel_i_U  |        0|  103|   0|    -|     2|   32|       64|
    |p_ZZ4tm_APA8_fPA9_N3hls6streamIfLi0EEEiE6A_TILE_7_5_c_channel_i_U  |        0|  103|   0|    -|     2|   32|       64|
    |p_ZZ4tm_APA8_fPA9_N3hls6streamIfLi0EEEiE6A_TILE_7_6_c_channel_i_U  |        0|  103|   0|    -|     2|   32|       64|
    |p_ZZ4tm_APA8_fPA9_N3hls6streamIfLi0EEEiE6A_TILE_7_7_c_channel_i_U  |        0|  103|   0|    -|     2|   32|       64|
    +-------------------------------------------------------------------+---------+-----+----+-----+------+-----+---------+
    |Total                                                              |        0| 6592|   0|    0|   128| 2048|     4096|
    +-------------------------------------------------------------------+---------+-----+----+-----+------+-----+---------+

    * Expression: 
    +---------------------------------------------------------------------------------------+----------+----+---+----+------------+------------+
    |                                     Variable Name                                     | Operation| DSP| FF| LUT| Bitwidth P0| Bitwidth P1|
    +---------------------------------------------------------------------------------------+----------+----+---+----+------------+------------+
    |ap_channel_done_p_ZZ4tm_APA8_fPA9_N3hls6streamIfLi0EEEiE6A_TILE_0_0_c_channel_i        |       and|   0|  0|   2|           1|           1|
    |ap_channel_done_p_ZZ4tm_APA8_fPA9_N3hls6streamIfLi0EEEiE6A_TILE_0_1_c_channel_i        |       and|   0|  0|   2|           1|           1|
    |ap_channel_done_p_ZZ4tm_APA8_fPA9_N3hls6streamIfLi0EEEiE6A_TILE_0_2_c_channel_i        |       and|   0|  0|   2|           1|           1|
    |ap_channel_done_p_ZZ4tm_APA8_fPA9_N3hls6streamIfLi0EEEiE6A_TILE_0_3_c_channel_i        |       and|   0|  0|   2|           1|           1|
    |ap_channel_done_p_ZZ4tm_APA8_fPA9_N3hls6streamIfLi0EEEiE6A_TILE_0_4_c_channel_i        |       and|   0|  0|   2|           1|           1|
    |ap_channel_done_p_ZZ4tm_APA8_fPA9_N3hls6streamIfLi0EEEiE6A_TILE_0_5_c_channel_i        |       and|   0|  0|   2|           1|           1|
    |ap_channel_done_p_ZZ4tm_APA8_fPA9_N3hls6streamIfLi0EEEiE6A_TILE_0_6_c_channel_i        |       and|   0|  0|   2|           1|           1|
    |ap_channel_done_p_ZZ4tm_APA8_fPA9_N3hls6streamIfLi0EEEiE6A_TILE_0_7_c_channel_i        |       and|   0|  0|   2|           1|           1|
    |ap_channel_done_p_ZZ4tm_APA8_fPA9_N3hls6streamIfLi0EEEiE6A_TILE_1_0_c_channel_i        |       and|   0|  0|   2|           1|           1|
    |ap_channel_done_p_ZZ4tm_APA8_fPA9_N3hls6streamIfLi0EEEiE6A_TILE_1_1_c_channel_i        |       and|   0|  0|   2|           1|           1|
    |ap_channel_done_p_ZZ4tm_APA8_fPA9_N3hls6streamIfLi0EEEiE6A_TILE_1_2_c_channel_i        |       and|   0|  0|   2|           1|           1|
    |ap_channel_done_p_ZZ4tm_APA8_fPA9_N3hls6streamIfLi0EEEiE6A_TILE_1_3_c_channel_i        |       and|   0|  0|   2|           1|           1|
    |ap_channel_done_p_ZZ4tm_APA8_fPA9_N3hls6streamIfLi0EEEiE6A_TILE_1_4_c_channel_i        |       and|   0|  0|   2|           1|           1|
    |ap_channel_done_p_ZZ4tm_APA8_fPA9_N3hls6streamIfLi0EEEiE6A_TILE_1_5_c_channel_i        |       and|   0|  0|   2|           1|           1|
    |ap_channel_done_p_ZZ4tm_APA8_fPA9_N3hls6streamIfLi0EEEiE6A_TILE_1_6_c_channel_i        |       and|   0|  0|   2|           1|           1|
    |ap_channel_done_p_ZZ4tm_APA8_fPA9_N3hls6streamIfLi0EEEiE6A_TILE_1_7_c_channel_i        |       and|   0|  0|   2|           1|           1|
    |ap_channel_done_p_ZZ4tm_APA8_fPA9_N3hls6streamIfLi0EEEiE6A_TILE_2_0_c_channel_i        |       and|   0|  0|   2|           1|           1|
    |ap_channel_done_p_ZZ4tm_APA8_fPA9_N3hls6streamIfLi0EEEiE6A_TILE_2_1_c_channel_i        |       and|   0|  0|   2|           1|           1|
    |ap_channel_done_p_ZZ4tm_APA8_fPA9_N3hls6streamIfLi0EEEiE6A_TILE_2_2_c_channel_i        |       and|   0|  0|   2|           1|           1|
    |ap_channel_done_p_ZZ4tm_APA8_fPA9_N3hls6streamIfLi0EEEiE6A_TILE_2_3_c_channel_i        |       and|   0|  0|   2|           1|           1|
    |ap_channel_done_p_ZZ4tm_APA8_fPA9_N3hls6streamIfLi0EEEiE6A_TILE_2_4_c_channel_i        |       and|   0|  0|   2|           1|           1|
    |ap_channel_done_p_ZZ4tm_APA8_fPA9_N3hls6streamIfLi0EEEiE6A_TILE_2_5_c_channel_i        |       and|   0|  0|   2|           1|           1|
    |ap_channel_done_p_ZZ4tm_APA8_fPA9_N3hls6streamIfLi0EEEiE6A_TILE_2_6_c_channel_i        |       and|   0|  0|   2|           1|           1|
    |ap_channel_done_p_ZZ4tm_APA8_fPA9_N3hls6streamIfLi0EEEiE6A_TILE_2_7_c_channel_i        |       and|   0|  0|   2|           1|           1|
    |ap_channel_done_p_ZZ4tm_APA8_fPA9_N3hls6streamIfLi0EEEiE6A_TILE_3_0_c_channel_i        |       and|   0|  0|   2|           1|           1|
    |ap_channel_done_p_ZZ4tm_APA8_fPA9_N3hls6streamIfLi0EEEiE6A_TILE_3_1_c_channel_i        |       and|   0|  0|   2|           1|           1|
    |ap_channel_done_p_ZZ4tm_APA8_fPA9_N3hls6streamIfLi0EEEiE6A_TILE_3_2_c_channel_i        |       and|   0|  0|   2|           1|           1|
    |ap_channel_done_p_ZZ4tm_APA8_fPA9_N3hls6streamIfLi0EEEiE6A_TILE_3_3_c_channel_i        |       and|   0|  0|   2|           1|           1|
    |ap_channel_done_p_ZZ4tm_APA8_fPA9_N3hls6streamIfLi0EEEiE6A_TILE_3_4_c_channel_i        |       and|   0|  0|   2|           1|           1|
    |ap_channel_done_p_ZZ4tm_APA8_fPA9_N3hls6streamIfLi0EEEiE6A_TILE_3_5_c_channel_i        |       and|   0|  0|   2|           1|           1|
    |ap_channel_done_p_ZZ4tm_APA8_fPA9_N3hls6streamIfLi0EEEiE6A_TILE_3_6_c_channel_i        |       and|   0|  0|   2|           1|           1|
    |ap_channel_done_p_ZZ4tm_APA8_fPA9_N3hls6streamIfLi0EEEiE6A_TILE_3_7_c_channel_i        |       and|   0|  0|   2|           1|           1|
    |ap_channel_done_p_ZZ4tm_APA8_fPA9_N3hls6streamIfLi0EEEiE6A_TILE_4_0_c_channel_i        |       and|   0|  0|   2|           1|           1|
    |ap_channel_done_p_ZZ4tm_APA8_fPA9_N3hls6streamIfLi0EEEiE6A_TILE_4_1_c_channel_i        |       and|   0|  0|   2|           1|           1|
    |ap_channel_done_p_ZZ4tm_APA8_fPA9_N3hls6streamIfLi0EEEiE6A_TILE_4_2_c_channel_i        |       and|   0|  0|   2|           1|           1|
    |ap_channel_done_p_ZZ4tm_APA8_fPA9_N3hls6streamIfLi0EEEiE6A_TILE_4_3_c_channel_i        |       and|   0|  0|   2|           1|           1|
    |ap_channel_done_p_ZZ4tm_APA8_fPA9_N3hls6streamIfLi0EEEiE6A_TILE_4_4_c_channel_i        |       and|   0|  0|   2|           1|           1|
    |ap_channel_done_p_ZZ4tm_APA8_fPA9_N3hls6streamIfLi0EEEiE6A_TILE_4_5_c_channel_i        |       and|   0|  0|   2|           1|           1|
    |ap_channel_done_p_ZZ4tm_APA8_fPA9_N3hls6streamIfLi0EEEiE6A_TILE_4_6_c_channel_i        |       and|   0|  0|   2|           1|           1|
    |ap_channel_done_p_ZZ4tm_APA8_fPA9_N3hls6streamIfLi0EEEiE6A_TILE_4_7_c_channel_i        |       and|   0|  0|   2|           1|           1|
    |ap_channel_done_p_ZZ4tm_APA8_fPA9_N3hls6streamIfLi0EEEiE6A_TILE_5_0_c_channel_i        |       and|   0|  0|   2|           1|           1|
    |ap_channel_done_p_ZZ4tm_APA8_fPA9_N3hls6streamIfLi0EEEiE6A_TILE_5_1_c_channel_i        |       and|   0|  0|   2|           1|           1|
    |ap_channel_done_p_ZZ4tm_APA8_fPA9_N3hls6streamIfLi0EEEiE6A_TILE_5_2_c_channel_i        |       and|   0|  0|   2|           1|           1|
    |ap_channel_done_p_ZZ4tm_APA8_fPA9_N3hls6streamIfLi0EEEiE6A_TILE_5_3_c_channel_i        |       and|   0|  0|   2|           1|           1|
    |ap_channel_done_p_ZZ4tm_APA8_fPA9_N3hls6streamIfLi0EEEiE6A_TILE_5_4_c_channel_i        |       and|   0|  0|   2|           1|           1|
    |ap_channel_done_p_ZZ4tm_APA8_fPA9_N3hls6streamIfLi0EEEiE6A_TILE_5_5_c_channel_i        |       and|   0|  0|   2|           1|           1|
    |ap_channel_done_p_ZZ4tm_APA8_fPA9_N3hls6streamIfLi0EEEiE6A_TILE_5_6_c_channel_i        |       and|   0|  0|   2|           1|           1|
    |ap_channel_done_p_ZZ4tm_APA8_fPA9_N3hls6streamIfLi0EEEiE6A_TILE_5_7_c_channel_i        |       and|   0|  0|   2|           1|           1|
    |ap_channel_done_p_ZZ4tm_APA8_fPA9_N3hls6streamIfLi0EEEiE6A_TILE_6_0_c_channel_i        |       and|   0|  0|   2|           1|           1|
    |ap_channel_done_p_ZZ4tm_APA8_fPA9_N3hls6streamIfLi0EEEiE6A_TILE_6_1_c_channel_i        |       and|   0|  0|   2|           1|           1|
    |ap_channel_done_p_ZZ4tm_APA8_fPA9_N3hls6streamIfLi0EEEiE6A_TILE_6_2_c_channel_i        |       and|   0|  0|   2|           1|           1|
    |ap_channel_done_p_ZZ4tm_APA8_fPA9_N3hls6streamIfLi0EEEiE6A_TILE_6_3_c_channel_i        |       and|   0|  0|   2|           1|           1|
    |ap_channel_done_p_ZZ4tm_APA8_fPA9_N3hls6streamIfLi0EEEiE6A_TILE_6_4_c_channel_i        |       and|   0|  0|   2|           1|           1|
    |ap_channel_done_p_ZZ4tm_APA8_fPA9_N3hls6streamIfLi0EEEiE6A_TILE_6_5_c_channel_i        |       and|   0|  0|   2|           1|           1|
    |ap_channel_done_p_ZZ4tm_APA8_fPA9_N3hls6streamIfLi0EEEiE6A_TILE_6_6_c_channel_i        |       and|   0|  0|   2|           1|           1|
    |ap_channel_done_p_ZZ4tm_APA8_fPA9_N3hls6streamIfLi0EEEiE6A_TILE_6_7_c_channel_i        |       and|   0|  0|   2|           1|           1|
    |ap_channel_done_p_ZZ4tm_APA8_fPA9_N3hls6streamIfLi0EEEiE6A_TILE_7_0_c_channel_i        |       and|   0|  0|   2|           1|           1|
    |ap_channel_done_p_ZZ4tm_APA8_fPA9_N3hls6streamIfLi0EEEiE6A_TILE_7_1_c_channel_i        |       and|   0|  0|   2|           1|           1|
    |ap_channel_done_p_ZZ4tm_APA8_fPA9_N3hls6streamIfLi0EEEiE6A_TILE_7_2_c_channel_i        |       and|   0|  0|   2|           1|           1|
    |ap_channel_done_p_ZZ4tm_APA8_fPA9_N3hls6streamIfLi0EEEiE6A_TILE_7_3_c_channel_i        |       and|   0|  0|   2|           1|           1|
    |ap_channel_done_p_ZZ4tm_APA8_fPA9_N3hls6streamIfLi0EEEiE6A_TILE_7_4_c_channel_i        |       and|   0|  0|   2|           1|           1|
    |ap_channel_done_p_ZZ4tm_APA8_fPA9_N3hls6streamIfLi0EEEiE6A_TILE_7_5_c_channel_i        |       and|   0|  0|   2|           1|           1|
    |ap_channel_done_p_ZZ4tm_APA8_fPA9_N3hls6streamIfLi0EEEiE6A_TILE_7_6_c_channel_i        |       and|   0|  0|   2|           1|           1|
    |ap_channel_done_p_ZZ4tm_APA8_fPA9_N3hls6streamIfLi0EEEiE6A_TILE_7_7_c_channel_i        |       and|   0|  0|   2|           1|           1|
    |ap_idle                                                                                |       and|   0|  0|   2|           1|           1|
    |load_tile_A2_U0_ap_continue                                                            |       and|   0|  0|   2|           1|           1|
    |tile_A_to_stream_U0_ap_start                                                           |       and|   0|  0|   2|           1|           1|
    |ap_sync_channel_write_p_ZZ4tm_APA8_fPA9_N3hls6streamIfLi0EEEiE6A_TILE_0_0_c_channel_i  |        or|   0|  0|   2|           1|           1|
    |ap_sync_channel_write_p_ZZ4tm_APA8_fPA9_N3hls6streamIfLi0EEEiE6A_TILE_0_1_c_channel_i  |        or|   0|  0|   2|           1|           1|
    |ap_sync_channel_write_p_ZZ4tm_APA8_fPA9_N3hls6streamIfLi0EEEiE6A_TILE_0_2_c_channel_i  |        or|   0|  0|   2|           1|           1|
    |ap_sync_channel_write_p_ZZ4tm_APA8_fPA9_N3hls6streamIfLi0EEEiE6A_TILE_0_3_c_channel_i  |        or|   0|  0|   2|           1|           1|
    |ap_sync_channel_write_p_ZZ4tm_APA8_fPA9_N3hls6streamIfLi0EEEiE6A_TILE_0_4_c_channel_i  |        or|   0|  0|   2|           1|           1|
    |ap_sync_channel_write_p_ZZ4tm_APA8_fPA9_N3hls6streamIfLi0EEEiE6A_TILE_0_5_c_channel_i  |        or|   0|  0|   2|           1|           1|
    |ap_sync_channel_write_p_ZZ4tm_APA8_fPA9_N3hls6streamIfLi0EEEiE6A_TILE_0_6_c_channel_i  |        or|   0|  0|   2|           1|           1|
    |ap_sync_channel_write_p_ZZ4tm_APA8_fPA9_N3hls6streamIfLi0EEEiE6A_TILE_0_7_c_channel_i  |        or|   0|  0|   2|           1|           1|
    |ap_sync_channel_write_p_ZZ4tm_APA8_fPA9_N3hls6streamIfLi0EEEiE6A_TILE_1_0_c_channel_i  |        or|   0|  0|   2|           1|           1|
    |ap_sync_channel_write_p_ZZ4tm_APA8_fPA9_N3hls6streamIfLi0EEEiE6A_TILE_1_1_c_channel_i  |        or|   0|  0|   2|           1|           1|
    |ap_sync_channel_write_p_ZZ4tm_APA8_fPA9_N3hls6streamIfLi0EEEiE6A_TILE_1_2_c_channel_i  |        or|   0|  0|   2|           1|           1|
    |ap_sync_channel_write_p_ZZ4tm_APA8_fPA9_N3hls6streamIfLi0EEEiE6A_TILE_1_3_c_channel_i  |        or|   0|  0|   2|           1|           1|
    |ap_sync_channel_write_p_ZZ4tm_APA8_fPA9_N3hls6streamIfLi0EEEiE6A_TILE_1_4_c_channel_i  |        or|   0|  0|   2|           1|           1|
    |ap_sync_channel_write_p_ZZ4tm_APA8_fPA9_N3hls6streamIfLi0EEEiE6A_TILE_1_5_c_channel_i  |        or|   0|  0|   2|           1|           1|
    |ap_sync_channel_write_p_ZZ4tm_APA8_fPA9_N3hls6streamIfLi0EEEiE6A_TILE_1_6_c_channel_i  |        or|   0|  0|   2|           1|           1|
    |ap_sync_channel_write_p_ZZ4tm_APA8_fPA9_N3hls6streamIfLi0EEEiE6A_TILE_1_7_c_channel_i  |        or|   0|  0|   2|           1|           1|
    |ap_sync_channel_write_p_ZZ4tm_APA8_fPA9_N3hls6streamIfLi0EEEiE6A_TILE_2_0_c_channel_i  |        or|   0|  0|   2|           1|           1|
    |ap_sync_channel_write_p_ZZ4tm_APA8_fPA9_N3hls6streamIfLi0EEEiE6A_TILE_2_1_c_channel_i  |        or|   0|  0|   2|           1|           1|
    |ap_sync_channel_write_p_ZZ4tm_APA8_fPA9_N3hls6streamIfLi0EEEiE6A_TILE_2_2_c_channel_i  |        or|   0|  0|   2|           1|           1|
    |ap_sync_channel_write_p_ZZ4tm_APA8_fPA9_N3hls6streamIfLi0EEEiE6A_TILE_2_3_c_channel_i  |        or|   0|  0|   2|           1|           1|
    |ap_sync_channel_write_p_ZZ4tm_APA8_fPA9_N3hls6streamIfLi0EEEiE6A_TILE_2_4_c_channel_i  |        or|   0|  0|   2|           1|           1|
    |ap_sync_channel_write_p_ZZ4tm_APA8_fPA9_N3hls6streamIfLi0EEEiE6A_TILE_2_5_c_channel_i  |        or|   0|  0|   2|           1|           1|
    |ap_sync_channel_write_p_ZZ4tm_APA8_fPA9_N3hls6streamIfLi0EEEiE6A_TILE_2_6_c_channel_i  |        or|   0|  0|   2|           1|           1|
    |ap_sync_channel_write_p_ZZ4tm_APA8_fPA9_N3hls6streamIfLi0EEEiE6A_TILE_2_7_c_channel_i  |        or|   0|  0|   2|           1|           1|
    |ap_sync_channel_write_p_ZZ4tm_APA8_fPA9_N3hls6streamIfLi0EEEiE6A_TILE_3_0_c_channel_i  |        or|   0|  0|   2|           1|           1|
    |ap_sync_channel_write_p_ZZ4tm_APA8_fPA9_N3hls6streamIfLi0EEEiE6A_TILE_3_1_c_channel_i  |        or|   0|  0|   2|           1|           1|
    |ap_sync_channel_write_p_ZZ4tm_APA8_fPA9_N3hls6streamIfLi0EEEiE6A_TILE_3_2_c_channel_i  |        or|   0|  0|   2|           1|           1|
    |ap_sync_channel_write_p_ZZ4tm_APA8_fPA9_N3hls6streamIfLi0EEEiE6A_TILE_3_3_c_channel_i  |        or|   0|  0|   2|           1|           1|
    |ap_sync_channel_write_p_ZZ4tm_APA8_fPA9_N3hls6streamIfLi0EEEiE6A_TILE_3_4_c_channel_i  |        or|   0|  0|   2|           1|           1|
    |ap_sync_channel_write_p_ZZ4tm_APA8_fPA9_N3hls6streamIfLi0EEEiE6A_TILE_3_5_c_channel_i  |        or|   0|  0|   2|           1|           1|
    |ap_sync_channel_write_p_ZZ4tm_APA8_fPA9_N3hls6streamIfLi0EEEiE6A_TILE_3_6_c_channel_i  |        or|   0|  0|   2|           1|           1|
    |ap_sync_channel_write_p_ZZ4tm_APA8_fPA9_N3hls6streamIfLi0EEEiE6A_TILE_3_7_c_channel_i  |        or|   0|  0|   2|           1|           1|
    |ap_sync_channel_write_p_ZZ4tm_APA8_fPA9_N3hls6streamIfLi0EEEiE6A_TILE_4_0_c_channel_i  |        or|   0|  0|   2|           1|           1|
    |ap_sync_channel_write_p_ZZ4tm_APA8_fPA9_N3hls6streamIfLi0EEEiE6A_TILE_4_1_c_channel_i  |        or|   0|  0|   2|           1|           1|
    |ap_sync_channel_write_p_ZZ4tm_APA8_fPA9_N3hls6streamIfLi0EEEiE6A_TILE_4_2_c_channel_i  |        or|   0|  0|   2|           1|           1|
    |ap_sync_channel_write_p_ZZ4tm_APA8_fPA9_N3hls6streamIfLi0EEEiE6A_TILE_4_3_c_channel_i  |        or|   0|  0|   2|           1|           1|
    |ap_sync_channel_write_p_ZZ4tm_APA8_fPA9_N3hls6streamIfLi0EEEiE6A_TILE_4_4_c_channel_i  |        or|   0|  0|   2|           1|           1|
    |ap_sync_channel_write_p_ZZ4tm_APA8_fPA9_N3hls6streamIfLi0EEEiE6A_TILE_4_5_c_channel_i  |        or|   0|  0|   2|           1|           1|
    |ap_sync_channel_write_p_ZZ4tm_APA8_fPA9_N3hls6streamIfLi0EEEiE6A_TILE_4_6_c_channel_i  |        or|   0|  0|   2|           1|           1|
    |ap_sync_channel_write_p_ZZ4tm_APA8_fPA9_N3hls6streamIfLi0EEEiE6A_TILE_4_7_c_channel_i  |        or|   0|  0|   2|           1|           1|
    |ap_sync_channel_write_p_ZZ4tm_APA8_fPA9_N3hls6streamIfLi0EEEiE6A_TILE_5_0_c_channel_i  |        or|   0|  0|   2|           1|           1|
    |ap_sync_channel_write_p_ZZ4tm_APA8_fPA9_N3hls6streamIfLi0EEEiE6A_TILE_5_1_c_channel_i  |        or|   0|  0|   2|           1|           1|
    |ap_sync_channel_write_p_ZZ4tm_APA8_fPA9_N3hls6streamIfLi0EEEiE6A_TILE_5_2_c_channel_i  |        or|   0|  0|   2|           1|           1|
    |ap_sync_channel_write_p_ZZ4tm_APA8_fPA9_N3hls6streamIfLi0EEEiE6A_TILE_5_3_c_channel_i  |        or|   0|  0|   2|           1|           1|
    |ap_sync_channel_write_p_ZZ4tm_APA8_fPA9_N3hls6streamIfLi0EEEiE6A_TILE_5_4_c_channel_i  |        or|   0|  0|   2|           1|           1|
    |ap_sync_channel_write_p_ZZ4tm_APA8_fPA9_N3hls6streamIfLi0EEEiE6A_TILE_5_5_c_channel_i  |        or|   0|  0|   2|           1|           1|
    |ap_sync_channel_write_p_ZZ4tm_APA8_fPA9_N3hls6streamIfLi0EEEiE6A_TILE_5_6_c_channel_i  |        or|   0|  0|   2|           1|           1|
    |ap_sync_channel_write_p_ZZ4tm_APA8_fPA9_N3hls6streamIfLi0EEEiE6A_TILE_5_7_c_channel_i  |        or|   0|  0|   2|           1|           1|
    |ap_sync_channel_write_p_ZZ4tm_APA8_fPA9_N3hls6streamIfLi0EEEiE6A_TILE_6_0_c_channel_i  |        or|   0|  0|   2|           1|           1|
    |ap_sync_channel_write_p_ZZ4tm_APA8_fPA9_N3hls6streamIfLi0EEEiE6A_TILE_6_1_c_channel_i  |        or|   0|  0|   2|           1|           1|
    |ap_sync_channel_write_p_ZZ4tm_APA8_fPA9_N3hls6streamIfLi0EEEiE6A_TILE_6_2_c_channel_i  |        or|   0|  0|   2|           1|           1|
    |ap_sync_channel_write_p_ZZ4tm_APA8_fPA9_N3hls6streamIfLi0EEEiE6A_TILE_6_3_c_channel_i  |        or|   0|  0|   2|           1|           1|
    |ap_sync_channel_write_p_ZZ4tm_APA8_fPA9_N3hls6streamIfLi0EEEiE6A_TILE_6_4_c_channel_i  |        or|   0|  0|   2|           1|           1|
    |ap_sync_channel_write_p_ZZ4tm_APA8_fPA9_N3hls6streamIfLi0EEEiE6A_TILE_6_5_c_channel_i  |        or|   0|  0|   2|           1|           1|
    |ap_sync_channel_write_p_ZZ4tm_APA8_fPA9_N3hls6streamIfLi0EEEiE6A_TILE_6_6_c_channel_i  |        or|   0|  0|   2|           1|           1|
    |ap_sync_channel_write_p_ZZ4tm_APA8_fPA9_N3hls6streamIfLi0EEEiE6A_TILE_6_7_c_channel_i  |        or|   0|  0|   2|           1|           1|
    |ap_sync_channel_write_p_ZZ4tm_APA8_fPA9_N3hls6streamIfLi0EEEiE6A_TILE_7_0_c_channel_i  |        or|   0|  0|   2|           1|           1|
    |ap_sync_channel_write_p_ZZ4tm_APA8_fPA9_N3hls6streamIfLi0EEEiE6A_TILE_7_1_c_channel_i  |        or|   0|  0|   2|           1|           1|
    |ap_sync_channel_write_p_ZZ4tm_APA8_fPA9_N3hls6streamIfLi0EEEiE6A_TILE_7_2_c_channel_i  |        or|   0|  0|   2|           1|           1|
    |ap_sync_channel_write_p_ZZ4tm_APA8_fPA9_N3hls6streamIfLi0EEEiE6A_TILE_7_3_c_channel_i  |        or|   0|  0|   2|           1|           1|
    |ap_sync_channel_write_p_ZZ4tm_APA8_fPA9_N3hls6streamIfLi0EEEiE6A_TILE_7_4_c_channel_i  |        or|   0|  0|   2|           1|           1|
    |ap_sync_channel_write_p_ZZ4tm_APA8_fPA9_N3hls6streamIfLi0EEEiE6A_TILE_7_5_c_channel_i  |        or|   0|  0|   2|           1|           1|
    |ap_sync_channel_write_p_ZZ4tm_APA8_fPA9_N3hls6streamIfLi0EEEiE6A_TILE_7_6_c_channel_i  |        or|   0|  0|   2|           1|           1|
    |ap_sync_channel_write_p_ZZ4tm_APA8_fPA9_N3hls6streamIfLi0EEEiE6A_TILE_7_7_c_channel_i  |        or|   0|  0|   2|           1|           1|
    +---------------------------------------------------------------------------------------+----------+----+---+----+------------+------------+
    |Total                                                                                  |          |   0|  0| 262|         131|         131|
    +---------------------------------------------------------------------------------------+----------+----+---+----+------------+------------+

    * Multiplexer: 
    +-------------------------------------------------------------------------------------------+----+-----------+-----+-----------+
    |                                            Name                                           | LUT| Input Size| Bits| Total Bits|
    +-------------------------------------------------------------------------------------------+----+-----------+-----+-----------+
    |ap_sync_reg_channel_write_p_ZZ4tm_APA8_fPA9_N3hls6streamIfLi0EEEiE6A_TILE_0_0_c_channel_i  |   2|          2|    1|          2|
    |ap_sync_reg_channel_write_p_ZZ4tm_APA8_fPA9_N3hls6streamIfLi0EEEiE6A_TILE_0_1_c_channel_i  |   2|          2|    1|          2|
    |ap_sync_reg_channel_write_p_ZZ4tm_APA8_fPA9_N3hls6streamIfLi0EEEiE6A_TILE_0_2_c_channel_i  |   2|          2|    1|          2|
    |ap_sync_reg_channel_write_p_ZZ4tm_APA8_fPA9_N3hls6streamIfLi0EEEiE6A_TILE_0_3_c_channel_i  |   2|          2|    1|          2|
    |ap_sync_reg_channel_write_p_ZZ4tm_APA8_fPA9_N3hls6streamIfLi0EEEiE6A_TILE_0_4_c_channel_i  |   2|          2|    1|          2|
    |ap_sync_reg_channel_write_p_ZZ4tm_APA8_fPA9_N3hls6streamIfLi0EEEiE6A_TILE_0_5_c_channel_i  |   2|          2|    1|          2|
    |ap_sync_reg_channel_write_p_ZZ4tm_APA8_fPA9_N3hls6streamIfLi0EEEiE6A_TILE_0_6_c_channel_i  |   2|          2|    1|          2|
    |ap_sync_reg_channel_write_p_ZZ4tm_APA8_fPA9_N3hls6streamIfLi0EEEiE6A_TILE_0_7_c_channel_i  |   2|          2|    1|          2|
    |ap_sync_reg_channel_write_p_ZZ4tm_APA8_fPA9_N3hls6streamIfLi0EEEiE6A_TILE_1_0_c_channel_i  |   2|          2|    1|          2|
    |ap_sync_reg_channel_write_p_ZZ4tm_APA8_fPA9_N3hls6streamIfLi0EEEiE6A_TILE_1_1_c_channel_i  |   2|          2|    1|          2|
    |ap_sync_reg_channel_write_p_ZZ4tm_APA8_fPA9_N3hls6streamIfLi0EEEiE6A_TILE_1_2_c_channel_i  |   2|          2|    1|          2|
    |ap_sync_reg_channel_write_p_ZZ4tm_APA8_fPA9_N3hls6streamIfLi0EEEiE6A_TILE_1_3_c_channel_i  |   2|          2|    1|          2|
    |ap_sync_reg_channel_write_p_ZZ4tm_APA8_fPA9_N3hls6streamIfLi0EEEiE6A_TILE_1_4_c_channel_i  |   2|          2|    1|          2|
    |ap_sync_reg_channel_write_p_ZZ4tm_APA8_fPA9_N3hls6streamIfLi0EEEiE6A_TILE_1_5_c_channel_i  |   2|          2|    1|          2|
    |ap_sync_reg_channel_write_p_ZZ4tm_APA8_fPA9_N3hls6streamIfLi0EEEiE6A_TILE_1_6_c_channel_i  |   2|          2|    1|          2|
    |ap_sync_reg_channel_write_p_ZZ4tm_APA8_fPA9_N3hls6streamIfLi0EEEiE6A_TILE_1_7_c_channel_i  |   2|          2|    1|          2|
    |ap_sync_reg_channel_write_p_ZZ4tm_APA8_fPA9_N3hls6streamIfLi0EEEiE6A_TILE_2_0_c_channel_i  |   2|          2|    1|          2|
    |ap_sync_reg_channel_write_p_ZZ4tm_APA8_fPA9_N3hls6streamIfLi0EEEiE6A_TILE_2_1_c_channel_i  |   2|          2|    1|          2|
    |ap_sync_reg_channel_write_p_ZZ4tm_APA8_fPA9_N3hls6streamIfLi0EEEiE6A_TILE_2_2_c_channel_i  |   2|          2|    1|          2|
    |ap_sync_reg_channel_write_p_ZZ4tm_APA8_fPA9_N3hls6streamIfLi0EEEiE6A_TILE_2_3_c_channel_i  |   2|          2|    1|          2|
    |ap_sync_reg_channel_write_p_ZZ4tm_APA8_fPA9_N3hls6streamIfLi0EEEiE6A_TILE_2_4_c_channel_i  |   2|          2|    1|          2|
    |ap_sync_reg_channel_write_p_ZZ4tm_APA8_fPA9_N3hls6streamIfLi0EEEiE6A_TILE_2_5_c_channel_i  |   2|          2|    1|          2|
    |ap_sync_reg_channel_write_p_ZZ4tm_APA8_fPA9_N3hls6streamIfLi0EEEiE6A_TILE_2_6_c_channel_i  |   2|          2|    1|          2|
    |ap_sync_reg_channel_write_p_ZZ4tm_APA8_fPA9_N3hls6streamIfLi0EEEiE6A_TILE_2_7_c_channel_i  |   2|          2|    1|          2|
    |ap_sync_reg_channel_write_p_ZZ4tm_APA8_fPA9_N3hls6streamIfLi0EEEiE6A_TILE_3_0_c_channel_i  |   2|          2|    1|          2|
    |ap_sync_reg_channel_write_p_ZZ4tm_APA8_fPA9_N3hls6streamIfLi0EEEiE6A_TILE_3_1_c_channel_i  |   2|          2|    1|          2|
    |ap_sync_reg_channel_write_p_ZZ4tm_APA8_fPA9_N3hls6streamIfLi0EEEiE6A_TILE_3_2_c_channel_i  |   2|          2|    1|          2|
    |ap_sync_reg_channel_write_p_ZZ4tm_APA8_fPA9_N3hls6streamIfLi0EEEiE6A_TILE_3_3_c_channel_i  |   2|          2|    1|          2|
    |ap_sync_reg_channel_write_p_ZZ4tm_APA8_fPA9_N3hls6streamIfLi0EEEiE6A_TILE_3_4_c_channel_i  |   2|          2|    1|          2|
    |ap_sync_reg_channel_write_p_ZZ4tm_APA8_fPA9_N3hls6streamIfLi0EEEiE6A_TILE_3_5_c_channel_i  |   2|          2|    1|          2|
    |ap_sync_reg_channel_write_p_ZZ4tm_APA8_fPA9_N3hls6streamIfLi0EEEiE6A_TILE_3_6_c_channel_i  |   2|          2|    1|          2|
    |ap_sync_reg_channel_write_p_ZZ4tm_APA8_fPA9_N3hls6streamIfLi0EEEiE6A_TILE_3_7_c_channel_i  |   2|          2|    1|          2|
    |ap_sync_reg_channel_write_p_ZZ4tm_APA8_fPA9_N3hls6streamIfLi0EEEiE6A_TILE_4_0_c_channel_i  |   2|          2|    1|          2|
    |ap_sync_reg_channel_write_p_ZZ4tm_APA8_fPA9_N3hls6streamIfLi0EEEiE6A_TILE_4_1_c_channel_i  |   2|          2|    1|          2|
    |ap_sync_reg_channel_write_p_ZZ4tm_APA8_fPA9_N3hls6streamIfLi0EEEiE6A_TILE_4_2_c_channel_i  |   2|          2|    1|          2|
    |ap_sync_reg_channel_write_p_ZZ4tm_APA8_fPA9_N3hls6streamIfLi0EEEiE6A_TILE_4_3_c_channel_i  |   2|          2|    1|          2|
    |ap_sync_reg_channel_write_p_ZZ4tm_APA8_fPA9_N3hls6streamIfLi0EEEiE6A_TILE_4_4_c_channel_i  |   2|          2|    1|          2|
    |ap_sync_reg_channel_write_p_ZZ4tm_APA8_fPA9_N3hls6streamIfLi0EEEiE6A_TILE_4_5_c_channel_i  |   2|          2|    1|          2|
    |ap_sync_reg_channel_write_p_ZZ4tm_APA8_fPA9_N3hls6streamIfLi0EEEiE6A_TILE_4_6_c_channel_i  |   2|          2|    1|          2|
    |ap_sync_reg_channel_write_p_ZZ4tm_APA8_fPA9_N3hls6streamIfLi0EEEiE6A_TILE_4_7_c_channel_i  |   2|          2|    1|          2|
    |ap_sync_reg_channel_write_p_ZZ4tm_APA8_fPA9_N3hls6streamIfLi0EEEiE6A_TILE_5_0_c_channel_i  |   2|          2|    1|          2|
    |ap_sync_reg_channel_write_p_ZZ4tm_APA8_fPA9_N3hls6streamIfLi0EEEiE6A_TILE_5_1_c_channel_i  |   2|          2|    1|          2|
    |ap_sync_reg_channel_write_p_ZZ4tm_APA8_fPA9_N3hls6streamIfLi0EEEiE6A_TILE_5_2_c_channel_i  |   2|          2|    1|          2|
    |ap_sync_reg_channel_write_p_ZZ4tm_APA8_fPA9_N3hls6streamIfLi0EEEiE6A_TILE_5_3_c_channel_i  |   2|          2|    1|          2|
    |ap_sync_reg_channel_write_p_ZZ4tm_APA8_fPA9_N3hls6streamIfLi0EEEiE6A_TILE_5_4_c_channel_i  |   2|          2|    1|          2|
    |ap_sync_reg_channel_write_p_ZZ4tm_APA8_fPA9_N3hls6streamIfLi0EEEiE6A_TILE_5_5_c_channel_i  |   2|          2|    1|          2|
    |ap_sync_reg_channel_write_p_ZZ4tm_APA8_fPA9_N3hls6streamIfLi0EEEiE6A_TILE_5_6_c_channel_i  |   2|          2|    1|          2|
    |ap_sync_reg_channel_write_p_ZZ4tm_APA8_fPA9_N3hls6streamIfLi0EEEiE6A_TILE_5_7_c_channel_i  |   2|          2|    1|          2|
    |ap_sync_reg_channel_write_p_ZZ4tm_APA8_fPA9_N3hls6streamIfLi0EEEiE6A_TILE_6_0_c_channel_i  |   2|          2|    1|          2|
    |ap_sync_reg_channel_write_p_ZZ4tm_APA8_fPA9_N3hls6streamIfLi0EEEiE6A_TILE_6_1_c_channel_i  |   2|          2|    1|          2|
    |ap_sync_reg_channel_write_p_ZZ4tm_APA8_fPA9_N3hls6streamIfLi0EEEiE6A_TILE_6_2_c_channel_i  |   2|          2|    1|          2|
    |ap_sync_reg_channel_write_p_ZZ4tm_APA8_fPA9_N3hls6streamIfLi0EEEiE6A_TILE_6_3_c_channel_i  |   2|          2|    1|          2|
    |ap_sync_reg_channel_write_p_ZZ4tm_APA8_fPA9_N3hls6streamIfLi0EEEiE6A_TILE_6_4_c_channel_i  |   2|          2|    1|          2|
    |ap_sync_reg_channel_write_p_ZZ4tm_APA8_fPA9_N3hls6streamIfLi0EEEiE6A_TILE_6_5_c_channel_i  |   2|          2|    1|          2|
    |ap_sync_reg_channel_write_p_ZZ4tm_APA8_fPA9_N3hls6streamIfLi0EEEiE6A_TILE_6_6_c_channel_i  |   2|          2|    1|          2|
    |ap_sync_reg_channel_write_p_ZZ4tm_APA8_fPA9_N3hls6streamIfLi0EEEiE6A_TILE_6_7_c_channel_i  |   2|          2|    1|          2|
    |ap_sync_reg_channel_write_p_ZZ4tm_APA8_fPA9_N3hls6streamIfLi0EEEiE6A_TILE_7_0_c_channel_i  |   2|          2|    1|          2|
    |ap_sync_reg_channel_write_p_ZZ4tm_APA8_fPA9_N3hls6streamIfLi0EEEiE6A_TILE_7_1_c_channel_i  |   2|          2|    1|          2|
    |ap_sync_reg_channel_write_p_ZZ4tm_APA8_fPA9_N3hls6streamIfLi0EEEiE6A_TILE_7_2_c_channel_i  |   2|          2|    1|          2|
    |ap_sync_reg_channel_write_p_ZZ4tm_APA8_fPA9_N3hls6streamIfLi0EEEiE6A_TILE_7_3_c_channel_i  |   2|          2|    1|          2|
    |ap_sync_reg_channel_write_p_ZZ4tm_APA8_fPA9_N3hls6streamIfLi0EEEiE6A_TILE_7_4_c_channel_i  |   2|          2|    1|          2|
    |ap_sync_reg_channel_write_p_ZZ4tm_APA8_fPA9_N3hls6streamIfLi0EEEiE6A_TILE_7_5_c_channel_i  |   2|          2|    1|          2|
    |ap_sync_reg_channel_write_p_ZZ4tm_APA8_fPA9_N3hls6streamIfLi0EEEiE6A_TILE_7_6_c_channel_i  |   2|          2|    1|          2|
    |ap_sync_reg_channel_write_p_ZZ4tm_APA8_fPA9_N3hls6streamIfLi0EEEiE6A_TILE_7_7_c_channel_i  |   2|          2|    1|          2|
    |real_start                                                                                 |   2|          2|    1|          2|
    +-------------------------------------------------------------------------------------------+----+-----------+-----+-----------+
    |Total                                                                                      | 130|        130|   65|        130|
    +-------------------------------------------------------------------------------------------+----+-----------+-----+-----------+

    * Register: 
    +-------------------------------------------------------------------------------------------+---+----+-----+-----------+
    |                                            Name                                           | FF| LUT| Bits| Const Bits|
    +-------------------------------------------------------------------------------------------+---+----+-----+-----------+
    |ap_sync_reg_channel_write_p_ZZ4tm_APA8_fPA9_N3hls6streamIfLi0EEEiE6A_TILE_0_0_c_channel_i  |  1|   0|    1|          0|
    |ap_sync_reg_channel_write_p_ZZ4tm_APA8_fPA9_N3hls6streamIfLi0EEEiE6A_TILE_0_1_c_channel_i  |  1|   0|    1|          0|
    |ap_sync_reg_channel_write_p_ZZ4tm_APA8_fPA9_N3hls6streamIfLi0EEEiE6A_TILE_0_2_c_channel_i  |  1|   0|    1|          0|
    |ap_sync_reg_channel_write_p_ZZ4tm_APA8_fPA9_N3hls6streamIfLi0EEEiE6A_TILE_0_3_c_channel_i  |  1|   0|    1|          0|
    |ap_sync_reg_channel_write_p_ZZ4tm_APA8_fPA9_N3hls6streamIfLi0EEEiE6A_TILE_0_4_c_channel_i  |  1|   0|    1|          0|
    |ap_sync_reg_channel_write_p_ZZ4tm_APA8_fPA9_N3hls6streamIfLi0EEEiE6A_TILE_0_5_c_channel_i  |  1|   0|    1|          0|
    |ap_sync_reg_channel_write_p_ZZ4tm_APA8_fPA9_N3hls6streamIfLi0EEEiE6A_TILE_0_6_c_channel_i  |  1|   0|    1|          0|
    |ap_sync_reg_channel_write_p_ZZ4tm_APA8_fPA9_N3hls6streamIfLi0EEEiE6A_TILE_0_7_c_channel_i  |  1|   0|    1|          0|
    |ap_sync_reg_channel_write_p_ZZ4tm_APA8_fPA9_N3hls6streamIfLi0EEEiE6A_TILE_1_0_c_channel_i  |  1|   0|    1|          0|
    |ap_sync_reg_channel_write_p_ZZ4tm_APA8_fPA9_N3hls6streamIfLi0EEEiE6A_TILE_1_1_c_channel_i  |  1|   0|    1|          0|
    |ap_sync_reg_channel_write_p_ZZ4tm_APA8_fPA9_N3hls6streamIfLi0EEEiE6A_TILE_1_2_c_channel_i  |  1|   0|    1|          0|
    |ap_sync_reg_channel_write_p_ZZ4tm_APA8_fPA9_N3hls6streamIfLi0EEEiE6A_TILE_1_3_c_channel_i  |  1|   0|    1|          0|
    |ap_sync_reg_channel_write_p_ZZ4tm_APA8_fPA9_N3hls6streamIfLi0EEEiE6A_TILE_1_4_c_channel_i  |  1|   0|    1|          0|
    |ap_sync_reg_channel_write_p_ZZ4tm_APA8_fPA9_N3hls6streamIfLi0EEEiE6A_TILE_1_5_c_channel_i  |  1|   0|    1|          0|
    |ap_sync_reg_channel_write_p_ZZ4tm_APA8_fPA9_N3hls6streamIfLi0EEEiE6A_TILE_1_6_c_channel_i  |  1|   0|    1|          0|
    |ap_sync_reg_channel_write_p_ZZ4tm_APA8_fPA9_N3hls6streamIfLi0EEEiE6A_TILE_1_7_c_channel_i  |  1|   0|    1|          0|
    |ap_sync_reg_channel_write_p_ZZ4tm_APA8_fPA9_N3hls6streamIfLi0EEEiE6A_TILE_2_0_c_channel_i  |  1|   0|    1|          0|
    |ap_sync_reg_channel_write_p_ZZ4tm_APA8_fPA9_N3hls6streamIfLi0EEEiE6A_TILE_2_1_c_channel_i  |  1|   0|    1|          0|
    |ap_sync_reg_channel_write_p_ZZ4tm_APA8_fPA9_N3hls6streamIfLi0EEEiE6A_TILE_2_2_c_channel_i  |  1|   0|    1|          0|
    |ap_sync_reg_channel_write_p_ZZ4tm_APA8_fPA9_N3hls6streamIfLi0EEEiE6A_TILE_2_3_c_channel_i  |  1|   0|    1|          0|
    |ap_sync_reg_channel_write_p_ZZ4tm_APA8_fPA9_N3hls6streamIfLi0EEEiE6A_TILE_2_4_c_channel_i  |  1|   0|    1|          0|
    |ap_sync_reg_channel_write_p_ZZ4tm_APA8_fPA9_N3hls6streamIfLi0EEEiE6A_TILE_2_5_c_channel_i  |  1|   0|    1|          0|
    |ap_sync_reg_channel_write_p_ZZ4tm_APA8_fPA9_N3hls6streamIfLi0EEEiE6A_TILE_2_6_c_channel_i  |  1|   0|    1|          0|
    |ap_sync_reg_channel_write_p_ZZ4tm_APA8_fPA9_N3hls6streamIfLi0EEEiE6A_TILE_2_7_c_channel_i  |  1|   0|    1|          0|
    |ap_sync_reg_channel_write_p_ZZ4tm_APA8_fPA9_N3hls6streamIfLi0EEEiE6A_TILE_3_0_c_channel_i  |  1|   0|    1|          0|
    |ap_sync_reg_channel_write_p_ZZ4tm_APA8_fPA9_N3hls6streamIfLi0EEEiE6A_TILE_3_1_c_channel_i  |  1|   0|    1|          0|
    |ap_sync_reg_channel_write_p_ZZ4tm_APA8_fPA9_N3hls6streamIfLi0EEEiE6A_TILE_3_2_c_channel_i  |  1|   0|    1|          0|
    |ap_sync_reg_channel_write_p_ZZ4tm_APA8_fPA9_N3hls6streamIfLi0EEEiE6A_TILE_3_3_c_channel_i  |  1|   0|    1|          0|
    |ap_sync_reg_channel_write_p_ZZ4tm_APA8_fPA9_N3hls6streamIfLi0EEEiE6A_TILE_3_4_c_channel_i  |  1|   0|    1|          0|
    |ap_sync_reg_channel_write_p_ZZ4tm_APA8_fPA9_N3hls6streamIfLi0EEEiE6A_TILE_3_5_c_channel_i  |  1|   0|    1|          0|
    |ap_sync_reg_channel_write_p_ZZ4tm_APA8_fPA9_N3hls6streamIfLi0EEEiE6A_TILE_3_6_c_channel_i  |  1|   0|    1|          0|
    |ap_sync_reg_channel_write_p_ZZ4tm_APA8_fPA9_N3hls6streamIfLi0EEEiE6A_TILE_3_7_c_channel_i  |  1|   0|    1|          0|
    |ap_sync_reg_channel_write_p_ZZ4tm_APA8_fPA9_N3hls6streamIfLi0EEEiE6A_TILE_4_0_c_channel_i  |  1|   0|    1|          0|
    |ap_sync_reg_channel_write_p_ZZ4tm_APA8_fPA9_N3hls6streamIfLi0EEEiE6A_TILE_4_1_c_channel_i  |  1|   0|    1|          0|
    |ap_sync_reg_channel_write_p_ZZ4tm_APA8_fPA9_N3hls6streamIfLi0EEEiE6A_TILE_4_2_c_channel_i  |  1|   0|    1|          0|
    |ap_sync_reg_channel_write_p_ZZ4tm_APA8_fPA9_N3hls6streamIfLi0EEEiE6A_TILE_4_3_c_channel_i  |  1|   0|    1|          0|
    |ap_sync_reg_channel_write_p_ZZ4tm_APA8_fPA9_N3hls6streamIfLi0EEEiE6A_TILE_4_4_c_channel_i  |  1|   0|    1|          0|
    |ap_sync_reg_channel_write_p_ZZ4tm_APA8_fPA9_N3hls6streamIfLi0EEEiE6A_TILE_4_5_c_channel_i  |  1|   0|    1|          0|
    |ap_sync_reg_channel_write_p_ZZ4tm_APA8_fPA9_N3hls6streamIfLi0EEEiE6A_TILE_4_6_c_channel_i  |  1|   0|    1|          0|
    |ap_sync_reg_channel_write_p_ZZ4tm_APA8_fPA9_N3hls6streamIfLi0EEEiE6A_TILE_4_7_c_channel_i  |  1|   0|    1|          0|
    |ap_sync_reg_channel_write_p_ZZ4tm_APA8_fPA9_N3hls6streamIfLi0EEEiE6A_TILE_5_0_c_channel_i  |  1|   0|    1|          0|
    |ap_sync_reg_channel_write_p_ZZ4tm_APA8_fPA9_N3hls6streamIfLi0EEEiE6A_TILE_5_1_c_channel_i  |  1|   0|    1|          0|
    |ap_sync_reg_channel_write_p_ZZ4tm_APA8_fPA9_N3hls6streamIfLi0EEEiE6A_TILE_5_2_c_channel_i  |  1|   0|    1|          0|
    |ap_sync_reg_channel_write_p_ZZ4tm_APA8_fPA9_N3hls6streamIfLi0EEEiE6A_TILE_5_3_c_channel_i  |  1|   0|    1|          0|
    |ap_sync_reg_channel_write_p_ZZ4tm_APA8_fPA9_N3hls6streamIfLi0EEEiE6A_TILE_5_4_c_channel_i  |  1|   0|    1|          0|
    |ap_sync_reg_channel_write_p_ZZ4tm_APA8_fPA9_N3hls6streamIfLi0EEEiE6A_TILE_5_5_c_channel_i  |  1|   0|    1|          0|
    |ap_sync_reg_channel_write_p_ZZ4tm_APA8_fPA9_N3hls6streamIfLi0EEEiE6A_TILE_5_6_c_channel_i  |  1|   0|    1|          0|
    |ap_sync_reg_channel_write_p_ZZ4tm_APA8_fPA9_N3hls6streamIfLi0EEEiE6A_TILE_5_7_c_channel_i  |  1|   0|    1|          0|
    |ap_sync_reg_channel_write_p_ZZ4tm_APA8_fPA9_N3hls6streamIfLi0EEEiE6A_TILE_6_0_c_channel_i  |  1|   0|    1|          0|
    |ap_sync_reg_channel_write_p_ZZ4tm_APA8_fPA9_N3hls6streamIfLi0EEEiE6A_TILE_6_1_c_channel_i  |  1|   0|    1|          0|
    |ap_sync_reg_channel_write_p_ZZ4tm_APA8_fPA9_N3hls6streamIfLi0EEEiE6A_TILE_6_2_c_channel_i  |  1|   0|    1|          0|
    |ap_sync_reg_channel_write_p_ZZ4tm_APA8_fPA9_N3hls6streamIfLi0EEEiE6A_TILE_6_3_c_channel_i  |  1|   0|    1|          0|
    |ap_sync_reg_channel_write_p_ZZ4tm_APA8_fPA9_N3hls6streamIfLi0EEEiE6A_TILE_6_4_c_channel_i  |  1|   0|    1|          0|
    |ap_sync_reg_channel_write_p_ZZ4tm_APA8_fPA9_N3hls6streamIfLi0EEEiE6A_TILE_6_5_c_channel_i  |  1|   0|    1|          0|
    |ap_sync_reg_channel_write_p_ZZ4tm_APA8_fPA9_N3hls6streamIfLi0EEEiE6A_TILE_6_6_c_channel_i  |  1|   0|    1|          0|
    |ap_sync_reg_channel_write_p_ZZ4tm_APA8_fPA9_N3hls6streamIfLi0EEEiE6A_TILE_6_7_c_channel_i  |  1|   0|    1|          0|
    |ap_sync_reg_channel_write_p_ZZ4tm_APA8_fPA9_N3hls6streamIfLi0EEEiE6A_TILE_7_0_c_channel_i  |  1|   0|    1|          0|
    |ap_sync_reg_channel_write_p_ZZ4tm_APA8_fPA9_N3hls6streamIfLi0EEEiE6A_TILE_7_1_c_channel_i  |  1|   0|    1|          0|
    |ap_sync_reg_channel_write_p_ZZ4tm_APA8_fPA9_N3hls6streamIfLi0EEEiE6A_TILE_7_2_c_channel_i  |  1|   0|    1|          0|
    |ap_sync_reg_channel_write_p_ZZ4tm_APA8_fPA9_N3hls6streamIfLi0EEEiE6A_TILE_7_3_c_channel_i  |  1|   0|    1|          0|
    |ap_sync_reg_channel_write_p_ZZ4tm_APA8_fPA9_N3hls6streamIfLi0EEEiE6A_TILE_7_4_c_channel_i  |  1|   0|    1|          0|
    |ap_sync_reg_channel_write_p_ZZ4tm_APA8_fPA9_N3hls6streamIfLi0EEEiE6A_TILE_7_5_c_channel_i  |  1|   0|    1|          0|
    |ap_sync_reg_channel_write_p_ZZ4tm_APA8_fPA9_N3hls6streamIfLi0EEEiE6A_TILE_7_6_c_channel_i  |  1|   0|    1|          0|
    |ap_sync_reg_channel_write_p_ZZ4tm_APA8_fPA9_N3hls6streamIfLi0EEEiE6A_TILE_7_7_c_channel_i  |  1|   0|    1|          0|
    |start_once_reg                                                                             |  1|   0|    1|          0|
    +-------------------------------------------------------------------------------------------+---+----+-----+-----------+
    |Total                                                                                      | 65|   0|   65|          0|
    +-------------------------------------------------------------------------------------------+---+----+-----+-----------+



================================================================
== Interface
================================================================
* Summary: 
+--------------------+-----+-----+------------+--------------+--------------+
|      RTL Ports     | Dir | Bits|  Protocol  | Source Object|    C Type    |
+--------------------+-----+-----+------------+--------------+--------------+
|ap_start            |   in|    1|  ap_ctrl_hs|          tm_A|  return value|
|start_full_n        |   in|    1|  ap_ctrl_hs|          tm_A|  return value|
|start_out           |  out|    1|  ap_ctrl_hs|          tm_A|  return value|
|start_write         |  out|    1|  ap_ctrl_hs|          tm_A|  return value|
|ap_clk              |   in|    1|  ap_ctrl_hs|          tm_A|  return value|
|ap_rst              |   in|    1|  ap_ctrl_hs|          tm_A|  return value|
|ap_done             |  out|    1|  ap_ctrl_hs|          tm_A|  return value|
|ap_ready            |  out|    1|  ap_ctrl_hs|          tm_A|  return value|
|ap_idle             |  out|    1|  ap_ctrl_hs|          tm_A|  return value|
|ap_continue         |   in|    1|  ap_ctrl_hs|          tm_A|  return value|
|A_BUF_0_0_address0  |  out|    3|   ap_memory|     A_BUF_0_0|         array|
|A_BUF_0_0_ce0       |  out|    1|   ap_memory|     A_BUF_0_0|         array|
|A_BUF_0_0_d0        |  out|   32|   ap_memory|     A_BUF_0_0|         array|
|A_BUF_0_0_q0        |   in|   32|   ap_memory|     A_BUF_0_0|         array|
|A_BUF_0_0_we0       |  out|    1|   ap_memory|     A_BUF_0_0|         array|
|A_BUF_0_0_address1  |  out|    3|   ap_memory|     A_BUF_0_0|         array|
|A_BUF_0_0_ce1       |  out|    1|   ap_memory|     A_BUF_0_0|         array|
|A_BUF_0_0_d1        |  out|   32|   ap_memory|     A_BUF_0_0|         array|
|A_BUF_0_0_q1        |   in|   32|   ap_memory|     A_BUF_0_0|         array|
|A_BUF_0_0_we1       |  out|    1|   ap_memory|     A_BUF_0_0|         array|
|A_BUF_0_1_address0  |  out|    3|   ap_memory|     A_BUF_0_1|         array|
|A_BUF_0_1_ce0       |  out|    1|   ap_memory|     A_BUF_0_1|         array|
|A_BUF_0_1_d0        |  out|   32|   ap_memory|     A_BUF_0_1|         array|
|A_BUF_0_1_q0        |   in|   32|   ap_memory|     A_BUF_0_1|         array|
|A_BUF_0_1_we0       |  out|    1|   ap_memory|     A_BUF_0_1|         array|
|A_BUF_0_1_address1  |  out|    3|   ap_memory|     A_BUF_0_1|         array|
|A_BUF_0_1_ce1       |  out|    1|   ap_memory|     A_BUF_0_1|         array|
|A_BUF_0_1_d1        |  out|   32|   ap_memory|     A_BUF_0_1|         array|
|A_BUF_0_1_q1        |   in|   32|   ap_memory|     A_BUF_0_1|         array|
|A_BUF_0_1_we1       |  out|    1|   ap_memory|     A_BUF_0_1|         array|
|A_BUF_0_2_address0  |  out|    3|   ap_memory|     A_BUF_0_2|         array|
|A_BUF_0_2_ce0       |  out|    1|   ap_memory|     A_BUF_0_2|         array|
|A_BUF_0_2_d0        |  out|   32|   ap_memory|     A_BUF_0_2|         array|
|A_BUF_0_2_q0        |   in|   32|   ap_memory|     A_BUF_0_2|         array|
|A_BUF_0_2_we0       |  out|    1|   ap_memory|     A_BUF_0_2|         array|
|A_BUF_0_2_address1  |  out|    3|   ap_memory|     A_BUF_0_2|         array|
|A_BUF_0_2_ce1       |  out|    1|   ap_memory|     A_BUF_0_2|         array|
|A_BUF_0_2_d1        |  out|   32|   ap_memory|     A_BUF_0_2|         array|
|A_BUF_0_2_q1        |   in|   32|   ap_memory|     A_BUF_0_2|         array|
|A_BUF_0_2_we1       |  out|    1|   ap_memory|     A_BUF_0_2|         array|
|A_BUF_0_3_address0  |  out|    3|   ap_memory|     A_BUF_0_3|         array|
|A_BUF_0_3_ce0       |  out|    1|   ap_memory|     A_BUF_0_3|         array|
|A_BUF_0_3_d0        |  out|   32|   ap_memory|     A_BUF_0_3|         array|
|A_BUF_0_3_q0        |   in|   32|   ap_memory|     A_BUF_0_3|         array|
|A_BUF_0_3_we0       |  out|    1|   ap_memory|     A_BUF_0_3|         array|
|A_BUF_0_3_address1  |  out|    3|   ap_memory|     A_BUF_0_3|         array|
|A_BUF_0_3_ce1       |  out|    1|   ap_memory|     A_BUF_0_3|         array|
|A_BUF_0_3_d1        |  out|   32|   ap_memory|     A_BUF_0_3|         array|
|A_BUF_0_3_q1        |   in|   32|   ap_memory|     A_BUF_0_3|         array|
|A_BUF_0_3_we1       |  out|    1|   ap_memory|     A_BUF_0_3|         array|
|A_BUF_0_4_address0  |  out|    3|   ap_memory|     A_BUF_0_4|         array|
|A_BUF_0_4_ce0       |  out|    1|   ap_memory|     A_BUF_0_4|         array|
|A_BUF_0_4_d0        |  out|   32|   ap_memory|     A_BUF_0_4|         array|
|A_BUF_0_4_q0        |   in|   32|   ap_memory|     A_BUF_0_4|         array|
|A_BUF_0_4_we0       |  out|    1|   ap_memory|     A_BUF_0_4|         array|
|A_BUF_0_4_address1  |  out|    3|   ap_memory|     A_BUF_0_4|         array|
|A_BUF_0_4_ce1       |  out|    1|   ap_memory|     A_BUF_0_4|         array|
|A_BUF_0_4_d1        |  out|   32|   ap_memory|     A_BUF_0_4|         array|
|A_BUF_0_4_q1        |   in|   32|   ap_memory|     A_BUF_0_4|         array|
|A_BUF_0_4_we1       |  out|    1|   ap_memory|     A_BUF_0_4|         array|
|A_BUF_0_5_address0  |  out|    3|   ap_memory|     A_BUF_0_5|         array|
|A_BUF_0_5_ce0       |  out|    1|   ap_memory|     A_BUF_0_5|         array|
|A_BUF_0_5_d0        |  out|   32|   ap_memory|     A_BUF_0_5|         array|
|A_BUF_0_5_q0        |   in|   32|   ap_memory|     A_BUF_0_5|         array|
|A_BUF_0_5_we0       |  out|    1|   ap_memory|     A_BUF_0_5|         array|
|A_BUF_0_5_address1  |  out|    3|   ap_memory|     A_BUF_0_5|         array|
|A_BUF_0_5_ce1       |  out|    1|   ap_memory|     A_BUF_0_5|         array|
|A_BUF_0_5_d1        |  out|   32|   ap_memory|     A_BUF_0_5|         array|
|A_BUF_0_5_q1        |   in|   32|   ap_memory|     A_BUF_0_5|         array|
|A_BUF_0_5_we1       |  out|    1|   ap_memory|     A_BUF_0_5|         array|
|A_BUF_0_6_address0  |  out|    3|   ap_memory|     A_BUF_0_6|         array|
|A_BUF_0_6_ce0       |  out|    1|   ap_memory|     A_BUF_0_6|         array|
|A_BUF_0_6_d0        |  out|   32|   ap_memory|     A_BUF_0_6|         array|
|A_BUF_0_6_q0        |   in|   32|   ap_memory|     A_BUF_0_6|         array|
|A_BUF_0_6_we0       |  out|    1|   ap_memory|     A_BUF_0_6|         array|
|A_BUF_0_6_address1  |  out|    3|   ap_memory|     A_BUF_0_6|         array|
|A_BUF_0_6_ce1       |  out|    1|   ap_memory|     A_BUF_0_6|         array|
|A_BUF_0_6_d1        |  out|   32|   ap_memory|     A_BUF_0_6|         array|
|A_BUF_0_6_q1        |   in|   32|   ap_memory|     A_BUF_0_6|         array|
|A_BUF_0_6_we1       |  out|    1|   ap_memory|     A_BUF_0_6|         array|
|A_BUF_0_7_address0  |  out|    3|   ap_memory|     A_BUF_0_7|         array|
|A_BUF_0_7_ce0       |  out|    1|   ap_memory|     A_BUF_0_7|         array|
|A_BUF_0_7_d0        |  out|   32|   ap_memory|     A_BUF_0_7|         array|
|A_BUF_0_7_q0        |   in|   32|   ap_memory|     A_BUF_0_7|         array|
|A_BUF_0_7_we0       |  out|    1|   ap_memory|     A_BUF_0_7|         array|
|A_BUF_0_7_address1  |  out|    3|   ap_memory|     A_BUF_0_7|         array|
|A_BUF_0_7_ce1       |  out|    1|   ap_memory|     A_BUF_0_7|         array|
|A_BUF_0_7_d1        |  out|   32|   ap_memory|     A_BUF_0_7|         array|
|A_BUF_0_7_q1        |   in|   32|   ap_memory|     A_BUF_0_7|         array|
|A_BUF_0_7_we1       |  out|    1|   ap_memory|     A_BUF_0_7|         array|
|A_BUF_1_0_address0  |  out|    3|   ap_memory|     A_BUF_1_0|         array|
|A_BUF_1_0_ce0       |  out|    1|   ap_memory|     A_BUF_1_0|         array|
|A_BUF_1_0_d0        |  out|   32|   ap_memory|     A_BUF_1_0|         array|
|A_BUF_1_0_q0        |   in|   32|   ap_memory|     A_BUF_1_0|         array|
|A_BUF_1_0_we0       |  out|    1|   ap_memory|     A_BUF_1_0|         array|
|A_BUF_1_0_address1  |  out|    3|   ap_memory|     A_BUF_1_0|         array|
|A_BUF_1_0_ce1       |  out|    1|   ap_memory|     A_BUF_1_0|         array|
|A_BUF_1_0_d1        |  out|   32|   ap_memory|     A_BUF_1_0|         array|
|A_BUF_1_0_q1        |   in|   32|   ap_memory|     A_BUF_1_0|         array|
|A_BUF_1_0_we1       |  out|    1|   ap_memory|     A_BUF_1_0|         array|
|A_BUF_1_1_address0  |  out|    3|   ap_memory|     A_BUF_1_1|         array|
|A_BUF_1_1_ce0       |  out|    1|   ap_memory|     A_BUF_1_1|         array|
|A_BUF_1_1_d0        |  out|   32|   ap_memory|     A_BUF_1_1|         array|
|A_BUF_1_1_q0        |   in|   32|   ap_memory|     A_BUF_1_1|         array|
|A_BUF_1_1_we0       |  out|    1|   ap_memory|     A_BUF_1_1|         array|
|A_BUF_1_1_address1  |  out|    3|   ap_memory|     A_BUF_1_1|         array|
|A_BUF_1_1_ce1       |  out|    1|   ap_memory|     A_BUF_1_1|         array|
|A_BUF_1_1_d1        |  out|   32|   ap_memory|     A_BUF_1_1|         array|
|A_BUF_1_1_q1        |   in|   32|   ap_memory|     A_BUF_1_1|         array|
|A_BUF_1_1_we1       |  out|    1|   ap_memory|     A_BUF_1_1|         array|
|A_BUF_1_2_address0  |  out|    3|   ap_memory|     A_BUF_1_2|         array|
|A_BUF_1_2_ce0       |  out|    1|   ap_memory|     A_BUF_1_2|         array|
|A_BUF_1_2_d0        |  out|   32|   ap_memory|     A_BUF_1_2|         array|
|A_BUF_1_2_q0        |   in|   32|   ap_memory|     A_BUF_1_2|         array|
|A_BUF_1_2_we0       |  out|    1|   ap_memory|     A_BUF_1_2|         array|
|A_BUF_1_2_address1  |  out|    3|   ap_memory|     A_BUF_1_2|         array|
|A_BUF_1_2_ce1       |  out|    1|   ap_memory|     A_BUF_1_2|         array|
|A_BUF_1_2_d1        |  out|   32|   ap_memory|     A_BUF_1_2|         array|
|A_BUF_1_2_q1        |   in|   32|   ap_memory|     A_BUF_1_2|         array|
|A_BUF_1_2_we1       |  out|    1|   ap_memory|     A_BUF_1_2|         array|
|A_BUF_1_3_address0  |  out|    3|   ap_memory|     A_BUF_1_3|         array|
|A_BUF_1_3_ce0       |  out|    1|   ap_memory|     A_BUF_1_3|         array|
|A_BUF_1_3_d0        |  out|   32|   ap_memory|     A_BUF_1_3|         array|
|A_BUF_1_3_q0        |   in|   32|   ap_memory|     A_BUF_1_3|         array|
|A_BUF_1_3_we0       |  out|    1|   ap_memory|     A_BUF_1_3|         array|
|A_BUF_1_3_address1  |  out|    3|   ap_memory|     A_BUF_1_3|         array|
|A_BUF_1_3_ce1       |  out|    1|   ap_memory|     A_BUF_1_3|         array|
|A_BUF_1_3_d1        |  out|   32|   ap_memory|     A_BUF_1_3|         array|
|A_BUF_1_3_q1        |   in|   32|   ap_memory|     A_BUF_1_3|         array|
|A_BUF_1_3_we1       |  out|    1|   ap_memory|     A_BUF_1_3|         array|
|A_BUF_1_4_address0  |  out|    3|   ap_memory|     A_BUF_1_4|         array|
|A_BUF_1_4_ce0       |  out|    1|   ap_memory|     A_BUF_1_4|         array|
|A_BUF_1_4_d0        |  out|   32|   ap_memory|     A_BUF_1_4|         array|
|A_BUF_1_4_q0        |   in|   32|   ap_memory|     A_BUF_1_4|         array|
|A_BUF_1_4_we0       |  out|    1|   ap_memory|     A_BUF_1_4|         array|
|A_BUF_1_4_address1  |  out|    3|   ap_memory|     A_BUF_1_4|         array|
|A_BUF_1_4_ce1       |  out|    1|   ap_memory|     A_BUF_1_4|         array|
|A_BUF_1_4_d1        |  out|   32|   ap_memory|     A_BUF_1_4|         array|
|A_BUF_1_4_q1        |   in|   32|   ap_memory|     A_BUF_1_4|         array|
|A_BUF_1_4_we1       |  out|    1|   ap_memory|     A_BUF_1_4|         array|
|A_BUF_1_5_address0  |  out|    3|   ap_memory|     A_BUF_1_5|         array|
|A_BUF_1_5_ce0       |  out|    1|   ap_memory|     A_BUF_1_5|         array|
|A_BUF_1_5_d0        |  out|   32|   ap_memory|     A_BUF_1_5|         array|
|A_BUF_1_5_q0        |   in|   32|   ap_memory|     A_BUF_1_5|         array|
|A_BUF_1_5_we0       |  out|    1|   ap_memory|     A_BUF_1_5|         array|
|A_BUF_1_5_address1  |  out|    3|   ap_memory|     A_BUF_1_5|         array|
|A_BUF_1_5_ce1       |  out|    1|   ap_memory|     A_BUF_1_5|         array|
|A_BUF_1_5_d1        |  out|   32|   ap_memory|     A_BUF_1_5|         array|
|A_BUF_1_5_q1        |   in|   32|   ap_memory|     A_BUF_1_5|         array|
|A_BUF_1_5_we1       |  out|    1|   ap_memory|     A_BUF_1_5|         array|
|A_BUF_1_6_address0  |  out|    3|   ap_memory|     A_BUF_1_6|         array|
|A_BUF_1_6_ce0       |  out|    1|   ap_memory|     A_BUF_1_6|         array|
|A_BUF_1_6_d0        |  out|   32|   ap_memory|     A_BUF_1_6|         array|
|A_BUF_1_6_q0        |   in|   32|   ap_memory|     A_BUF_1_6|         array|
|A_BUF_1_6_we0       |  out|    1|   ap_memory|     A_BUF_1_6|         array|
|A_BUF_1_6_address1  |  out|    3|   ap_memory|     A_BUF_1_6|         array|
|A_BUF_1_6_ce1       |  out|    1|   ap_memory|     A_BUF_1_6|         array|
|A_BUF_1_6_d1        |  out|   32|   ap_memory|     A_BUF_1_6|         array|
|A_BUF_1_6_q1        |   in|   32|   ap_memory|     A_BUF_1_6|         array|
|A_BUF_1_6_we1       |  out|    1|   ap_memory|     A_BUF_1_6|         array|
|A_BUF_1_7_address0  |  out|    3|   ap_memory|     A_BUF_1_7|         array|
|A_BUF_1_7_ce0       |  out|    1|   ap_memory|     A_BUF_1_7|         array|
|A_BUF_1_7_d0        |  out|   32|   ap_memory|     A_BUF_1_7|         array|
|A_BUF_1_7_q0        |   in|   32|   ap_memory|     A_BUF_1_7|         array|
|A_BUF_1_7_we0       |  out|    1|   ap_memory|     A_BUF_1_7|         array|
|A_BUF_1_7_address1  |  out|    3|   ap_memory|     A_BUF_1_7|         array|
|A_BUF_1_7_ce1       |  out|    1|   ap_memory|     A_BUF_1_7|         array|
|A_BUF_1_7_d1        |  out|   32|   ap_memory|     A_BUF_1_7|         array|
|A_BUF_1_7_q1        |   in|   32|   ap_memory|     A_BUF_1_7|         array|
|A_BUF_1_7_we1       |  out|    1|   ap_memory|     A_BUF_1_7|         array|
|A_BUF_2_0_address0  |  out|    3|   ap_memory|     A_BUF_2_0|         array|
|A_BUF_2_0_ce0       |  out|    1|   ap_memory|     A_BUF_2_0|         array|
|A_BUF_2_0_d0        |  out|   32|   ap_memory|     A_BUF_2_0|         array|
|A_BUF_2_0_q0        |   in|   32|   ap_memory|     A_BUF_2_0|         array|
|A_BUF_2_0_we0       |  out|    1|   ap_memory|     A_BUF_2_0|         array|
|A_BUF_2_0_address1  |  out|    3|   ap_memory|     A_BUF_2_0|         array|
|A_BUF_2_0_ce1       |  out|    1|   ap_memory|     A_BUF_2_0|         array|
|A_BUF_2_0_d1        |  out|   32|   ap_memory|     A_BUF_2_0|         array|
|A_BUF_2_0_q1        |   in|   32|   ap_memory|     A_BUF_2_0|         array|
|A_BUF_2_0_we1       |  out|    1|   ap_memory|     A_BUF_2_0|         array|
|A_BUF_2_1_address0  |  out|    3|   ap_memory|     A_BUF_2_1|         array|
|A_BUF_2_1_ce0       |  out|    1|   ap_memory|     A_BUF_2_1|         array|
|A_BUF_2_1_d0        |  out|   32|   ap_memory|     A_BUF_2_1|         array|
|A_BUF_2_1_q0        |   in|   32|   ap_memory|     A_BUF_2_1|         array|
|A_BUF_2_1_we0       |  out|    1|   ap_memory|     A_BUF_2_1|         array|
|A_BUF_2_1_address1  |  out|    3|   ap_memory|     A_BUF_2_1|         array|
|A_BUF_2_1_ce1       |  out|    1|   ap_memory|     A_BUF_2_1|         array|
|A_BUF_2_1_d1        |  out|   32|   ap_memory|     A_BUF_2_1|         array|
|A_BUF_2_1_q1        |   in|   32|   ap_memory|     A_BUF_2_1|         array|
|A_BUF_2_1_we1       |  out|    1|   ap_memory|     A_BUF_2_1|         array|
|A_BUF_2_2_address0  |  out|    3|   ap_memory|     A_BUF_2_2|         array|
|A_BUF_2_2_ce0       |  out|    1|   ap_memory|     A_BUF_2_2|         array|
|A_BUF_2_2_d0        |  out|   32|   ap_memory|     A_BUF_2_2|         array|
|A_BUF_2_2_q0        |   in|   32|   ap_memory|     A_BUF_2_2|         array|
|A_BUF_2_2_we0       |  out|    1|   ap_memory|     A_BUF_2_2|         array|
|A_BUF_2_2_address1  |  out|    3|   ap_memory|     A_BUF_2_2|         array|
|A_BUF_2_2_ce1       |  out|    1|   ap_memory|     A_BUF_2_2|         array|
|A_BUF_2_2_d1        |  out|   32|   ap_memory|     A_BUF_2_2|         array|
|A_BUF_2_2_q1        |   in|   32|   ap_memory|     A_BUF_2_2|         array|
|A_BUF_2_2_we1       |  out|    1|   ap_memory|     A_BUF_2_2|         array|
|A_BUF_2_3_address0  |  out|    3|   ap_memory|     A_BUF_2_3|         array|
|A_BUF_2_3_ce0       |  out|    1|   ap_memory|     A_BUF_2_3|         array|
|A_BUF_2_3_d0        |  out|   32|   ap_memory|     A_BUF_2_3|         array|
|A_BUF_2_3_q0        |   in|   32|   ap_memory|     A_BUF_2_3|         array|
|A_BUF_2_3_we0       |  out|    1|   ap_memory|     A_BUF_2_3|         array|
|A_BUF_2_3_address1  |  out|    3|   ap_memory|     A_BUF_2_3|         array|
|A_BUF_2_3_ce1       |  out|    1|   ap_memory|     A_BUF_2_3|         array|
|A_BUF_2_3_d1        |  out|   32|   ap_memory|     A_BUF_2_3|         array|
|A_BUF_2_3_q1        |   in|   32|   ap_memory|     A_BUF_2_3|         array|
|A_BUF_2_3_we1       |  out|    1|   ap_memory|     A_BUF_2_3|         array|
|A_BUF_2_4_address0  |  out|    3|   ap_memory|     A_BUF_2_4|         array|
|A_BUF_2_4_ce0       |  out|    1|   ap_memory|     A_BUF_2_4|         array|
|A_BUF_2_4_d0        |  out|   32|   ap_memory|     A_BUF_2_4|         array|
|A_BUF_2_4_q0        |   in|   32|   ap_memory|     A_BUF_2_4|         array|
|A_BUF_2_4_we0       |  out|    1|   ap_memory|     A_BUF_2_4|         array|
|A_BUF_2_4_address1  |  out|    3|   ap_memory|     A_BUF_2_4|         array|
|A_BUF_2_4_ce1       |  out|    1|   ap_memory|     A_BUF_2_4|         array|
|A_BUF_2_4_d1        |  out|   32|   ap_memory|     A_BUF_2_4|         array|
|A_BUF_2_4_q1        |   in|   32|   ap_memory|     A_BUF_2_4|         array|
|A_BUF_2_4_we1       |  out|    1|   ap_memory|     A_BUF_2_4|         array|
|A_BUF_2_5_address0  |  out|    3|   ap_memory|     A_BUF_2_5|         array|
|A_BUF_2_5_ce0       |  out|    1|   ap_memory|     A_BUF_2_5|         array|
|A_BUF_2_5_d0        |  out|   32|   ap_memory|     A_BUF_2_5|         array|
|A_BUF_2_5_q0        |   in|   32|   ap_memory|     A_BUF_2_5|         array|
|A_BUF_2_5_we0       |  out|    1|   ap_memory|     A_BUF_2_5|         array|
|A_BUF_2_5_address1  |  out|    3|   ap_memory|     A_BUF_2_5|         array|
|A_BUF_2_5_ce1       |  out|    1|   ap_memory|     A_BUF_2_5|         array|
|A_BUF_2_5_d1        |  out|   32|   ap_memory|     A_BUF_2_5|         array|
|A_BUF_2_5_q1        |   in|   32|   ap_memory|     A_BUF_2_5|         array|
|A_BUF_2_5_we1       |  out|    1|   ap_memory|     A_BUF_2_5|         array|
|A_BUF_2_6_address0  |  out|    3|   ap_memory|     A_BUF_2_6|         array|
|A_BUF_2_6_ce0       |  out|    1|   ap_memory|     A_BUF_2_6|         array|
|A_BUF_2_6_d0        |  out|   32|   ap_memory|     A_BUF_2_6|         array|
|A_BUF_2_6_q0        |   in|   32|   ap_memory|     A_BUF_2_6|         array|
|A_BUF_2_6_we0       |  out|    1|   ap_memory|     A_BUF_2_6|         array|
|A_BUF_2_6_address1  |  out|    3|   ap_memory|     A_BUF_2_6|         array|
|A_BUF_2_6_ce1       |  out|    1|   ap_memory|     A_BUF_2_6|         array|
|A_BUF_2_6_d1        |  out|   32|   ap_memory|     A_BUF_2_6|         array|
|A_BUF_2_6_q1        |   in|   32|   ap_memory|     A_BUF_2_6|         array|
|A_BUF_2_6_we1       |  out|    1|   ap_memory|     A_BUF_2_6|         array|
|A_BUF_2_7_address0  |  out|    3|   ap_memory|     A_BUF_2_7|         array|
|A_BUF_2_7_ce0       |  out|    1|   ap_memory|     A_BUF_2_7|         array|
|A_BUF_2_7_d0        |  out|   32|   ap_memory|     A_BUF_2_7|         array|
|A_BUF_2_7_q0        |   in|   32|   ap_memory|     A_BUF_2_7|         array|
|A_BUF_2_7_we0       |  out|    1|   ap_memory|     A_BUF_2_7|         array|
|A_BUF_2_7_address1  |  out|    3|   ap_memory|     A_BUF_2_7|         array|
|A_BUF_2_7_ce1       |  out|    1|   ap_memory|     A_BUF_2_7|         array|
|A_BUF_2_7_d1        |  out|   32|   ap_memory|     A_BUF_2_7|         array|
|A_BUF_2_7_q1        |   in|   32|   ap_memory|     A_BUF_2_7|         array|
|A_BUF_2_7_we1       |  out|    1|   ap_memory|     A_BUF_2_7|         array|
|A_BUF_3_0_address0  |  out|    3|   ap_memory|     A_BUF_3_0|         array|
|A_BUF_3_0_ce0       |  out|    1|   ap_memory|     A_BUF_3_0|         array|
|A_BUF_3_0_d0        |  out|   32|   ap_memory|     A_BUF_3_0|         array|
|A_BUF_3_0_q0        |   in|   32|   ap_memory|     A_BUF_3_0|         array|
|A_BUF_3_0_we0       |  out|    1|   ap_memory|     A_BUF_3_0|         array|
|A_BUF_3_0_address1  |  out|    3|   ap_memory|     A_BUF_3_0|         array|
|A_BUF_3_0_ce1       |  out|    1|   ap_memory|     A_BUF_3_0|         array|
|A_BUF_3_0_d1        |  out|   32|   ap_memory|     A_BUF_3_0|         array|
|A_BUF_3_0_q1        |   in|   32|   ap_memory|     A_BUF_3_0|         array|
|A_BUF_3_0_we1       |  out|    1|   ap_memory|     A_BUF_3_0|         array|
|A_BUF_3_1_address0  |  out|    3|   ap_memory|     A_BUF_3_1|         array|
|A_BUF_3_1_ce0       |  out|    1|   ap_memory|     A_BUF_3_1|         array|
|A_BUF_3_1_d0        |  out|   32|   ap_memory|     A_BUF_3_1|         array|
|A_BUF_3_1_q0        |   in|   32|   ap_memory|     A_BUF_3_1|         array|
|A_BUF_3_1_we0       |  out|    1|   ap_memory|     A_BUF_3_1|         array|
|A_BUF_3_1_address1  |  out|    3|   ap_memory|     A_BUF_3_1|         array|
|A_BUF_3_1_ce1       |  out|    1|   ap_memory|     A_BUF_3_1|         array|
|A_BUF_3_1_d1        |  out|   32|   ap_memory|     A_BUF_3_1|         array|
|A_BUF_3_1_q1        |   in|   32|   ap_memory|     A_BUF_3_1|         array|
|A_BUF_3_1_we1       |  out|    1|   ap_memory|     A_BUF_3_1|         array|
|A_BUF_3_2_address0  |  out|    3|   ap_memory|     A_BUF_3_2|         array|
|A_BUF_3_2_ce0       |  out|    1|   ap_memory|     A_BUF_3_2|         array|
|A_BUF_3_2_d0        |  out|   32|   ap_memory|     A_BUF_3_2|         array|
|A_BUF_3_2_q0        |   in|   32|   ap_memory|     A_BUF_3_2|         array|
|A_BUF_3_2_we0       |  out|    1|   ap_memory|     A_BUF_3_2|         array|
|A_BUF_3_2_address1  |  out|    3|   ap_memory|     A_BUF_3_2|         array|
|A_BUF_3_2_ce1       |  out|    1|   ap_memory|     A_BUF_3_2|         array|
|A_BUF_3_2_d1        |  out|   32|   ap_memory|     A_BUF_3_2|         array|
|A_BUF_3_2_q1        |   in|   32|   ap_memory|     A_BUF_3_2|         array|
|A_BUF_3_2_we1       |  out|    1|   ap_memory|     A_BUF_3_2|         array|
|A_BUF_3_3_address0  |  out|    3|   ap_memory|     A_BUF_3_3|         array|
|A_BUF_3_3_ce0       |  out|    1|   ap_memory|     A_BUF_3_3|         array|
|A_BUF_3_3_d0        |  out|   32|   ap_memory|     A_BUF_3_3|         array|
|A_BUF_3_3_q0        |   in|   32|   ap_memory|     A_BUF_3_3|         array|
|A_BUF_3_3_we0       |  out|    1|   ap_memory|     A_BUF_3_3|         array|
|A_BUF_3_3_address1  |  out|    3|   ap_memory|     A_BUF_3_3|         array|
|A_BUF_3_3_ce1       |  out|    1|   ap_memory|     A_BUF_3_3|         array|
|A_BUF_3_3_d1        |  out|   32|   ap_memory|     A_BUF_3_3|         array|
|A_BUF_3_3_q1        |   in|   32|   ap_memory|     A_BUF_3_3|         array|
|A_BUF_3_3_we1       |  out|    1|   ap_memory|     A_BUF_3_3|         array|
|A_BUF_3_4_address0  |  out|    3|   ap_memory|     A_BUF_3_4|         array|
|A_BUF_3_4_ce0       |  out|    1|   ap_memory|     A_BUF_3_4|         array|
|A_BUF_3_4_d0        |  out|   32|   ap_memory|     A_BUF_3_4|         array|
|A_BUF_3_4_q0        |   in|   32|   ap_memory|     A_BUF_3_4|         array|
|A_BUF_3_4_we0       |  out|    1|   ap_memory|     A_BUF_3_4|         array|
|A_BUF_3_4_address1  |  out|    3|   ap_memory|     A_BUF_3_4|         array|
|A_BUF_3_4_ce1       |  out|    1|   ap_memory|     A_BUF_3_4|         array|
|A_BUF_3_4_d1        |  out|   32|   ap_memory|     A_BUF_3_4|         array|
|A_BUF_3_4_q1        |   in|   32|   ap_memory|     A_BUF_3_4|         array|
|A_BUF_3_4_we1       |  out|    1|   ap_memory|     A_BUF_3_4|         array|
|A_BUF_3_5_address0  |  out|    3|   ap_memory|     A_BUF_3_5|         array|
|A_BUF_3_5_ce0       |  out|    1|   ap_memory|     A_BUF_3_5|         array|
|A_BUF_3_5_d0        |  out|   32|   ap_memory|     A_BUF_3_5|         array|
|A_BUF_3_5_q0        |   in|   32|   ap_memory|     A_BUF_3_5|         array|
|A_BUF_3_5_we0       |  out|    1|   ap_memory|     A_BUF_3_5|         array|
|A_BUF_3_5_address1  |  out|    3|   ap_memory|     A_BUF_3_5|         array|
|A_BUF_3_5_ce1       |  out|    1|   ap_memory|     A_BUF_3_5|         array|
|A_BUF_3_5_d1        |  out|   32|   ap_memory|     A_BUF_3_5|         array|
|A_BUF_3_5_q1        |   in|   32|   ap_memory|     A_BUF_3_5|         array|
|A_BUF_3_5_we1       |  out|    1|   ap_memory|     A_BUF_3_5|         array|
|A_BUF_3_6_address0  |  out|    3|   ap_memory|     A_BUF_3_6|         array|
|A_BUF_3_6_ce0       |  out|    1|   ap_memory|     A_BUF_3_6|         array|
|A_BUF_3_6_d0        |  out|   32|   ap_memory|     A_BUF_3_6|         array|
|A_BUF_3_6_q0        |   in|   32|   ap_memory|     A_BUF_3_6|         array|
|A_BUF_3_6_we0       |  out|    1|   ap_memory|     A_BUF_3_6|         array|
|A_BUF_3_6_address1  |  out|    3|   ap_memory|     A_BUF_3_6|         array|
|A_BUF_3_6_ce1       |  out|    1|   ap_memory|     A_BUF_3_6|         array|
|A_BUF_3_6_d1        |  out|   32|   ap_memory|     A_BUF_3_6|         array|
|A_BUF_3_6_q1        |   in|   32|   ap_memory|     A_BUF_3_6|         array|
|A_BUF_3_6_we1       |  out|    1|   ap_memory|     A_BUF_3_6|         array|
|A_BUF_3_7_address0  |  out|    3|   ap_memory|     A_BUF_3_7|         array|
|A_BUF_3_7_ce0       |  out|    1|   ap_memory|     A_BUF_3_7|         array|
|A_BUF_3_7_d0        |  out|   32|   ap_memory|     A_BUF_3_7|         array|
|A_BUF_3_7_q0        |   in|   32|   ap_memory|     A_BUF_3_7|         array|
|A_BUF_3_7_we0       |  out|    1|   ap_memory|     A_BUF_3_7|         array|
|A_BUF_3_7_address1  |  out|    3|   ap_memory|     A_BUF_3_7|         array|
|A_BUF_3_7_ce1       |  out|    1|   ap_memory|     A_BUF_3_7|         array|
|A_BUF_3_7_d1        |  out|   32|   ap_memory|     A_BUF_3_7|         array|
|A_BUF_3_7_q1        |   in|   32|   ap_memory|     A_BUF_3_7|         array|
|A_BUF_3_7_we1       |  out|    1|   ap_memory|     A_BUF_3_7|         array|
|A_stream_71_din     |  out|   32|     ap_fifo|   A_stream_71|       pointer|
|A_stream_71_full_n  |   in|    1|     ap_fifo|   A_stream_71|       pointer|
|A_stream_71_write   |  out|    1|     ap_fifo|   A_stream_71|       pointer|
|A_stream_62_din     |  out|   32|     ap_fifo|   A_stream_62|       pointer|
|A_stream_62_full_n  |   in|    1|     ap_fifo|   A_stream_62|       pointer|
|A_stream_62_write   |  out|    1|     ap_fifo|   A_stream_62|       pointer|
|A_stream_53_din     |  out|   32|     ap_fifo|   A_stream_53|       pointer|
|A_stream_53_full_n  |   in|    1|     ap_fifo|   A_stream_53|       pointer|
|A_stream_53_write   |  out|    1|     ap_fifo|   A_stream_53|       pointer|
|A_stream_44_din     |  out|   32|     ap_fifo|   A_stream_44|       pointer|
|A_stream_44_full_n  |   in|    1|     ap_fifo|   A_stream_44|       pointer|
|A_stream_44_write   |  out|    1|     ap_fifo|   A_stream_44|       pointer|
|A_stream_35_din     |  out|   32|     ap_fifo|   A_stream_35|       pointer|
|A_stream_35_full_n  |   in|    1|     ap_fifo|   A_stream_35|       pointer|
|A_stream_35_write   |  out|    1|     ap_fifo|   A_stream_35|       pointer|
|A_stream_26_din     |  out|   32|     ap_fifo|   A_stream_26|       pointer|
|A_stream_26_full_n  |   in|    1|     ap_fifo|   A_stream_26|       pointer|
|A_stream_26_write   |  out|    1|     ap_fifo|   A_stream_26|       pointer|
|A_stream_17_din     |  out|   32|     ap_fifo|   A_stream_17|       pointer|
|A_stream_17_full_n  |   in|    1|     ap_fifo|   A_stream_17|       pointer|
|A_stream_17_write   |  out|    1|     ap_fifo|   A_stream_17|       pointer|
|A_stream_8_din      |  out|   32|     ap_fifo|    A_stream_8|       pointer|
|A_stream_8_full_n   |   in|    1|     ap_fifo|    A_stream_8|       pointer|
|A_stream_8_write    |  out|    1|     ap_fifo|    A_stream_8|       pointer|
|tileA_0             |   in|    2|     ap_none|       tileA_0|        scalar|
|tileA_0_ap_vld      |   in|    1|     ap_none|       tileA_0|        scalar|
|tileA_0_c_din       |  out|    2|     ap_fifo|     tileA_0_c|       pointer|
|tileA_0_c_full_n    |   in|    1|     ap_fifo|     tileA_0_c|       pointer|
|tileA_0_c_write     |  out|    1|     ap_fifo|     tileA_0_c|       pointer|
+--------------------+-----+-----+------------+--------------+--------------+

